30-10-2018 12:22:40 PM - INFO -  [ ------ EXPERIMENT: POLAR_EXP ------ ] 

30-10-2018 12:22:40 PM - INFO -  --- PARAMETERS: --- 
30-10-2018 12:22:40 PM - INFO - Predefined metrics: [val_loss], f2, average_precision, average_recall, hamming_score
30-10-2018 12:22:40 PM - INFO - Predefined architecutres: resnet34, resnet50, resnext50
30-10-2018 12:22:40 PM - INFO - Predefined batch sizes: 8, 16, 32, 64
30-10-2018 12:22:40 PM - INFO - Predefined image sizes: 64, 128, 256, 512
30-10-2018 12:22:40 PM - INFO - Dropout: 0.5
30-10-2018 12:22:40 PM - INFO - Earlystopping after: 10 epochs.
30-10-2018 12:22:40 PM - INFO - Log every 10 epochs.
30-10-2018 12:22:40 PM - INFO - GPU: 0 | Available: 1 

30-10-2018 12:22:40 PM - INFO -     ----- *** RESNET34 *** ----- 

30-10-2018 12:23:32 PM - INFO -  Learning rate = 0.024302
30-10-2018 12:23:32 PM - INFO -  Learning rates = [0.00243, 0.00486, 0.008101, 0.024302] 

30-10-2018 12:23:32 PM - INFO -  --- Batch: 8 | Img size: 64 --- 
 
30-10-2018 12:23:32 PM - INFO -  --- Type: FREEZE --- 
30-10-2018 12:23:32 PM - INFO - epoch, val_loss, f2, average_precision, average_recall, hamming_score
30-10-2018 12:24:36 PM - INFO - 0, 0.355762, 0.782263, 0.372378, 0.378609, 0.624644
30-10-2018 12:35:13 PM - INFO - 10, 0.307632, 0.805777, 0.465204, 0.449989, 0.676929
30-10-2018 12:45:48 PM - INFO - 20, 0.310916, 0.806781, 0.454669, 0.45103, 0.670037
30-10-2018 12:56:25 PM - INFO - 30, 0.302426, 0.816377, 0.478228, 0.449518, 0.677004
30-10-2018 01:05:55 PM - INFO - *** Earlystopping! ***
30-10-2018 01:05:55 PM - INFO - [ Saved model: best_resnet34_imgsize64_batch8_freeze.h5 ] 
30-10-2018 01:05:55 PM - INFO - [ Results: [0.30035] 0.816716486879101 0.46819383933348635 0.4530092486432775 0.6805243445692883 ]

30-10-2018 01:05:55 PM - INFO -  --- Type: UNFREEZE --- 
30-10-2018 01:05:55 PM - INFO - epoch, val_loss, f2, average_precision, average_recall, hamming_score
30-10-2018 01:07:06 PM - INFO - 0, 0.400269, 0.744441, 0.329404, 0.328065, 0.565431
30-10-2018 01:19:02 PM - INFO - 10, 0.329977, 0.779692, 0.408486, 0.400582, 0.645843
30-10-2018 01:30:59 PM - INFO - 20, 0.551137, 0.676124, 0.445279, 0.355101, 0.356704
