10-01-2019 09:38:29 AM - INFO -  [ ------ EXPERIMENT: POLAR_MAX_10012019 ------ ] 

10-01-2019 09:38:29 AM - INFO -  --- PARAMETERS: --- 
10-01-2019 09:38:29 AM - INFO - Predefined metrics: [val_loss], f2, average_precision, average_recall, hamming_score
10-01-2019 09:38:29 AM - INFO - Predefined architecutres: resnet34
10-01-2019 09:38:29 AM - INFO - Predefined batch sizes: 8, 16, 32, 64
10-01-2019 09:38:29 AM - INFO - Predefined image sizes: 64, 128, 256, 512
10-01-2019 09:38:29 AM - INFO - Dropout: 0.5
10-01-2019 09:38:29 AM - INFO - Earlystopping after: 12 epochs.
10-01-2019 09:38:29 AM - INFO - Log every 5 epochs.
10-01-2019 09:38:29 AM - INFO - GPU: 0 | Available: 4 

10-01-2019 09:38:29 AM - INFO -     ----- *** RESNET34 *** ----- 

10-01-2019 09:41:12 AM - INFO -  Learning rate = 0.006792
10-01-2019 09:41:12 AM - INFO -  Learning rates = [0.000849, 0.001698, 0.003396, 0.006792] 

10-01-2019 09:41:12 AM - INFO -  --- Batch: 8 | Img size: 64 --- 
 
10-01-2019 09:41:12 AM - INFO -  --- Type: FREEZE --- 
10-01-2019 09:41:12 AM - INFO - epoch, val_loss, f2, average_precision, average_recall, hamming_score
10-01-2019 09:44:02 AM - INFO - 0, 0.376256, 0.796991, 0.415306, 0.384808, 0.599815
10-01-2019 09:58:15 AM - INFO - 5, 0.326466, 0.817734, 0.481873, 0.426628, 0.636952
10-01-2019 10:12:51 AM - INFO - 10, 0.324093, 0.808367, 0.469648, 0.449537, 0.644321
10-01-2019 10:27:22 AM - INFO - 15, 0.318667, 0.815978, 0.498643, 0.450717, 0.640306
10-01-2019 10:41:43 AM - INFO - 20, 0.314356, 0.817297, 0.492669, 0.466743, 0.656973
10-01-2019 10:56:02 AM - INFO - 25, 0.308223, 0.82476, 0.511506, 0.467505, 0.669123
10-01-2019 11:10:22 AM - INFO - 30, 0.309872, 0.824069, 0.503421, 0.46713, 0.661358
10-01-2019 11:24:40 AM - INFO - 35, 0.306847, 0.818045, 0.514037, 0.464553, 0.66141
10-01-2019 11:38:58 AM - INFO - 40, 0.303558, 0.828301, 0.509838, 0.472993, 0.656841
10-01-2019 11:53:13 AM - INFO - 45, 0.301807, 0.8252, 0.526138, 0.477133, 0.672081
10-01-2019 12:07:26 PM - INFO - 50, 0.300247, 0.830504, 0.522704, 0.475888, 0.67187
10-01-2019 12:21:37 PM - INFO - 55, 0.298873, 0.826563, 0.525526, 0.471121, 0.672451
10-01-2019 12:35:48 PM - INFO - 60, 0.298701, 0.825303, 0.541042, 0.491439, 0.6785
10-01-2019 12:50:02 PM - INFO - 65, 0.30343, 0.825588, 0.526085, 0.489396, 0.675753
10-01-2019 01:04:23 PM - INFO - 70, 0.299234, 0.825157, 0.516288, 0.476317, 0.679266
10-01-2019 01:18:50 PM - INFO - 75, 0.297112, 0.829551, 0.534718, 0.496773, 0.680164
10-01-2019 01:33:24 PM - INFO - 80, 0.295804, 0.826916, 0.531462, 0.50424, 0.688299
10-01-2019 01:47:57 PM - INFO - 85, 0.294046, 0.829075, 0.536621, 0.491657, 0.68476
10-01-2019 02:02:32 PM - INFO - 90, 0.296054, 0.829755, 0.539565, 0.508826, 0.683967
10-01-2019 02:17:05 PM - INFO - 95, 0.297452, 0.824473, 0.536279, 0.508393, 0.687454
10-01-2019 02:31:38 PM - INFO - 100, 0.291501, 0.831105, 0.551368, 0.51377, 0.690544
10-01-2019 02:46:12 PM - INFO - 105, 0.292535, 0.827793, 0.53121, 0.48806, 0.69102
10-01-2019 03:00:42 PM - INFO - 110, 0.293061, 0.829616, 0.538747, 0.501849, 0.685684
10-01-2019 03:09:25 PM - INFO - *** Earlystopping! ***
10-01-2019 03:09:25 PM - INFO - [ Saved model: best_resnet34_imgsize64_batch8_freeze.h5 ] 
10-01-2019 03:09:25 PM - INFO - [ Results: [0.2915] 0.8311051443561391 0.551367551775068 0.5137703892967647 0.6905441098784999 ]

10-01-2019 03:09:25 PM - INFO -  --- Type: UNFREEZE --- 
10-01-2019 03:09:25 PM - INFO - epoch, val_loss, f2, average_precision, average_recall, hamming_score
10-01-2019 03:12:46 PM - INFO - 0, 0.316648, 0.808844, 0.47411, 0.430752, 0.663312
10-01-2019 03:29:21 PM - INFO - 5, 0.241444, 0.856412, 0.583087, 0.559054, 0.754913
10-01-2019 03:45:57 PM - INFO - 10, 0.214355, 0.881882, 0.625268, 0.584027, 0.784839
10-01-2019 04:02:42 PM - INFO - 15, 0.31143, 0.8345, 0.51929, 0.566567, 0.722557
10-01-2019 04:19:23 PM - INFO - 20, 0.229666, 0.872815, 0.616905, 0.628309, 0.792129
10-01-2019 04:36:06 PM - INFO - 25, 0.188058, 0.895556, 0.660651, 0.646462, 0.827998
10-01-2019 04:52:54 PM - INFO - 30, 0.185881, 0.899184, 0.662296, 0.64323, 0.831088
10-01-2019 05:09:41 PM - INFO - 35, 0.237863, 0.862618, 0.61427, 0.590409, 0.758294
10-01-2019 05:26:34 PM - INFO - 40, 0.272961, 0.854411, 0.63879, 0.604229, 0.739303
10-01-2019 05:29:57 PM - INFO - *** Earlystopping! ***
10-01-2019 05:29:57 PM - INFO - [ Saved model: best_resnet34_imgsize64_batch8_unfreeze.h5 ]
10-01-2019 05:29:57 PM - INFO - [ Results: [0.18145] 0.894789562261759 0.6672272712571559 0.6365233890703668 0.83135235076598 ]

10-01-2019 05:29:57 PM - INFO -  --- Batch: 8 | Img size: 128 --- 
 
10-01-2019 05:29:58 PM - INFO -  --- Type: FREEZE --- 
10-01-2019 05:29:58 PM - INFO - epoch, val_loss, f2, average_precision, average_recall, hamming_score
10-01-2019 05:33:00 PM - INFO - 0, 0.344318, 0.794604, 0.465791, 0.446439, 0.610644
10-01-2019 05:48:08 PM - INFO - 5, 0.30981, 0.813838, 0.530965, 0.464954, 0.65074
10-01-2019 06:03:19 PM - INFO - 10, 0.298412, 0.825296, 0.525403, 0.469228, 0.66384
10-01-2019 06:18:30 PM - INFO - 15, 0.292221, 0.827296, 0.533904, 0.472346, 0.664923
10-01-2019 06:33:40 PM - INFO - 20, 0.286893, 0.834749, 0.533093, 0.472817, 0.663708
10-01-2019 06:48:47 PM - INFO - 25, 0.286122, 0.831198, 0.535042, 0.481156, 0.673428
10-01-2019 07:03:50 PM - INFO - 30, 0.286399, 0.835641, 0.544469, 0.467615, 0.664686
10-01-2019 07:18:47 PM - INFO - 35, 0.283144, 0.831878, 0.546118, 0.508065, 0.695193
10-01-2019 07:33:47 PM - INFO - 40, 0.277314, 0.837291, 0.531584, 0.497407, 0.691706
10-01-2019 07:48:47 PM - INFO - 45, 0.272612, 0.837604, 0.544266, 0.496777, 0.690412
10-01-2019 08:03:42 PM - INFO - 50, 0.27276, 0.842063, 0.534493, 0.495846, 0.688167
10-01-2019 08:18:39 PM - INFO - 55, 0.273921, 0.838823, 0.54991, 0.506379, 0.698045
10-01-2019 08:33:36 PM - INFO - 60, 0.271235, 0.843905, 0.550588, 0.497269, 0.686107
10-01-2019 08:48:40 PM - INFO - 65, 0.274067, 0.838607, 0.547945, 0.498224, 0.687559
10-01-2019 09:03:57 PM - INFO - 70, 0.268614, 0.848378, 0.558186, 0.510937, 0.697438
10-01-2019 09:19:13 PM - INFO - 75, 0.267407, 0.846231, 0.55223, 0.504445, 0.696038
10-01-2019 09:34:28 PM - INFO - 80, 0.272837, 0.840058, 0.551113, 0.505659, 0.698759
10-01-2019 09:49:48 PM - INFO - 85, 0.26669, 0.846524, 0.55221, 0.505489, 0.695747
10-01-2019 10:05:06 PM - INFO - 90, 0.265672, 0.849154, 0.564733, 0.509896, 0.704966
10-01-2019 10:20:22 PM - INFO - 95, 0.267806, 0.851986, 0.565901, 0.494602, 0.703619
10-01-2019 10:35:41 PM - INFO - 100, 0.265978, 0.843488, 0.54721, 0.505619, 0.705969
10-01-2019 10:50:59 PM - INFO - 105, 0.26331, 0.850628, 0.557307, 0.506826, 0.706101
10-01-2019 11:06:15 PM - INFO - 110, 0.263148, 0.852412, 0.576794, 0.509986, 0.707633
10-01-2019 11:21:29 PM - INFO - 115, 0.266433, 0.854424, 0.566741, 0.492107, 0.696434
10-01-2019 11:36:59 PM - INFO - 120, 0.265, 0.84985, 0.555556, 0.498357, 0.702351
10-01-2019 11:52:35 PM - INFO - 125, 0.264766, 0.852251, 0.554762, 0.488232, 0.695774
10-01-2019 11:58:49 PM - INFO - *** Earlystopping! ***
10-01-2019 11:58:49 PM - INFO - [ Saved model: best_resnet34_imgsize128_batch8_freeze.h5 ] 
10-01-2019 11:58:49 PM - INFO - [ Results: [0.26265] 0.84994982888303 0.5744396649309487 0.5241307933633039 0.7121236133122031 ]

10-01-2019 11:58:49 PM - INFO -  --- Type: UNFREEZE --- 
10-01-2019 11:58:49 PM - INFO - epoch, val_loss, f2, average_precision, average_recall, hamming_score
11-01-2019 12:02:36 AM - INFO - 0, 0.225884, 0.874817, 0.614833, 0.560869, 0.747174
11-01-2019 12:21:34 AM - INFO - 5, 0.182467, 0.895216, 0.646875, 0.623037, 0.813286
11-01-2019 12:40:29 AM - INFO - 10, 0.190231, 0.891331, 0.636923, 0.638885, 0.804754
11-01-2019 12:59:04 AM - INFO - 15, 0.212735, 0.885136, 0.629666, 0.594539, 0.774908
11-01-2019 01:17:31 AM - INFO - 20, 0.190651, 0.889393, 0.657178, 0.64694, 0.817433
11-01-2019 01:35:55 AM - INFO - 25, 0.188825, 0.899981, 0.658676, 0.657534, 0.833677
11-01-2019 01:39:32 AM - INFO - *** Earlystopping! ***
11-01-2019 01:39:32 AM - INFO - [ Saved model: best_resnet34_imgsize128_batch8_unfreeze.h5 ]
11-01-2019 01:39:32 AM - INFO - [ Results: [0.17787] 0.8996189551585309 0.6410718328535855 0.6386752482292445 0.8208135235076601 ]

11-01-2019 01:39:32 AM - INFO -  --- Batch: 8 | Img size: 256 --- 
 
11-01-2019 01:39:32 AM - INFO -  --- Type: FREEZE --- 
11-01-2019 01:39:32 AM - INFO - epoch, val_loss, f2, average_precision, average_recall, hamming_score
11-01-2019 01:41:41 AM - INFO - 0, 0.334535, 0.807566, 0.535341, 0.470776, 0.651506
11-01-2019 01:52:17 AM - INFO - 5, 0.29276, 0.832239, 0.536532, 0.472737, 0.678236
11-01-2019 02:02:55 AM - INFO - 10, 0.280441, 0.839561, 0.554295, 0.485353, 0.69234
11-01-2019 02:13:56 AM - INFO - 15, 0.275541, 0.839529, 0.55517, 0.504101, 0.707369
11-01-2019 02:25:28 AM - INFO - 20, 0.269071, 0.847993, 0.564062, 0.499672, 0.702853
11-01-2019 02:36:52 AM - INFO - 25, 0.264621, 0.849803, 0.58232, 0.524219, 0.712256
11-01-2019 02:48:20 AM - INFO - 30, 0.265988, 0.848173, 0.578987, 0.517694, 0.714131
11-01-2019 02:59:49 AM - INFO - 35, 0.26166, 0.854842, 0.575958, 0.516665, 0.707528
11-01-2019 03:11:13 AM - INFO - 40, 0.258664, 0.854847, 0.576024, 0.535427, 0.721738
11-01-2019 03:22:46 AM - INFO - 45, 0.257327, 0.856238, 0.583334, 0.523994, 0.723111
11-01-2019 03:34:12 AM - INFO - 50, 0.255444, 0.855859, 0.587445, 0.547577, 0.733254
11-01-2019 03:45:36 AM - INFO - 55, 0.253384, 0.857615, 0.587132, 0.539087, 0.727258
11-01-2019 03:57:02 AM - INFO - 60, 0.255727, 0.854808, 0.593989, 0.548563, 0.737216
11-01-2019 04:08:44 AM - INFO - 65, 0.255439, 0.861227, 0.587514, 0.528618, 0.725594
11-01-2019 04:20:53 AM - INFO - 70, 0.25351, 0.863213, 0.592641, 0.523877, 0.725462
11-01-2019 04:33:02 AM - INFO - 75, 0.254914, 0.857658, 0.582768, 0.534814, 0.72776
11-01-2019 04:44:57 AM - INFO - 80, 0.251166, 0.863498, 0.592867, 0.527279, 0.725489
11-01-2019 04:57:08 AM - INFO - 85, 0.2503, 0.857257, 0.588141, 0.545696, 0.733069
11-01-2019 05:09:07 AM - INFO - 90, 0.248822, 0.866798, 0.597885, 0.54233, 0.732145
11-01-2019 05:21:19 AM - INFO - 95, 0.246704, 0.862753, 0.601693, 0.541794, 0.729451
11-01-2019 05:33:08 AM - INFO - 100, 0.245497, 0.868203, 0.599666, 0.537088, 0.731986
11-01-2019 05:45:12 AM - INFO - 105, 0.244626, 0.868557, 0.603167, 0.536075, 0.728711
11-01-2019 05:57:08 AM - INFO - 110, 0.246873, 0.861902, 0.586721, 0.533265, 0.730085
11-01-2019 06:09:08 AM - INFO - 115, 0.24322, 0.864814, 0.59415, 0.537894, 0.731432
11-01-2019 06:21:44 AM - INFO - 120, 0.245369, 0.862167, 0.595918, 0.545991, 0.73299
11-01-2019 06:34:26 AM - INFO - 125, 0.243676, 0.870033, 0.601054, 0.5384, 0.736054
11-01-2019 06:42:08 AM - INFO - *** Earlystopping! ***
11-01-2019 06:42:08 AM - INFO - [ Saved model: best_resnet34_imgsize256_batch8_freeze.h5 ] 
11-01-2019 06:42:08 AM - INFO - [ Results: [0.24322] 0.8648138544863729 0.5941503067153961 0.5378936360598122 0.731431590068674 ]

11-01-2019 06:42:08 AM - INFO -  --- Type: UNFREEZE --- 
11-01-2019 06:42:08 AM - INFO - epoch, val_loss, f2, average_precision, average_recall, hamming_score
11-01-2019 06:46:04 AM - INFO - 0, 0.203825, 0.88682, 0.63141, 0.602573, 0.795114
11-01-2019 07:05:36 AM - INFO - 5, 0.168479, 0.901189, 0.65094, 0.642368, 0.830639
11-01-2019 07:25:09 AM - INFO - 10, 0.177109, 0.899438, 0.653956, 0.622711, 0.816693
11-01-2019 07:44:37 AM - INFO - 15, 0.197836, 0.877301, 0.644902, 0.601776, 0.794532
11-01-2019 08:04:12 AM - INFO - 20, 0.183675, 0.893711, 0.654021, 0.642174, 0.819097
11-01-2019 08:24:03 AM - INFO - 25, 0.174139, 0.90048, 0.664935, 0.650266, 0.844321
11-01-2019 08:28:01 AM - INFO - *** Earlystopping! ***
11-01-2019 08:28:01 AM - INFO - [ Saved model: best_resnet34_imgsize256_batch8_unfreeze.h5 ]
11-01-2019 08:28:01 AM - INFO - [ Results: [0.15981] 0.9035826346467719 0.6689759263451813 0.6428248002846146 0.8315108293713681 ]

11-01-2019 08:28:01 AM - INFO -  --- Batch: 8 | Img size: 512 --- 
 
11-01-2019 08:28:02 AM - INFO -  --- Type: FREEZE --- 
11-01-2019 08:28:02 AM - INFO - epoch, val_loss, f2, average_precision, average_recall, hamming_score
11-01-2019 08:33:24 AM - INFO - 0, 0.340622, 0.800073, 0.550167, 0.491636, 0.648811
11-01-2019 08:59:42 AM - INFO - 5, 0.280245, 0.835333, 0.576195, 0.503974, 0.691574
11-01-2019 09:25:42 AM - INFO - 10, 0.26821, 0.84587, 0.590283, 0.514526, 0.703381
11-01-2019 09:52:02 AM - INFO - 15, 0.267566, 0.843627, 0.584274, 0.511514, 0.698177
11-01-2019 10:17:59 AM - INFO - 20, 0.260072, 0.850948, 0.582077, 0.512568, 0.711912
11-01-2019 10:43:46 AM - INFO - 25, 0.257427, 0.850029, 0.583668, 0.521288, 0.714923
11-01-2019 11:09:23 AM - INFO - 30, 0.256791, 0.855588, 0.591611, 0.512288, 0.708135
11-01-2019 11:35:07 AM - INFO - 35, 0.254364, 0.855554, 0.598809, 0.520098, 0.710565
11-01-2019 12:00:45 PM - INFO - 40, 0.250967, 0.857795, 0.606715, 0.52297, 0.716799
11-01-2019 12:26:27 PM - INFO - 45, 0.25027, 0.856363, 0.589671, 0.527105, 0.719968
11-01-2019 12:52:04 PM - INFO - 50, 0.248553, 0.858668, 0.593897, 0.536549, 0.724459
11-01-2019 01:16:55 PM - INFO - 55, 0.24946, 0.85512, 0.599635, 0.526864, 0.719783
11-01-2019 01:42:03 PM - INFO - 60, 0.248398, 0.862095, 0.60594, 0.528199, 0.722636
11-01-2019 02:07:17 PM - INFO - 65, 0.244361, 0.860743, 0.620784, 0.554677, 0.728685
11-01-2019 02:32:34 PM - INFO - 70, 0.244178, 0.86022, 0.608521, 0.550305, 0.730798
11-01-2019 02:57:53 PM - INFO - 75, 0.241101, 0.861515, 0.61806, 0.554319, 0.734231
11-01-2019 03:23:12 PM - INFO - 80, 0.244186, 0.860069, 0.617116, 0.544634, 0.725013
11-01-2019 03:48:39 PM - INFO - 85, 0.239524, 0.863935, 0.611532, 0.55648, 0.733888
11-01-2019 04:14:02 PM - INFO - 90, 0.24007, 0.861802, 0.611523, 0.553431, 0.731167
11-01-2019 04:39:22 PM - INFO - 95, 0.239652, 0.859834, 0.613049, 0.547226, 0.737322
11-01-2019 05:04:45 PM - INFO - 100, 0.242105, 0.864022, 0.612973, 0.54495, 0.724326
11-01-2019 05:29:56 PM - INFO - 105, 0.237333, 0.870214, 0.619077, 0.537778, 0.725911
11-01-2019 05:54:27 PM - INFO - 110, 0.240835, 0.865978, 0.622294, 0.538675, 0.7243
11-01-2019 06:20:16 PM - INFO - 115, 0.236469, 0.868861, 0.618332, 0.547558, 0.73122
11-01-2019 06:46:18 PM - INFO - 120, 0.235739, 0.863372, 0.619552, 0.56372, 0.739435
11-01-2019 07:12:19 PM - INFO - 125, 0.236784, 0.865049, 0.615703, 0.5553, 0.733016
11-01-2019 07:22:49 PM - INFO - *** Earlystopping! ***
11-01-2019 07:22:49 PM - INFO - [ Saved model: best_resnet34_imgsize512_batch8_freeze.h5 ] 
11-01-2019 07:22:49 PM - INFO - [ Results: [0.23447] 0.8670464166053261 0.6162273467231586 0.5562275623403085 0.7349445324881142 ]

11-01-2019 07:22:49 PM - INFO -  --- Type: UNFREEZE --- 
11-01-2019 07:22:49 PM - INFO - epoch, val_loss, f2, average_precision, average_recall, hamming_score
11-01-2019 07:34:46 PM - INFO - 0, 0.196185, 0.88746, 0.637811, 0.622911, 0.81075
11-01-2019 08:33:10 PM - INFO - 5, 0.172127, 0.901241, 0.64677, 0.638552, 0.814316
11-01-2019 09:31:17 PM - INFO - 10, 0.179319, 0.896098, 0.652332, 0.631191, 0.806128
11-01-2019 10:28:58 PM - INFO - 15, 0.203366, 0.882516, 0.646026, 0.592555, 0.79345
11-01-2019 11:27:04 PM - INFO - 20, 0.185445, 0.893815, 0.658663, 0.636049, 0.813048
12-01-2019 12:25:13 AM - INFO - 25, 0.18523, 0.898186, 0.649057, 0.631592, 0.823217
12-01-2019 12:48:31 AM - INFO - *** Earlystopping! ***
12-01-2019 12:48:31 AM - INFO - [ Saved model: best_resnet34_imgsize512_batch8_unfreeze.h5 ]
12-01-2019 12:48:31 AM - INFO - [ Results: [0.1639] 0.9038559962403139 0.6628847418523671 0.6342852830514142 0.8311674590596938 ]

12-01-2019 12:48:31 AM - INFO -  ************************** 
12-01-2019 12:48:31 AM - INFO - COPYPASTE: resnet34 | IMS: 64 -> 512 | BS: 8
12-01-2019 12:48:31 AM - INFO - COPYPASTE: [0.1639] 0.9038559962403139 0.6628847418523671 0.6342852830514142 0.8311674590596938 
12-01-2019 12:48:31 AM - INFO -  ************************** 

12-01-2019 12:48:31 AM - INFO -  --- INCREMENTING BATCH SIZE --- 

12-01-2019 12:48:31 AM - INFO -  --- Batch: 16 | Img size: 64 --- 
 
12-01-2019 12:48:32 AM - INFO -  --- Type: FREEZE --- 
12-01-2019 12:48:32 AM - INFO - epoch, val_loss, f2, average_precision, average_recall, hamming_score
12-01-2019 12:50:27 AM - INFO - 0, 0.517801, 0.717507, 0.422549, 0.384221, 0.517591
12-01-2019 01:00:19 AM - INFO - 5, 0.352368, 0.790425, 0.498888, 0.445508, 0.626492
12-01-2019 01:10:24 AM - INFO - 10, 0.331883, 0.79825, 0.536602, 0.459721, 0.646989
12-01-2019 01:21:17 AM - INFO - 15, 0.325917, 0.800149, 0.564357, 0.492, 0.65832
12-01-2019 01:32:12 AM - INFO - 20, 0.313586, 0.809539, 0.584049, 0.508046, 0.671447
12-01-2019 01:43:01 AM - INFO - 25, 0.307494, 0.813905, 0.581888, 0.501969, 0.67224
12-01-2019 01:54:01 AM - INFO - 30, 0.3116, 0.811156, 0.576442, 0.505702, 0.676836
12-01-2019 02:04:48 AM - INFO - 35, 0.302065, 0.816927, 0.586339, 0.517535, 0.685869
12-01-2019 02:15:10 AM - INFO - 40, 0.294062, 0.82197, 0.595129, 0.521658, 0.690676
12-01-2019 02:25:40 AM - INFO - 45, 0.292136, 0.825266, 0.597132, 0.530296, 0.695985
12-01-2019 02:36:12 AM - INFO - 50, 0.289871, 0.826719, 0.598597, 0.528806, 0.698891
12-01-2019 02:46:27 AM - INFO - 55, 0.291658, 0.824734, 0.600519, 0.536481, 0.700502
12-01-2019 02:56:07 AM - INFO - 60, 0.289694, 0.823121, 0.597176, 0.531943, 0.700291
12-01-2019 03:05:37 AM - INFO - 65, 0.288233, 0.823183, 0.597849, 0.536365, 0.70869
12-01-2019 03:15:13 AM - INFO - 70, 0.287395, 0.827894, 0.594353, 0.539076, 0.702615
12-01-2019 03:25:14 AM - INFO - 75, 0.284206, 0.827548, 0.603332, 0.525976, 0.696064
12-01-2019 03:35:24 AM - INFO - 80, 0.281217, 0.831808, 0.609603, 0.538064, 0.706101
12-01-2019 03:45:23 AM - INFO - 85, 0.28014, 0.832133, 0.603007, 0.539665, 0.704147
12-01-2019 03:55:17 AM - INFO - 90, 0.280452, 0.832662, 0.604369, 0.534159, 0.706603
12-01-2019 04:05:17 AM - INFO - 95, 0.277635, 0.836301, 0.609852, 0.549325, 0.704437
12-01-2019 04:15:11 AM - INFO - 100, 0.279036, 0.834451, 0.605111, 0.533516, 0.705362
12-01-2019 04:25:06 AM - INFO - 105, 0.27834, 0.835222, 0.613815, 0.538117, 0.710248
12-01-2019 04:35:00 AM - INFO - 110, 0.277697, 0.839171, 0.608183, 0.528454, 0.703619
12-01-2019 04:45:00 AM - INFO - 115, 0.27594, 0.840059, 0.607714, 0.527141, 0.704754
12-01-2019 04:55:09 AM - INFO - 120, 0.277871, 0.836257, 0.60073, 0.535948, 0.707343
12-01-2019 05:05:08 AM - INFO - *** Earlystopping! ***
12-01-2019 05:05:08 AM - INFO - [ Saved model: best_resnet34_imgsize64_batch16_freeze.h5 ] 
12-01-2019 05:05:08 AM - INFO - [ Results: [0.2755] 0.8360103498893713 0.6102659697860061 0.5427615073528589 0.7089540412044374 ]

12-01-2019 05:05:08 AM - INFO -  --- Type: UNFREEZE --- 
12-01-2019 05:05:08 AM - INFO - epoch, val_loss, f2, average_precision, average_recall, hamming_score
12-01-2019 05:07:32 AM - INFO - 0, 0.258478, 0.854691, 0.644289, 0.577566, 0.727285
12-01-2019 05:19:26 AM - INFO - 5, 0.188745, 0.891829, 0.727342, 0.691219, 0.807898
12-01-2019 05:31:24 AM - INFO - 10, 0.187891, 0.887715, 0.743095, 0.714902, 0.819361
12-01-2019 05:43:56 AM - INFO - 15, 0.221611, 0.875111, 0.716271, 0.737656, 0.797887
12-01-2019 05:56:27 AM - INFO - 20, 0.200709, 0.885729, 0.737761, 0.70287, 0.818912
12-01-2019 06:08:55 AM - INFO - 25, 0.19838, 0.890685, 0.746783, 0.727308, 0.834997
12-01-2019 06:11:23 AM - INFO - *** Earlystopping! ***
12-01-2019 06:11:23 AM - INFO - [ Saved model: best_resnet34_imgsize64_batch16_unfreeze.h5 ]
12-01-2019 06:11:23 AM - INFO - [ Results: [0.17716] 0.8916948240274035 0.7603068025979505 0.7284885566977485 0.8298732171156894 ]

12-01-2019 06:11:23 AM - INFO -  --- Batch: 16 | Img size: 128 --- 
 
12-01-2019 06:11:23 AM - INFO -  --- Type: FREEZE --- 
12-01-2019 06:11:23 AM - INFO - epoch, val_loss, f2, average_precision, average_recall, hamming_score
12-01-2019 06:13:38 AM - INFO - 0, 0.37402, 0.77522, 0.562258, 0.530605, 0.620866
12-01-2019 06:24:55 AM - INFO - 5, 0.301743, 0.822615, 0.619771, 0.547381, 0.677285
12-01-2019 06:36:24 AM - INFO - 10, 0.292082, 0.824451, 0.611577, 0.560333, 0.686476
12-01-2019 06:47:37 AM - INFO - 15, 0.284525, 0.833891, 0.628553, 0.543473, 0.683492
12-01-2019 06:59:00 AM - INFO - 20, 0.276749, 0.833963, 0.620947, 0.56884, 0.698864
12-01-2019 07:10:10 AM - INFO - 25, 0.273895, 0.843508, 0.626785, 0.544033, 0.692367
12-01-2019 07:21:36 AM - INFO - 30, 0.273356, 0.839542, 0.632089, 0.565001, 0.699023
12-01-2019 07:32:55 AM - INFO - 35, 0.269413, 0.841032, 0.632414, 0.562491, 0.702245
12-01-2019 07:44:15 AM - INFO - 40, 0.264425, 0.84408, 0.640793, 0.58884, 0.703302
12-01-2019 07:55:39 AM - INFO - 45, 0.26112, 0.847601, 0.662463, 0.595529, 0.713339
12-01-2019 08:06:58 AM - INFO - 50, 0.258495, 0.847531, 0.658749, 0.58453, 0.71355
12-01-2019 08:17:33 AM - INFO - 55, 0.26031, 0.848928, 0.662867, 0.59105, 0.715689
12-01-2019 08:28:05 AM - INFO - 60, 0.257403, 0.84836, 0.666135, 0.601683, 0.718014
12-01-2019 08:38:37 AM - INFO - 65, 0.255476, 0.84838, 0.668344, 0.60789, 0.720048
12-01-2019 08:49:09 AM - INFO - 70, 0.254917, 0.853464, 0.666522, 0.600036, 0.720708
12-01-2019 08:59:38 AM - INFO - 75, 0.252237, 0.853166, 0.678093, 0.609679, 0.720893
12-01-2019 09:10:14 AM - INFO - 80, 0.250685, 0.856189, 0.679593, 0.602826, 0.720048
12-01-2019 09:20:44 AM - INFO - 85, 0.250526, 0.852379, 0.683745, 0.620613, 0.733069
12-01-2019 09:31:07 AM - INFO - 90, 0.24768, 0.855126, 0.691065, 0.615881, 0.728368
12-01-2019 09:41:26 AM - INFO - 95, 0.249534, 0.853166, 0.675246, 0.627612, 0.734496
12-01-2019 09:51:39 AM - INFO - 100, 0.248173, 0.855727, 0.677307, 0.606997, 0.725225
12-01-2019 10:01:28 AM - INFO - 105, 0.248301, 0.855576, 0.690992, 0.619602, 0.733175
12-01-2019 10:11:13 AM - INFO - 110, 0.245632, 0.856277, 0.693623, 0.627441, 0.730032
12-01-2019 10:21:15 AM - INFO - 115, 0.251793, 0.854854, 0.692885, 0.599959, 0.72047
12-01-2019 10:31:22 AM - INFO - 120, 0.247157, 0.853086, 0.690577, 0.620906, 0.735288
12-01-2019 10:37:28 AM - INFO - *** Earlystopping! ***
12-01-2019 10:37:28 AM - INFO - [ Saved model: best_resnet34_imgsize128_batch16_freeze.h5 ] 
12-01-2019 10:37:28 AM - INFO - [ Results: [0.24563] 0.8562772812517064 0.6936228966113505 0.6274405040535899 0.7300316957210774 ]

12-01-2019 10:37:28 AM - INFO -  --- Type: UNFREEZE --- 
12-01-2019 10:37:28 AM - INFO - epoch, val_loss, f2, average_precision, average_recall, hamming_score
12-01-2019 10:40:15 AM - INFO - 0, 0.191421, 0.888676, 0.734068, 0.682893, 0.798838
12-01-2019 10:54:14 AM - INFO - 5, 0.180712, 0.894477, 0.754709, 0.730465, 0.819731
12-01-2019 11:08:43 AM - INFO - 10, 0.193078, 0.89271, 0.753972, 0.739793, 0.832884
12-01-2019 11:23:16 AM - INFO - 15, 0.230749, 0.874953, 0.73708, 0.698995, 0.805969
12-01-2019 11:34:55 AM - INFO - *** Earlystopping! ***
12-01-2019 11:34:55 AM - INFO - [ Saved model: best_resnet34_imgsize128_batch16_unfreeze.h5 ]
12-01-2019 11:34:55 AM - INFO - [ Results: [0.17909] 0.896967148180577 0.7614398631831282 0.7280664949218264 0.8226888536714209 ]

12-01-2019 11:34:55 AM - INFO -  --- Batch: 16 | Img size: 256 --- 
 
12-01-2019 11:34:56 AM - INFO -  --- Type: FREEZE --- 
12-01-2019 11:34:56 AM - INFO - epoch, val_loss, f2, average_precision, average_recall, hamming_score
12-01-2019 11:37:24 AM - INFO - 0, 0.347927, 0.790477, 0.630585, 0.540043, 0.665901
12-01-2019 11:50:01 AM - INFO - 5, 0.271272, 0.833684, 0.66496, 0.57709, 0.717116
12-01-2019 12:02:37 PM - INFO - 10, 0.252009, 0.845221, 0.683346, 0.599315, 0.726307
12-01-2019 12:15:26 PM - INFO - 15, 0.246257, 0.847603, 0.679023, 0.611303, 0.739435
12-01-2019 12:28:01 PM - INFO - 20, 0.244416, 0.846802, 0.667946, 0.621189, 0.748521
12-01-2019 12:40:28 PM - INFO - 25, 0.237352, 0.855629, 0.687446, 0.602681, 0.747359
12-01-2019 12:53:13 PM - INFO - 30, 0.238876, 0.856572, 0.687323, 0.606254, 0.74308
12-01-2019 01:05:54 PM - INFO - 35, 0.23343, 0.858694, 0.702854, 0.609683, 0.743423
12-01-2019 01:18:37 PM - INFO - 40, 0.230523, 0.856769, 0.700356, 0.61984, 0.750449
12-01-2019 01:31:29 PM - INFO - 45, 0.227332, 0.856891, 0.705212, 0.62419, 0.752298
12-01-2019 01:44:24 PM - INFO - 50, 0.229277, 0.862152, 0.704721, 0.637139, 0.754279
12-01-2019 01:57:13 PM - INFO - 55, 0.229985, 0.859073, 0.715223, 0.625408, 0.752615
12-01-2019 02:10:01 PM - INFO - 60, 0.226051, 0.8605, 0.703365, 0.644768, 0.761384
12-01-2019 02:22:39 PM - INFO - 65, 0.226856, 0.857303, 0.711975, 0.626209, 0.749842
12-01-2019 02:35:07 PM - INFO - 70, 0.222311, 0.860568, 0.711052, 0.646702, 0.76738
12-01-2019 02:47:20 PM - INFO - 75, 0.223735, 0.86123, 0.713387, 0.635773, 0.757554
12-01-2019 02:59:33 PM - INFO - 80, 0.221461, 0.863855, 0.700473, 0.640966, 0.76561
12-01-2019 03:12:03 PM - INFO - 85, 0.224267, 0.858177, 0.708605, 0.64474, 0.761463
12-01-2019 03:24:15 PM - INFO - 90, 0.220859, 0.86235, 0.705173, 0.651396, 0.761912
12-01-2019 03:35:55 PM - INFO - 95, 0.220069, 0.862427, 0.717284, 0.64194, 0.763259
12-01-2019 03:47:59 PM - INFO - 100, 0.221157, 0.863387, 0.708618, 0.643461, 0.76664
12-01-2019 03:59:45 PM - INFO - 105, 0.21836, 0.864756, 0.710078, 0.647853, 0.765346
12-01-2019 04:11:30 PM - INFO - 110, 0.218202, 0.865536, 0.714015, 0.644938, 0.765927
12-01-2019 04:23:11 PM - INFO - 115, 0.220632, 0.863992, 0.715789, 0.63969, 0.764237
12-01-2019 04:32:42 PM - INFO - *** Earlystopping! ***
12-01-2019 04:32:42 PM - INFO - [ Saved model: best_resnet34_imgsize256_batch16_freeze.h5 ] 
12-01-2019 04:32:42 PM - INFO - [ Results: [0.21653] 0.8673874368709136 0.7074124627667757 0.6532347586003916 0.7721341785525623 ]

12-01-2019 04:32:42 PM - INFO -  --- Type: UNFREEZE --- 
12-01-2019 04:32:42 PM - INFO - epoch, val_loss, f2, average_precision, average_recall, hamming_score
12-01-2019 04:37:17 PM - INFO - 0, 0.161952, 0.904698, 0.763643, 0.75326, 0.839039
12-01-2019 05:00:03 PM - INFO - 5, 0.16317, 0.899867, 0.766232, 0.745206, 0.843265
12-01-2019 05:22:59 PM - INFO - 10, 0.178128, 0.904582, 0.748046, 0.740997, 0.837533
12-01-2019 05:45:56 PM - INFO - *** Earlystopping! ***
12-01-2019 05:45:56 PM - INFO - [ Saved model: best_resnet34_imgsize256_batch16_unfreeze.h5 ]
12-01-2019 05:45:56 PM - INFO - [ Results: [0.1611] 0.9019978656462222 0.7619019121396301 0.7326505482040911 0.840200739566825 ]

12-01-2019 05:45:56 PM - INFO -  --- Batch: 16 | Img size: 512 --- 
 
12-01-2019 05:45:57 PM - INFO -  --- Type: FREEZE --- 
12-01-2019 05:45:57 PM - INFO - epoch, val_loss, f2, average_precision, average_recall, hamming_score
12-01-2019 05:51:23 PM - INFO - 0, 0.368273, 0.791097, 0.700629, 0.601991, 0.691469
12-01-2019 06:18:51 PM - INFO - 5, 0.265072, 0.846607, 0.704822, 0.623265, 0.727681
12-01-2019 06:46:03 PM - INFO - 10, 0.246697, 0.858339, 0.706089, 0.634503, 0.734311
12-01-2019 07:12:21 PM - INFO - 15, 0.244824, 0.856384, 0.713728, 0.637757, 0.741204
12-01-2019 07:38:37 PM - INFO - 20, 0.238526, 0.863685, 0.724013, 0.635354, 0.744902
12-01-2019 08:06:18 PM - INFO - 25, 0.234632, 0.862617, 0.71804, 0.651677, 0.749736
12-01-2019 08:33:49 PM - INFO - 30, 0.234579, 0.863174, 0.719443, 0.649745, 0.753962
12-01-2019 09:01:37 PM - INFO - 35, 0.230246, 0.866744, 0.722658, 0.664847, 0.755283
12-01-2019 09:29:04 PM - INFO - 40, 0.22868, 0.868198, 0.728503, 0.659618, 0.763603
12-01-2019 09:55:04 PM - INFO - 45, 0.227158, 0.867157, 0.723319, 0.660581, 0.764369
12-01-2019 10:21:08 PM - INFO - 50, 0.227039, 0.865016, 0.729091, 0.66714, 0.761516
12-01-2019 10:47:14 PM - INFO - 55, 0.226519, 0.866762, 0.725592, 0.659819, 0.760195
12-01-2019 11:13:14 PM - INFO - 60, 0.228565, 0.866993, 0.730698, 0.658666, 0.766376
12-01-2019 11:39:22 PM - INFO - 65, 0.22656, 0.871587, 0.735433, 0.655157, 0.76458
13-01-2019 12:05:30 AM - INFO - 70, 0.224776, 0.868216, 0.737918, 0.667833, 0.760618
13-01-2019 12:31:41 AM - INFO - 75, 0.221891, 0.867055, 0.72956, 0.666638, 0.767512
13-01-2019 12:57:56 AM - INFO - 80, 0.223108, 0.870956, 0.734477, 0.675707, 0.769519
13-01-2019 01:23:59 AM - INFO - 85, 0.220909, 0.87037, 0.737648, 0.673485, 0.761833
13-01-2019 01:50:05 AM - INFO - 90, 0.220335, 0.86799, 0.741584, 0.675894, 0.766191
13-01-2019 02:16:08 AM - INFO - 95, 0.220858, 0.869944, 0.740419, 0.685792, 0.768833
13-01-2019 02:41:26 AM - INFO - 100, 0.222384, 0.866195, 0.731712, 0.676989, 0.759139
13-01-2019 03:06:33 AM - INFO - 105, 0.221364, 0.86801, 0.740543, 0.673936, 0.768304
13-01-2019 03:32:45 AM - INFO - 110, 0.218557, 0.868796, 0.730761, 0.682255, 0.76841
13-01-2019 03:58:58 AM - INFO - 115, 0.221167, 0.869799, 0.728046, 0.668085, 0.769361
13-01-2019 04:25:07 AM - INFO - 120, 0.219454, 0.871783, 0.740066, 0.686847, 0.773904
13-01-2019 04:50:10 AM - INFO - 125, 0.21968, 0.87302, 0.734213, 0.683011, 0.770127
13-01-2019 05:14:56 AM - INFO - *** Earlystopping! ***
13-01-2019 05:14:56 AM - INFO - [ Saved model: best_resnet34_imgsize512_batch16_freeze.h5 ] 
13-01-2019 05:14:56 AM - INFO - [ Results: [0.21728] 0.8721393873484886 0.7359920435763767 0.6862651247075063 0.7735076597992604 ]

13-01-2019 05:14:56 AM - INFO -  --- Type: UNFREEZE --- 
13-01-2019 05:14:56 AM - INFO - epoch, val_loss, f2, average_precision, average_recall, hamming_score
13-01-2019 05:25:58 AM - INFO - 0, 0.177044, 0.892605, 0.753318, 0.718598, 0.819995
13-01-2019 06:22:26 AM - INFO - 5, 0.179453, 0.895263, 0.765125, 0.755837, 0.844612
13-01-2019 07:20:02 AM - INFO - 10, 0.199091, 0.890305, 0.746693, 0.725589, 0.832726
13-01-2019 08:14:12 AM - INFO - *** Earlystopping! ***
13-01-2019 08:14:12 AM - INFO - [ Saved model: best_resnet34_imgsize512_batch16_unfreeze.h5 ]
13-01-2019 08:14:12 AM - INFO - [ Results: [0.17418] 0.89216418563546 0.7621328687663306 0.7206784863565484 0.8308240887480192 ]

13-01-2019 08:14:12 AM - INFO -  ************************** 
13-01-2019 08:14:12 AM - INFO - COPYPASTE: resnet34 | IMS: 64 -> 512 | BS: 16
13-01-2019 08:14:12 AM - INFO - COPYPASTE: [0.17418] 0.89216418563546 0.7621328687663306 0.7206784863565484 0.8308240887480192 
13-01-2019 08:14:12 AM - INFO -  ************************** 

13-01-2019 08:14:12 AM - INFO -  --- INCREMENTING BATCH SIZE --- 

13-01-2019 08:14:12 AM - INFO -  --- Batch: 32 | Img size: 64 --- 
 
13-01-2019 08:14:12 AM - INFO -  --- Type: FREEZE --- 
13-01-2019 08:14:12 AM - INFO - epoch, val_loss, f2, average_precision, average_recall, hamming_score
13-01-2019 08:15:30 AM - INFO - 0, 0.513332, 0.722627, 0.482694, 0.425548, 0.548706
13-01-2019 08:22:10 AM - INFO - 5, 0.33003, 0.81495, 0.608185, 0.503852, 0.650608
13-01-2019 08:28:37 AM - INFO - 10, 0.300747, 0.82276, 0.631767, 0.524594, 0.674168
13-01-2019 08:34:35 AM - INFO - 15, 0.292224, 0.826099, 0.647987, 0.535146, 0.679609
13-01-2019 08:40:28 AM - INFO - 20, 0.280904, 0.833671, 0.654502, 0.564875, 0.696989
13-01-2019 08:46:05 AM - INFO - 25, 0.276625, 0.833024, 0.667268, 0.547249, 0.699313
13-01-2019 08:51:44 AM - INFO - 30, 0.276088, 0.834614, 0.660347, 0.556455, 0.697834
13-01-2019 08:57:27 AM - INFO - 35, 0.271718, 0.837983, 0.668048, 0.558973, 0.701664
13-01-2019 09:03:15 AM - INFO - 40, 0.268326, 0.83801, 0.680099, 0.572424, 0.709139
13-01-2019 09:09:15 AM - INFO - 45, 0.266444, 0.840482, 0.690562, 0.566975, 0.705758
13-01-2019 09:15:29 AM - INFO - 50, 0.266626, 0.841238, 0.679801, 0.572914, 0.708558
13-01-2019 09:22:08 AM - INFO - 55, 0.26664, 0.840732, 0.686089, 0.563587, 0.708082
13-01-2019 09:28:55 AM - INFO - 60, 0.267432, 0.838707, 0.677285, 0.561372, 0.702932
13-01-2019 09:35:33 AM - INFO - 65, 0.262763, 0.841607, 0.688776, 0.578403, 0.711463
13-01-2019 09:42:16 AM - INFO - 70, 0.262381, 0.8443, 0.687244, 0.574804, 0.711199
13-01-2019 09:48:56 AM - INFO - 75, 0.261939, 0.843739, 0.688369, 0.572071, 0.713418
13-01-2019 09:55:36 AM - INFO - 80, 0.259479, 0.84642, 0.67869, 0.59312, 0.718093
13-01-2019 10:02:14 AM - INFO - 85, 0.259268, 0.844972, 0.686176, 0.583769, 0.717327
13-01-2019 10:08:47 AM - INFO - 90, 0.258026, 0.846308, 0.687502, 0.587276, 0.720153
13-01-2019 10:15:27 AM - INFO - 95, 0.25705, 0.844431, 0.696944, 0.595258, 0.718938
13-01-2019 10:22:09 AM - INFO - 100, 0.258022, 0.846802, 0.683894, 0.586464, 0.717327
13-01-2019 10:28:50 AM - INFO - 105, 0.257009, 0.844452, 0.68722, 0.58945, 0.720761
13-01-2019 10:37:24 AM - INFO - 110, 0.256054, 0.848236, 0.697323, 0.590471, 0.720365
13-01-2019 10:46:32 AM - INFO - 115, 0.255774, 0.847728, 0.689359, 0.595501, 0.720285
13-01-2019 10:55:39 AM - INFO - 120, 0.256606, 0.84954, 0.686739, 0.608006, 0.724194
13-01-2019 11:02:57 AM - INFO - *** Earlystopping! ***
13-01-2019 11:02:57 AM - INFO - [ Saved model: best_resnet34_imgsize64_batch32_freeze.h5 ] 
13-01-2019 11:02:57 AM - INFO - [ Results: [0.25533] 0.8450766892391692 0.6955782928578634 0.6033312276597909 0.7256999471737982 ]

13-01-2019 11:02:57 AM - INFO -  --- Type: UNFREEZE --- 
13-01-2019 11:02:57 AM - INFO - epoch, val_loss, f2, average_precision, average_recall, hamming_score
13-01-2019 11:05:10 AM - INFO - 0, 0.201889, 0.879951, 0.784852, 0.714089, 0.805203
13-01-2019 11:16:22 AM - INFO - 5, 0.18224, 0.892127, 0.812224, 0.765734, 0.829847
13-01-2019 11:27:25 AM - INFO - 10, 0.194747, 0.891066, 0.808888, 0.765488, 0.83262
13-01-2019 11:38:32 AM - INFO - *** Earlystopping! ***
13-01-2019 11:38:32 AM - INFO - [ Saved model: best_resnet34_imgsize64_batch32_unfreeze.h5 ]
13-01-2019 11:38:32 AM - INFO - [ Results: [0.17846] 0.887667987026529 0.8073705992421701 0.7600194036221167 0.8286318013734812 ]

13-01-2019 11:38:32 AM - INFO -  --- Batch: 32 | Img size: 128 --- 
 
13-01-2019 11:38:32 AM - INFO -  --- Type: FREEZE --- 
13-01-2019 11:38:32 AM - INFO - epoch, val_loss, f2, average_precision, average_recall, hamming_score
13-01-2019 11:40:29 AM - INFO - 0, 0.356386, 0.790678, 0.632313, 0.568234, 0.650898
13-01-2019 11:50:22 AM - INFO - 5, 0.302386, 0.81848, 0.662738, 0.579887, 0.689382
13-01-2019 12:00:10 PM - INFO - 10, 0.283518, 0.832339, 0.704888, 0.611555, 0.706762
13-01-2019 12:10:04 PM - INFO - 15, 0.276435, 0.835608, 0.686287, 0.612111, 0.715504
13-01-2019 12:19:58 PM - INFO - 20, 0.267217, 0.842031, 0.723471, 0.62031, 0.724802
13-01-2019 12:29:26 PM - INFO - 25, 0.262146, 0.844616, 0.719767, 0.630573, 0.730798
13-01-2019 12:38:53 PM - INFO - 30, 0.26309, 0.843672, 0.72458, 0.643458, 0.734601
13-01-2019 12:48:17 PM - INFO - 35, 0.256915, 0.847058, 0.732972, 0.639684, 0.737956
13-01-2019 12:57:19 PM - INFO - 40, 0.254283, 0.848314, 0.731336, 0.652246, 0.740835
13-01-2019 01:06:22 PM - INFO - 45, 0.250619, 0.849808, 0.740512, 0.654337, 0.745272
13-01-2019 01:15:36 PM - INFO - 50, 0.249364, 0.853877, 0.742724, 0.646557, 0.739646
13-01-2019 01:24:50 PM - INFO - 55, 0.249339, 0.855524, 0.742414, 0.643324, 0.743502
13-01-2019 01:34:13 PM - INFO - 60, 0.249672, 0.856756, 0.75306, 0.65486, 0.742552
13-01-2019 01:43:35 PM - INFO - 65, 0.24855, 0.853201, 0.742357, 0.650205, 0.745166
13-01-2019 01:52:55 PM - INFO - 70, 0.246993, 0.853544, 0.754839, 0.665822, 0.747412
13-01-2019 02:02:22 PM - INFO - 75, 0.244689, 0.857243, 0.759433, 0.658282, 0.748706
13-01-2019 02:11:55 PM - INFO - 80, 0.241985, 0.856288, 0.76212, 0.67423, 0.753038
13-01-2019 02:21:45 PM - INFO - 85, 0.241763, 0.85679, 0.765055, 0.677819, 0.757792
13-01-2019 02:31:29 PM - INFO - 90, 0.240818, 0.857497, 0.759917, 0.676585, 0.756683
13-01-2019 02:41:25 PM - INFO - 95, 0.240879, 0.856623, 0.761783, 0.675001, 0.758241
13-01-2019 02:50:55 PM - INFO - 100, 0.240372, 0.859979, 0.763137, 0.676208, 0.753354
13-01-2019 03:00:19 PM - INFO - 105, 0.240499, 0.858958, 0.753892, 0.687178, 0.759324
13-01-2019 03:09:45 PM - INFO - 110, 0.238122, 0.859667, 0.76709, 0.677327, 0.758056
13-01-2019 03:19:14 PM - INFO - 115, 0.240056, 0.859303, 0.764582, 0.676246, 0.756603
13-01-2019 03:28:57 PM - INFO - 120, 0.238011, 0.860071, 0.759368, 0.685094, 0.762599
13-01-2019 03:38:19 PM - INFO - *** Earlystopping! ***
13-01-2019 03:38:19 PM - INFO - [ Saved model: best_resnet34_imgsize128_batch32_freeze.h5 ] 
13-01-2019 03:38:19 PM - INFO - [ Results: [0.23783] 0.8583619553684637 0.7512491358700074 0.6819887258347292 0.7613576333861596 ]

13-01-2019 03:38:19 PM - INFO -  --- Type: UNFREEZE --- 
13-01-2019 03:38:19 PM - INFO - epoch, val_loss, f2, average_precision, average_recall, hamming_score
13-01-2019 03:40:52 PM - INFO - 0, 0.177826, 0.899615, 0.791298, 0.760182, 0.830322
13-01-2019 03:53:29 PM - INFO - 5, 0.186316, 0.894705, 0.80303, 0.776134, 0.828315
13-01-2019 04:06:31 PM - INFO - 10, 0.198006, 0.892284, 0.80068, 0.762418, 0.827602
13-01-2019 04:14:20 PM - INFO - *** Earlystopping! ***
13-01-2019 04:14:20 PM - INFO - [ Saved model: best_resnet34_imgsize128_batch32_unfreeze.h5 ]
13-01-2019 04:14:20 PM - INFO - [ Results: [0.17783] 0.8996151611493248 0.7912979333359385 0.7601820778114678 0.8303222398309561 ]

13-01-2019 04:14:20 PM - INFO -  --- Batch: 32 | Img size: 256 --- 
 
13-01-2019 04:14:20 PM - INFO -  --- Type: FREEZE --- 
13-01-2019 04:14:20 PM - INFO - epoch, val_loss, f2, average_precision, average_recall, hamming_score
13-01-2019 04:16:49 PM - INFO - 0, 0.32414, 0.800743, 0.712417, 0.602995, 0.700977
13-01-2019 04:29:18 PM - INFO - 5, 0.276396, 0.82972, 0.725867, 0.648714, 0.734231
13-01-2019 04:41:54 PM - INFO - 10, 0.260359, 0.83674, 0.730737, 0.663129, 0.740227
13-01-2019 04:54:18 PM - INFO - 15, 0.255701, 0.840126, 0.73772, 0.661873, 0.743872
13-01-2019 05:07:05 PM - INFO - 20, 0.246083, 0.845627, 0.742671, 0.657474, 0.749974
13-01-2019 05:19:42 PM - INFO - 25, 0.244386, 0.845, 0.744052, 0.664034, 0.74831
13-01-2019 05:32:14 PM - INFO - 30, 0.243736, 0.847457, 0.748236, 0.661864, 0.75523
13-01-2019 05:44:44 PM - INFO - 35, 0.238501, 0.850142, 0.748862, 0.670985, 0.75655
13-01-2019 05:56:10 PM - INFO - 40, 0.236076, 0.857737, 0.74724, 0.674946, 0.76046
13-01-2019 06:07:49 PM - INFO - 45, 0.234033, 0.851867, 0.753256, 0.674282, 0.75803
13-01-2019 06:19:29 PM - INFO - 50, 0.23415, 0.856333, 0.745494, 0.659591, 0.753856
13-01-2019 06:30:55 PM - INFO - 55, 0.232854, 0.858762, 0.742314, 0.680263, 0.771025
13-01-2019 06:42:28 PM - INFO - 60, 0.232863, 0.859505, 0.740576, 0.686304, 0.766191
13-01-2019 06:54:04 PM - INFO - 65, 0.233157, 0.856238, 0.745299, 0.681536, 0.764025
13-01-2019 07:05:41 PM - INFO - 70, 0.230686, 0.857381, 0.734903, 0.678592, 0.764554
13-01-2019 07:17:45 PM - INFO - 75, 0.228995, 0.861285, 0.739893, 0.684984, 0.768965
13-01-2019 07:29:57 PM - INFO - 80, 0.228287, 0.860729, 0.742893, 0.687762, 0.776228
13-01-2019 07:41:56 PM - INFO - 85, 0.227782, 0.858532, 0.740024, 0.694361, 0.767987
13-01-2019 07:54:01 PM - INFO - 90, 0.227029, 0.859455, 0.744579, 0.68749, 0.773587
13-01-2019 08:06:04 PM - INFO - 95, 0.225698, 0.861612, 0.738265, 0.692379, 0.775145
13-01-2019 08:18:08 PM - INFO - 100, 0.22597, 0.862288, 0.740891, 0.691007, 0.776836
13-01-2019 08:29:43 PM - INFO - 105, 0.227048, 0.862781, 0.747449, 0.691284, 0.771157
13-01-2019 08:36:34 PM - INFO - *** Earlystopping! ***
13-01-2019 08:36:34 PM - INFO - [ Saved model: best_resnet34_imgsize256_batch32_freeze.h5 ] 
13-01-2019 08:36:34 PM - INFO - [ Results: [0.2257] 0.8616123401907964 0.7382653205295249 0.6923787908522248 0.7751452720549393 ]

13-01-2019 08:36:34 PM - INFO -  --- Type: UNFREEZE --- 
13-01-2019 08:36:34 PM - INFO - epoch, val_loss, f2, average_precision, average_recall, hamming_score
13-01-2019 08:40:28 PM - INFO - 0, 0.176261, 0.89443, 0.800637, 0.761404, 0.831564
13-01-2019 09:00:14 PM - INFO - 5, 0.174344, 0.898889, 0.816295, 0.782956, 0.846804
13-01-2019 09:20:06 PM - INFO - 10, 0.184285, 0.895249, 0.81826, 0.774084, 0.845563
13-01-2019 09:39:50 PM - INFO - *** Earlystopping! ***
13-01-2019 09:39:50 PM - INFO - [ Saved model: best_resnet34_imgsize256_batch32_unfreeze.h5 ]
13-01-2019 09:39:50 PM - INFO - [ Results: [0.17322] 0.8916091907323453 0.8208254345177667 0.7731761444543611 0.8424458531431591 ]

13-01-2019 09:39:50 PM - INFO -  --- Batch: 32 | Img size: 512 --- 
 
13-01-2019 09:39:51 PM - INFO -  --- Type: FREEZE --- 
13-01-2019 09:39:51 PM - INFO - epoch, val_loss, f2, average_precision, average_recall, hamming_score
13-01-2019 09:45:34 PM - INFO - 0, 0.36527, 0.79441, 0.751259, 0.661996, 0.70066
13-01-2019 10:13:51 PM - INFO - 5, 0.28481, 0.833048, 0.758147, 0.685482, 0.737876
13-01-2019 10:43:14 PM - INFO - 10, 0.2601, 0.844804, 0.758937, 0.696433, 0.748045
13-01-2019 11:12:38 PM - INFO - 15, 0.255293, 0.850222, 0.747519, 0.696131, 0.750053
13-01-2019 11:42:16 PM - INFO - 20, 0.247902, 0.847792, 0.754481, 0.696683, 0.751981
14-01-2019 12:11:55 AM - INFO - 25, 0.242095, 0.855338, 0.758849, 0.700405, 0.758452
14-01-2019 12:41:25 AM - INFO - 30, 0.239837, 0.859229, 0.750875, 0.70478, 0.76421
14-01-2019 01:10:57 AM - INFO - 35, 0.238347, 0.857572, 0.759265, 0.695177, 0.763101
14-01-2019 01:40:30 AM - INFO - 40, 0.23543, 0.864717, 0.755518, 0.705466, 0.766772
14-01-2019 02:10:27 AM - INFO - 45, 0.235477, 0.859324, 0.762865, 0.712336, 0.766218
14-01-2019 02:40:01 AM - INFO - 50, 0.23514, 0.859235, 0.761097, 0.701646, 0.76281
14-01-2019 03:09:34 AM - INFO - 55, 0.237473, 0.857902, 0.759063, 0.698771, 0.75803
14-01-2019 03:38:49 AM - INFO - 60, 0.238019, 0.857415, 0.771541, 0.701336, 0.765795
14-01-2019 04:06:39 AM - INFO - 65, 0.230592, 0.867856, 0.761092, 0.708828, 0.768991
14-01-2019 04:34:37 AM - INFO - 70, 0.234886, 0.860741, 0.766693, 0.70746, 0.773138
14-01-2019 05:01:01 AM - INFO - 75, 0.230846, 0.862683, 0.761828, 0.719998, 0.773085
14-01-2019 05:27:42 AM - INFO - 80, 0.232601, 0.86099, 0.760112, 0.704754, 0.768067
14-01-2019 05:54:16 AM - INFO - 85, 0.229839, 0.865575, 0.756862, 0.721372, 0.777734
14-01-2019 06:04:54 AM - INFO - *** Earlystopping! ***
14-01-2019 06:04:54 AM - INFO - [ Saved model: best_resnet34_imgsize512_batch32_freeze.h5 ] 
14-01-2019 06:04:54 AM - INFO - [ Results: [0.22951] 0.866660930946575 0.7597220600264004 0.7169418697566176 0.775013206550449 ]

14-01-2019 06:04:54 AM - INFO -  --- Type: UNFREEZE --- 
14-01-2019 06:04:54 AM - INFO - epoch, val_loss, f2, average_precision, average_recall, hamming_score
14-01-2019 06:16:08 AM - INFO - 0, 0.194079, 0.88901, 0.803069, 0.766028, 0.829266
14-01-2019 07:12:26 AM - INFO - 5, 0.193756, 0.886899, 0.80912, 0.782902, 0.833069
14-01-2019 08:09:18 AM - INFO - 10, 0.208195, 0.888792, 0.812328, 0.780541, 0.834733
14-01-2019 09:07:45 AM - INFO - *** Earlystopping! ***
14-01-2019 09:07:45 AM - INFO - [ Saved model: best_resnet34_imgsize512_batch32_unfreeze.h5 ]
14-01-2019 09:07:45 AM - INFO - [ Results: [0.18746] 0.896078539566128 0.807815911813547 0.7819626987558028 0.8351558372952985 ]

14-01-2019 09:07:45 AM - INFO -  ************************** 
14-01-2019 09:07:45 AM - INFO - COPYPASTE: resnet34 | IMS: 64 -> 512 | BS: 32
14-01-2019 09:07:45 AM - INFO - COPYPASTE: [0.18746] 0.896078539566128 0.807815911813547 0.7819626987558028 0.8351558372952985 
14-01-2019 09:07:45 AM - INFO -  ************************** 

14-01-2019 09:07:45 AM - INFO -  --- INCREMENTING BATCH SIZE --- 

14-01-2019 09:07:45 AM - INFO -  --- Batch: 64 | Img size: 64 --- 
 
14-01-2019 09:07:46 AM - INFO -  --- Type: FREEZE --- 
14-01-2019 09:07:46 AM - INFO - epoch, val_loss, f2, average_precision, average_recall, hamming_score
14-01-2019 09:09:21 AM - INFO - 0, 0.514157, 0.747346, 0.545294, 0.51458, 0.555494
14-01-2019 09:17:01 AM - INFO - 5, 0.337784, 0.805572, 0.707441, 0.573135, 0.668331
14-01-2019 09:24:32 AM - INFO - 10, 0.303893, 0.818428, 0.739148, 0.592903, 0.693133
14-01-2019 09:31:58 AM - INFO - 15, 0.294688, 0.823048, 0.739076, 0.598681, 0.701162
14-01-2019 09:39:31 AM - INFO - 20, 0.279255, 0.827359, 0.739418, 0.614606, 0.708056
14-01-2019 09:47:27 AM - INFO - 25, 0.275434, 0.828117, 0.746018, 0.612801, 0.711146
14-01-2019 09:55:17 AM - INFO - 30, 0.272979, 0.832804, 0.752927, 0.619137, 0.715452
14-01-2019 10:03:20 AM - INFO - 35, 0.2677, 0.834531, 0.749903, 0.619082, 0.715504
14-01-2019 10:11:28 AM - INFO - 40, 0.262837, 0.834334, 0.750796, 0.625368, 0.72158
14-01-2019 10:19:34 AM - INFO - 45, 0.259746, 0.837476, 0.76239, 0.625483, 0.728711
14-01-2019 10:27:38 AM - INFO - 50, 0.25786, 0.838599, 0.764891, 0.63123, 0.730428
14-01-2019 10:35:32 AM - INFO - 55, 0.25775, 0.839228, 0.761546, 0.630317, 0.725674
14-01-2019 10:43:28 AM - INFO - 60, 0.258111, 0.839444, 0.759132, 0.633927, 0.729239
14-01-2019 10:51:30 AM - INFO - 65, 0.256799, 0.840011, 0.764046, 0.639122, 0.729794
14-01-2019 10:59:21 AM - INFO - 70, 0.253228, 0.83979, 0.764373, 0.638953, 0.735552
14-01-2019 11:07:13 AM - INFO - 75, 0.251733, 0.840575, 0.766619, 0.632947, 0.731247
14-01-2019 11:15:18 AM - INFO - 80, 0.250659, 0.839877, 0.766132, 0.6434, 0.736397
14-01-2019 11:23:08 AM - INFO - 85, 0.248874, 0.841942, 0.76433, 0.651082, 0.738088
14-01-2019 11:31:00 AM - INFO - 90, 0.246818, 0.845607, 0.763383, 0.65231, 0.739461
14-01-2019 11:38:48 AM - INFO - 95, 0.246232, 0.844639, 0.766747, 0.641874, 0.738114
14-01-2019 11:46:36 AM - INFO - 100, 0.246465, 0.844303, 0.769644, 0.645011, 0.734416
14-01-2019 11:54:33 AM - INFO - 105, 0.246498, 0.845201, 0.765323, 0.641414, 0.735843
14-01-2019 12:02:32 PM - INFO - 110, 0.245359, 0.845461, 0.766045, 0.641169, 0.735182
14-01-2019 12:10:32 PM - INFO - 115, 0.245487, 0.845647, 0.767959, 0.653254, 0.738405
14-01-2019 12:18:27 PM - INFO - 120, 0.245293, 0.845738, 0.767548, 0.642302, 0.735816
14-01-2019 12:21:33 PM - INFO - *** Earlystopping! ***
14-01-2019 12:21:33 PM - INFO - [ Saved model: best_resnet34_imgsize64_batch64_freeze.h5 ] 
14-01-2019 12:21:33 PM - INFO - [ Results: [0.24484] 0.8465275156432 0.7675010260675847 0.6400048610055982 0.7348388800845217 ]

14-01-2019 12:21:33 PM - INFO -  --- Type: UNFREEZE --- 
14-01-2019 12:21:33 PM - INFO - epoch, val_loss, f2, average_precision, average_recall, hamming_score
14-01-2019 12:23:18 PM - INFO - 0, 0.194908, 0.881544, 0.872679, 0.778994, 0.819651
14-01-2019 12:31:51 PM - INFO - 5, 0.188783, 0.889265, 0.847325, 0.795888, 0.836635
14-01-2019 12:40:09 PM - INFO - 10, 0.197156, 0.888689, 0.84497, 0.7955, 0.827655
14-01-2019 12:48:23 PM - INFO - *** Earlystopping! ***
14-01-2019 12:48:23 PM - INFO - [ Saved model: best_resnet34_imgsize64_batch64_unfreeze.h5 ]
14-01-2019 12:48:23 PM - INFO - [ Results: [0.18856] 0.8863589681739082 0.8563931051513044 0.800753141683521 0.8318541996830427 ]

14-01-2019 12:48:23 PM - INFO -  --- Batch: 64 | Img size: 128 --- 
 
14-01-2019 12:48:23 PM - INFO -  --- Type: FREEZE --- 
14-01-2019 12:48:23 PM - INFO - epoch, val_loss, f2, average_precision, average_recall, hamming_score
14-01-2019 12:50:02 PM - INFO - 0, 0.349268, 0.791697, 0.709445, 0.639725, 0.669466
14-01-2019 12:58:27 PM - INFO - 5, 0.294725, 0.815792, 0.759435, 0.656753, 0.717485
14-01-2019 01:06:59 PM - INFO - 10, 0.278657, 0.82423, 0.773234, 0.664309, 0.730058
14-01-2019 01:14:39 PM - INFO - 15, 0.27451, 0.824946, 0.771969, 0.671973, 0.7313
14-01-2019 01:21:40 PM - INFO - 20, 0.266821, 0.830455, 0.785028, 0.678044, 0.736027
14-01-2019 01:28:47 PM - INFO - 25, 0.262622, 0.833199, 0.794013, 0.686705, 0.742948
14-01-2019 01:35:52 PM - INFO - 30, 0.262794, 0.833147, 0.78723, 0.686387, 0.740729
14-01-2019 01:42:53 PM - INFO - 35, 0.256888, 0.835292, 0.801023, 0.677975, 0.74234
14-01-2019 01:49:55 PM - INFO - 40, 0.256578, 0.83728, 0.798462, 0.690962, 0.747015
14-01-2019 01:56:59 PM - INFO - 45, 0.251977, 0.839157, 0.796553, 0.699409, 0.753196
14-01-2019 02:04:01 PM - INFO - 50, 0.251795, 0.837849, 0.802901, 0.68865, 0.750634
14-01-2019 02:10:57 PM - INFO - 55, 0.250727, 0.839893, 0.799179, 0.695331, 0.751347
14-01-2019 02:18:03 PM - INFO - 60, 0.249772, 0.840299, 0.793495, 0.686369, 0.751373
14-01-2019 02:25:07 PM - INFO - 65, 0.249917, 0.840739, 0.801888, 0.699156, 0.754781
14-01-2019 02:32:10 PM - INFO - 70, 0.246988, 0.841833, 0.79911, 0.704123, 0.760275
14-01-2019 02:39:07 PM - INFO - 75, 0.246417, 0.843695, 0.802466, 0.702624, 0.762309
14-01-2019 02:46:03 PM - INFO - 80, 0.246186, 0.845961, 0.803937, 0.701058, 0.758479
14-01-2019 02:53:05 PM - INFO - 85, 0.245127, 0.847824, 0.799192, 0.702907, 0.763286
14-01-2019 02:59:59 PM - INFO - 90, 0.24319, 0.848371, 0.800855, 0.708752, 0.766799
14-01-2019 03:06:52 PM - INFO - 95, 0.243484, 0.848476, 0.799886, 0.709038, 0.763761
14-01-2019 03:13:53 PM - INFO - 100, 0.243586, 0.850162, 0.804143, 0.711666, 0.766006
14-01-2019 03:20:56 PM - INFO - 105, 0.242251, 0.848796, 0.800048, 0.708568, 0.765161
14-01-2019 03:26:38 PM - INFO - *** Earlystopping! ***
14-01-2019 03:26:38 PM - INFO - [ Saved model: best_resnet34_imgsize128_batch64_freeze.h5 ] 
14-01-2019 03:26:38 PM - INFO - [ Results: [0.24168] 0.8470202499981555 0.7993328517582275 0.711260458615141 0.7684363444268356 ]

14-01-2019 03:26:38 PM - INFO -  --- Type: UNFREEZE --- 
14-01-2019 03:26:38 PM - INFO - epoch, val_loss, f2, average_precision, average_recall, hamming_score
14-01-2019 03:28:23 PM - INFO - 0, 0.188731, 0.889196, 0.819686, 0.792814, 0.825541
14-01-2019 03:37:09 PM - INFO - 5, 0.186507, 0.895161, 0.823188, 0.805207, 0.832594
14-01-2019 03:45:54 PM - INFO - 10, 0.192276, 0.890229, 0.82467, 0.802809, 0.836767
14-01-2019 03:54:25 PM - INFO - 15, 0.194137, 0.895376, 0.84145, 0.819747, 0.836292
14-01-2019 04:02:59 PM - INFO - *** Earlystopping! ***
14-01-2019 04:02:59 PM - INFO - [ Saved model: best_resnet34_imgsize128_batch64_unfreeze.h5 ]
14-01-2019 04:02:59 PM - INFO - [ Results: [0.18453] 0.8982438781623574 0.8383141195565545 0.8198636354777041 0.8387480190174327 ]

14-01-2019 04:02:59 PM - INFO -  --- Batch: 64 | Img size: 256 --- 
 
14-01-2019 04:02:59 PM - INFO -  --- Type: FREEZE --- 
14-01-2019 04:02:59 PM - INFO - epoch, val_loss, f2, average_precision, average_recall, hamming_score
14-01-2019 04:04:53 PM - INFO - 0, 0.324589, 0.793321, 0.770418, 0.635179, 0.693053
14-01-2019 04:14:25 PM - INFO - 5, 0.288956, 0.820903, 0.774728, 0.655068, 0.721183
14-01-2019 04:23:54 PM - INFO - 10, 0.274688, 0.832199, 0.770598, 0.68205, 0.738061
14-01-2019 04:33:31 PM - INFO - 15, 0.26893, 0.834976, 0.780499, 0.680901, 0.73748
14-01-2019 04:43:19 PM - INFO - 20, 0.264486, 0.838819, 0.776293, 0.698317, 0.749287
14-01-2019 04:52:52 PM - INFO - 25, 0.262236, 0.838986, 0.781718, 0.697734, 0.748494
14-01-2019 05:02:16 PM - INFO - 30, 0.261313, 0.839042, 0.779181, 0.706097, 0.753381
14-01-2019 05:11:49 PM - INFO - 35, 0.255241, 0.840719, 0.776956, 0.702162, 0.754411
14-01-2019 05:21:20 PM - INFO - 40, 0.25487, 0.840161, 0.785298, 0.697159, 0.757845
14-01-2019 05:30:43 PM - INFO - 45, 0.2525, 0.841102, 0.771919, 0.703019, 0.752905
14-01-2019 05:40:16 PM - INFO - 50, 0.25089, 0.841848, 0.791194, 0.709223, 0.759562
14-01-2019 05:49:48 PM - INFO - 55, 0.249872, 0.843122, 0.773772, 0.702025, 0.759245
14-01-2019 05:59:19 PM - INFO - 60, 0.249429, 0.842941, 0.771584, 0.704728, 0.756603
14-01-2019 06:08:49 PM - INFO - 65, 0.249821, 0.842197, 0.773982, 0.704512, 0.758056
14-01-2019 06:18:13 PM - INFO - 70, 0.246055, 0.840714, 0.785402, 0.709829, 0.76038
14-01-2019 06:27:24 PM - INFO - 75, 0.246061, 0.844959, 0.781912, 0.712574, 0.760829
14-01-2019 06:36:41 PM - INFO - 80, 0.245168, 0.846608, 0.78435, 0.71363, 0.763946
14-01-2019 06:46:10 PM - INFO - 85, 0.245021, 0.849037, 0.783691, 0.711141, 0.761305
14-01-2019 06:55:57 PM - INFO - 90, 0.244774, 0.845837, 0.782392, 0.714347, 0.762282
14-01-2019 07:05:47 PM - INFO - 95, 0.243508, 0.846317, 0.79086, 0.714093, 0.767036
14-01-2019 07:15:35 PM - INFO - 100, 0.243768, 0.849974, 0.790391, 0.717279, 0.761965
14-01-2019 07:25:18 PM - INFO - 105, 0.243115, 0.848906, 0.782166, 0.716061, 0.762388
14-01-2019 07:34:52 PM - INFO - 110, 0.243746, 0.846751, 0.79403, 0.716148, 0.766587
14-01-2019 07:44:34 PM - INFO - 115, 0.244429, 0.845208, 0.792151, 0.716259, 0.764395
14-01-2019 07:54:13 PM - INFO - 120, 0.243476, 0.848398, 0.783567, 0.717233, 0.765003
14-01-2019 08:03:53 PM - INFO - 125, 0.245768, 0.848197, 0.787137, 0.711388, 0.760909
14-01-2019 08:13:28 PM - INFO - 130, 0.244035, 0.847329, 0.795621, 0.716318, 0.770285
14-01-2019 08:23:00 PM - INFO - 135, 0.242535, 0.849098, 0.792465, 0.716162, 0.766323
14-01-2019 08:32:50 PM - INFO - 140, 0.241478, 0.849802, 0.792652, 0.716691, 0.767776
14-01-2019 08:42:53 PM - INFO - 145, 0.240593, 0.851896, 0.78675, 0.718855, 0.765161
14-01-2019 08:52:48 PM - INFO - 150, 0.242321, 0.851461, 0.78485, 0.723633, 0.76318
14-01-2019 09:02:55 PM - INFO - 155, 0.242509, 0.850263, 0.791369, 0.723686, 0.773666
14-01-2019 09:12:55 PM - INFO - 160, 0.241764, 0.850557, 0.794195, 0.717534, 0.768199
14-01-2019 09:22:53 PM - INFO - 165, 0.241681, 0.853187, 0.788685, 0.723607, 0.771157
14-01-2019 09:26:56 PM - INFO - *** Earlystopping! ***
14-01-2019 09:26:56 PM - INFO - [ Saved model: best_resnet34_imgsize256_batch64_freeze.h5 ] 
14-01-2019 09:26:56 PM - INFO - [ Results: [0.23991] 0.8529490862883403 0.7848105858654391 0.7216652913163603 0.7670100369783412 ]

14-01-2019 09:26:56 PM - INFO -  --- Type: UNFREEZE --- 
14-01-2019 09:26:56 PM - INFO - epoch, val_loss, f2, average_precision, average_recall, hamming_score
14-01-2019 09:30:12 PM - INFO - 0, 0.190117, 0.890233, 0.836604, 0.805815, 0.834496
14-01-2019 09:46:33 PM - INFO - 5, 0.186107, 0.897897, 0.85786, 0.817622, 0.840835
14-01-2019 10:02:50 PM - INFO - 10, 0.189993, 0.894237, 0.865408, 0.820629, 0.845272
14-01-2019 10:18:53 PM - INFO - 15, 0.191299, 0.894673, 0.871301, 0.817366, 0.845404
14-01-2019 10:31:02 PM - INFO - *** Earlystopping! ***
14-01-2019 10:31:02 PM - INFO - [ Saved model: best_resnet34_imgsize256_batch64_unfreeze.h5 ]
14-01-2019 10:31:02 PM - INFO - [ Results: [0.18515] 0.8993711269302663 0.851787917057957 0.8104006412990796 0.84175911251981 ]

14-01-2019 10:31:02 PM - INFO -  --- Batch: 64 | Img size: 512 --- 
 
14-01-2019 10:31:02 PM - INFO -  --- Type: FREEZE --- 
14-01-2019 10:31:02 PM - INFO - epoch, val_loss, f2, average_precision, average_recall, hamming_score
14-01-2019 10:36:08 PM - INFO - 0, 0.346718, 0.811533, 0.843582, 0.723573, 0.727549
14-01-2019 11:01:14 PM - INFO - 5, 0.296385, 0.829969, 0.843339, 0.737383, 0.748864
14-01-2019 11:26:38 PM - INFO - 10, 0.276114, 0.839045, 0.840125, 0.743231, 0.757528
14-01-2019 11:52:25 PM - INFO - 15, 0.271575, 0.839988, 0.843091, 0.741688, 0.760697
15-01-2019 12:18:35 AM - INFO - 20, 0.261251, 0.84535, 0.809256, 0.735837, 0.76421
15-01-2019 12:44:22 AM - INFO - 25, 0.257828, 0.848808, 0.837326, 0.747919, 0.766482
15-01-2019 01:10:23 AM - INFO - 30, 0.256054, 0.848596, 0.820063, 0.749693, 0.763497
15-01-2019 01:36:12 AM - INFO - 35, 0.251038, 0.849017, 0.836656, 0.756246, 0.765769
15-01-2019 02:02:06 AM - INFO - 40, 0.246684, 0.850324, 0.839272, 0.755193, 0.769493
15-01-2019 02:28:11 AM - INFO - 45, 0.246206, 0.851432, 0.826743, 0.755732, 0.775225
15-01-2019 02:53:56 AM - INFO - 50, 0.244209, 0.855614, 0.820913, 0.757863, 0.775753
15-01-2019 03:19:52 AM - INFO - 55, 0.244724, 0.855703, 0.844709, 0.758721, 0.775885
15-01-2019 03:45:31 AM - INFO - 60, 0.244284, 0.853208, 0.822086, 0.755089, 0.773508
15-01-2019 04:10:06 AM - INFO - 65, 0.242061, 0.855843, 0.826046, 0.757551, 0.776941
15-01-2019 04:35:29 AM - INFO - 70, 0.24361, 0.853437, 0.822736, 0.750241, 0.774036
15-01-2019 05:01:12 AM - INFO - 75, 0.240203, 0.854141, 0.846342, 0.759135, 0.780111
15-01-2019 05:26:57 AM - INFO - 80, 0.239964, 0.85687, 0.822863, 0.758354, 0.778526
15-01-2019 05:52:40 AM - INFO - 85, 0.239952, 0.854674, 0.843132, 0.761883, 0.782937
15-01-2019 06:18:37 AM - INFO - 90, 0.241215, 0.856032, 0.826491, 0.755102, 0.775753
15-01-2019 06:44:33 AM - INFO - 95, 0.239495, 0.855502, 0.830409, 0.757993, 0.780771
15-01-2019 07:10:20 AM - INFO - 100, 0.23936, 0.857661, 0.836383, 0.759678, 0.779847
15-01-2019 07:36:09 AM - INFO - 105, 0.239196, 0.85584, 0.830508, 0.764925, 0.776994
15-01-2019 07:56:50 AM - INFO - *** Earlystopping! ***
15-01-2019 07:56:50 AM - INFO - [ Saved model: best_resnet34_imgsize512_batch64_freeze.h5 ] 
15-01-2019 07:56:50 AM - INFO - [ Results: [0.2377] 0.8567909453442392 0.825382165714116 0.7579888146932463 0.7780507131537244 ]

15-01-2019 07:56:50 AM - INFO -  --- Type: UNFREEZE --- 
15-01-2019 07:56:50 AM - INFO - epoch, val_loss, f2, average_precision, average_recall, hamming_score
15-01-2019 07:56:56 AM - ERROR - ERROR: A: resnet34 | IS: 512 | BS: 64
15-01-2019 07:56:56 AM - ERROR - Traceback (most recent call last):
  File "run_grid_search.py", line 109, in grid_search
    learn.fit(lr, 12, cycle_len=1, cycle_mult=2, best_save_name=f'{best_model_name}_unfreeze', earlystopping=earlystoping, logger_name=experiment_name, log_step=log_step)
  File "/home/reflex/refleX/lib/fastai/fastai/learner.py", line 308, in fit
    return self.fit_gen(self.model, self.data, layer_opt, n_cycle, **kwargs)
  File "/home/reflex/refleX/lib/fastai/fastai/learner.py", line 255, in fit_gen
    swa_eval_freq=swa_eval_freq, **kwargs)
  File "/home/reflex/refleX/lib/fastai/fastai/model.py", line 141, in fit
    loss = model_stepper.step(V(x),V(y), epoch)
  File "/home/reflex/refleX/lib/fastai/fastai/model.py", line 50, in step
    output = self.m(*xs)
  File "/home/reflex/miniconda3/envs/fastai/lib/python3.6/site-packages/torch/nn/modules/module.py", line 357, in __call__
    result = self.forward(*input, **kwargs)
  File "/home/reflex/miniconda3/envs/fastai/lib/python3.6/site-packages/torch/nn/modules/container.py", line 67, in forward
    input = module(input)
  File "/home/reflex/miniconda3/envs/fastai/lib/python3.6/site-packages/torch/nn/modules/module.py", line 357, in __call__
    result = self.forward(*input, **kwargs)
  File "/home/reflex/miniconda3/envs/fastai/lib/python3.6/site-packages/torch/nn/modules/container.py", line 67, in forward
    input = module(input)
  File "/home/reflex/miniconda3/envs/fastai/lib/python3.6/site-packages/torch/nn/modules/module.py", line 357, in __call__
    result = self.forward(*input, **kwargs)
  File "/home/reflex/miniconda3/envs/fastai/lib/python3.6/site-packages/torchvision/models/resnet.py", line 45, in forward
    out = self.conv2(out)
  File "/home/reflex/miniconda3/envs/fastai/lib/python3.6/site-packages/torch/nn/modules/module.py", line 357, in __call__
    result = self.forward(*input, **kwargs)
  File "/home/reflex/miniconda3/envs/fastai/lib/python3.6/site-packages/torch/nn/modules/conv.py", line 282, in forward
    self.padding, self.dilation, self.groups)
  File "/home/reflex/miniconda3/envs/fastai/lib/python3.6/site-packages/torch/nn/functional.py", line 90, in conv2d
    return f(input, weight, bias)
RuntimeError: cuda runtime error (2) : out of memory at /opt/conda/conda-bld/pytorch_1518244421288/work/torch/lib/THC/generic/THCStorage.cu:58

15-01-2019 07:56:56 AM - INFO -     ----- *** END: resnet34 *** ----- 

