13-01-2019 10:30:10 AM - INFO -  [ ------ EXPERIMENT: RESNET18_13012019 ------ ] 

13-01-2019 10:30:10 AM - INFO -  --- PARAMETERS: --- 
13-01-2019 10:30:10 AM - INFO - Predefined metrics: [val_loss], f2, average_precision, average_recall, hamming_score
13-01-2019 10:30:10 AM - INFO - Predefined architecutres: resnet18
13-01-2019 10:30:10 AM - INFO - Predefined batch sizes: 64, 128, 256
13-01-2019 10:30:10 AM - INFO - Predefined image sizes: 64, 128, 256, 512
13-01-2019 10:30:10 AM - INFO - Dropout: 0.5
13-01-2019 10:30:10 AM - INFO - Earlystopping after: 12 epochs.
13-01-2019 10:30:10 AM - INFO - Log every 5 epochs.
13-01-2019 10:30:10 AM - INFO - GPU: 3 | Available: 4 

13-01-2019 10:30:10 AM - INFO -     ----- *** RESNET18 *** ----- 

13-01-2019 10:31:38 AM - INFO -  Learning rate = 0.173983
13-01-2019 10:31:38 AM - INFO -  Learning rates = [0.021748, 0.043496, 0.086991, 0.173983] 

13-01-2019 10:31:38 AM - INFO -  --- Batch: 64 | Img size: 64 --- 
 
13-01-2019 10:31:38 AM - INFO -  --- Type: FREEZE --- 
13-01-2019 10:31:38 AM - INFO - epoch, val_loss, f2, average_precision, average_recall, hamming_score
13-01-2019 10:32:52 AM - INFO - 0, 0.317362, 0.802798, 0.686288, 0.545463, 0.64654
13-01-2019 10:38:55 AM - INFO - 5, 0.293558, 0.814006, 0.744445, 0.579476, 0.668225
13-01-2019 10:45:02 AM - INFO - 10, 0.290176, 0.822906, 0.768669, 0.603647, 0.673983
13-01-2019 10:51:05 AM - INFO - 15, 0.295082, 0.822129, 0.721266, 0.568639, 0.659614
13-01-2019 10:57:02 AM - INFO - 20, 0.289943, 0.823593, 0.752748, 0.593761, 0.679398
13-01-2019 11:03:06 AM - INFO - 25, 0.283794, 0.824702, 0.777345, 0.594677, 0.680375
13-01-2019 11:08:55 AM - INFO - 30, 0.281798, 0.824147, 0.769889, 0.605973, 0.681115
13-01-2019 11:14:50 AM - INFO - 35, 0.283957, 0.824474, 0.797963, 0.633477, 0.69374
13-01-2019 11:20:43 AM - INFO - 40, 0.282542, 0.828076, 0.775462, 0.600458, 0.680666
13-01-2019 11:23:04 AM - INFO - *** Earlystopping! ***
13-01-2019 11:23:04 AM - INFO - [ Saved model: best_resnet18_imgsize64_batch64_freeze.h5 ] 
13-01-2019 11:23:04 AM - INFO - [ Results: [0.28098] 0.8238471814955448 0.7790688555973729 0.6086618466848714 0.6830427892234548 ]

13-01-2019 11:23:04 AM - INFO -  --- Type: UNFREEZE --- 
13-01-2019 11:23:04 AM - INFO - epoch, val_loss, f2, average_precision, average_recall, hamming_score
13-01-2019 11:24:19 AM - INFO - 0, 0.346635, 0.78168, 0.628235, 0.471786, 0.606735
13-01-2019 11:30:36 AM - INFO - 5, 0.316378, 0.789385, 0.735601, 0.629979, 0.633413
13-01-2019 11:36:43 AM - INFO - 10, 0.332683, 0.792399, 0.62766, 0.602401, 0.593001
13-01-2019 11:43:10 AM - INFO - 15, 0.302108, 0.814311, 0.698053, 0.522597, 0.666693
13-01-2019 11:49:33 AM - INFO - 20, 0.309504, 0.809223, 0.626689, 0.679858, 0.650872
13-01-2019 11:55:59 AM - INFO - 25, 0.27983, 0.833533, 0.751941, 0.677058, 0.720681
13-01-2019 11:58:35 AM - INFO - *** Earlystopping! ***
13-01-2019 11:58:35 AM - INFO - [ Saved model: best_resnet18_imgsize64_batch64_unfreeze.h5 ]
13-01-2019 11:58:35 AM - INFO - [ Results: [0.23633] 0.8539594310760079 0.8147522958622977 0.647501847232976 0.7463285789751717 ]

13-01-2019 11:58:35 AM - INFO -  --- Batch: 64 | Img size: 128 --- 
 
13-01-2019 11:58:35 AM - INFO -  --- Type: FREEZE --- 
13-01-2019 11:58:35 AM - INFO - epoch, val_loss, f2, average_precision, average_recall, hamming_score
13-01-2019 11:59:56 AM - INFO - 0, 0.330478, 0.795121, 0.69926, 0.538701, 0.641046
13-01-2019 12:06:42 PM - INFO - 5, 0.292501, 0.816147, 0.735112, 0.559494, 0.672055
13-01-2019 12:13:33 PM - INFO - 10, 0.282901, 0.825227, 0.739076, 0.567159, 0.677311
13-01-2019 12:20:22 PM - INFO - 15, 0.281072, 0.82576, 0.753627, 0.591983, 0.680296
13-01-2019 12:26:55 PM - INFO - 20, 0.276592, 0.82495, 0.731718, 0.591205, 0.684496
13-01-2019 12:33:24 PM - INFO - 25, 0.27393, 0.828518, 0.75691, 0.590352, 0.682118
13-01-2019 12:39:56 PM - INFO - 30, 0.274418, 0.831779, 0.755357, 0.58702, 0.68159
13-01-2019 12:46:30 PM - INFO - 35, 0.272384, 0.832659, 0.763168, 0.602515, 0.693212
13-01-2019 12:53:02 PM - INFO - 40, 0.275236, 0.833123, 0.773635, 0.588242, 0.691891
13-01-2019 12:59:07 PM - INFO - 45, 0.268712, 0.836128, 0.759805, 0.58744, 0.688378
13-01-2019 01:05:30 PM - INFO - 50, 0.269237, 0.836902, 0.804127, 0.590968, 0.687031
13-01-2019 01:11:55 PM - INFO - 55, 0.267178, 0.836683, 0.787239, 0.597137, 0.691521
13-01-2019 01:18:17 PM - INFO - 60, 0.267558, 0.836014, 0.777849, 0.596332, 0.688722
13-01-2019 01:24:52 PM - INFO - 65, 0.269049, 0.835414, 0.774624, 0.607401, 0.694216
13-01-2019 01:31:30 PM - INFO - 70, 0.266845, 0.836244, 0.781834, 0.605191, 0.695325
13-01-2019 01:38:01 PM - INFO - 75, 0.267734, 0.836284, 0.761419, 0.621832, 0.695087
13-01-2019 01:44:32 PM - INFO - 80, 0.266286, 0.835653, 0.769783, 0.598497, 0.694348
13-01-2019 01:51:04 PM - INFO - 85, 0.264336, 0.838896, 0.800341, 0.604933, 0.696408
13-01-2019 01:57:23 PM - INFO - 90, 0.263713, 0.838049, 0.798735, 0.615646, 0.703381
13-01-2019 02:03:56 PM - INFO - 95, 0.26307, 0.840962, 0.775548, 0.600809, 0.692948
13-01-2019 02:10:40 PM - INFO - 100, 0.26242, 0.838345, 0.811972, 0.610498, 0.702668
13-01-2019 02:17:33 PM - INFO - 105, 0.261481, 0.84225, 0.808978, 0.607913, 0.700951
13-01-2019 02:24:21 PM - INFO - 110, 0.261023, 0.842605, 0.795864, 0.604658, 0.700845
13-01-2019 02:31:12 PM - INFO - 115, 0.261427, 0.840651, 0.796442, 0.603638, 0.699789
13-01-2019 02:38:00 PM - INFO - 120, 0.261034, 0.842357, 0.797318, 0.598179, 0.698706
13-01-2019 02:44:45 PM - INFO - *** Earlystopping! ***
13-01-2019 02:44:45 PM - INFO - [ Saved model: best_resnet18_imgsize128_batch64_freeze.h5 ] 
13-01-2019 02:44:45 PM - INFO - [ Results: [0.26047] 0.8421808539104093 0.7981134298218939 0.6067293412802042 0.7037242472266243 ]

13-01-2019 02:44:45 PM - INFO -  --- Type: UNFREEZE --- 
13-01-2019 02:44:45 PM - INFO - epoch, val_loss, f2, average_precision, average_recall, hamming_score
13-01-2019 02:46:20 PM - INFO - 0, 0.261708, 0.838223, 0.757386, 0.60362, 0.706313
13-01-2019 02:54:19 PM - INFO - 5, 0.230998, 0.853492, 0.808451, 0.668106, 0.745589
13-01-2019 03:02:16 PM - INFO - 10, 0.44837, 0.798151, 0.653235, 0.657402, 0.608558
13-01-2019 03:10:13 PM - INFO - 15, 0.326412, 0.796713, 0.691825, 0.601421, 0.658875
13-01-2019 03:18:14 PM - INFO - 20, 0.287755, 0.83155, 0.773903, 0.727961, 0.69131
13-01-2019 03:26:17 PM - INFO - 25, 0.225709, 0.854458, 0.859129, 0.711409, 0.769651
13-01-2019 03:34:25 PM - INFO - 30, 0.205219, 0.871784, 0.838707, 0.761641, 0.793872
13-01-2019 03:42:10 PM - INFO - 35, 0.272911, 0.831384, 0.744273, 0.726557, 0.712335
13-01-2019 03:49:48 PM - INFO - 40, 0.382202, 0.782174, 0.659574, 0.681481, 0.615455
13-01-2019 03:54:23 PM - INFO - *** Earlystopping! ***
13-01-2019 03:54:23 PM - INFO - [ Saved model: best_resnet18_imgsize128_batch64_unfreeze.h5 ]
13-01-2019 03:54:23 PM - INFO - [ Results: [0.20522] 0.8717844300817951 0.8387074506114558 0.7616407845500804 0.7938721605916534 ]

13-01-2019 03:54:23 PM - INFO -  --- Batch: 64 | Img size: 256 --- 
 
13-01-2019 03:54:23 PM - INFO -  --- Type: FREEZE --- 
13-01-2019 03:54:23 PM - INFO - epoch, val_loss, f2, average_precision, average_recall, hamming_score
13-01-2019 03:56:24 PM - INFO - 0, 0.324224, 0.795504, 0.775802, 0.552351, 0.638299
13-01-2019 04:06:26 PM - INFO - 5, 0.287926, 0.81071, 0.799412, 0.587475, 0.676255
13-01-2019 04:16:31 PM - INFO - 10, 0.276304, 0.821659, 0.799152, 0.605847, 0.689567
13-01-2019 04:26:56 PM - INFO - 15, 0.277267, 0.821258, 0.805412, 0.6267, 0.687269
13-01-2019 04:37:14 PM - INFO - 20, 0.267856, 0.826248, 0.804954, 0.61997, 0.701057
13-01-2019 04:47:30 PM - INFO - 25, 0.265435, 0.83117, 0.825442, 0.643886, 0.703064
13-01-2019 04:57:54 PM - INFO - 30, 0.263983, 0.830547, 0.825914, 0.637393, 0.703988
13-01-2019 05:08:15 PM - INFO - 35, 0.2627, 0.830405, 0.828661, 0.640013, 0.711648
13-01-2019 05:18:48 PM - INFO - 40, 0.258991, 0.83594, 0.846498, 0.644117, 0.707739
13-01-2019 05:29:04 PM - INFO - 45, 0.257543, 0.834903, 0.834768, 0.662727, 0.721421
13-01-2019 05:39:18 PM - INFO - 50, 0.257943, 0.834738, 0.850349, 0.636536, 0.705626
13-01-2019 05:49:04 PM - INFO - 55, 0.258142, 0.834683, 0.837877, 0.646545, 0.706418
13-01-2019 05:58:33 PM - INFO - 60, 0.256393, 0.834554, 0.851401, 0.646147, 0.709931
13-01-2019 06:08:06 PM - INFO - 65, 0.257806, 0.832842, 0.821063, 0.625721, 0.706233
13-01-2019 06:17:31 PM - INFO - 70, 0.260855, 0.83032, 0.813876, 0.632004, 0.700211
13-01-2019 06:27:02 PM - INFO - 75, 0.256195, 0.833036, 0.841339, 0.650055, 0.710037
13-01-2019 06:36:28 PM - INFO - 80, 0.253534, 0.831392, 0.832835, 0.640608, 0.709826
13-01-2019 06:46:03 PM - INFO - 85, 0.255686, 0.831828, 0.838639, 0.64092, 0.709826
13-01-2019 06:55:38 PM - INFO - 90, 0.251045, 0.83743, 0.841532, 0.675502, 0.72158
13-01-2019 07:05:15 PM - INFO - 95, 0.25148, 0.836118, 0.855955, 0.644559, 0.710935
13-01-2019 07:15:03 PM - INFO - 100, 0.251031, 0.835829, 0.822592, 0.647913, 0.715293
13-01-2019 07:25:07 PM - INFO - 105, 0.250115, 0.833865, 0.865912, 0.656507, 0.721844
13-01-2019 07:35:03 PM - INFO - 110, 0.249538, 0.835672, 0.839269, 0.660875, 0.72187
13-01-2019 07:44:55 PM - INFO - 115, 0.249829, 0.837562, 0.840747, 0.650889, 0.715557
13-01-2019 07:54:44 PM - INFO - 120, 0.248754, 0.83483, 0.849366, 0.65937, 0.718806
13-01-2019 08:04:36 PM - INFO - 125, 0.248812, 0.835643, 0.843943, 0.658115, 0.719863
13-01-2019 08:14:27 PM - INFO - 130, 0.250853, 0.839566, 0.829075, 0.647427, 0.713946
13-01-2019 08:20:26 PM - INFO - *** Earlystopping! ***
13-01-2019 08:20:26 PM - INFO - [ Saved model: best_resnet18_imgsize256_batch64_freeze.h5 ] 
13-01-2019 08:20:26 PM - INFO - [ Results: [0.24875] 0.8348299250612813 0.8493660514138655 0.6593701731849007 0.7188061278394082 ]

13-01-2019 08:20:26 PM - INFO -  --- Type: UNFREEZE --- 
13-01-2019 08:20:26 PM - INFO - epoch, val_loss, f2, average_precision, average_recall, hamming_score
13-01-2019 08:23:13 PM - INFO - 0, 0.233272, 0.854853, 0.832122, 0.665297, 0.737401
13-01-2019 08:37:06 PM - INFO - 5, 0.217333, 0.857045, 0.881884, 0.691444, 0.767538
13-01-2019 08:50:02 PM - INFO - 10, 0.221198, 0.861796, 0.881886, 0.703336, 0.77187
13-01-2019 09:03:06 PM - INFO - 15, 0.237563, 0.850666, 0.802182, 0.716509, 0.739408
13-01-2019 09:16:03 PM - INFO - 20, 0.200372, 0.871282, 0.837351, 0.76783, 0.797068
13-01-2019 09:29:05 PM - INFO - 25, 0.196812, 0.877259, 0.841067, 0.810447, 0.809958
13-01-2019 09:42:13 PM - INFO - 30, 0.182956, 0.885365, 0.875225, 0.79876, 0.8187
13-01-2019 09:55:59 PM - INFO - 35, 0.424126, 0.822112, 0.695826, 0.764234, 0.639752
13-01-2019 10:09:43 PM - INFO - 40, 0.269957, 0.822853, 0.7476, 0.688348, 0.720127
13-01-2019 10:15:05 PM - INFO - *** Earlystopping! ***
13-01-2019 10:15:05 PM - INFO - [ Saved model: best_resnet18_imgsize256_batch64_unfreeze.h5 ]
13-01-2019 10:15:05 PM - INFO - [ Results: [0.18276] 0.8847495800845808 0.8595822853973148 0.7767919236590908 0.8158478605388272 ]

13-01-2019 10:15:05 PM - INFO -  --- Batch: 64 | Img size: 512 --- 
 
13-01-2019 10:15:05 PM - INFO -  --- Type: FREEZE --- 
13-01-2019 10:15:05 PM - INFO - epoch, val_loss, f2, average_precision, average_recall, hamming_score
13-01-2019 10:19:39 PM - INFO - 0, 0.332614, 0.79221, 0.696043, 0.546731, 0.637507
13-01-2019 10:42:14 PM - INFO - 5, 0.290503, 0.816297, 0.749994, 0.578233, 0.670708
13-01-2019 11:05:28 PM - INFO - 10, 0.278837, 0.825663, 0.776156, 0.6044, 0.692023
13-01-2019 11:27:42 PM - INFO - 15, 0.273703, 0.829035, 0.791817, 0.6024, 0.696725
13-01-2019 11:50:13 PM - INFO - 20, 0.268273, 0.8302, 0.788627, 0.611921, 0.701796
14-01-2019 12:12:48 AM - INFO - 25, 0.266878, 0.833534, 0.834274, 0.621785, 0.697649
14-01-2019 12:35:04 AM - INFO - 30, 0.265364, 0.832125, 0.846991, 0.629712, 0.70626
14-01-2019 12:57:11 AM - INFO - 35, 0.263292, 0.830134, 0.857892, 0.654642, 0.715848
14-01-2019 01:19:20 AM - INFO - 40, 0.261319, 0.835193, 0.852453, 0.65111, 0.712176
14-01-2019 01:41:27 AM - INFO - 45, 0.257474, 0.839191, 0.87314, 0.645309, 0.714765
14-01-2019 02:03:53 AM - INFO - 50, 0.257812, 0.837408, 0.846791, 0.654996, 0.716455
14-01-2019 02:25:56 AM - INFO - 55, 0.256515, 0.838991, 0.866655, 0.661239, 0.723798
14-01-2019 02:47:53 AM - INFO - 60, 0.255399, 0.83928, 0.850243, 0.65844, 0.725779
14-01-2019 03:09:57 AM - INFO - 65, 0.256519, 0.839828, 0.863221, 0.668385, 0.730903
14-01-2019 03:32:06 AM - INFO - *** Earlystopping! ***
14-01-2019 03:32:06 AM - INFO - [ Saved model: best_resnet18_imgsize512_batch64_freeze.h5 ] 
14-01-2019 03:32:06 AM - INFO - [ Results: [0.25484] 0.8424034412314725 0.8438808548811826 0.6548393828062951 0.7241151611199155 ]

14-01-2019 03:32:06 AM - INFO -  --- Type: UNFREEZE --- 
14-01-2019 03:32:06 AM - INFO - epoch, val_loss, f2, average_precision, average_recall, hamming_score
14-01-2019 03:39:10 AM - INFO - 0, 0.227759, 0.849985, 0.869961, 0.671414, 0.7472
14-01-2019 04:14:44 AM - INFO - 5, 0.19961, 0.874431, 0.835633, 0.795065, 0.785684
14-01-2019 04:49:28 AM - INFO - 10, 0.203086, 0.875495, 0.878541, 0.729616, 0.784231
14-01-2019 05:23:26 AM - INFO - 15, 0.223418, 0.856962, 0.853765, 0.757846, 0.768093
14-01-2019 05:57:20 AM - INFO - 20, 0.194369, 0.875884, 0.84114, 0.791968, 0.792578
14-01-2019 06:30:02 AM - INFO - 25, 0.172048, 0.892845, 0.909974, 0.796426, 0.83962
14-01-2019 07:02:34 AM - INFO - 30, 0.166914, 0.896136, 0.880753, 0.841549, 0.841072
14-01-2019 07:35:01 AM - INFO - 35, 0.236186, 0.860986, 0.779928, 0.822957, 0.758875
14-01-2019 08:08:41 AM - INFO - 40, 0.192487, 0.884456, 0.845129, 0.842535, 0.813154
14-01-2019 08:15:37 AM - INFO - *** Earlystopping! ***
14-01-2019 08:15:37 AM - INFO - [ Saved model: best_resnet18_imgsize512_batch64_unfreeze.h5 ]
14-01-2019 08:15:37 AM - INFO - [ Results: [0.16538] 0.8965986490711975 0.8555139609479929 0.8410323624288415 0.8312466983623877 ]

14-01-2019 08:15:37 AM - INFO -  ************************** 
14-01-2019 08:15:37 AM - INFO - COPYPASTE: resnet18 | IMS: 64 -> 512 | BS: 64
14-01-2019 08:15:37 AM - INFO - COPYPASTE: [0.16538] 0.8965986490711975 0.8555139609479929 0.8410323624288415 0.8312466983623877 
14-01-2019 08:15:37 AM - INFO -  ************************** 

14-01-2019 08:15:37 AM - INFO -  --- INCREMENTING BATCH SIZE --- 

14-01-2019 08:15:37 AM - INFO -  --- Batch: 128 | Img size: 64 --- 
 
14-01-2019 08:15:37 AM - INFO -  --- Type: FREEZE --- 
14-01-2019 08:15:37 AM - INFO - epoch, val_loss, f2, average_precision, average_recall, hamming_score
14-01-2019 08:16:38 AM - INFO - 0, 0.4396, 0.744548, 0.430415, 0.374056, 0.514289
14-01-2019 08:21:51 AM - INFO - 5, 0.38165, 0.766943, 0.528041, 0.375648, 0.569863
14-01-2019 08:26:53 AM - INFO - 10, 0.369751, 0.7751, 0.558218, 0.381517, 0.580666
14-01-2019 08:31:53 AM - INFO - 15, 0.367552, 0.771491, 0.554663, 0.410726, 0.60037
14-01-2019 08:36:59 AM - INFO - 20, 0.358214, 0.780124, 0.558254, 0.400348, 0.597359
14-01-2019 08:42:04 AM - INFO - 25, 0.355358, 0.785789, 0.569469, 0.418465, 0.603064
14-01-2019 08:47:06 AM - INFO - 30, 0.354611, 0.784259, 0.566682, 0.42017, 0.603302
14-01-2019 08:52:15 AM - INFO - 35, 0.351021, 0.783151, 0.59716, 0.428437, 0.61458
14-01-2019 08:57:22 AM - INFO - 40, 0.350185, 0.789686, 0.572076, 0.424044, 0.609852
14-01-2019 09:02:26 AM - INFO - 45, 0.345838, 0.788357, 0.588818, 0.426241, 0.611939
14-01-2019 09:07:30 AM - INFO - 50, 0.344268, 0.79234, 0.589024, 0.434086, 0.618199
14-01-2019 09:12:53 AM - INFO - 55, 0.343788, 0.792411, 0.579303, 0.434296, 0.620206
14-01-2019 09:17:54 AM - INFO - 60, 0.343634, 0.793995, 0.577985, 0.434672, 0.62047
14-01-2019 09:23:00 AM - INFO - 65, 0.342077, 0.792822, 0.579781, 0.433066, 0.612203
14-01-2019 09:28:01 AM - INFO - 70, 0.342037, 0.792668, 0.588742, 0.440373, 0.62187
14-01-2019 09:33:01 AM - INFO - 75, 0.342278, 0.791831, 0.575795, 0.447915, 0.634575
14-01-2019 09:38:12 AM - INFO - 80, 0.339151, 0.79489, 0.582288, 0.447005, 0.621764
14-01-2019 09:43:32 AM - INFO - 85, 0.338492, 0.794141, 0.579666, 0.458061, 0.634971
14-01-2019 09:48:56 AM - INFO - 90, 0.33792, 0.79226, 0.57551, 0.447471, 0.63365
14-01-2019 09:54:11 AM - INFO - 95, 0.336811, 0.79794, 0.587613, 0.455062, 0.629319
14-01-2019 09:59:39 AM - INFO - 100, 0.336516, 0.79731, 0.579445, 0.446921, 0.636133
14-01-2019 10:05:08 AM - INFO - 105, 0.335711, 0.798861, 0.580668, 0.448428, 0.624564
14-01-2019 10:10:36 AM - INFO - 110, 0.33549, 0.797853, 0.59045, 0.444229, 0.626334
14-01-2019 10:16:11 AM - INFO - 115, 0.335047, 0.796255, 0.580519, 0.449607, 0.632224
14-01-2019 10:21:40 AM - INFO - 120, 0.335191, 0.797519, 0.575594, 0.447812, 0.627734
14-01-2019 10:27:06 AM - INFO - 125, 0.33542, 0.796012, 0.581146, 0.45413, 0.629319
14-01-2019 10:28:13 AM - INFO - *** Earlystopping! ***
14-01-2019 10:28:13 AM - INFO - [ Saved model: best_resnet18_imgsize64_batch128_freeze.h5 ] 
14-01-2019 10:28:13 AM - INFO - [ Results: [0.33486] 0.7985776122228943 0.5836356972517122 0.44957444103013355 0.6245641838351822 ]

14-01-2019 10:28:13 AM - INFO -  --- Type: UNFREEZE --- 
14-01-2019 10:28:13 AM - INFO - epoch, val_loss, f2, average_precision, average_recall, hamming_score
14-01-2019 10:29:24 AM - INFO - 0, 0.34607, 0.781523, 0.690644, 0.453043, 0.614791
14-01-2019 10:35:09 AM - INFO - 5, 0.260844, 0.834015, 0.790072, 0.56916, 0.706339
14-01-2019 10:40:54 AM - INFO - 10, 0.326834, 0.803625, 0.647438, 0.569712, 0.67261
14-01-2019 10:46:40 AM - INFO - 15, 0.36192, 0.794267, 0.609044, 0.603923, 0.640571
14-01-2019 10:52:25 AM - INFO - 20, 0.434046, 0.737434, 0.638164, 0.641777, 0.561463
14-01-2019 10:58:04 AM - INFO - 25, 0.330387, 0.796508, 0.678824, 0.660243, 0.651585
14-01-2019 11:03:48 AM - INFO - 30, 0.211608, 0.87111, 0.813952, 0.719339, 0.778156
14-01-2019 11:09:28 AM - INFO - 35, 0.771945, 0.65367, 0.601976, 0.44298, 0.447438
14-01-2019 11:15:10 AM - INFO - 40, 0.42962, 0.762393, 0.660511, 0.657487, 0.610671
14-01-2019 11:18:35 AM - INFO - *** Earlystopping! ***
14-01-2019 11:18:35 AM - INFO - [ Saved model: best_resnet18_imgsize64_batch128_unfreeze.h5 ]
14-01-2019 11:18:35 AM - INFO - [ Results: [0.21161] 0.8711101527626889 0.8139521567308752 0.7193388953754608 0.7781563655573164 ]

14-01-2019 11:18:35 AM - INFO -  --- Batch: 128 | Img size: 128 --- 
 
14-01-2019 11:18:35 AM - INFO -  --- Type: FREEZE --- 
14-01-2019 11:18:35 AM - INFO - epoch, val_loss, f2, average_precision, average_recall, hamming_score
14-01-2019 11:19:46 AM - INFO - 0, 0.339811, 0.780295, 0.683482, 0.542745, 0.627126
14-01-2019 11:25:50 AM - INFO - 5, 0.297601, 0.813119, 0.718931, 0.534878, 0.666904
14-01-2019 11:31:54 AM - INFO - 10, 0.285983, 0.824895, 0.704403, 0.560068, 0.683782
14-01-2019 11:38:02 AM - INFO - 15, 0.283966, 0.825341, 0.755661, 0.551445, 0.683941
14-01-2019 11:44:01 AM - INFO - 20, 0.276899, 0.82796, 0.776606, 0.570196, 0.690835
14-01-2019 11:50:11 AM - INFO - 25, 0.274396, 0.83207, 0.771944, 0.571512, 0.693133
14-01-2019 11:56:08 AM - INFO - 30, 0.273971, 0.832728, 0.771735, 0.573566, 0.695246
14-01-2019 12:02:14 PM - INFO - 35, 0.272472, 0.834499, 0.808708, 0.57816, 0.694268
14-01-2019 12:08:20 PM - INFO - 40, 0.267408, 0.837619, 0.81677, 0.582836, 0.697121
14-01-2019 12:14:25 PM - INFO - 45, 0.266072, 0.839645, 0.802482, 0.578039, 0.699815
14-01-2019 12:20:28 PM - INFO - 50, 0.264695, 0.837, 0.783978, 0.586949, 0.700502
14-01-2019 12:26:39 PM - INFO - 55, 0.264085, 0.838017, 0.790025, 0.582674, 0.700317
14-01-2019 12:32:49 PM - INFO - 60, 0.264243, 0.839659, 0.822819, 0.585215, 0.700449
14-01-2019 12:38:47 PM - INFO - 65, 0.26447, 0.837169, 0.78247, 0.5894, 0.701373
14-01-2019 12:44:35 PM - INFO - 70, 0.263309, 0.839145, 0.794782, 0.593582, 0.701109
14-01-2019 12:50:32 PM - INFO - 75, 0.26317, 0.837632, 0.815013, 0.588757, 0.701241
14-01-2019 12:56:34 PM - INFO - 80, 0.260625, 0.838297, 0.824392, 0.603211, 0.713022
14-01-2019 01:02:33 PM - INFO - 85, 0.260666, 0.843214, 0.817914, 0.599291, 0.708769
14-01-2019 01:08:35 PM - INFO - 90, 0.258748, 0.839276, 0.831482, 0.594424, 0.710011
14-01-2019 01:14:02 PM - INFO - 95, 0.259051, 0.840583, 0.838421, 0.599944, 0.709297
14-01-2019 01:19:03 PM - INFO - 100, 0.257303, 0.840822, 0.828454, 0.613775, 0.718172
14-01-2019 01:24:15 PM - INFO - 105, 0.258175, 0.840411, 0.837035, 0.600825, 0.711226
14-01-2019 01:29:22 PM - INFO - 110, 0.256904, 0.840626, 0.828323, 0.603936, 0.713973
14-01-2019 01:34:29 PM - INFO - 115, 0.257204, 0.841056, 0.831626, 0.602877, 0.713524
14-01-2019 01:39:31 PM - INFO - 120, 0.256174, 0.842563, 0.827011, 0.611778, 0.716984
14-01-2019 01:44:37 PM - INFO - 125, 0.257098, 0.841899, 0.828847, 0.600781, 0.710275
14-01-2019 01:49:35 PM - INFO - 130, 0.257154, 0.839107, 0.830859, 0.598327, 0.711675
14-01-2019 01:54:45 PM - INFO - 135, 0.256753, 0.841809, 0.828114, 0.604407, 0.712599
14-01-2019 01:59:47 PM - INFO - 140, 0.254368, 0.844411, 0.834257, 0.61138, 0.718621
14-01-2019 02:04:53 PM - INFO - 145, 0.255212, 0.840358, 0.813814, 0.62812, 0.721157
14-01-2019 02:09:56 PM - INFO - 150, 0.254633, 0.843999, 0.830171, 0.621382, 0.717644
14-01-2019 02:15:02 PM - INFO - 155, 0.254192, 0.840595, 0.835291, 0.607865, 0.713814
14-01-2019 02:20:02 PM - INFO - 160, 0.252881, 0.843829, 0.847398, 0.600622, 0.717248
14-01-2019 02:25:13 PM - INFO - 165, 0.252819, 0.843184, 0.831528, 0.608786, 0.714289
14-01-2019 02:30:19 PM - INFO - 170, 0.254344, 0.840301, 0.827392, 0.615373, 0.715742
14-01-2019 02:35:23 PM - INFO - 175, 0.252456, 0.839051, 0.830056, 0.611206, 0.717697
14-01-2019 02:40:25 PM - INFO - 180, 0.25096, 0.844814, 0.842354, 0.617787, 0.723244
14-01-2019 02:45:27 PM - INFO - 185, 0.2502, 0.841423, 0.842195, 0.626975, 0.730401
14-01-2019 02:50:30 PM - INFO - 190, 0.250666, 0.841024, 0.840629, 0.622479, 0.725779
14-01-2019 02:55:36 PM - INFO - 195, 0.251065, 0.841884, 0.830059, 0.607714, 0.715372
14-01-2019 03:00:34 PM - INFO - 200, 0.251537, 0.845539, 0.83625, 0.614846, 0.716904
14-01-2019 03:05:37 PM - INFO - 205, 0.24992, 0.843411, 0.840115, 0.620184, 0.723428
14-01-2019 03:10:38 PM - INFO - 210, 0.249501, 0.843161, 0.836072, 0.629839, 0.725594
14-01-2019 03:15:52 PM - INFO - 215, 0.249407, 0.843581, 0.839772, 0.621772, 0.725806
14-01-2019 03:21:04 PM - INFO - 220, 0.249115, 0.843661, 0.840473, 0.624173, 0.722715
14-01-2019 03:26:17 PM - INFO - 225, 0.249385, 0.844139, 0.843798, 0.61975, 0.726334
14-01-2019 03:27:17 PM - INFO - *** Earlystopping! ***
14-01-2019 03:27:17 PM - INFO - [ Saved model: best_resnet18_imgsize128_batch128_freeze.h5 ] 
14-01-2019 03:27:17 PM - INFO - [ Results: [0.24891] 0.8418923992320848 0.8342509035566935 0.6245000495074073 0.7265979926043317 ]

14-01-2019 03:27:17 PM - INFO -  --- Type: UNFREEZE --- 
14-01-2019 03:27:17 PM - INFO - epoch, val_loss, f2, average_precision, average_recall, hamming_score
14-01-2019 03:28:25 PM - INFO - 0, 0.245343, 0.828152, 0.833768, 0.650998, 0.731141
14-01-2019 03:34:10 PM - INFO - 5, 0.21998, 0.860897, 0.821323, 0.757145, 0.776096
14-01-2019 03:39:54 PM - INFO - 10, 0.211167, 0.865205, 0.843314, 0.761969, 0.787005
14-01-2019 03:45:42 PM - INFO - 15, 0.292001, 0.834038, 0.76923, 0.715757, 0.719017
14-01-2019 03:51:19 PM - INFO - 20, 0.389181, 0.811425, 0.648888, 0.749526, 0.668674
14-01-2019 03:56:56 PM - INFO - 25, 0.42003, 0.808936, 0.736643, 0.727391, 0.669387
14-01-2019 03:59:12 PM - INFO - *** Earlystopping! ***
14-01-2019 03:59:12 PM - INFO - [ Saved model: best_resnet18_imgsize128_batch128_unfreeze.h5 ]
14-01-2019 03:59:12 PM - INFO - [ Results: [0.20424] 0.869027521608004 0.8565639850530753 0.779818633806292 0.804701531959852 ]

14-01-2019 03:59:12 PM - INFO -  --- Batch: 128 | Img size: 256 --- 
 
14-01-2019 03:59:12 PM - INFO -  --- Type: FREEZE --- 
14-01-2019 03:59:12 PM - INFO - epoch, val_loss, f2, average_precision, average_recall, hamming_score
14-01-2019 04:00:41 PM - INFO - 0, 0.34781, 0.781812, 0.722058, 0.563642, 0.619678
14-01-2019 04:08:20 PM - INFO - 5, 0.273967, 0.821305, 0.820591, 0.600236, 0.688246
14-01-2019 04:16:09 PM - INFO - 10, 0.262406, 0.826905, 0.822841, 0.633493, 0.707845
14-01-2019 04:23:54 PM - INFO - 15, 0.259416, 0.82835, 0.834796, 0.62512, 0.710961
14-01-2019 04:31:52 PM - INFO - 20, 0.25292, 0.837279, 0.856872, 0.652685, 0.714316
14-01-2019 04:39:53 PM - INFO - 25, 0.249645, 0.83395, 0.857849, 0.6593, 0.71495
14-01-2019 04:47:55 PM - INFO - 30, 0.24932, 0.83352, 0.8546, 0.652422, 0.717987
14-01-2019 04:55:46 PM - INFO - 35, 0.248156, 0.836613, 0.855545, 0.647565, 0.718067
14-01-2019 05:03:41 PM - INFO - 40, 0.244131, 0.837974, 0.87009, 0.662833, 0.726255
14-01-2019 05:11:37 PM - INFO - 45, 0.240787, 0.838979, 0.862059, 0.675213, 0.730507
14-01-2019 05:19:36 PM - INFO - 50, 0.240413, 0.841822, 0.870919, 0.670108, 0.730851
14-01-2019 05:27:23 PM - INFO - 55, 0.239564, 0.84034, 0.859477, 0.675253, 0.72953
14-01-2019 05:35:17 PM - INFO - 60, 0.239911, 0.842309, 0.868421, 0.675595, 0.736344
14-01-2019 05:43:12 PM - INFO - 65, 0.238861, 0.839459, 0.86497, 0.6707, 0.733281
14-01-2019 05:51:06 PM - INFO - 70, 0.237551, 0.841241, 0.861094, 0.681704, 0.735975
14-01-2019 05:58:58 PM - INFO - 75, 0.236442, 0.841533, 0.881201, 0.664916, 0.737797
14-01-2019 06:06:50 PM - INFO - 80, 0.235067, 0.843176, 0.864849, 0.671221, 0.739118
14-01-2019 06:14:39 PM - INFO - 85, 0.233319, 0.843798, 0.866792, 0.677796, 0.743714
14-01-2019 06:22:14 PM - INFO - 90, 0.232507, 0.845467, 0.858283, 0.680993, 0.746091
14-01-2019 06:29:52 PM - INFO - 95, 0.231245, 0.844836, 0.864286, 0.677478, 0.743185
14-01-2019 06:37:33 PM - INFO - 100, 0.230241, 0.844765, 0.855196, 0.678572, 0.744057
14-01-2019 06:45:31 PM - INFO - 105, 0.230555, 0.844735, 0.864313, 0.678178, 0.742208
14-01-2019 06:53:34 PM - INFO - 110, 0.230308, 0.84634, 0.862757, 0.678117, 0.745721
14-01-2019 07:01:37 PM - INFO - 115, 0.23014, 0.845766, 0.864224, 0.678949, 0.747147
14-01-2019 07:09:41 PM - INFO - 120, 0.229793, 0.845925, 0.864731, 0.683136, 0.748996
14-01-2019 07:17:46 PM - INFO - 125, 0.230491, 0.847535, 0.866356, 0.688224, 0.747808
14-01-2019 07:25:51 PM - INFO - 130, 0.230646, 0.844619, 0.876914, 0.678046, 0.738722
14-01-2019 07:30:45 PM - INFO - *** Earlystopping! ***
14-01-2019 07:30:45 PM - INFO - [ Saved model: best_resnet18_imgsize256_batch128_freeze.h5 ] 
14-01-2019 07:30:45 PM - INFO - [ Results: [0.22979] 0.8459247798596777 0.8647305323877799 0.6831363222519743 0.7489963021658743 ]

14-01-2019 07:30:45 PM - INFO -  --- Type: UNFREEZE --- 
14-01-2019 07:30:45 PM - INFO - epoch, val_loss, f2, average_precision, average_recall, hamming_score
14-01-2019 07:32:47 PM - INFO - 0, 0.198484, 0.870913, 0.855578, 0.748019, 0.795827
14-01-2019 07:42:52 PM - INFO - 5, 0.177518, 0.891428, 0.867388, 0.815583, 0.836556
14-01-2019 07:52:56 PM - INFO - 10, 0.187401, 0.888554, 0.855824, 0.808455, 0.829451
14-01-2019 08:03:01 PM - INFO - 15, 0.265926, 0.860127, 0.757767, 0.795407, 0.771078
14-01-2019 08:13:03 PM - INFO - 20, 0.208323, 0.883178, 0.839849, 0.827312, 0.815531
14-01-2019 08:23:02 PM - INFO - 25, 0.203702, 0.887827, 0.858269, 0.808837, 0.830137
14-01-2019 08:25:02 PM - INFO - *** Earlystopping! ***
14-01-2019 08:25:02 PM - INFO - [ Saved model: best_resnet18_imgsize256_batch128_unfreeze.h5 ]
14-01-2019 08:25:02 PM - INFO - [ Results: [0.17445] 0.8941004929987477 0.8658904860496911 0.8281448707036517 0.8408610670892762 ]

14-01-2019 08:25:02 PM - INFO -  --- Batch: 128 | Img size: 512 --- 
 
14-01-2019 08:25:02 PM - INFO -  --- Type: FREEZE --- 
14-01-2019 08:25:02 PM - INFO - epoch, val_loss, f2, average_precision, average_recall, hamming_score
14-01-2019 08:28:51 PM - INFO - 0, 0.367802, 0.782116, 0.764553, 0.61011, 0.63888
14-01-2019 08:47:08 PM - INFO - 5, 0.262722, 0.8346, 0.83605, 0.658128, 0.700687
14-01-2019 09:05:00 PM - INFO - 10, 0.246984, 0.843936, 0.84853, 0.664395, 0.7187
14-01-2019 09:22:45 PM - INFO - 15, 0.243103, 0.84573, 0.849668, 0.66239, 0.720021
14-01-2019 09:39:45 PM - INFO - 20, 0.236479, 0.843628, 0.855052, 0.696059, 0.731749
14-01-2019 09:56:24 PM - INFO - 25, 0.233188, 0.848556, 0.856113, 0.692235, 0.735605
14-01-2019 10:13:02 PM - INFO - 30, 0.231563, 0.848678, 0.852709, 0.696197, 0.738114
14-01-2019 10:28:40 PM - INFO - 35, 0.229285, 0.850586, 0.857416, 0.69764, 0.75066
14-01-2019 10:44:32 PM - INFO - 40, 0.226121, 0.852114, 0.86086, 0.709428, 0.747808
14-01-2019 11:00:37 PM - INFO - 45, 0.222815, 0.855063, 0.844255, 0.732529, 0.752958
14-01-2019 11:16:31 PM - INFO - 50, 0.220543, 0.860631, 0.882217, 0.72951, 0.752985
14-01-2019 11:32:48 PM - INFO - 55, 0.220115, 0.857344, 0.878471, 0.734054, 0.755864
14-01-2019 11:49:08 PM - INFO - 60, 0.219821, 0.856196, 0.88202, 0.728732, 0.752615
15-01-2019 12:05:25 AM - INFO - 65, 0.219385, 0.85808, 0.860197, 0.719748, 0.754173
15-01-2019 12:21:55 AM - INFO - 70, 0.215944, 0.858467, 0.905928, 0.727815, 0.759667
15-01-2019 12:38:07 AM - INFO - 75, 0.215257, 0.859994, 0.884278, 0.736734, 0.758848
15-01-2019 12:54:27 AM - INFO - 80, 0.214698, 0.859309, 0.86595, 0.752467, 0.761727
15-01-2019 01:10:52 AM - INFO - 85, 0.213273, 0.863802, 0.877016, 0.746079, 0.763603
15-01-2019 01:27:05 AM - INFO - 90, 0.21251, 0.865783, 0.897351, 0.730177, 0.765689
15-01-2019 01:43:21 AM - INFO - 95, 0.209832, 0.866084, 0.889187, 0.758137, 0.771976
15-01-2019 01:59:39 AM - INFO - 100, 0.21188, 0.868704, 0.887157, 0.751434, 0.769678
15-01-2019 02:15:58 AM - INFO - 105, 0.209597, 0.867631, 0.884716, 0.74467, 0.764791
15-01-2019 02:32:21 AM - INFO - 110, 0.209763, 0.866552, 0.88258, 0.743906, 0.768516
15-01-2019 02:48:30 AM - INFO - 115, 0.208955, 0.868483, 0.885112, 0.738262, 0.764686
15-01-2019 03:04:57 AM - INFO - 120, 0.208719, 0.867365, 0.889923, 0.744455, 0.766138
15-01-2019 03:21:16 AM - INFO - 125, 0.208742, 0.867403, 0.882414, 0.740022, 0.762837
15-01-2019 03:37:30 AM - INFO - 130, 0.208905, 0.869048, 0.887546, 0.747956, 0.771368
15-01-2019 03:53:56 AM - INFO - 135, 0.209028, 0.867238, 0.893499, 0.750481, 0.768331
15-01-2019 04:10:15 AM - INFO - 140, 0.207612, 0.87033, 0.883408, 0.750221, 0.768516
15-01-2019 04:26:39 AM - INFO - 145, 0.205919, 0.868536, 0.883306, 0.772429, 0.778262
15-01-2019 04:42:48 AM - INFO - 150, 0.205838, 0.866487, 0.878483, 0.755235, 0.768753
15-01-2019 04:58:52 AM - INFO - 155, 0.204364, 0.871141, 0.879329, 0.768415, 0.775779
15-01-2019 05:15:04 AM - INFO - 160, 0.206636, 0.870494, 0.886199, 0.74026, 0.766931
15-01-2019 05:31:26 AM - INFO - 165, 0.201322, 0.873012, 0.88309, 0.784902, 0.785394
15-01-2019 05:47:31 AM - INFO - 170, 0.201441, 0.875032, 0.89505, 0.769451, 0.780692
15-01-2019 06:03:41 AM - INFO - 175, 0.201997, 0.873708, 0.884023, 0.743361, 0.775594
15-01-2019 06:19:56 AM - INFO - 180, 0.201684, 0.870719, 0.888093, 0.751255, 0.778553
15-01-2019 06:36:17 AM - INFO - 185, 0.200851, 0.876738, 0.888235, 0.779726, 0.782567
15-01-2019 06:52:23 AM - INFO - 190, 0.199576, 0.873427, 0.875676, 0.785339, 0.782594
15-01-2019 07:08:44 AM - INFO - 195, 0.200091, 0.878364, 0.876307, 0.780309, 0.781511
15-01-2019 07:25:08 AM - INFO - 200, 0.199428, 0.876424, 0.896977, 0.771109, 0.78402
15-01-2019 07:41:19 AM - INFO - 205, 0.198686, 0.877295, 0.874757, 0.783352, 0.781273
15-01-2019 07:57:26 AM - INFO - 210, 0.198627, 0.876841, 0.879014, 0.787404, 0.782964
15-01-2019 08:10:19 AM - INFO - *** Earlystopping! ***
15-01-2019 08:10:19 AM - INFO - [ Saved model: best_resnet18_imgsize512_batch128_freeze.h5 ] 
15-01-2019 08:10:19 AM - INFO - [ Results: [0.1984] 0.8770167149846072 0.8832644776262785 0.7884574632108392 0.7855256207078711 ]

15-01-2019 08:10:19 AM - INFO -  --- Type: UNFREEZE --- 
15-01-2019 08:10:19 AM - INFO - epoch, val_loss, f2, average_precision, average_recall, hamming_score
15-01-2019 08:10:25 AM - ERROR - ERROR: A: resnet18 | IS: 512 | BS: 128
15-01-2019 08:10:25 AM - ERROR - Traceback (most recent call last):
  File "run_grid_search.py", line 109, in grid_search
    learn.fit(lr, 12, cycle_len=1, cycle_mult=2, best_save_name=f'{best_model_name}_unfreeze', earlystopping=earlystoping, logger_name=experiment_name, log_step=log_step)
  File "/home/reflex/refleX/lib/fastai/fastai/learner.py", line 308, in fit
    return self.fit_gen(self.model, self.data, layer_opt, n_cycle, **kwargs)
  File "/home/reflex/refleX/lib/fastai/fastai/learner.py", line 255, in fit_gen
    swa_eval_freq=swa_eval_freq, **kwargs)
  File "/home/reflex/refleX/lib/fastai/fastai/model.py", line 141, in fit
    loss = model_stepper.step(V(x),V(y), epoch)
  File "/home/reflex/refleX/lib/fastai/fastai/model.py", line 50, in step
    output = self.m(*xs)
  File "/home/reflex/miniconda3/envs/fastai/lib/python3.6/site-packages/torch/nn/modules/module.py", line 357, in __call__
    result = self.forward(*input, **kwargs)
  File "/home/reflex/miniconda3/envs/fastai/lib/python3.6/site-packages/torch/nn/modules/container.py", line 67, in forward
    input = module(input)
  File "/home/reflex/miniconda3/envs/fastai/lib/python3.6/site-packages/torch/nn/modules/module.py", line 357, in __call__
    result = self.forward(*input, **kwargs)
  File "/home/reflex/miniconda3/envs/fastai/lib/python3.6/site-packages/torch/nn/modules/container.py", line 67, in forward
    input = module(input)
  File "/home/reflex/miniconda3/envs/fastai/lib/python3.6/site-packages/torch/nn/modules/module.py", line 357, in __call__
    result = self.forward(*input, **kwargs)
  File "/home/reflex/miniconda3/envs/fastai/lib/python3.6/site-packages/torchvision/models/resnet.py", line 45, in forward
    out = self.conv2(out)
  File "/home/reflex/miniconda3/envs/fastai/lib/python3.6/site-packages/torch/nn/modules/module.py", line 357, in __call__
    result = self.forward(*input, **kwargs)
  File "/home/reflex/miniconda3/envs/fastai/lib/python3.6/site-packages/torch/nn/modules/conv.py", line 282, in forward
    self.padding, self.dilation, self.groups)
  File "/home/reflex/miniconda3/envs/fastai/lib/python3.6/site-packages/torch/nn/functional.py", line 90, in conv2d
    return f(input, weight, bias)
RuntimeError: cuda runtime error (2) : out of memory at /opt/conda/conda-bld/pytorch_1518244421288/work/torch/lib/THC/generic/THCStorage.cu:58

15-01-2019 08:10:25 AM - INFO -  --- INCREMENTING BATCH SIZE --- 

15-01-2019 08:10:25 AM - INFO -  --- Batch: 256 | Img size: 64 --- 
 
15-01-2019 08:10:25 AM - INFO -  --- Type: FREEZE --- 
15-01-2019 08:10:25 AM - INFO - epoch, val_loss, f2, average_precision, average_recall, hamming_score
15-01-2019 08:11:17 AM - INFO - 0, 0.40607, 0.768107, 0.558803, 0.447375, 0.577258
15-01-2019 08:13:49 AM - INFO - 5, 0.324641, 0.802255, 0.713137, 0.502723, 0.649551
15-01-2019 08:16:20 AM - INFO - 10, 0.314381, 0.810562, 0.694639, 0.515523, 0.656683
15-01-2019 08:18:51 AM - INFO - 15, 0.311017, 0.812349, 0.702202, 0.52479, 0.662361
15-01-2019 08:21:22 AM - INFO - 20, 0.303392, 0.81967, 0.704765, 0.524306, 0.671764
15-01-2019 08:23:59 AM - INFO - 25, 0.300413, 0.820377, 0.712499, 0.541702, 0.680296
15-01-2019 08:26:30 AM - INFO - 30, 0.300046, 0.820897, 0.710733, 0.536602, 0.675964
15-01-2019 08:28:56 AM - INFO - 35, 0.294645, 0.825339, 0.715375, 0.542015, 0.68336
15-01-2019 08:31:25 AM - INFO - 40, 0.29176, 0.826319, 0.720621, 0.548359, 0.691706
15-01-2019 08:34:00 AM - INFO - 45, 0.289036, 0.827055, 0.710202, 0.550168, 0.690676
15-01-2019 08:36:32 AM - INFO - 50, 0.288986, 0.827225, 0.712719, 0.551561, 0.688008
15-01-2019 08:39:01 AM - INFO - 55, 0.288055, 0.828084, 0.767337, 0.555326, 0.68888
15-01-2019 08:41:33 AM - INFO - 60, 0.287778, 0.829309, 0.770963, 0.558837, 0.694031
15-01-2019 08:44:06 AM - INFO - 65, 0.286669, 0.828444, 0.719465, 0.547124, 0.692657
15-01-2019 08:46:47 AM - INFO - 70, 0.284425, 0.830893, 0.717341, 0.551641, 0.693951
15-01-2019 08:49:19 AM - INFO - 75, 0.282395, 0.833162, 0.837098, 0.574046, 0.701955
15-01-2019 08:51:51 AM - INFO - 80, 0.281591, 0.833852, 0.831347, 0.568981, 0.699023
15-01-2019 08:54:23 AM - INFO - 85, 0.28079, 0.832741, 0.833468, 0.570457, 0.704147
15-01-2019 08:56:56 AM - INFO - 90, 0.279291, 0.83355, 0.833833, 0.568379, 0.704094
15-01-2019 08:59:27 AM - INFO - 95, 0.279347, 0.833725, 0.773226, 0.55268, 0.698098
15-01-2019 09:01:58 AM - INFO - 100, 0.278427, 0.833568, 0.833672, 0.571509, 0.707924
15-01-2019 09:04:31 AM - INFO - 105, 0.277855, 0.833305, 0.774614, 0.555883, 0.702404
15-01-2019 09:07:03 AM - INFO - 110, 0.277905, 0.833645, 0.833751, 0.568085, 0.707369
15-01-2019 09:09:35 AM - INFO - 115, 0.277408, 0.834763, 0.832611, 0.569851, 0.706498
15-01-2019 09:12:06 AM - INFO - 120, 0.277586, 0.834675, 0.8333, 0.570568, 0.707871
15-01-2019 09:14:40 AM - INFO - 125, 0.277049, 0.834021, 0.834426, 0.568736, 0.710011
15-01-2019 09:17:05 AM - INFO - 130, 0.276568, 0.834025, 0.835616, 0.568328, 0.704913
15-01-2019 09:19:22 AM - INFO - 135, 0.276587, 0.835033, 0.830406, 0.566077, 0.70206
15-01-2019 09:21:39 AM - INFO - 140, 0.276134, 0.833938, 0.829176, 0.577018, 0.706392
15-01-2019 09:23:59 AM - INFO - 145, 0.276688, 0.832063, 0.77818, 0.559483, 0.702219
15-01-2019 09:26:16 AM - INFO - 150, 0.274381, 0.835706, 0.829207, 0.57587, 0.707105
15-01-2019 09:28:38 AM - INFO - 155, 0.274463, 0.834878, 0.843903, 0.569742, 0.710935
15-01-2019 09:31:00 AM - INFO - 160, 0.273702, 0.835842, 0.833016, 0.572466, 0.707422
15-01-2019 09:33:18 AM - INFO - 165, 0.273143, 0.837392, 0.83471, 0.574468, 0.709958
15-01-2019 09:35:35 AM - INFO - 170, 0.271994, 0.837854, 0.835603, 0.577281, 0.708241
15-01-2019 09:37:53 AM - INFO - 175, 0.271242, 0.836057, 0.840383, 0.57407, 0.706947
15-01-2019 09:40:09 AM - INFO - 180, 0.271066, 0.834828, 0.838741, 0.573554, 0.713233
15-01-2019 09:42:33 AM - INFO - 185, 0.270662, 0.837922, 0.832821, 0.576685, 0.713022
15-01-2019 09:44:51 AM - INFO - 190, 0.27102, 0.835981, 0.836039, 0.577279, 0.711067
15-01-2019 09:47:09 AM - INFO - 195, 0.269938, 0.836679, 0.835374, 0.580665, 0.713391
15-01-2019 09:49:29 AM - INFO - 200, 0.269734, 0.836464, 0.830216, 0.57921, 0.713048
15-01-2019 09:51:48 AM - INFO - 205, 0.269548, 0.836743, 0.845347, 0.579649, 0.716429
15-01-2019 09:54:09 AM - INFO - 210, 0.269202, 0.83772, 0.846322, 0.575632, 0.714342
15-01-2019 09:56:26 AM - INFO - 215, 0.269642, 0.835623, 0.83435, 0.577362, 0.709588
15-01-2019 09:58:43 AM - INFO - 220, 0.268928, 0.83758, 0.843562, 0.573533, 0.709958
15-01-2019 10:01:01 AM - INFO - 225, 0.269337, 0.836748, 0.843311, 0.576003, 0.711675
15-01-2019 10:03:20 AM - INFO - 230, 0.269138, 0.837079, 0.837938, 0.576609, 0.712467
15-01-2019 10:05:38 AM - INFO - 235, 0.269349, 0.836686, 0.832149, 0.576703, 0.711701
15-01-2019 10:07:58 AM - INFO - 240, 0.268977, 0.837513, 0.831323, 0.576247, 0.711278
15-01-2019 10:09:47 AM - INFO - *** Earlystopping! ***
15-01-2019 10:09:47 AM - INFO - [ Saved model: best_resnet18_imgsize64_batch256_freeze.h5 ] 
15-01-2019 10:09:47 AM - INFO - [ Results: [0.26854] 0.8374922192112911 0.8326927470097878 0.5772528385712582 0.7139197041732699 ]

15-01-2019 10:09:47 AM - INFO -  --- Type: UNFREEZE --- 
15-01-2019 10:09:47 AM - INFO - epoch, val_loss, f2, average_precision, average_recall, hamming_score
15-01-2019 10:10:25 AM - INFO - 0, 0.261143, 0.831998, 0.819851, 0.654876, 0.724142
15-01-2019 10:13:51 AM - INFO - 5, 0.277408, 0.821666, 0.76931, 0.699414, 0.71738
15-01-2019 10:17:14 AM - INFO - 10, 0.358442, 0.797563, 0.770387, 0.686084, 0.680734
15-01-2019 10:20:38 AM - INFO - 15, 0.386646, 0.789921, 0.716471, 0.677996, 0.673085
15-01-2019 10:24:05 AM - INFO - 20, 0.235603, 0.866749, 0.807086, 0.77411, 0.779847
15-01-2019 10:27:22 AM - INFO - 25, 0.232671, 0.870125, 0.83542, 0.777548, 0.808426
15-01-2019 10:28:45 AM - INFO - *** Earlystopping! ***
15-01-2019 10:28:45 AM - INFO - [ Saved model: best_resnet18_imgsize64_batch256_unfreeze.h5 ]
15-01-2019 10:28:45 AM - INFO - [ Results: [0.20953] 0.8764627289808301 0.8386743539705038 0.7750788416495742 0.8078975171685155 ]

15-01-2019 10:28:45 AM - INFO -  --- Batch: 256 | Img size: 128 --- 
 
15-01-2019 10:28:45 AM - INFO -  --- Type: FREEZE --- 
15-01-2019 10:28:45 AM - INFO - epoch, val_loss, f2, average_precision, average_recall, hamming_score
15-01-2019 10:29:16 AM - INFO - 0, 0.44336, 0.721241, 0.6683, 0.484604, 0.566297
15-01-2019 10:32:09 AM - INFO - 5, 0.304969, 0.798906, 0.78859, 0.536933, 0.656022
15-01-2019 10:34:58 AM - INFO - 10, 0.286308, 0.811367, 0.83897, 0.584519, 0.688695
15-01-2019 10:37:44 AM - INFO - 15, 0.28129, 0.81455, 0.850821, 0.590232, 0.699736
15-01-2019 10:40:43 AM - INFO - 20, 0.272002, 0.82087, 0.862336, 0.59187, 0.701426
15-01-2019 10:43:30 AM - INFO - 25, 0.268817, 0.822531, 0.871813, 0.601701, 0.711437
15-01-2019 10:46:15 AM - INFO - 30, 0.268244, 0.823909, 0.867673, 0.601634, 0.712546
15-01-2019 10:49:11 AM - INFO - 35, 0.263591, 0.825324, 0.872453, 0.624508, 0.722504
15-01-2019 10:51:56 AM - INFO - 40, 0.259902, 0.82977, 0.849784, 0.626427, 0.722583
15-01-2019 10:54:42 AM - INFO - 45, 0.257837, 0.83132, 0.86168, 0.625805, 0.719968
15-01-2019 10:57:34 AM - INFO - 50, 0.256975, 0.830635, 0.849854, 0.625612, 0.720893
15-01-2019 11:00:22 AM - INFO - 55, 0.256361, 0.833408, 0.850652, 0.629472, 0.723138
15-01-2019 11:03:06 AM - INFO - 60, 0.256203, 0.833725, 0.854376, 0.630463, 0.725304
15-01-2019 11:05:56 AM - INFO - 65, 0.254869, 0.834758, 0.845026, 0.627405, 0.717512
15-01-2019 11:08:44 AM - INFO - 70, 0.253917, 0.836016, 0.838551, 0.630752, 0.723059
15-01-2019 11:11:27 AM - INFO - 75, 0.252798, 0.835534, 0.844435, 0.640078, 0.725726
15-01-2019 11:14:17 AM - INFO - 80, 0.251651, 0.83657, 0.844738, 0.639129, 0.725726
15-01-2019 11:17:04 AM - INFO - 85, 0.2511, 0.841029, 0.843695, 0.638927, 0.729926
15-01-2019 11:19:47 AM - INFO - 90, 0.24919, 0.841147, 0.844393, 0.640135, 0.729952
15-01-2019 11:22:35 AM - INFO - 95, 0.248238, 0.840198, 0.877904, 0.645752, 0.731088
15-01-2019 11:25:28 AM - INFO - 100, 0.248066, 0.840447, 0.837846, 0.640418, 0.728632
15-01-2019 11:28:09 AM - INFO - 105, 0.248251, 0.84386, 0.84295, 0.639445, 0.728236
15-01-2019 11:30:53 AM - INFO - 110, 0.247928, 0.843663, 0.850833, 0.645631, 0.73299
15-01-2019 11:33:45 AM - INFO - 115, 0.247778, 0.841332, 0.84095, 0.643826, 0.72842
15-01-2019 11:36:29 AM - INFO - 120, 0.247819, 0.844115, 0.842556, 0.64095, 0.730745
15-01-2019 11:39:14 AM - INFO - 125, 0.247896, 0.841803, 0.849436, 0.645194, 0.729556
15-01-2019 11:42:09 AM - INFO - 130, 0.247355, 0.842316, 0.840526, 0.638135, 0.732726
15-01-2019 11:44:52 AM - INFO - 135, 0.246822, 0.84326, 0.834952, 0.654124, 0.725647
15-01-2019 11:47:33 AM - INFO - 140, 0.246311, 0.845252, 0.845784, 0.658277, 0.730217
15-01-2019 11:49:49 AM - INFO - 145, 0.247107, 0.843497, 0.879646, 0.659289, 0.732356
15-01-2019 11:51:56 AM - INFO - 150, 0.24404, 0.844083, 0.850331, 0.666587, 0.738141
15-01-2019 11:54:04 AM - INFO - 155, 0.24405, 0.844701, 0.847363, 0.668207, 0.739646
15-01-2019 11:56:13 AM - INFO - 160, 0.244176, 0.846419, 0.838945, 0.668239, 0.733228
15-01-2019 11:58:23 AM - INFO - 165, 0.243389, 0.84735, 0.855255, 0.664108, 0.736899
15-01-2019 12:00:31 PM - INFO - 170, 0.242776, 0.845989, 0.842626, 0.682707, 0.738193
15-01-2019 12:02:40 PM - INFO - 175, 0.242179, 0.847037, 0.844763, 0.665653, 0.736344
15-01-2019 12:04:49 PM - INFO - 180, 0.242271, 0.848107, 0.852373, 0.681357, 0.743106
15-01-2019 12:06:59 PM - INFO - 185, 0.242094, 0.848986, 0.837568, 0.675359, 0.73954
15-01-2019 12:09:09 PM - INFO - 190, 0.240978, 0.847057, 0.86846, 0.67909, 0.741363
15-01-2019 12:11:18 PM - INFO - 195, 0.241464, 0.848896, 0.852338, 0.667818, 0.740095
15-01-2019 12:13:01 PM - INFO - *** Earlystopping! ***
15-01-2019 12:13:01 PM - INFO - [ Saved model: best_resnet18_imgsize128_batch256_freeze.h5 ] 
15-01-2019 12:13:01 PM - INFO - [ Results: [0.24088] 0.8471373508114215 0.8510660794931919 0.6728192039359312 0.7370047543581617 ]

15-01-2019 12:13:01 PM - INFO -  --- Type: UNFREEZE --- 
15-01-2019 12:13:01 PM - INFO - epoch, val_loss, f2, average_precision, average_recall, hamming_score
15-01-2019 12:13:38 PM - INFO - 0, 0.221823, 0.862826, 0.82992, 0.713954, 0.765267
15-01-2019 12:16:42 PM - INFO - 5, 0.226742, 0.862885, 0.822801, 0.763717, 0.786952
15-01-2019 12:19:47 PM - INFO - 10, 0.281828, 0.842641, 0.778048, 0.774143, 0.76281
15-01-2019 12:22:53 PM - INFO - *** Earlystopping! ***
15-01-2019 12:22:53 PM - INFO - [ Saved model: best_resnet18_imgsize128_batch256_unfreeze.h5 ]
15-01-2019 12:22:53 PM - INFO - [ Results: [0.20034] 0.8801598942497627 0.8519894554581743 0.7829407966416686 0.8041996830427892 ]

15-01-2019 12:22:53 PM - INFO -  --- Batch: 256 | Img size: 256 --- 
 
15-01-2019 12:22:53 PM - INFO -  --- Type: FREEZE --- 
15-01-2019 12:22:53 PM - INFO - epoch, val_loss, f2, average_precision, average_recall, hamming_score
15-01-2019 12:23:39 PM - INFO - 0, 0.388281, 0.751055, 0.812513, 0.564147, 0.622715
15-01-2019 12:27:21 PM - INFO - 5, 0.265383, 0.82695, 0.851054, 0.640535, 0.704253
15-01-2019 12:31:05 PM - INFO - 10, 0.253231, 0.837021, 0.85862, 0.661398, 0.724326
15-01-2019 12:34:44 PM - INFO - 15, 0.250443, 0.838081, 0.8588, 0.666341, 0.730507
15-01-2019 12:38:29 PM - INFO - 20, 0.244569, 0.836377, 0.854547, 0.680326, 0.735288
15-01-2019 12:42:13 PM - INFO - 25, 0.242611, 0.837556, 0.839697, 0.67722, 0.736239
15-01-2019 12:45:57 PM - INFO - 30, 0.242261, 0.838304, 0.842129, 0.682569, 0.739012
15-01-2019 12:49:43 PM - INFO - 35, 0.238201, 0.837574, 0.860363, 0.685367, 0.744691
15-01-2019 12:53:30 PM - INFO - 40, 0.235547, 0.841113, 0.841264, 0.690952, 0.74588
15-01-2019 12:57:14 PM - INFO - 45, 0.233798, 0.842216, 0.862283, 0.698, 0.75103
15-01-2019 01:00:59 PM - INFO - 50, 0.233201, 0.841828, 0.863888, 0.697805, 0.750634
15-01-2019 01:04:42 PM - INFO - 55, 0.232909, 0.840913, 0.867607, 0.692032, 0.749445
15-01-2019 01:08:26 PM - INFO - 60, 0.232319, 0.841421, 0.867379, 0.692552, 0.748653
15-01-2019 01:12:11 PM - INFO - 65, 0.231641, 0.842771, 0.857651, 0.692456, 0.749445
15-01-2019 01:15:55 PM - INFO - 70, 0.229462, 0.844202, 0.84724, 0.698307, 0.755335
15-01-2019 01:19:38 PM - INFO - 75, 0.228504, 0.84585, 0.86604, 0.694683, 0.759086
15-01-2019 01:23:21 PM - INFO - 80, 0.226619, 0.845782, 0.857803, 0.698566, 0.759984
15-01-2019 01:27:07 PM - INFO - 85, 0.226198, 0.848942, 0.862911, 0.694056, 0.756181
15-01-2019 01:30:51 PM - INFO - 90, 0.225325, 0.84722, 0.858548, 0.699086, 0.760829
15-01-2019 01:34:33 PM - INFO - 95, 0.225147, 0.849221, 0.85802, 0.701876, 0.761622
15-01-2019 01:38:13 PM - INFO - 100, 0.22496, 0.849453, 0.859874, 0.699298, 0.76149
15-01-2019 01:41:56 PM - INFO - 105, 0.224241, 0.849397, 0.861448, 0.702622, 0.76215
15-01-2019 01:45:37 PM - INFO - 110, 0.223948, 0.849842, 0.860214, 0.703829, 0.764712
15-01-2019 01:49:17 PM - INFO - 115, 0.223641, 0.851909, 0.859603, 0.708031, 0.760961
15-01-2019 01:52:59 PM - INFO - 120, 0.223607, 0.850999, 0.859012, 0.70402, 0.762942
15-01-2019 01:56:42 PM - INFO - 125, 0.2237, 0.849887, 0.85886, 0.70472, 0.764395
15-01-2019 02:00:20 PM - INFO - 130, 0.223632, 0.848065, 0.872706, 0.710945, 0.767301
15-01-2019 02:03:56 PM - INFO - 135, 0.223409, 0.8524, 0.864253, 0.704358, 0.768331
15-01-2019 02:07:31 PM - INFO - 140, 0.222088, 0.853128, 0.867485, 0.712854, 0.766138
15-01-2019 02:11:07 PM - INFO - 145, 0.221274, 0.853347, 0.859592, 0.7098, 0.763497
15-01-2019 02:14:42 PM - INFO - 150, 0.221934, 0.853258, 0.865893, 0.71136, 0.76532
15-01-2019 02:18:20 PM - INFO - 155, 0.220037, 0.854831, 0.856428, 0.711732, 0.770153
15-01-2019 02:21:56 PM - INFO - 160, 0.219845, 0.853557, 0.860566, 0.714666, 0.771051
15-01-2019 02:25:32 PM - INFO - 165, 0.219492, 0.85696, 0.864121, 0.709811, 0.766059
15-01-2019 02:29:09 PM - INFO - 170, 0.218241, 0.858877, 0.860391, 0.71111, 0.768753
15-01-2019 02:32:45 PM - INFO - 175, 0.218966, 0.857929, 0.870147, 0.719592, 0.773032
15-01-2019 02:36:20 PM - INFO - 180, 0.218618, 0.85621, 0.863891, 0.719532, 0.774881
15-01-2019 02:39:57 PM - INFO - 185, 0.218086, 0.855899, 0.86449, 0.71761, 0.775964
15-01-2019 02:43:34 PM - INFO - 190, 0.218227, 0.857509, 0.861704, 0.714138, 0.770602
15-01-2019 02:47:11 PM - INFO - 195, 0.217869, 0.859465, 0.869815, 0.719495, 0.772266
15-01-2019 02:50:47 PM - INFO - 200, 0.218015, 0.857909, 0.864114, 0.714551, 0.769176
15-01-2019 02:54:22 PM - INFO - 205, 0.218056, 0.857406, 0.865932, 0.720503, 0.771342
15-01-2019 02:57:55 PM - INFO - 210, 0.217245, 0.858654, 0.869178, 0.727864, 0.78019
15-01-2019 03:01:32 PM - INFO - 215, 0.217094, 0.857131, 0.866135, 0.723148, 0.778077
15-01-2019 03:05:11 PM - INFO - 220, 0.217411, 0.857719, 0.862602, 0.716165, 0.771606
15-01-2019 03:08:50 PM - INFO - 225, 0.217284, 0.856827, 0.866003, 0.718418, 0.775489
15-01-2019 03:12:27 PM - INFO - 230, 0.217366, 0.857899, 0.863065, 0.717007, 0.772583
15-01-2019 03:16:01 PM - INFO - 235, 0.217307, 0.858526, 0.869871, 0.716165, 0.776677
15-01-2019 03:18:54 PM - INFO - *** Earlystopping! ***
15-01-2019 03:18:54 PM - INFO - [ Saved model: best_resnet18_imgsize256_batch256_freeze.h5 ] 
15-01-2019 03:18:54 PM - INFO - [ Results: [0.21694] 0.8584969860069994 0.8656439101648306 0.7249035289067802 0.7764131008980454 ]

15-01-2019 03:18:54 PM - INFO -  --- Type: UNFREEZE --- 
15-01-2019 03:18:54 PM - INFO - epoch, val_loss, f2, average_precision, average_recall, hamming_score
15-01-2019 03:20:24 PM - INFO - 0, 0.200844, 0.872013, 0.880462, 0.75306, 0.795272
15-01-2019 03:27:52 PM - INFO - 5, 0.175453, 0.893418, 0.864308, 0.834044, 0.83954
15-01-2019 03:35:19 PM - INFO - 10, 0.218437, 0.884667, 0.832051, 0.869479, 0.819202
15-01-2019 03:42:47 PM - INFO - *** Earlystopping! ***
15-01-2019 03:42:47 PM - INFO - [ Saved model: best_resnet18_imgsize256_batch256_unfreeze.h5 ]
15-01-2019 03:42:47 PM - INFO - [ Results: [0.16773] 0.8959319829493021 0.8745771231014683 0.8311275693581968 0.8360802958267302 ]

15-01-2019 03:42:47 PM - INFO -  --- Batch: 256 | Img size: 512 --- 
 
15-01-2019 03:42:47 PM - INFO -  --- Type: FREEZE --- 
15-01-2019 03:42:47 PM - INFO - epoch, val_loss, f2, average_precision, average_recall, hamming_score
15-01-2019 03:43:02 PM - ERROR - ERROR: A: resnet18 | IS: 512 | BS: 256
15-01-2019 03:43:02 PM - ERROR - Traceback (most recent call last):
  File "run_grid_search.py", line 99, in grid_search
    learn.fit(lr, 12, cycle_len=1, cycle_mult=2, best_save_name=f'{best_model_name}_freeze', earlystopping=earlystoping, logger_name=experiment_name, log_step=log_step)
  File "/home/reflex/refleX/lib/fastai/fastai/learner.py", line 308, in fit
    return self.fit_gen(self.model, self.data, layer_opt, n_cycle, **kwargs)
  File "/home/reflex/refleX/lib/fastai/fastai/learner.py", line 255, in fit_gen
    swa_eval_freq=swa_eval_freq, **kwargs)
  File "/home/reflex/refleX/lib/fastai/fastai/model.py", line 141, in fit
    loss = model_stepper.step(V(x),V(y), epoch)
  File "/home/reflex/refleX/lib/fastai/fastai/model.py", line 50, in step
    output = self.m(*xs)
  File "/home/reflex/miniconda3/envs/fastai/lib/python3.6/site-packages/torch/nn/modules/module.py", line 357, in __call__
    result = self.forward(*input, **kwargs)
  File "/home/reflex/miniconda3/envs/fastai/lib/python3.6/site-packages/torch/nn/modules/container.py", line 67, in forward
    input = module(input)
  File "/home/reflex/miniconda3/envs/fastai/lib/python3.6/site-packages/torch/nn/modules/module.py", line 357, in __call__
    result = self.forward(*input, **kwargs)
  File "/home/reflex/miniconda3/envs/fastai/lib/python3.6/site-packages/torch/nn/modules/batchnorm.py", line 37, in forward
    self.training, self.momentum, self.eps)
  File "/home/reflex/miniconda3/envs/fastai/lib/python3.6/site-packages/torch/nn/functional.py", line 1013, in batch_norm
    return f(input, weight, bias)
RuntimeError: cuda runtime error (2) : out of memory at /opt/conda/conda-bld/pytorch_1518244421288/work/torch/lib/THC/generic/THCStorage.cu:58

15-01-2019 03:43:02 PM - INFO -     ----- *** END: resnet18 *** ----- 

