10-01-2019 09:38:09 AM - INFO -  [ ------ EXPERIMENT: POLAR_MIN_10012019 ------ ] 

10-01-2019 09:38:09 AM - INFO -  --- PARAMETERS: --- 
10-01-2019 09:38:09 AM - INFO - Predefined metrics: [val_loss], f2, average_precision, average_recall, hamming_score
10-01-2019 09:38:09 AM - INFO - Predefined architecutres: resnet34
10-01-2019 09:38:09 AM - INFO - Predefined batch sizes: 8, 16, 32, 64
10-01-2019 09:38:09 AM - INFO - Predefined image sizes: 64, 128, 256, 512
10-01-2019 09:38:09 AM - INFO - Dropout: 0.5
10-01-2019 09:38:09 AM - INFO - Earlystopping after: 12 epochs.
10-01-2019 09:38:09 AM - INFO - Log every 5 epochs.
10-01-2019 09:38:09 AM - INFO - GPU: 1 | Available: 4 

10-01-2019 09:38:09 AM - INFO -     ----- *** RESNET34 *** ----- 

10-01-2019 09:40:35 AM - INFO -  Learning rate = 0.008642
10-01-2019 09:40:35 AM - INFO -  Learning rates = [0.00108, 0.00216, 0.004321, 0.008642] 

10-01-2019 09:40:35 AM - INFO -  --- Batch: 8 | Img size: 64 --- 
 
10-01-2019 09:40:36 AM - INFO -  --- Type: FREEZE --- 
10-01-2019 09:40:36 AM - INFO - epoch, val_loss, f2, average_precision, average_recall, hamming_score
10-01-2019 09:43:37 AM - INFO - 0, 0.352887, 0.793095, 0.461117, 0.443375, 0.622979
10-01-2019 09:59:03 AM - INFO - 5, 0.303479, 0.830638, 0.534732, 0.465105, 0.665055
10-01-2019 10:14:52 AM - INFO - 10, 0.291149, 0.83303, 0.541292, 0.505189, 0.691521
10-01-2019 10:30:36 AM - INFO - 15, 0.294218, 0.832896, 0.537143, 0.492931, 0.6729
10-01-2019 10:46:10 AM - INFO - 20, 0.289203, 0.836384, 0.55233, 0.488494, 0.672662
10-01-2019 11:01:43 AM - INFO - 25, 0.283172, 0.838365, 0.55761, 0.502457, 0.688325
10-01-2019 11:17:15 AM - INFO - 30, 0.281502, 0.840113, 0.56833, 0.514195, 0.690597
10-01-2019 11:32:44 AM - INFO - 35, 0.280528, 0.841936, 0.558563, 0.521469, 0.698177
10-01-2019 11:48:13 AM - INFO - 40, 0.280755, 0.839355, 0.543081, 0.517041, 0.704702
10-01-2019 12:03:41 PM - INFO - 45, 0.273762, 0.846858, 0.557325, 0.508494, 0.702958
10-01-2019 12:19:05 PM - INFO - 50, 0.273826, 0.842087, 0.552055, 0.509827, 0.70935
10-01-2019 12:34:30 PM - INFO - 55, 0.273701, 0.842596, 0.567845, 0.515062, 0.698917
10-01-2019 12:49:57 PM - INFO - 60, 0.27553, 0.844422, 0.558925, 0.495497, 0.69028
10-01-2019 01:05:30 PM - INFO - 65, 0.276622, 0.837347, 0.546967, 0.505148, 0.702272
10-01-2019 01:21:11 PM - INFO - 70, 0.271874, 0.847977, 0.5712, 0.516063, 0.703909
10-01-2019 01:36:58 PM - INFO - 75, 0.271325, 0.848622, 0.570622, 0.51519, 0.700343
10-01-2019 01:52:46 PM - INFO - 80, 0.271905, 0.847439, 0.568634, 0.508441, 0.701057
10-01-2019 02:08:31 PM - INFO - 85, 0.266789, 0.847728, 0.573934, 0.524627, 0.708769
10-01-2019 02:24:21 PM - INFO - 90, 0.264909, 0.851149, 0.571765, 0.525367, 0.711939
10-01-2019 02:40:07 PM - INFO - 95, 0.267275, 0.84724, 0.56106, 0.523741, 0.70972
10-01-2019 02:55:51 PM - INFO - 100, 0.264723, 0.84955, 0.570954, 0.527052, 0.719282
10-01-2019 03:11:32 PM - INFO - *** Earlystopping! ***
10-01-2019 03:11:32 PM - INFO - [ Saved model: best_resnet34_imgsize64_batch8_freeze.h5 ] 
10-01-2019 03:11:32 PM - INFO - [ Results: [0.26323] 0.8513909880078253 0.5763920782259021 0.5330907640393718 0.7164289487585841 ]

10-01-2019 03:11:32 PM - INFO -  --- Type: UNFREEZE --- 
10-01-2019 03:11:32 PM - INFO - epoch, val_loss, f2, average_precision, average_recall, hamming_score
10-01-2019 03:15:07 PM - INFO - 0, 0.353039, 0.793121, 0.453568, 0.397128, 0.601875
10-01-2019 03:32:59 PM - INFO - 5, 0.253577, 0.860876, 0.568821, 0.509041, 0.724115
10-01-2019 03:50:53 PM - INFO - 10, 0.224415, 0.86955, 0.614254, 0.578537, 0.779319
10-01-2019 04:08:51 PM - INFO - 15, 0.241719, 0.863813, 0.59353, 0.556387, 0.74617
10-01-2019 04:26:47 PM - INFO - 20, 0.209582, 0.879148, 0.63954, 0.616315, 0.787322
10-01-2019 04:44:46 PM - INFO - 25, 0.183473, 0.892283, 0.652781, 0.634382, 0.827839
10-01-2019 05:02:48 PM - INFO - 30, 0.177205, 0.900394, 0.660729, 0.651483, 0.835684
10-01-2019 05:21:00 PM - INFO - 35, 0.209704, 0.882128, 0.61626, 0.602446, 0.798759
10-01-2019 05:39:15 PM - INFO - 40, 0.206584, 0.883119, 0.642535, 0.619257, 0.806233
10-01-2019 05:50:09 PM - INFO - *** Earlystopping! ***
10-01-2019 05:50:09 PM - INFO - [ Saved model: best_resnet34_imgsize64_batch8_unfreeze.h5 ]
10-01-2019 05:50:09 PM - INFO - [ Results: [0.17721] 0.9003937001301618 0.6607285703504857 0.6514829069504189 0.8356840993132596 ]

10-01-2019 05:50:09 PM - INFO -  --- Batch: 8 | Img size: 128 --- 
 
10-01-2019 05:50:10 PM - INFO -  --- Type: FREEZE --- 
10-01-2019 05:50:10 PM - INFO - epoch, val_loss, f2, average_precision, average_recall, hamming_score
10-01-2019 05:53:25 PM - INFO - 0, 0.358096, 0.794211, 0.481654, 0.437358, 0.614791
10-01-2019 06:09:50 PM - INFO - 5, 0.30512, 0.82597, 0.490883, 0.458652, 0.664025
10-01-2019 06:26:10 PM - INFO - 10, 0.285848, 0.838742, 0.522531, 0.474006, 0.682171
10-01-2019 06:42:29 PM - INFO - 15, 0.281856, 0.841488, 0.539184, 0.510781, 0.706286
10-01-2019 06:58:49 PM - INFO - 20, 0.27412, 0.847732, 0.55238, 0.502005, 0.701611
10-01-2019 07:15:00 PM - INFO - 25, 0.272123, 0.854451, 0.549336, 0.496426, 0.703539
10-01-2019 07:31:12 PM - INFO - 30, 0.271203, 0.852559, 0.566538, 0.512582, 0.70906
10-01-2019 07:47:24 PM - INFO - 35, 0.268641, 0.853418, 0.553127, 0.492642, 0.705124
10-01-2019 08:03:36 PM - INFO - 40, 0.264315, 0.857678, 0.55344, 0.50645, 0.715293
10-01-2019 08:19:47 PM - INFO - 45, 0.263727, 0.854693, 0.552407, 0.518027, 0.711516
10-01-2019 08:35:57 PM - INFO - 50, 0.260839, 0.856758, 0.559102, 0.502121, 0.718753
10-01-2019 08:52:16 PM - INFO - 55, 0.257757, 0.858922, 0.566452, 0.512776, 0.718621
10-01-2019 09:08:38 PM - INFO - 60, 0.25982, 0.858557, 0.567328, 0.523822, 0.719334
10-01-2019 09:25:02 PM - INFO - 65, 0.261653, 0.857565, 0.564067, 0.521198, 0.725304
10-01-2019 09:41:29 PM - INFO - 70, 0.261681, 0.857157, 0.570557, 0.513072, 0.715954
10-01-2019 09:58:01 PM - INFO - 75, 0.256872, 0.860435, 0.58431, 0.524157, 0.734284
10-01-2019 10:14:27 PM - INFO - 80, 0.253112, 0.859319, 0.56292, 0.518042, 0.72813
10-01-2019 10:30:56 PM - INFO - 85, 0.255056, 0.857812, 0.561775, 0.528851, 0.730824
10-01-2019 10:47:25 PM - INFO - 90, 0.253933, 0.8598, 0.564177, 0.528855, 0.729002
10-01-2019 11:03:52 PM - INFO - 95, 0.249185, 0.859969, 0.580004, 0.53679, 0.732013
10-01-2019 11:20:19 PM - INFO - 100, 0.251453, 0.859905, 0.576634, 0.544056, 0.73019
10-01-2019 11:36:58 PM - INFO - 105, 0.248718, 0.862529, 0.583266, 0.535852, 0.73925
10-01-2019 11:53:44 PM - INFO - 110, 0.251738, 0.864814, 0.580648, 0.517391, 0.718304
11-01-2019 12:10:30 AM - INFO - 115, 0.253264, 0.861764, 0.578816, 0.528102, 0.727179
11-01-2019 12:17:10 AM - INFO - *** Earlystopping! ***
11-01-2019 12:17:10 AM - INFO - [ Saved model: best_resnet34_imgsize128_batch8_freeze.h5 ] 
11-01-2019 12:17:10 AM - INFO - [ Results: [0.24784] 0.8642971452646708 0.5847752730252165 0.5301745420830771 0.7274960380348652 ]

11-01-2019 12:17:10 AM - INFO -  --- Type: UNFREEZE --- 
11-01-2019 12:17:10 AM - INFO - epoch, val_loss, f2, average_precision, average_recall, hamming_score
11-01-2019 12:21:13 AM - INFO - 0, 0.219803, 0.884429, 0.592725, 0.551072, 0.754411
11-01-2019 12:41:31 AM - INFO - 5, 0.17869, 0.894528, 0.65487, 0.641973, 0.8215
11-01-2019 01:01:27 AM - INFO - 10, 0.175948, 0.901929, 0.661233, 0.650687, 0.839039
11-01-2019 01:21:21 AM - INFO - 15, 0.182065, 0.895195, 0.66589, 0.637137, 0.817485
11-01-2019 01:41:06 AM - INFO - 20, 0.178446, 0.899379, 0.662334, 0.638172, 0.831801
11-01-2019 02:00:51 AM - INFO - 25, 0.174062, 0.905258, 0.665385, 0.649226, 0.845246
11-01-2019 02:08:44 AM - INFO - *** Earlystopping! ***
11-01-2019 02:08:44 AM - INFO - [ Saved model: best_resnet34_imgsize128_batch8_unfreeze.h5 ]
11-01-2019 02:08:44 AM - INFO - [ Results: [0.16399] 0.9096055816787562 0.6647757042595167 0.6523356727794131 0.840174326465927 ]

11-01-2019 02:08:44 AM - INFO -  --- Batch: 8 | Img size: 256 --- 
 
11-01-2019 02:08:44 AM - INFO -  --- Type: FREEZE --- 
11-01-2019 02:08:44 AM - INFO - epoch, val_loss, f2, average_precision, average_recall, hamming_score
11-01-2019 02:10:58 AM - INFO - 0, 0.358189, 0.797859, 0.523627, 0.475633, 0.640782
11-01-2019 02:22:19 AM - INFO - 5, 0.300968, 0.829762, 0.537127, 0.493206, 0.676862
11-01-2019 02:33:41 AM - INFO - 10, 0.282432, 0.838571, 0.563212, 0.527702, 0.71112
11-01-2019 02:44:59 AM - INFO - 15, 0.280058, 0.836741, 0.559312, 0.535309, 0.71598
11-01-2019 02:56:17 AM - INFO - 20, 0.266487, 0.844915, 0.5803, 0.553965, 0.72224
11-01-2019 03:07:37 AM - INFO - 25, 0.263466, 0.85269, 0.585874, 0.544128, 0.720681
11-01-2019 03:18:54 AM - INFO - 30, 0.266464, 0.844665, 0.580169, 0.548917, 0.719282
11-01-2019 03:30:17 AM - INFO - 35, 0.259472, 0.851576, 0.584365, 0.540545, 0.719123
11-01-2019 03:41:34 AM - INFO - 40, 0.25501, 0.851123, 0.59659, 0.555323, 0.728658
11-01-2019 03:52:52 AM - INFO - 45, 0.253115, 0.854252, 0.590742, 0.557736, 0.727866
11-01-2019 04:04:13 AM - INFO - 50, 0.25401, 0.856931, 0.603166, 0.556595, 0.727073
11-01-2019 04:16:07 AM - INFO - 55, 0.25338, 0.857545, 0.607257, 0.549346, 0.729266
11-01-2019 04:27:58 AM - INFO - 60, 0.252453, 0.857489, 0.599494, 0.556608, 0.730666
11-01-2019 04:39:37 AM - INFO - 65, 0.256297, 0.852508, 0.584567, 0.550379, 0.729688
11-01-2019 04:51:31 AM - INFO - 70, 0.250909, 0.856482, 0.599064, 0.550018, 0.726334
11-01-2019 05:03:22 AM - INFO - 75, 0.251425, 0.854047, 0.588591, 0.549984, 0.729609
11-01-2019 05:15:12 AM - INFO - 80, 0.25002, 0.857067, 0.600844, 0.558486, 0.732673
11-01-2019 05:27:12 AM - INFO - 85, 0.246802, 0.859569, 0.596129, 0.564385, 0.736635
11-01-2019 05:38:52 AM - INFO - 90, 0.246707, 0.857024, 0.596469, 0.561436, 0.741284
11-01-2019 05:50:40 AM - INFO - 95, 0.245925, 0.859683, 0.597574, 0.553929, 0.739725
11-01-2019 06:02:36 AM - INFO - 100, 0.247169, 0.855255, 0.593834, 0.569289, 0.742208
11-01-2019 06:12:13 AM - INFO - *** Earlystopping! ***
11-01-2019 06:12:13 AM - INFO - [ Saved model: best_resnet34_imgsize256_batch8_freeze.h5 ] 
11-01-2019 06:12:13 AM - INFO - [ Results: [0.24313] 0.8587835052866722 0.6047230936748708 0.5621430188557197 0.7361067089276285 ]

11-01-2019 06:12:13 AM - INFO -  --- Type: UNFREEZE --- 
11-01-2019 06:12:13 AM - INFO - epoch, val_loss, f2, average_precision, average_recall, hamming_score
11-01-2019 06:16:23 AM - INFO - 0, 0.210907, 0.874895, 0.612245, 0.575653, 0.776255
11-01-2019 06:36:53 AM - INFO - 5, 0.168337, 0.904824, 0.664216, 0.62881, 0.824802
11-01-2019 06:57:03 AM - INFO - 10, 0.167289, 0.902021, 0.660735, 0.639801, 0.816244
11-01-2019 07:16:52 AM - INFO - 15, 0.205537, 0.872939, 0.646212, 0.622966, 0.796566
11-01-2019 07:36:47 AM - INFO - 20, 0.186731, 0.887816, 0.639984, 0.633535, 0.814184
11-01-2019 07:56:37 AM - INFO - *** Earlystopping! ***
11-01-2019 07:56:37 AM - INFO - [ Saved model: best_resnet34_imgsize256_batch8_unfreeze.h5 ]
11-01-2019 07:56:37 AM - INFO - [ Results: [0.16187] 0.9075068005411018 0.6523173453216469 0.6415558933557578 0.8356048600105652 ]

11-01-2019 07:56:37 AM - INFO -  --- Batch: 8 | Img size: 512 --- 
 
11-01-2019 07:56:37 AM - INFO -  --- Type: FREEZE --- 
11-01-2019 07:56:37 AM - INFO - epoch, val_loss, f2, average_precision, average_recall, hamming_score
11-01-2019 08:02:20 AM - INFO - 0, 0.335957, 0.81295, 0.534911, 0.478348, 0.66075
11-01-2019 08:31:25 AM - INFO - 5, 0.280771, 0.846246, 0.555879, 0.493663, 0.690571
11-01-2019 09:00:39 AM - INFO - 10, 0.266321, 0.853126, 0.567863, 0.519854, 0.702377
11-01-2019 09:29:29 AM - INFO - 15, 0.261924, 0.854826, 0.576966, 0.517901, 0.702932
11-01-2019 09:58:08 AM - INFO - 20, 0.254646, 0.860714, 0.595645, 0.520636, 0.707211
11-01-2019 10:25:43 AM - INFO - 25, 0.251121, 0.862164, 0.600789, 0.541682, 0.721896
11-01-2019 10:53:07 AM - INFO - 30, 0.2493, 0.860928, 0.597473, 0.550964, 0.727338
11-01-2019 11:20:30 AM - INFO - 35, 0.250384, 0.863823, 0.585588, 0.536434, 0.712229
11-01-2019 11:47:57 AM - INFO - 40, 0.24455, 0.862648, 0.597122, 0.555988, 0.726915
11-01-2019 12:15:28 PM - INFO - 45, 0.243699, 0.858847, 0.597872, 0.556149, 0.731273
11-01-2019 12:42:56 PM - INFO - 50, 0.241934, 0.865588, 0.60218, 0.540465, 0.726651
11-01-2019 01:09:38 PM - INFO - 55, 0.242965, 0.862976, 0.594209, 0.551072, 0.722557
11-01-2019 01:36:27 PM - INFO - 60, 0.242703, 0.862645, 0.598724, 0.554725, 0.725489
11-01-2019 02:03:26 PM - INFO - 65, 0.24043, 0.864482, 0.597124, 0.566196, 0.735737
11-01-2019 02:30:41 PM - INFO - 70, 0.242377, 0.869681, 0.60044, 0.540399, 0.721051
11-01-2019 02:57:46 PM - INFO - 75, 0.237113, 0.864606, 0.608306, 0.580776, 0.741204
11-01-2019 03:24:46 PM - INFO - 80, 0.23652, 0.86963, 0.608551, 0.560428, 0.735816
11-01-2019 03:52:07 PM - INFO - 85, 0.234798, 0.869956, 0.615917, 0.559973, 0.732752
11-01-2019 04:19:22 PM - INFO - 90, 0.234656, 0.871508, 0.606831, 0.563449, 0.732515
11-01-2019 04:46:41 PM - INFO - 95, 0.234686, 0.865606, 0.603338, 0.579659, 0.747438
11-01-2019 05:13:50 PM - INFO - 100, 0.237759, 0.872968, 0.607633, 0.555749, 0.730349
11-01-2019 05:40:16 PM - INFO - 105, 0.232087, 0.870063, 0.619069, 0.571974, 0.73954
11-01-2019 06:07:15 PM - INFO - 110, 0.233286, 0.87045, 0.612553, 0.569919, 0.733756
11-01-2019 06:34:12 PM - INFO - 115, 0.231775, 0.872763, 0.612049, 0.565426, 0.736741
11-01-2019 06:59:27 PM - INFO - 120, 0.23359, 0.866566, 0.600073, 0.579613, 0.740729
11-01-2019 07:24:46 PM - INFO - 125, 0.234908, 0.874676, 0.603601, 0.548399, 0.722927
11-01-2019 07:34:47 PM - INFO - *** Earlystopping! ***
11-01-2019 07:34:47 PM - INFO - [ Saved model: best_resnet34_imgsize512_batch8_freeze.h5 ] 
11-01-2019 07:34:47 PM - INFO - [ Results: [0.23013] 0.8700610490385311 0.6144679107776231 0.5774205720322995 0.7388536714210251 ]

11-01-2019 07:34:47 PM - INFO -  --- Type: UNFREEZE --- 
11-01-2019 07:34:48 PM - INFO - epoch, val_loss, f2, average_precision, average_recall, hamming_score
11-01-2019 07:47:10 PM - INFO - 0, 0.198066, 0.896883, 0.629938, 0.590258, 0.783914
11-01-2019 08:48:53 PM - INFO - 5, 0.163385, 0.90672, 0.653639, 0.639458, 0.832567
11-01-2019 09:50:13 PM - INFO - 10, 0.166735, 0.909032, 0.66895, 0.650518, 0.828975
11-01-2019 10:51:17 PM - INFO - 15, 0.207562, 0.886836, 0.655027, 0.642908, 0.789725
11-01-2019 11:52:52 PM - INFO - 20, 0.203502, 0.87544, 0.642944, 0.615255, 0.790491
12-01-2019 12:54:36 AM - INFO - 25, 0.196016, 0.886816, 0.654819, 0.630973, 0.820549
12-01-2019 01:07:17 AM - INFO - *** Earlystopping! ***
12-01-2019 01:07:17 AM - INFO - [ Saved model: best_resnet34_imgsize512_batch8_unfreeze.h5 ]
12-01-2019 01:07:17 AM - INFO - [ Results: [0.1616] 0.9052101707857225 0.6711148484750474 0.644474271483554 0.8336238774432116 ]

12-01-2019 01:07:17 AM - INFO -  ************************** 
12-01-2019 01:07:17 AM - INFO - COPYPASTE: resnet34 | IMS: 64 -> 512 | BS: 8
12-01-2019 01:07:17 AM - INFO - COPYPASTE: [0.1616] 0.9052101707857225 0.6711148484750474 0.644474271483554 0.8336238774432116 
12-01-2019 01:07:17 AM - INFO -  ************************** 

12-01-2019 01:07:17 AM - INFO -  --- INCREMENTING BATCH SIZE --- 

12-01-2019 01:07:17 AM - INFO -  --- Batch: 16 | Img size: 64 --- 
 
12-01-2019 01:07:18 AM - INFO -  --- Type: FREEZE --- 
12-01-2019 01:07:18 AM - INFO - epoch, val_loss, f2, average_precision, average_recall, hamming_score
12-01-2019 01:09:27 AM - INFO - 0, 0.512132, 0.7332, 0.422716, 0.416196, 0.549657
12-01-2019 01:20:23 AM - INFO - 5, 0.3582, 0.792325, 0.439563, 0.408433, 0.608558
12-01-2019 01:31:09 AM - INFO - 10, 0.333403, 0.806566, 0.505072, 0.461646, 0.646302
12-01-2019 01:41:59 AM - INFO - 15, 0.323468, 0.81416, 0.520038, 0.470435, 0.656392
12-01-2019 01:52:54 AM - INFO - 20, 0.30722, 0.822896, 0.545777, 0.486445, 0.668093
12-01-2019 02:03:47 AM - INFO - 25, 0.306108, 0.824071, 0.537388, 0.474954, 0.665954
12-01-2019 02:14:11 AM - INFO - 30, 0.303463, 0.82376, 0.552628, 0.496125, 0.674591
12-01-2019 02:24:35 AM - INFO - 35, 0.30043, 0.829043, 0.537993, 0.488755, 0.678975
12-01-2019 02:34:58 AM - INFO - 40, 0.294304, 0.827423, 0.56048, 0.507165, 0.679952
12-01-2019 02:45:20 AM - INFO - 45, 0.294106, 0.826118, 0.560818, 0.531747, 0.687665
12-01-2019 02:55:00 AM - INFO - 50, 0.288912, 0.828837, 0.57722, 0.522422, 0.691733
12-01-2019 03:04:37 AM - INFO - 55, 0.289018, 0.834027, 0.560841, 0.500819, 0.68645
12-01-2019 03:14:10 AM - INFO - 60, 0.289013, 0.831033, 0.576279, 0.518754, 0.690755
12-01-2019 03:24:06 AM - INFO - 65, 0.287131, 0.830149, 0.582448, 0.510444, 0.694348
12-01-2019 03:34:11 AM - INFO - 70, 0.285251, 0.832841, 0.599306, 0.536858, 0.690782
12-01-2019 03:44:15 AM - INFO - 75, 0.283064, 0.828239, 0.596369, 0.563003, 0.707581
12-01-2019 03:54:09 AM - INFO - 80, 0.282139, 0.833151, 0.602422, 0.548884, 0.698785
12-01-2019 04:04:08 AM - INFO - 85, 0.27759, 0.836764, 0.596169, 0.548944, 0.70449
12-01-2019 04:14:09 AM - INFO - 90, 0.279656, 0.837634, 0.595208, 0.532683, 0.695774
12-01-2019 04:24:00 AM - INFO - 95, 0.279215, 0.834554, 0.604552, 0.549847, 0.704358
12-01-2019 04:33:56 AM - INFO - 100, 0.27575, 0.838811, 0.60189, 0.538868, 0.702773
12-01-2019 04:44:01 AM - INFO - 105, 0.27415, 0.836376, 0.610136, 0.566982, 0.717221
12-01-2019 04:54:07 AM - INFO - 110, 0.275618, 0.834201, 0.598896, 0.5408, 0.71215
12-01-2019 05:02:14 AM - INFO - *** Earlystopping! ***
12-01-2019 05:02:14 AM - INFO - [ Saved model: best_resnet34_imgsize64_batch16_freeze.h5 ] 
12-01-2019 05:02:14 AM - INFO - [ Results: [0.2736] 0.8362328427859086 0.6196232439610299 0.5632930775108725 0.7175647120972001 ]

12-01-2019 05:02:14 AM - INFO -  --- Type: UNFREEZE --- 
12-01-2019 05:02:15 AM - INFO - epoch, val_loss, f2, average_precision, average_recall, hamming_score
12-01-2019 05:04:43 AM - INFO - 0, 0.254729, 0.850959, 0.645153, 0.580509, 0.732013
12-01-2019 05:16:50 AM - INFO - 5, 0.189442, 0.887644, 0.737208, 0.70042, 0.822293
12-01-2019 05:28:53 AM - INFO - 10, 0.188322, 0.88934, 0.747884, 0.732113, 0.825436
12-01-2019 05:41:24 AM - INFO - 15, 0.194391, 0.891763, 0.766397, 0.734256, 0.818093
12-01-2019 05:53:52 AM - INFO - 20, 0.226483, 0.884029, 0.720899, 0.741407, 0.811014
12-01-2019 06:06:24 AM - INFO - 25, 0.193374, 0.895562, 0.75761, 0.750429, 0.842684
12-01-2019 06:11:22 AM - INFO - *** Earlystopping! ***
12-01-2019 06:11:22 AM - INFO - [ Saved model: best_resnet34_imgsize64_batch16_unfreeze.h5 ]
12-01-2019 06:11:22 AM - INFO - [ Results: [0.17685] 0.9003957507849557 0.7559954798804698 0.7340038875922961 0.8301637612255679 ]

12-01-2019 06:11:22 AM - INFO -  --- Batch: 16 | Img size: 128 --- 
 
12-01-2019 06:11:22 AM - INFO -  --- Type: FREEZE --- 
12-01-2019 06:11:22 AM - INFO - epoch, val_loss, f2, average_precision, average_recall, hamming_score
12-01-2019 06:13:36 AM - INFO - 0, 0.362928, 0.772021, 0.546719, 0.492328, 0.623402
12-01-2019 06:24:45 AM - INFO - 5, 0.294977, 0.820621, 0.586605, 0.512192, 0.676017
12-01-2019 06:36:03 AM - INFO - 10, 0.28303, 0.827575, 0.607378, 0.519021, 0.685578
12-01-2019 06:47:20 AM - INFO - 15, 0.278167, 0.831639, 0.61885, 0.537017, 0.695932
12-01-2019 06:58:38 AM - INFO - 20, 0.270034, 0.842063, 0.622258, 0.538856, 0.70037
12-01-2019 07:09:54 AM - INFO - 25, 0.265768, 0.84032, 0.642763, 0.54921, 0.706445
12-01-2019 07:21:13 AM - INFO - 30, 0.26597, 0.842592, 0.647968, 0.551349, 0.703619
12-01-2019 07:32:34 AM - INFO - 35, 0.259345, 0.842159, 0.654801, 0.562012, 0.714501
12-01-2019 07:43:54 AM - INFO - 40, 0.254411, 0.844404, 0.663957, 0.569304, 0.720444
12-01-2019 07:55:12 AM - INFO - 45, 0.25168, 0.848849, 0.670712, 0.577969, 0.732515
12-01-2019 08:06:25 AM - INFO - 50, 0.250564, 0.847534, 0.680102, 0.58224, 0.729583
12-01-2019 08:17:00 AM - INFO - 55, 0.25044, 0.849345, 0.678525, 0.585309, 0.730058
12-01-2019 08:27:33 AM - INFO - 60, 0.251988, 0.848708, 0.671215, 0.583656, 0.724643
12-01-2019 08:38:05 AM - INFO - 65, 0.249559, 0.8505, 0.668383, 0.572099, 0.726545
12-01-2019 08:48:38 AM - INFO - 70, 0.247208, 0.850694, 0.671476, 0.589594, 0.731881
12-01-2019 08:59:13 AM - INFO - 75, 0.244751, 0.85229, 0.669645, 0.588089, 0.738114
12-01-2019 09:09:51 AM - INFO - 80, 0.243615, 0.852721, 0.680504, 0.599765, 0.744717
12-01-2019 09:20:25 AM - INFO - 85, 0.243421, 0.853256, 0.6815, 0.587569, 0.742948
12-01-2019 09:30:51 AM - INFO - 90, 0.241254, 0.852379, 0.669038, 0.59814, 0.740518
12-01-2019 09:41:10 AM - INFO - 95, 0.241296, 0.854586, 0.677035, 0.593129, 0.745193
12-01-2019 09:49:26 AM - INFO - *** Earlystopping! ***
12-01-2019 09:49:26 AM - INFO - [ Saved model: best_resnet34_imgsize128_batch16_freeze.h5 ] 
12-01-2019 09:49:26 AM - INFO - [ Results: [0.24023] 0.8550247635294879 0.6699792271220845 0.5882616339713916 0.7412308505018488 ]

12-01-2019 09:49:26 AM - INFO -  --- Type: UNFREEZE --- 
12-01-2019 09:49:26 AM - INFO - epoch, val_loss, f2, average_precision, average_recall, hamming_score
12-01-2019 09:52:17 AM - INFO - 0, 0.17986, 0.892267, 0.76108, 0.722377, 0.816244
12-01-2019 10:06:25 AM - INFO - 5, 0.168952, 0.908684, 0.771442, 0.73724, 0.836582
12-01-2019 10:20:38 AM - INFO - 10, 0.186666, 0.894982, 0.775231, 0.731398, 0.8299
12-01-2019 10:34:59 AM - INFO - *** Earlystopping! ***
12-01-2019 10:34:59 AM - INFO - [ Saved model: best_resnet34_imgsize128_batch16_unfreeze.h5 ]
12-01-2019 10:34:59 AM - INFO - [ Results: [0.16814] 0.9028071729586105 0.7680197070054441 0.7405464155747152 0.8342842049656626 ]

12-01-2019 10:34:59 AM - INFO -  --- Batch: 16 | Img size: 256 --- 
 
12-01-2019 10:34:59 AM - INFO -  --- Type: FREEZE --- 
12-01-2019 10:34:59 AM - INFO - epoch, val_loss, f2, average_precision, average_recall, hamming_score
12-01-2019 10:37:19 AM - INFO - 0, 0.347813, 0.793876, 0.647177, 0.565426, 0.674432
12-01-2019 10:48:34 AM - INFO - 5, 0.259476, 0.84161, 0.715722, 0.618315, 0.727839
12-01-2019 11:00:16 AM - INFO - 10, 0.242066, 0.857963, 0.705815, 0.631943, 0.745219
12-01-2019 11:12:15 AM - INFO - 15, 0.238926, 0.860852, 0.702449, 0.620846, 0.739408
12-01-2019 11:24:20 AM - INFO - 20, 0.232182, 0.859818, 0.711966, 0.652154, 0.75066
12-01-2019 11:36:28 AM - INFO - 25, 0.232066, 0.861597, 0.7228, 0.645479, 0.759641
12-01-2019 11:48:43 AM - INFO - 30, 0.229963, 0.862566, 0.718177, 0.630782, 0.750792
12-01-2019 12:01:06 PM - INFO - 35, 0.222324, 0.86453, 0.712341, 0.657613, 0.759509
12-01-2019 12:13:33 PM - INFO - 40, 0.222578, 0.866613, 0.735847, 0.65279, 0.76075
12-01-2019 12:25:56 PM - INFO - 45, 0.219266, 0.870444, 0.734316, 0.672187, 0.767565
12-01-2019 12:38:10 PM - INFO - 50, 0.217996, 0.869297, 0.728125, 0.672189, 0.770259
12-01-2019 12:50:24 PM - INFO - 55, 0.216482, 0.871188, 0.728241, 0.67108, 0.768912
12-01-2019 01:02:54 PM - INFO - 60, 0.216859, 0.867324, 0.737015, 0.676597, 0.773032
12-01-2019 01:15:09 PM - INFO - 65, 0.218037, 0.866824, 0.731446, 0.661126, 0.769334
12-01-2019 01:27:33 PM - INFO - 70, 0.21769, 0.871682, 0.732067, 0.668877, 0.769599
12-01-2019 01:40:17 PM - INFO - 75, 0.214512, 0.871347, 0.716763, 0.672676, 0.767433
12-01-2019 01:52:52 PM - INFO - 80, 0.217558, 0.870935, 0.727118, 0.659149, 0.767829
12-01-2019 02:05:20 PM - INFO - 85, 0.212204, 0.87422, 0.739515, 0.678081, 0.773745
12-01-2019 02:17:41 PM - INFO - 90, 0.211594, 0.873009, 0.733512, 0.668761, 0.774221
12-01-2019 02:30:08 PM - INFO - 95, 0.211574, 0.869868, 0.727473, 0.665559, 0.764448
12-01-2019 02:42:05 PM - INFO - 100, 0.212564, 0.870769, 0.725422, 0.679641, 0.770523
12-01-2019 02:54:02 PM - INFO - 105, 0.21105, 0.872631, 0.732284, 0.672289, 0.771315
12-01-2019 03:06:07 PM - INFO - 110, 0.211131, 0.869817, 0.729129, 0.669887, 0.768146
12-01-2019 03:18:29 PM - INFO - *** Earlystopping! ***
12-01-2019 03:18:29 PM - INFO - [ Saved model: best_resnet34_imgsize256_batch16_freeze.h5 ] 
12-01-2019 03:18:29 PM - INFO - [ Results: [0.20987] 0.8747879478279403 0.7276484740827053 0.670775532921786 0.7640253565768619 ]

12-01-2019 03:18:29 PM - INFO -  --- Type: UNFREEZE --- 
12-01-2019 03:18:29 PM - INFO - epoch, val_loss, f2, average_precision, average_recall, hamming_score
12-01-2019 03:23:12 PM - INFO - 0, 0.16515, 0.903294, 0.760008, 0.725555, 0.836001
12-01-2019 03:46:58 PM - INFO - 5, 0.167223, 0.903473, 0.776311, 0.748501, 0.847412
12-01-2019 04:10:32 PM - INFO - 10, 0.187017, 0.899852, 0.7788, 0.751127, 0.83851
12-01-2019 04:34:02 PM - INFO - *** Earlystopping! ***
12-01-2019 04:34:02 PM - INFO - [ Saved model: best_resnet34_imgsize256_batch16_unfreeze.h5 ]
12-01-2019 04:34:02 PM - INFO - [ Results: [0.16307] 0.9065550806739423 0.7602460226865931 0.7405640569779125 0.8400422609614367 ]

12-01-2019 04:34:02 PM - INFO -  --- Batch: 16 | Img size: 512 --- 
 
12-01-2019 04:34:03 PM - INFO -  --- Type: FREEZE --- 
12-01-2019 04:34:03 PM - INFO - epoch, val_loss, f2, average_precision, average_recall, hamming_score
12-01-2019 04:39:26 PM - INFO - 0, 0.343208, 0.818622, 0.699657, 0.616059, 0.685129
12-01-2019 05:06:10 PM - INFO - 5, 0.256833, 0.851771, 0.70452, 0.636361, 0.727707
12-01-2019 05:33:07 PM - INFO - 10, 0.245475, 0.855895, 0.704927, 0.632044, 0.737348
12-01-2019 06:00:43 PM - INFO - 15, 0.239488, 0.85974, 0.709797, 0.64081, 0.741389
12-01-2019 06:28:51 PM - INFO - 20, 0.234953, 0.86161, 0.707823, 0.653334, 0.748125
12-01-2019 06:56:24 PM - INFO - 25, 0.232372, 0.862536, 0.712304, 0.657355, 0.745193
12-01-2019 07:23:33 PM - INFO - 30, 0.23279, 0.86272, 0.702636, 0.660131, 0.748336
12-01-2019 07:51:07 PM - INFO - 35, 0.226953, 0.866277, 0.716314, 0.661758, 0.751004
12-01-2019 08:19:36 PM - INFO - 40, 0.226061, 0.866462, 0.715323, 0.657499, 0.756101
12-01-2019 08:47:55 PM - INFO - 45, 0.224264, 0.86432, 0.720156, 0.66458, 0.756022
12-01-2019 09:16:25 PM - INFO - 50, 0.226402, 0.865557, 0.730228, 0.655367, 0.750238
12-01-2019 09:43:40 PM - INFO - 55, 0.221949, 0.869553, 0.714976, 0.668944, 0.754966
12-01-2019 10:10:27 PM - INFO - 60, 0.224012, 0.868396, 0.726858, 0.665894, 0.759773
12-01-2019 10:37:18 PM - INFO - 65, 0.222193, 0.867662, 0.714552, 0.677113, 0.756656
12-01-2019 11:04:08 PM - INFO - 70, 0.223422, 0.866028, 0.723507, 0.66713, 0.756286
12-01-2019 11:30:52 PM - INFO - 75, 0.223112, 0.862698, 0.712946, 0.678766, 0.76112
12-01-2019 11:57:41 PM - INFO - 80, 0.221014, 0.871442, 0.725074, 0.665854, 0.758109
13-01-2019 12:24:37 AM - INFO - 85, 0.225334, 0.862848, 0.730113, 0.657227, 0.747702
13-01-2019 12:51:25 AM - INFO - 90, 0.220016, 0.870536, 0.721145, 0.67617, 0.762335
13-01-2019 01:18:21 AM - INFO - 95, 0.216566, 0.871414, 0.724518, 0.6754, 0.762863
13-01-2019 01:45:09 AM - INFO - 100, 0.218722, 0.871414, 0.721798, 0.670622, 0.759113
13-01-2019 02:12:04 AM - INFO - 105, 0.219205, 0.868582, 0.73202, 0.66594, 0.754939
13-01-2019 02:28:07 AM - INFO - *** Earlystopping! ***
13-01-2019 02:28:07 AM - INFO - [ Saved model: best_resnet34_imgsize512_batch16_freeze.h5 ] 
13-01-2019 02:28:07 AM - INFO - [ Results: [0.21657] 0.8714140716840494 0.7245181377624211 0.6753995884627534 0.7628631801373481 ]

13-01-2019 02:28:07 AM - INFO -  --- Type: UNFREEZE --- 
13-01-2019 02:28:07 AM - INFO - epoch, val_loss, f2, average_precision, average_recall, hamming_score
13-01-2019 02:40:20 AM - INFO - 0, 0.167372, 0.896911, 0.75813, 0.742205, 0.827971
13-01-2019 03:42:52 AM - INFO - 5, 0.177671, 0.900555, 0.753397, 0.736856, 0.840148
13-01-2019 04:45:23 AM - INFO - 10, 0.206246, 0.882384, 0.764711, 0.726389, 0.826809
13-01-2019 05:45:45 AM - INFO - *** Earlystopping! ***
13-01-2019 05:45:45 AM - INFO - [ Saved model: best_resnet34_imgsize512_batch16_unfreeze.h5 ]
13-01-2019 05:45:45 AM - INFO - [ Results: [0.16711] 0.9035759270024261 0.7552007371794557 0.7299802202677456 0.8343370311674593 ]

13-01-2019 05:45:45 AM - INFO -  ************************** 
13-01-2019 05:45:45 AM - INFO - COPYPASTE: resnet34 | IMS: 64 -> 512 | BS: 16
13-01-2019 05:45:45 AM - INFO - COPYPASTE: [0.16711] 0.9035759270024261 0.7552007371794557 0.7299802202677456 0.8343370311674593 
13-01-2019 05:45:45 AM - INFO -  ************************** 

13-01-2019 05:45:45 AM - INFO -  --- INCREMENTING BATCH SIZE --- 

13-01-2019 05:45:45 AM - INFO -  --- Batch: 32 | Img size: 64 --- 
 
13-01-2019 05:45:45 AM - INFO -  --- Type: FREEZE --- 
13-01-2019 05:45:45 AM - INFO - epoch, val_loss, f2, average_precision, average_recall, hamming_score
13-01-2019 05:47:05 AM - INFO - 0, 0.539509, 0.741326, 0.482967, 0.484831, 0.53954
13-01-2019 05:54:08 AM - INFO - 5, 0.333324, 0.811929, 0.575922, 0.540466, 0.640122
13-01-2019 06:01:06 AM - INFO - 10, 0.299475, 0.831427, 0.618992, 0.554616, 0.666984
13-01-2019 06:07:57 AM - INFO - 15, 0.288809, 0.835777, 0.637618, 0.577072, 0.689488
13-01-2019 06:15:00 AM - INFO - 20, 0.277282, 0.838506, 0.639933, 0.588219, 0.700291
13-01-2019 06:22:25 AM - INFO - 25, 0.274973, 0.841166, 0.64, 0.582509, 0.699313
13-01-2019 06:29:41 AM - INFO - 30, 0.274975, 0.840224, 0.644232, 0.590761, 0.705283
13-01-2019 06:36:59 AM - INFO - 35, 0.267262, 0.844224, 0.669713, 0.596897, 0.709139
13-01-2019 06:44:16 AM - INFO - 40, 0.264307, 0.847727, 0.664648, 0.593541, 0.707818
13-01-2019 06:51:40 AM - INFO - 45, 0.262265, 0.848077, 0.682943, 0.601234, 0.715874
13-01-2019 06:59:04 AM - INFO - 50, 0.260897, 0.847986, 0.664204, 0.609952, 0.719757
13-01-2019 07:06:23 AM - INFO - 55, 0.260145, 0.849615, 0.682696, 0.602688, 0.715055
13-01-2019 07:13:46 AM - INFO - 60, 0.259342, 0.851276, 0.687372, 0.596118, 0.711912
13-01-2019 07:20:40 AM - INFO - 65, 0.260056, 0.850214, 0.679084, 0.59415, 0.708584
13-01-2019 07:26:12 AM - INFO - 70, 0.256725, 0.849371, 0.677501, 0.601466, 0.713497
13-01-2019 07:31:52 AM - INFO - 75, 0.25412, 0.852164, 0.678352, 0.616118, 0.726175
13-01-2019 07:37:24 AM - INFO - 80, 0.254391, 0.854808, 0.694954, 0.602294, 0.720074
13-01-2019 07:43:03 AM - INFO - 85, 0.252004, 0.851031, 0.692696, 0.61683, 0.73093
13-01-2019 07:48:35 AM - INFO - 90, 0.250575, 0.854874, 0.689649, 0.622795, 0.732039
13-01-2019 07:54:12 AM - INFO - 95, 0.250685, 0.851663, 0.693512, 0.620632, 0.733069
13-01-2019 07:59:41 AM - INFO - 100, 0.249592, 0.85379, 0.690691, 0.614942, 0.729609
13-01-2019 08:05:18 AM - INFO - 105, 0.249567, 0.85277, 0.682083, 0.606048, 0.726017
13-01-2019 08:10:53 AM - INFO - 110, 0.250853, 0.853951, 0.686921, 0.622315, 0.733597
13-01-2019 08:16:48 AM - INFO - 115, 0.248676, 0.852399, 0.692267, 0.626628, 0.738642
13-01-2019 08:23:13 AM - INFO - 120, 0.248046, 0.854256, 0.693283, 0.620569, 0.733571
13-01-2019 08:29:16 AM - INFO - 125, 0.248753, 0.855894, 0.697687, 0.614728, 0.729107
13-01-2019 08:35:06 AM - INFO - 130, 0.248609, 0.853113, 0.687706, 0.624392, 0.73373
13-01-2019 08:37:25 AM - INFO - *** Earlystopping! ***
13-01-2019 08:37:25 AM - INFO - [ Saved model: best_resnet34_imgsize64_batch32_freeze.h5 ] 
13-01-2019 08:37:25 AM - INFO - [ Results: [0.24745] 0.8543254935004359 0.693183993794217 0.6241246788604919 0.7365029054410989 ]

13-01-2019 08:37:25 AM - INFO -  --- Type: UNFREEZE --- 
13-01-2019 08:37:25 AM - INFO - epoch, val_loss, f2, average_precision, average_recall, hamming_score
13-01-2019 08:39:00 AM - INFO - 0, 0.191994, 0.88525, 0.782599, 0.71888, 0.813656
13-01-2019 08:46:53 AM - INFO - 5, 0.180639, 0.893362, 0.799622, 0.787015, 0.837876
13-01-2019 08:54:45 AM - INFO - 10, 0.189632, 0.890992, 0.811128, 0.791937, 0.837005
13-01-2019 09:02:45 AM - INFO - *** Earlystopping! ***
13-01-2019 09:02:45 AM - INFO - [ Saved model: best_resnet34_imgsize64_batch32_unfreeze.h5 ]
13-01-2019 09:02:45 AM - INFO - [ Results: [0.17832] 0.8943114880003105 0.8024704636941371 0.7617086942575246 0.8296090861067088 ]

13-01-2019 09:02:45 AM - INFO -  --- Batch: 32 | Img size: 128 --- 
 
13-01-2019 09:02:46 AM - INFO -  --- Type: FREEZE --- 
13-01-2019 09:02:46 AM - INFO - epoch, val_loss, f2, average_precision, average_recall, hamming_score
13-01-2019 09:04:02 AM - INFO - 0, 0.337723, 0.795613, 0.629037, 0.542211, 0.661358
13-01-2019 09:10:27 AM - INFO - 5, 0.279026, 0.818114, 0.678307, 0.604398, 0.712652
13-01-2019 09:17:17 AM - INFO - 10, 0.263785, 0.831432, 0.696476, 0.612746, 0.723059
13-01-2019 09:24:27 AM - INFO - 15, 0.25851, 0.834443, 0.690622, 0.610753, 0.725885
13-01-2019 09:31:34 AM - INFO - 20, 0.251292, 0.837072, 0.713505, 0.626901, 0.734918
13-01-2019 09:38:39 AM - INFO - 25, 0.246022, 0.841263, 0.740809, 0.648959, 0.741389
13-01-2019 09:45:41 AM - INFO - 30, 0.246911, 0.839869, 0.727156, 0.636837, 0.73859
13-01-2019 09:52:48 AM - INFO - 35, 0.241741, 0.843832, 0.75606, 0.655517, 0.745827
13-01-2019 09:59:52 AM - INFO - 40, 0.238079, 0.847916, 0.741859, 0.660173, 0.749974
13-01-2019 10:06:52 AM - INFO - 45, 0.236372, 0.8508, 0.751376, 0.663261, 0.753962
13-01-2019 10:13:59 AM - INFO - 50, 0.234861, 0.850706, 0.751885, 0.672694, 0.754015
13-01-2019 10:21:03 AM - INFO - 55, 0.235695, 0.848736, 0.789566, 0.687915, 0.759113
13-01-2019 10:28:05 AM - INFO - 60, 0.234259, 0.848574, 0.76591, 0.678335, 0.75766
13-01-2019 10:36:52 AM - INFO - 65, 0.23279, 0.851498, 0.759264, 0.68007, 0.755071
13-01-2019 10:46:29 AM - INFO - 70, 0.231566, 0.857016, 0.772195, 0.678973, 0.761173
13-01-2019 10:56:09 AM - INFO - 75, 0.229699, 0.857342, 0.771434, 0.683451, 0.762731
13-01-2019 11:05:32 AM - INFO - 80, 0.228878, 0.856968, 0.762807, 0.689494, 0.75935
13-01-2019 11:14:53 AM - INFO - 85, 0.226267, 0.857266, 0.76969, 0.690422, 0.764633
13-01-2019 11:24:17 AM - INFO - 90, 0.225264, 0.861091, 0.768952, 0.689019, 0.764554
13-01-2019 11:33:30 AM - INFO - 95, 0.225343, 0.860203, 0.774468, 0.692178, 0.764923
13-01-2019 11:42:48 AM - INFO - 100, 0.224271, 0.859352, 0.766456, 0.702114, 0.769017
13-01-2019 11:52:25 AM - INFO - 105, 0.228716, 0.856321, 0.758647, 0.700004, 0.760301
13-01-2019 12:02:00 PM - INFO - 110, 0.224707, 0.860306, 0.771686, 0.693044, 0.766297
13-01-2019 12:11:28 PM - INFO - 115, 0.225011, 0.85926, 0.769172, 0.690061, 0.766297
13-01-2019 12:19:04 PM - INFO - *** Earlystopping! ***
13-01-2019 12:19:04 PM - INFO - [ Saved model: best_resnet34_imgsize128_batch32_freeze.h5 ] 
13-01-2019 12:19:04 PM - INFO - [ Results: [0.22353] 0.859217430410448 0.7653774129808792 0.706231645342953 0.7694136291600633 ]

13-01-2019 12:19:04 PM - INFO -  --- Type: UNFREEZE --- 
13-01-2019 12:19:04 PM - INFO - epoch, val_loss, f2, average_precision, average_recall, hamming_score
13-01-2019 12:21:40 PM - INFO - 0, 0.17467, 0.897168, 0.815827, 0.769343, 0.824538
13-01-2019 12:34:31 PM - INFO - 5, 0.171666, 0.901689, 0.828744, 0.788341, 0.846434
13-01-2019 12:47:27 PM - INFO - 10, 0.18012, 0.900608, 0.817632, 0.786185, 0.85383
13-01-2019 12:59:52 PM - INFO - *** Earlystopping! ***
13-01-2019 12:59:52 PM - INFO - [ Saved model: best_resnet34_imgsize128_batch32_unfreeze.h5 ]
13-01-2019 12:59:52 PM - INFO - [ Results: [0.16907] 0.9056893159026609 0.8172211322898076 0.7761078012875313 0.8342313787638669 ]

13-01-2019 12:59:52 PM - INFO -  --- Batch: 32 | Img size: 256 --- 
 
13-01-2019 12:59:52 PM - INFO -  --- Type: FREEZE --- 
13-01-2019 12:59:52 PM - INFO - epoch, val_loss, f2, average_precision, average_recall, hamming_score
13-01-2019 01:02:10 PM - INFO - 0, 0.359839, 0.784021, 0.727416, 0.619727, 0.682673
13-01-2019 01:13:32 PM - INFO - 5, 0.274983, 0.828934, 0.753661, 0.644256, 0.712652
13-01-2019 01:24:59 PM - INFO - 10, 0.256083, 0.844531, 0.771196, 0.654351, 0.728658
13-01-2019 01:36:38 PM - INFO - 15, 0.250598, 0.845926, 0.772656, 0.664494, 0.736635
13-01-2019 01:48:17 PM - INFO - 20, 0.241574, 0.851048, 0.784011, 0.674378, 0.747359
13-01-2019 01:59:41 PM - INFO - 25, 0.236135, 0.854268, 0.776214, 0.685634, 0.750845
13-01-2019 02:11:31 PM - INFO - 30, 0.238183, 0.85338, 0.779703, 0.686625, 0.754781
13-01-2019 02:23:40 PM - INFO - 35, 0.231672, 0.857396, 0.783653, 0.688532, 0.757739
13-01-2019 02:35:48 PM - INFO - 40, 0.230049, 0.861096, 0.788719, 0.690492, 0.758188
13-01-2019 02:47:49 PM - INFO - 45, 0.227712, 0.862618, 0.777886, 0.688041, 0.759614
13-01-2019 02:59:19 PM - INFO - 50, 0.224359, 0.865172, 0.781923, 0.700618, 0.763629
13-01-2019 03:11:04 PM - INFO - 55, 0.225261, 0.863793, 0.785528, 0.700759, 0.766667
13-01-2019 03:22:46 PM - INFO - 60, 0.224033, 0.866543, 0.784254, 0.694269, 0.761331
13-01-2019 03:34:34 PM - INFO - 65, 0.222057, 0.865352, 0.786767, 0.709334, 0.772636
13-01-2019 03:45:47 PM - INFO - 70, 0.221697, 0.869365, 0.791609, 0.700188, 0.766244
13-01-2019 03:56:59 PM - INFO - 75, 0.222005, 0.866321, 0.785497, 0.707908, 0.771157
13-01-2019 04:08:35 PM - INFO - 80, 0.220454, 0.869626, 0.792219, 0.701199, 0.77224
13-01-2019 04:20:31 PM - INFO - 85, 0.218489, 0.87098, 0.797064, 0.708254, 0.77533
13-01-2019 04:32:42 PM - INFO - 90, 0.217829, 0.870161, 0.793776, 0.709767, 0.773745
13-01-2019 04:44:54 PM - INFO - 95, 0.219372, 0.871086, 0.791317, 0.705664, 0.770893
13-01-2019 04:57:15 PM - INFO - 100, 0.217406, 0.872318, 0.796016, 0.710921, 0.775779
13-01-2019 05:09:33 PM - INFO - 105, 0.218355, 0.871328, 0.800674, 0.712852, 0.779556
13-01-2019 05:22:02 PM - INFO - 110, 0.217183, 0.869951, 0.790717, 0.712481, 0.776651
13-01-2019 05:34:13 PM - INFO - 115, 0.218084, 0.870228, 0.784842, 0.719312, 0.779609
13-01-2019 05:43:49 PM - INFO - *** Earlystopping! ***
13-01-2019 05:43:49 PM - INFO - [ Saved model: best_resnet34_imgsize256_batch32_freeze.h5 ] 
13-01-2019 05:43:49 PM - INFO - [ Results: [0.21639] 0.8716416819420553 0.7877756029621947 0.7190622684131268 0.780216587427364 ]

13-01-2019 05:43:49 PM - INFO -  --- Type: UNFREEZE --- 
13-01-2019 05:43:49 PM - INFO - epoch, val_loss, f2, average_precision, average_recall, hamming_score
13-01-2019 05:48:05 PM - INFO - 0, 0.175823, 0.894518, 0.819247, 0.778275, 0.836793
13-01-2019 06:09:26 PM - INFO - 5, 0.17642, 0.901626, 0.830909, 0.780915, 0.845087
13-01-2019 06:30:41 PM - INFO - 10, 0.185178, 0.89567, 0.823052, 0.789012, 0.847517
13-01-2019 06:51:59 PM - INFO - 15, 0.195792, 0.891766, 0.824107, 0.772208, 0.837771
13-01-2019 07:09:04 PM - INFO - *** Earlystopping! ***
13-01-2019 07:09:04 PM - INFO - [ Saved model: best_resnet34_imgsize256_batch32_unfreeze.h5 ]
13-01-2019 07:09:04 PM - INFO - [ Results: [0.17383] 0.8992501060303408 0.8329249939277924 0.7854158188274921 0.847781299524564 ]

13-01-2019 07:09:04 PM - INFO -  --- Batch: 32 | Img size: 512 --- 
 
13-01-2019 07:09:04 PM - INFO -  --- Type: FREEZE --- 
13-01-2019 07:09:04 PM - INFO - epoch, val_loss, f2, average_precision, average_recall, hamming_score
13-01-2019 07:14:56 PM - INFO - 0, 0.396473, 0.785518, 0.76651, 0.643924, 0.694374
13-01-2019 07:44:31 PM - INFO - 5, 0.284821, 0.835234, 0.781665, 0.667114, 0.734337
13-01-2019 08:14:09 PM - INFO - 10, 0.260333, 0.845571, 0.786309, 0.674359, 0.746698
13-01-2019 08:42:59 PM - INFO - 15, 0.25688, 0.847821, 0.796272, 0.692582, 0.749155
13-01-2019 09:10:40 PM - INFO - 20, 0.244486, 0.850386, 0.797677, 0.692145, 0.759535
13-01-2019 09:38:30 PM - INFO - 25, 0.245029, 0.851914, 0.803761, 0.696841, 0.759562
13-01-2019 10:07:02 PM - INFO - 30, 0.241154, 0.853553, 0.802939, 0.707368, 0.767485
13-01-2019 10:36:30 PM - INFO - 35, 0.239349, 0.853849, 0.807306, 0.699288, 0.766825
13-01-2019 11:06:28 PM - INFO - 40, 0.238557, 0.85309, 0.80504, 0.704906, 0.762916
13-01-2019 11:36:08 PM - INFO - 45, 0.236417, 0.857014, 0.798613, 0.706406, 0.770444
14-01-2019 12:06:04 AM - INFO - 50, 0.234023, 0.859353, 0.796123, 0.71073, 0.763074
14-01-2019 12:35:57 AM - INFO - 55, 0.232998, 0.858947, 0.7983, 0.711538, 0.760909
14-01-2019 01:05:49 AM - INFO - 60, 0.233131, 0.854455, 0.802438, 0.707308, 0.763735
14-01-2019 01:35:43 AM - INFO - 65, 0.235738, 0.856171, 0.808335, 0.708322, 0.76738
14-01-2019 02:05:55 AM - INFO - 70, 0.232254, 0.857734, 0.800874, 0.714205, 0.76804
14-01-2019 02:35:57 AM - INFO - 75, 0.232054, 0.859249, 0.802673, 0.710713, 0.765954
14-01-2019 03:06:04 AM - INFO - 80, 0.23222, 0.853949, 0.814032, 0.705204, 0.766957
14-01-2019 03:35:56 AM - INFO - 85, 0.230785, 0.86066, 0.800124, 0.715218, 0.769783
14-01-2019 04:04:09 AM - INFO - 90, 0.23339, 0.856493, 0.807352, 0.71691, 0.7729
14-01-2019 04:32:42 AM - INFO - *** Earlystopping! ***
14-01-2019 04:32:42 AM - INFO - [ Saved model: best_resnet34_imgsize512_batch32_freeze.h5 ] 
14-01-2019 04:32:42 AM - INFO - [ Results: [0.22933] 0.8560122083268915 0.8054501730760292 0.7170424827348478 0.7731114632857898 ]

14-01-2019 04:32:42 AM - INFO -  --- Type: UNFREEZE --- 
14-01-2019 04:32:42 AM - INFO - epoch, val_loss, f2, average_precision, average_recall, hamming_score
14-01-2019 04:44:54 AM - INFO - 0, 0.174608, 0.893328, 0.817443, 0.794177, 0.843423
14-01-2019 05:45:49 AM - INFO - 5, 0.180027, 0.895975, 0.817078, 0.773242, 0.843053
14-01-2019 06:45:49 AM - INFO - 10, 0.192913, 0.891782, 0.808032, 0.777047, 0.838748
14-01-2019 07:45:27 AM - INFO - *** Earlystopping! ***
14-01-2019 07:45:27 AM - INFO - [ Saved model: best_resnet34_imgsize512_batch32_unfreeze.h5 ]
14-01-2019 07:45:27 AM - INFO - [ Results: [0.17194] 0.8980394896424542 0.810337080631112 0.7885331963146174 0.8394875858425778 ]

14-01-2019 07:45:27 AM - INFO -  ************************** 
14-01-2019 07:45:27 AM - INFO - COPYPASTE: resnet34 | IMS: 64 -> 512 | BS: 32
14-01-2019 07:45:27 AM - INFO - COPYPASTE: [0.17194] 0.8980394896424542 0.810337080631112 0.7885331963146174 0.8394875858425778 
14-01-2019 07:45:27 AM - INFO -  ************************** 

14-01-2019 07:45:27 AM - INFO -  --- INCREMENTING BATCH SIZE --- 

14-01-2019 07:45:27 AM - INFO -  --- Batch: 64 | Img size: 64 --- 
 
14-01-2019 07:45:28 AM - INFO -  --- Type: FREEZE --- 
14-01-2019 07:45:28 AM - INFO - epoch, val_loss, f2, average_precision, average_recall, hamming_score
14-01-2019 07:46:57 AM - INFO - 0, 0.494094, 0.764603, 0.607223, 0.560991, 0.590386
14-01-2019 07:53:54 AM - INFO - 5, 0.333006, 0.815593, 0.688222, 0.608401, 0.673428
14-01-2019 08:00:53 AM - INFO - 10, 0.294294, 0.831418, 0.699414, 0.619734, 0.691627
14-01-2019 08:07:48 AM - INFO - 15, 0.284429, 0.832786, 0.704079, 0.61923, 0.699313
14-01-2019 08:14:41 AM - INFO - 20, 0.271695, 0.842463, 0.709684, 0.630592, 0.708901
14-01-2019 08:21:57 AM - INFO - 25, 0.265557, 0.843665, 0.718778, 0.628044, 0.713339
14-01-2019 08:29:00 AM - INFO - 30, 0.264772, 0.844795, 0.719286, 0.625537, 0.70898
14-01-2019 08:36:17 AM - INFO - 35, 0.258034, 0.84699, 0.718931, 0.63209, 0.717987
14-01-2019 08:43:32 AM - INFO - 40, 0.257123, 0.846331, 0.718235, 0.630485, 0.717776
14-01-2019 08:50:47 AM - INFO - 45, 0.252585, 0.850615, 0.727546, 0.634116, 0.722583
14-01-2019 08:58:05 AM - INFO - 50, 0.250635, 0.849855, 0.729079, 0.631267, 0.72327
14-01-2019 09:05:11 AM - INFO - 55, 0.250279, 0.84953, 0.721696, 0.637549, 0.722425
14-01-2019 09:12:43 AM - INFO - 60, 0.250959, 0.850035, 0.726049, 0.641048, 0.725568
14-01-2019 09:19:52 AM - INFO - 65, 0.248092, 0.849557, 0.722805, 0.643382, 0.725858
14-01-2019 09:27:06 AM - INFO - 70, 0.247661, 0.851652, 0.718642, 0.64606, 0.730137
14-01-2019 09:34:18 AM - INFO - 75, 0.24537, 0.852522, 0.733416, 0.638222, 0.728473
14-01-2019 09:41:50 AM - INFO - 80, 0.245395, 0.850802, 0.727435, 0.645621, 0.732805
14-01-2019 09:49:30 AM - INFO - 85, 0.242958, 0.852554, 0.735211, 0.642431, 0.732726
14-01-2019 09:57:07 AM - INFO - 90, 0.242177, 0.852055, 0.750482, 0.646023, 0.733835
14-01-2019 10:04:47 AM - INFO - 95, 0.241631, 0.853226, 0.754674, 0.649427, 0.726492
14-01-2019 10:12:43 AM - INFO - 100, 0.24004, 0.853537, 0.737775, 0.659178, 0.739223
14-01-2019 10:20:30 AM - INFO - 105, 0.241793, 0.853456, 0.75322, 0.64489, 0.730217
14-01-2019 10:28:18 AM - INFO - 110, 0.240296, 0.853379, 0.755383, 0.665923, 0.73851
14-01-2019 10:36:01 AM - INFO - 115, 0.241302, 0.853825, 0.752046, 0.662889, 0.739857
14-01-2019 10:43:44 AM - INFO - 120, 0.239283, 0.853374, 0.751733, 0.661809, 0.737163
14-01-2019 10:51:36 AM - INFO - 125, 0.240338, 0.853347, 0.750066, 0.653279, 0.735948
14-01-2019 10:59:16 AM - INFO - 130, 0.239176, 0.853231, 0.748439, 0.658818, 0.737665
14-01-2019 11:06:55 AM - INFO - 135, 0.238942, 0.853322, 0.758013, 0.668146, 0.737216
14-01-2019 11:14:44 AM - INFO - 140, 0.238007, 0.85316, 0.755385, 0.655515, 0.735711
14-01-2019 11:22:22 AM - INFO - 145, 0.236712, 0.854715, 0.754729, 0.657122, 0.738457
14-01-2019 11:29:56 AM - INFO - 150, 0.236012, 0.854301, 0.759556, 0.667874, 0.739593
14-01-2019 11:37:35 AM - INFO - 155, 0.23581, 0.855805, 0.759454, 0.660495, 0.738299
14-01-2019 11:45:08 AM - INFO - 160, 0.234889, 0.856515, 0.766233, 0.668612, 0.746962
14-01-2019 11:52:49 AM - INFO - 165, 0.234709, 0.856232, 0.761356, 0.668141, 0.745695
14-01-2019 12:00:27 PM - INFO - 170, 0.233049, 0.857568, 0.766023, 0.668732, 0.742499
14-01-2019 12:08:04 PM - INFO - 175, 0.233055, 0.857465, 0.768131, 0.66621, 0.741204
14-01-2019 12:15:42 PM - INFO - 180, 0.23317, 0.85734, 0.76678, 0.669778, 0.744717
14-01-2019 12:23:22 PM - INFO - 185, 0.232683, 0.857214, 0.76883, 0.672496, 0.748283
14-01-2019 12:30:56 PM - INFO - 190, 0.232602, 0.855259, 0.76445, 0.669352, 0.751981
14-01-2019 12:33:58 PM - INFO - *** Earlystopping! ***
14-01-2019 12:33:58 PM - INFO - [ Saved model: best_resnet34_imgsize64_batch64_freeze.h5 ] 
14-01-2019 12:33:58 PM - INFO - [ Results: [0.23219] 0.8562900174705482 0.7633480380634622 0.6750216703274534 0.7478341257263602 ]

14-01-2019 12:33:58 PM - INFO -  --- Type: UNFREEZE --- 
14-01-2019 12:33:58 PM - INFO - epoch, val_loss, f2, average_precision, average_recall, hamming_score
14-01-2019 12:35:34 PM - INFO - 0, 0.188053, 0.887488, 0.837967, 0.814919, 0.818621
14-01-2019 12:43:40 PM - INFO - 5, 0.177952, 0.89169, 0.859795, 0.824295, 0.841706
14-01-2019 12:51:42 PM - INFO - 10, 0.188331, 0.888967, 0.853159, 0.821777, 0.835869
14-01-2019 12:59:56 PM - INFO - 15, 0.187501, 0.890541, 0.854688, 0.829964, 0.844083
14-01-2019 01:01:33 PM - INFO - *** Earlystopping! ***
14-01-2019 01:01:33 PM - INFO - [ Saved model: best_resnet34_imgsize64_batch64_unfreeze.h5 ]
14-01-2019 01:01:33 PM - INFO - [ Results: [0.17594] 0.8927046801707029 0.8474631538878235 0.8256889270148784 0.8388272583201267 ]

14-01-2019 01:01:33 PM - INFO -  --- Batch: 64 | Img size: 128 --- 
 
14-01-2019 01:01:33 PM - INFO -  --- Type: FREEZE --- 
14-01-2019 01:01:33 PM - INFO - epoch, val_loss, f2, average_precision, average_recall, hamming_score
14-01-2019 01:03:10 PM - INFO - 0, 0.319824, 0.794724, 0.720897, 0.596577, 0.676572
14-01-2019 01:11:26 PM - INFO - 5, 0.277336, 0.819866, 0.732829, 0.629658, 0.710169
14-01-2019 01:18:16 PM - INFO - 10, 0.265478, 0.828446, 0.773079, 0.656246, 0.720048
14-01-2019 01:25:11 PM - INFO - 15, 0.262587, 0.83182, 0.776231, 0.663866, 0.723745
14-01-2019 01:32:06 PM - INFO - 20, 0.256202, 0.836285, 0.808043, 0.671059, 0.731115
14-01-2019 01:38:56 PM - INFO - 25, 0.25318, 0.839313, 0.801202, 0.667007, 0.731564
14-01-2019 01:45:50 PM - INFO - 30, 0.252411, 0.840211, 0.795858, 0.680724, 0.732752
14-01-2019 01:52:47 PM - INFO - 35, 0.248355, 0.84193, 0.811538, 0.688135, 0.746144
14-01-2019 01:59:32 PM - INFO - 40, 0.245843, 0.84438, 0.800285, 0.701077, 0.748679
14-01-2019 02:06:22 PM - INFO - 45, 0.244172, 0.843112, 0.816, 0.70586, 0.751664
14-01-2019 02:13:12 PM - INFO - 50, 0.243493, 0.846402, 0.804833, 0.711335, 0.752404
14-01-2019 02:20:06 PM - INFO - 55, 0.242545, 0.845421, 0.805989, 0.712824, 0.7528
14-01-2019 02:27:03 PM - INFO - 60, 0.242406, 0.845726, 0.806799, 0.713999, 0.753936
14-01-2019 02:33:52 PM - INFO - 65, 0.241158, 0.8461, 0.814762, 0.716011, 0.757765
14-01-2019 02:40:32 PM - INFO - 70, 0.239076, 0.845983, 0.818092, 0.719091, 0.757132
14-01-2019 02:47:21 PM - INFO - 75, 0.238604, 0.848383, 0.819697, 0.72306, 0.757845
14-01-2019 02:54:15 PM - INFO - 80, 0.23709, 0.846776, 0.818954, 0.726043, 0.762071
14-01-2019 03:00:59 PM - INFO - 85, 0.235142, 0.849991, 0.819786, 0.731633, 0.765293
14-01-2019 03:07:46 PM - INFO - 90, 0.234688, 0.85035, 0.820181, 0.73194, 0.766191
14-01-2019 03:14:34 PM - INFO - 95, 0.233337, 0.850233, 0.823463, 0.723406, 0.764184
14-01-2019 03:21:31 PM - INFO - 100, 0.233603, 0.851421, 0.819921, 0.735506, 0.768542
14-01-2019 03:28:20 PM - INFO - 105, 0.233639, 0.851781, 0.823081, 0.730628, 0.765161
14-01-2019 03:34:53 PM - INFO - 110, 0.233509, 0.850799, 0.823218, 0.733963, 0.768172
14-01-2019 03:41:30 PM - INFO - 115, 0.233059, 0.849861, 0.824296, 0.730481, 0.767908
14-01-2019 03:48:01 PM - INFO - 120, 0.232435, 0.851786, 0.816184, 0.736725, 0.76738
14-01-2019 03:54:27 PM - INFO - 125, 0.232587, 0.850801, 0.822929, 0.73053, 0.765663
14-01-2019 04:00:58 PM - INFO - 130, 0.232498, 0.851718, 0.823887, 0.733384, 0.769202
14-01-2019 04:07:50 PM - INFO - 135, 0.230577, 0.852379, 0.823735, 0.735363, 0.770048
14-01-2019 04:14:50 PM - INFO - 140, 0.230749, 0.851822, 0.825524, 0.724359, 0.76421
14-01-2019 04:21:45 PM - INFO - 145, 0.23014, 0.852416, 0.823035, 0.729185, 0.765716
14-01-2019 04:28:48 PM - INFO - 150, 0.23016, 0.855028, 0.820606, 0.729483, 0.766508
14-01-2019 04:35:55 PM - INFO - 155, 0.229112, 0.857994, 0.825858, 0.73157, 0.767301
14-01-2019 04:43:10 PM - INFO - 160, 0.22914, 0.854997, 0.823902, 0.729495, 0.767248
14-01-2019 04:50:24 PM - INFO - 165, 0.228138, 0.856057, 0.825082, 0.732214, 0.770074
14-01-2019 04:57:30 PM - INFO - 170, 0.229414, 0.858702, 0.818187, 0.735025, 0.76944
14-01-2019 05:04:29 PM - INFO - 175, 0.227445, 0.857755, 0.827126, 0.728529, 0.768991
14-01-2019 05:11:33 PM - INFO - 180, 0.227094, 0.85657, 0.821501, 0.737648, 0.772293
14-01-2019 05:18:38 PM - INFO - 185, 0.226271, 0.858213, 0.819519, 0.73678, 0.772319
14-01-2019 05:25:30 PM - INFO - 190, 0.228252, 0.856929, 0.82252, 0.733704, 0.771236
14-01-2019 05:32:35 PM - INFO - 195, 0.22606, 0.858378, 0.820389, 0.73326, 0.77084
14-01-2019 05:39:40 PM - INFO - 200, 0.225824, 0.861334, 0.825726, 0.738554, 0.774511
14-01-2019 05:46:43 PM - INFO - 205, 0.225606, 0.862047, 0.824499, 0.741324, 0.774617
14-01-2019 05:53:51 PM - INFO - 210, 0.224771, 0.860201, 0.82171, 0.739392, 0.772874
14-01-2019 06:00:46 PM - INFO - 215, 0.225036, 0.861608, 0.825904, 0.739191, 0.774406
14-01-2019 06:07:48 PM - INFO - 220, 0.226035, 0.858475, 0.842916, 0.744799, 0.773851
14-01-2019 06:13:28 PM - INFO - *** Earlystopping! ***
14-01-2019 06:13:28 PM - INFO - [ Saved model: best_resnet34_imgsize128_batch64_freeze.h5 ] 
14-01-2019 06:13:28 PM - INFO - [ Results: [0.22445] 0.8594523698914734 0.8266590716359027 0.7393102776202573 0.7739566825145272 ]

14-01-2019 06:13:28 PM - INFO -  --- Type: UNFREEZE --- 
14-01-2019 06:13:28 PM - INFO - epoch, val_loss, f2, average_precision, average_recall, hamming_score
14-01-2019 06:15:18 PM - INFO - 0, 0.181472, 0.892373, 0.843955, 0.823806, 0.832356
14-01-2019 06:24:14 PM - INFO - 5, 0.182502, 0.894116, 0.863889, 0.834059, 0.846064
14-01-2019 06:33:08 PM - INFO - 10, 0.18651, 0.897905, 0.886524, 0.846336, 0.852007
14-01-2019 06:40:15 PM - INFO - *** Earlystopping! ***
14-01-2019 06:40:15 PM - INFO - [ Saved model: best_resnet34_imgsize128_batch64_unfreeze.h5 ]
14-01-2019 06:40:15 PM - INFO - [ Results: [0.17874] 0.8984667083132342 0.8627374607116665 0.8350018011556165 0.8443211833069202 ]

14-01-2019 06:40:15 PM - INFO -  --- Batch: 64 | Img size: 256 --- 
 
14-01-2019 06:40:15 PM - INFO -  --- Type: FREEZE --- 
14-01-2019 06:40:15 PM - INFO - epoch, val_loss, f2, average_precision, average_recall, hamming_score
14-01-2019 06:42:10 PM - INFO - 0, 0.359052, 0.779854, 0.776287, 0.652783, 0.669255
14-01-2019 06:51:44 PM - INFO - 5, 0.288613, 0.815412, 0.797369, 0.676758, 0.704464
14-01-2019 07:01:21 PM - INFO - 10, 0.271229, 0.828479, 0.809813, 0.697145, 0.723666
14-01-2019 07:11:00 PM - INFO - 15, 0.261574, 0.834314, 0.808874, 0.712908, 0.734099
14-01-2019 07:20:34 PM - INFO - 20, 0.253506, 0.841544, 0.806362, 0.712034, 0.736265
14-01-2019 07:30:11 PM - INFO - 25, 0.250191, 0.844798, 0.812267, 0.715043, 0.736371
14-01-2019 07:39:39 PM - INFO - 30, 0.247889, 0.847471, 0.81111, 0.720288, 0.737507
14-01-2019 07:49:10 PM - INFO - 35, 0.244029, 0.848317, 0.811753, 0.728846, 0.741521
14-01-2019 07:58:35 PM - INFO - 40, 0.23997, 0.856424, 0.810018, 0.727564, 0.742763
14-01-2019 08:08:07 PM - INFO - 45, 0.237868, 0.855683, 0.815684, 0.731331, 0.751743
14-01-2019 08:17:34 PM - INFO - 50, 0.236911, 0.858022, 0.81065, 0.739391, 0.754385
14-01-2019 08:27:00 PM - INFO - 55, 0.235673, 0.85957, 0.80845, 0.733407, 0.752404
14-01-2019 08:36:40 PM - INFO - 60, 0.237584, 0.856134, 0.811305, 0.737466, 0.752324
14-01-2019 08:46:39 PM - INFO - 65, 0.237334, 0.857766, 0.810017, 0.731115, 0.746091
14-01-2019 08:56:32 PM - INFO - 70, 0.234634, 0.86356, 0.80616, 0.744126, 0.759614
14-01-2019 09:06:25 PM - INFO - 75, 0.23244, 0.863374, 0.815657, 0.743324, 0.758611
14-01-2019 09:16:13 PM - INFO - 80, 0.230141, 0.86577, 0.818322, 0.735615, 0.761226
14-01-2019 09:26:04 PM - INFO - 85, 0.23097, 0.866167, 0.82189, 0.743865, 0.766482
14-01-2019 09:35:10 PM - INFO - 90, 0.230691, 0.866535, 0.820571, 0.742415, 0.763154
14-01-2019 09:44:09 PM - INFO - 95, 0.22985, 0.863615, 0.819839, 0.742332, 0.764131
14-01-2019 09:53:05 PM - INFO - 100, 0.228096, 0.868553, 0.817523, 0.749775, 0.770338
14-01-2019 10:02:08 PM - INFO - 105, 0.228389, 0.868065, 0.825433, 0.747163, 0.768278
14-01-2019 10:11:05 PM - INFO - 110, 0.23017, 0.866109, 0.816102, 0.743255, 0.760644
14-01-2019 10:16:21 PM - INFO - *** Earlystopping! ***
14-01-2019 10:16:21 PM - INFO - [ Saved model: best_resnet34_imgsize256_batch64_freeze.h5 ] 
14-01-2019 10:16:21 PM - INFO - [ Results: [0.2281] 0.8685531542169735 0.8175231218298691 0.7497746905842964 0.770338087691495 ]

14-01-2019 10:16:21 PM - INFO -  --- Type: UNFREEZE --- 
14-01-2019 10:16:21 PM - INFO - epoch, val_loss, f2, average_precision, average_recall, hamming_score
14-01-2019 10:19:26 PM - INFO - 0, 0.180033, 0.896487, 0.866601, 0.822429, 0.838669
14-01-2019 10:35:08 PM - INFO - 5, 0.17594, 0.899452, 0.88548, 0.83643, 0.852905
14-01-2019 10:51:12 PM - INFO - 10, 0.181022, 0.893577, 0.882335, 0.849043, 0.851215
14-01-2019 11:07:25 PM - INFO - 15, 0.184958, 0.895997, 0.877433, 0.843858, 0.847913
14-01-2019 11:20:19 PM - INFO - *** Earlystopping! ***
14-01-2019 11:20:19 PM - INFO - [ Saved model: best_resnet34_imgsize256_batch64_unfreeze.h5 ]
14-01-2019 11:20:19 PM - INFO - [ Results: [0.17585] 0.8984991169984277 0.8870915201563939 0.8355661916315488 0.8535393555203381 ]

14-01-2019 11:20:19 PM - INFO -  --- Batch: 64 | Img size: 512 --- 
 
14-01-2019 11:20:19 PM - INFO -  --- Type: FREEZE --- 
14-01-2019 11:20:19 PM - INFO - epoch, val_loss, f2, average_precision, average_recall, hamming_score
14-01-2019 11:25:43 PM - INFO - 0, 0.353177, 0.790603, 0.828428, 0.695756, 0.701532
14-01-2019 11:52:13 PM - INFO - 5, 0.296476, 0.82652, 0.816621, 0.716076, 0.732488
15-01-2019 12:18:50 AM - INFO - 10, 0.277515, 0.836408, 0.844103, 0.724691, 0.750845
15-01-2019 12:45:11 AM - INFO - 15, 0.268931, 0.841003, 0.846919, 0.728922, 0.755335
15-01-2019 01:11:46 AM - INFO - 20, 0.260209, 0.842054, 0.849762, 0.72444, 0.75589
15-01-2019 01:38:14 AM - INFO - 25, 0.256475, 0.84293, 0.84308, 0.731514, 0.756471
15-01-2019 02:04:48 AM - INFO - 30, 0.257064, 0.844414, 0.849697, 0.723922, 0.756286
15-01-2019 02:31:29 AM - INFO - 35, 0.250248, 0.846068, 0.844165, 0.733335, 0.759641
15-01-2019 02:57:58 AM - INFO - 40, 0.249946, 0.84826, 0.850039, 0.732265, 0.762942
15-01-2019 03:24:31 AM - INFO - 45, 0.247466, 0.84804, 0.849078, 0.736565, 0.761622
15-01-2019 03:50:51 AM - INFO - 50, 0.247826, 0.847301, 0.845877, 0.73343, 0.754834
15-01-2019 04:17:16 AM - INFO - 55, 0.247497, 0.846457, 0.851561, 0.727591, 0.756683
15-01-2019 04:43:49 AM - INFO - 60, 0.246165, 0.848409, 0.854401, 0.73014, 0.764342
15-01-2019 05:10:00 AM - INFO - 65, 0.248167, 0.848242, 0.851689, 0.725393, 0.757343
15-01-2019 05:36:25 AM - INFO - 70, 0.243333, 0.85073, 0.848888, 0.73564, 0.762097
15-01-2019 06:02:46 AM - INFO - 75, 0.243886, 0.851783, 0.842206, 0.742373, 0.764316
15-01-2019 06:29:12 AM - INFO - 80, 0.243483, 0.850954, 0.840261, 0.738337, 0.760909
15-01-2019 06:55:40 AM - INFO - 85, 0.243473, 0.851985, 0.849451, 0.742413, 0.764395
15-01-2019 07:22:09 AM - INFO - 90, 0.242466, 0.852854, 0.846831, 0.736712, 0.766587
15-01-2019 07:48:34 AM - INFO - 95, 0.243452, 0.85346, 0.842903, 0.74331, 0.768965
15-01-2019 08:12:25 AM - INFO - 100, 0.243888, 0.851638, 0.83801, 0.744691, 0.76384
15-01-2019 08:35:03 AM - INFO - 105, 0.243122, 0.854476, 0.84563, 0.74515, 0.766191
15-01-2019 08:57:38 AM - INFO - 110, 0.242264, 0.854754, 0.849639, 0.740564, 0.767776
15-01-2019 09:15:45 AM - INFO - *** Earlystopping! ***
15-01-2019 09:15:45 AM - INFO - [ Saved model: best_resnet34_imgsize512_batch64_freeze.h5 ] 
15-01-2019 09:15:45 AM - INFO - [ Results: [0.24171] 0.8553426113137711 0.847551458776671 0.7439509577445438 0.7667723190702588 ]

15-01-2019 09:15:45 AM - INFO -  --- Type: UNFREEZE --- 
15-01-2019 09:15:45 AM - INFO - epoch, val_loss, f2, average_precision, average_recall, hamming_score
15-01-2019 09:24:14 AM - INFO - 0, 0.185389, 0.892806, 0.848361, 0.813202, 0.830824
15-01-2019 10:06:36 AM - INFO - 5, 0.179422, 0.892167, 0.853232, 0.826082, 0.841521
15-01-2019 10:48:40 AM - INFO - 10, 0.185398, 0.889303, 0.87619, 0.828853, 0.842235
15-01-2019 11:31:01 AM - INFO - 15, 0.189335, 0.888746, 0.8405, 0.81721, 0.836371
15-01-2019 11:47:59 AM - INFO - *** Earlystopping! ***
15-01-2019 11:47:59 AM - INFO - [ Saved model: best_resnet34_imgsize512_batch64_unfreeze.h5 ]
15-01-2019 11:47:59 AM - INFO - [ Results: [0.17719] 0.8946459935537545 0.8750242142744376 0.8285815790119808 0.8457474907554147 ]

15-01-2019 11:47:59 AM - INFO -  ************************** 
15-01-2019 11:47:59 AM - INFO - COPYPASTE: resnet34 | IMS: 64 -> 512 | BS: 64
15-01-2019 11:47:59 AM - INFO - COPYPASTE: [0.17719] 0.8946459935537545 0.8750242142744376 0.8285815790119808 0.8457474907554147 
15-01-2019 11:47:59 AM - INFO -  ************************** 

15-01-2019 11:47:59 AM - INFO -     ----- *** END: resnet34 *** ----- 

