28-10-2018 10:55:57 PM - INFO -  [ ------ EXPERIMENT: FIRST_SEARCH_OVERVIEW ------ ] 

28-10-2018 10:55:57 PM - INFO -  --- PARAMETERS: --- 
28-10-2018 10:55:57 PM - INFO - Predefined metrics: [val_loss], f2, average_precision, average_recall, hamming_score
28-10-2018 10:55:57 PM - INFO - Predefined architecutres: resnet34, resnet50, resnext50
28-10-2018 10:55:57 PM - INFO - Predefined batch sizes: 8, 16, 32, 64
28-10-2018 10:55:57 PM - INFO - Predefined image sizes: 64, 128, 256, 512
28-10-2018 10:55:57 PM - INFO - Dropout: 0.5
28-10-2018 10:55:57 PM - INFO - Earlystopping after: 10 epochs.
28-10-2018 10:55:57 PM - INFO - Log every 10 epochs.
28-10-2018 10:55:57 PM - INFO - GPU: 0 | Available: 1 

28-10-2018 10:55:57 PM - INFO -     ----- *** RESNET34 *** ----- 

28-10-2018 10:56:49 PM - INFO -  Learning rate = 0.024302
28-10-2018 10:56:49 PM - INFO -  Learning rates = [0.00243, 0.00486, 0.008101, 0.024302] 

28-10-2018 10:56:49 PM - INFO -  --- Batch: 8 | Img size: 64 --- 
 
28-10-2018 10:56:49 PM - INFO -  --- Type: FREEZE --- 
28-10-2018 10:56:49 PM - INFO - epoch, val_loss, f2, average_precision, average_recall, hamming_score
28-10-2018 10:57:52 PM - INFO - 0, 0.346006, 0.78185, 0.410563, 0.392142, 0.641086
28-10-2018 11:08:18 PM - INFO - 10, 0.31058, 0.803079, 0.45476, 0.435081, 0.66618
28-10-2018 11:18:42 PM - INFO - 20, 0.307008, 0.80057, 0.442466, 0.41827, 0.671273
28-10-2018 11:29:06 PM - INFO - 30, 0.299987, 0.814865, 0.463764, 0.430404, 0.677903
28-10-2018 11:35:20 PM - INFO - *** Earlystopping! ***
28-10-2018 11:35:20 PM - INFO - [ Saved model: best_resnet34_imgsize64_batch8_freeze.h5 ] 
28-10-2018 11:35:20 PM - INFO - [ Results: [0.30355] 0.8102786850425734 0.4749078957425667 0.42861117480700145 0.6597378277153557 ]

28-10-2018 11:35:20 PM - INFO -  --- Type: UNFREEZE --- 
28-10-2018 11:35:20 PM - INFO - epoch, val_loss, f2, average_precision, average_recall, hamming_score
28-10-2018 11:36:30 PM - INFO - 0, 0.383494, 0.756534, 0.332708, 0.34864, 0.591985
28-10-2018 11:48:16 PM - INFO - 10, 0.345077, 0.770805, 0.424676, 0.349687, 0.605955
29-10-2018 12:00:02 AM - INFO - 20, 0.337936, 0.780321, 0.39234, 0.353466, 0.626929
29-10-2018 12:11:51 AM - INFO - 30, 0.28074, 0.814822, 0.473907, 0.452462, 0.703858
29-10-2018 12:23:36 AM - INFO - *** Earlystopping! ***
29-10-2018 12:23:36 AM - INFO - [ Saved model: best_resnet34_imgsize64_batch8_unfreeze.h5 ]
29-10-2018 12:23:36 AM - INFO - [ Results: [0.29959] 0.7979289722406396 0.43754796300542687 0.4247512038523275 0.6819475655430712 ]

29-10-2018 12:23:36 AM - INFO -  --- Batch: 8 | Img size: 128 --- 
 
29-10-2018 12:23:36 AM - INFO -  --- Type: FREEZE --- 
29-10-2018 12:23:36 AM - INFO - epoch, val_loss, f2, average_precision, average_recall, hamming_score
29-10-2018 12:24:41 AM - INFO - 0, 0.360439, 0.767952, 0.400439, 0.379381, 0.616742
29-10-2018 12:35:29 AM - INFO - 10, 0.326884, 0.798552, 0.435607, 0.390478, 0.641573
29-10-2018 12:46:15 AM - INFO - 20, 0.324388, 0.802305, 0.465819, 0.404314, 0.642697
29-10-2018 12:57:01 AM - INFO - 30, 0.319321, 0.808263, 0.435846, 0.378985, 0.639513
29-10-2018 01:07:56 AM - INFO - 40, 0.319121, 0.806775, 0.435337, 0.385216, 0.640637
29-10-2018 01:18:49 AM - INFO - 50, 0.308506, 0.806592, 0.48288, 0.438704, 0.672846
29-10-2018 01:29:34 AM - INFO - 60, 0.312699, 0.806553, 0.465941, 0.414576, 0.654682
29-10-2018 01:40:12 AM - INFO - 70, 0.311351, 0.806882, 0.476064, 0.437355, 0.668539
29-10-2018 01:48:42 AM - INFO - *** Earlystopping! ***
29-10-2018 01:48:42 AM - INFO - [ Saved model: best_resnet34_imgsize128_batch8_freeze.h5 ] 
29-10-2018 01:48:42 AM - INFO - [ Results: [0.30876] 0.8072806222700122 0.46888328365053894 0.42137430253000074 0.66498127340824 ]

29-10-2018 01:48:42 AM - INFO -  --- Type: UNFREEZE --- 
29-10-2018 01:48:42 AM - INFO - epoch, val_loss, f2, average_precision, average_recall, hamming_score
29-10-2018 01:49:58 AM - INFO - 0, 0.298644, 0.80595, 0.44729, 0.433926, 0.682697
29-10-2018 02:02:43 AM - INFO - 10, 0.267939, 0.829578, 0.497129, 0.484294, 0.709513
29-10-2018 02:15:27 AM - INFO - 20, 0.257638, 0.83144, 0.490751, 0.482185, 0.735019
29-10-2018 02:21:48 AM - INFO - *** Earlystopping! ***
29-10-2018 02:21:48 AM - INFO - [ Saved model: best_resnet34_imgsize128_batch8_unfreeze.h5 ]
29-10-2018 02:21:48 AM - INFO - [ Results: [0.25272] 0.8316466441340338 0.5077933195750212 0.49652067568600505 0.7402247191011238 ]

29-10-2018 02:21:48 AM - INFO -  --- Batch: 8 | Img size: 256 --- 
 
29-10-2018 02:21:48 AM - INFO -  --- Type: FREEZE --- 
29-10-2018 02:21:48 AM - INFO - epoch, val_loss, f2, average_precision, average_recall, hamming_score
29-10-2018 02:22:16 AM - INFO - 0, 0.356638, 0.760839, 0.42824, 0.38024, 0.604719
29-10-2018 02:26:52 AM - INFO - 10, 0.308814, 0.798714, 0.45216, 0.430623, 0.667378
29-10-2018 02:31:27 AM - INFO - 20, 0.300955, 0.806135, 0.462326, 0.443307, 0.68367
29-10-2018 02:36:02 AM - INFO - 30, 0.299349, 0.808767, 0.462584, 0.434226, 0.67618
29-10-2018 02:40:36 AM - INFO - 40, 0.292852, 0.811822, 0.462899, 0.424189, 0.666854
29-10-2018 02:45:11 AM - INFO - 50, 0.292813, 0.809145, 0.472111, 0.449275, 0.678764
29-10-2018 02:49:46 AM - INFO - 60, 0.289332, 0.811457, 0.466889, 0.435024, 0.680861
29-10-2018 02:54:21 AM - INFO - 70, 0.290124, 0.810008, 0.463451, 0.448978, 0.687266
29-10-2018 02:58:55 AM - INFO - 80, 0.290074, 0.814914, 0.462968, 0.456704, 0.68236
29-10-2018 03:00:18 AM - INFO - *** Earlystopping! ***
29-10-2018 03:00:18 AM - INFO - [ Saved model: best_resnet34_imgsize256_batch8_freeze.h5 ] 
29-10-2018 03:00:18 AM - INFO - [ Results: [0.28903] 0.809520001417243 0.4902690514408009 0.4672307574715279 0.684494382022472 ]

29-10-2018 03:00:18 AM - INFO -  --- Type: UNFREEZE --- 
29-10-2018 03:00:18 AM - INFO - epoch, val_loss, f2, average_precision, average_recall, hamming_score
29-10-2018 03:01:20 AM - INFO - 0, 0.276035, 0.823558, 0.485029, 0.458302, 0.707491
29-10-2018 03:11:40 AM - INFO - 10, 0.269593, 0.82278, 0.501997, 0.467611, 0.71573
29-10-2018 03:22:00 AM - INFO - 20, 0.292186, 0.806612, 0.486757, 0.461148, 0.714195
29-10-2018 03:32:21 AM - INFO - 30, 0.243418, 0.836572, 0.54582, 0.525172, 0.74779
29-10-2018 03:40:35 AM - INFO - *** Earlystopping! ***
29-10-2018 03:40:35 AM - INFO - [ Saved model: best_resnet34_imgsize256_batch8_unfreeze.h5 ]
29-10-2018 03:40:35 AM - INFO - [ Results: [0.2523] 0.8314457035545324 0.5137414965986393 0.4972208209126347 0.7398501872659178 ]

29-10-2018 03:40:35 AM - INFO -  --- Batch: 8 | Img size: 512 --- 
 
29-10-2018 03:40:35 AM - INFO -  --- Type: FREEZE --- 
29-10-2018 03:40:35 AM - INFO - epoch, val_loss, f2, average_precision, average_recall, hamming_score
29-10-2018 03:42:06 AM - INFO - 0, 0.360827, 0.766767, 0.435645, 0.37097, 0.59633
29-10-2018 03:57:17 AM - INFO - 10, 0.297247, 0.807039, 0.463872, 0.425523, 0.661049
29-10-2018 04:12:29 AM - INFO - 20, 0.288963, 0.807174, 0.465052, 0.443878, 0.672285
29-10-2018 04:27:40 AM - INFO - 30, 0.285987, 0.811879, 0.46175, 0.439063, 0.67236
29-10-2018 04:36:43 AM - INFO - *** Earlystopping! ***
29-10-2018 04:36:43 AM - INFO - [ Saved model: best_resnet34_imgsize512_batch8_freeze.h5 ] 
29-10-2018 04:36:43 AM - INFO - [ Results: [0.28523] 0.8130347768305645 0.46489566613162114 0.45633417411908583 0.6833333333333332 ]

29-10-2018 04:36:43 AM - INFO -  --- Type: UNFREEZE --- 
29-10-2018 04:36:43 AM - INFO - epoch, val_loss, f2, average_precision, average_recall, hamming_score
29-10-2018 04:40:30 AM - INFO - 0, 0.264287, 0.826436, 0.513628, 0.480174, 0.725805
29-10-2018 05:18:19 AM - INFO - 10, 0.246141, 0.838447, 0.523366, 0.498639, 0.727903
29-10-2018 05:56:09 AM - INFO - 20, 0.256988, 0.824874, 0.559453, 0.521576, 0.733184
29-10-2018 06:34:00 AM - INFO - 30, 0.226295, 0.849202, 0.555178, 0.545153, 0.763333
29-10-2018 07:11:50 AM - INFO - 40, 0.232529, 0.846858, 0.53366, 0.532069, 0.752434
29-10-2018 07:15:36 AM - INFO - *** Earlystopping! ***
29-10-2018 07:15:36 AM - INFO - [ Saved model: best_resnet34_imgsize512_batch8_unfreeze.h5 ]
29-10-2018 07:15:36 AM - INFO -  ************************** 
29-10-2018 07:15:36 AM - INFO - COPYPASTE: resnet34 | IM: 512 | BS: 8
29-10-2018 07:15:36 AM - INFO - COPYPASTE: [0.2328] 0.8471707969233802 0.5426156080409694 0.5345410074142017 0.7615730337078651 
29-10-2018 07:15:36 AM - INFO -  ************************** 

29-10-2018 07:15:36 AM - INFO -  --- INCREMENTING BATCH SIZE --- 

29-10-2018 07:15:36 AM - INFO -  --- Batch: 16 | Img size: 64 --- 
 
29-10-2018 07:15:36 AM - INFO -  --- Type: FREEZE --- 
29-10-2018 07:15:36 AM - INFO - epoch, val_loss, f2, average_precision, average_recall, hamming_score
29-10-2018 07:16:08 AM - INFO - 0, 0.437885, 0.714197, 0.333795, 0.349895, 0.539363
29-10-2018 07:21:37 AM - INFO - 10, 0.372135, 0.772749, 0.381121, 0.359908, 0.592172
29-10-2018 07:27:05 AM - INFO - 20, 0.357821, 0.769041, 0.398705, 0.395163, 0.626629
29-10-2018 07:32:30 AM - INFO - 30, 0.354883, 0.774482, 0.41037, 0.383046, 0.6197
29-10-2018 07:37:54 AM - INFO - 40, 0.349738, 0.773675, 0.409739, 0.401477, 0.633933
29-10-2018 07:43:21 AM - INFO - 50, 0.343748, 0.780689, 0.420726, 0.400668, 0.635843
29-10-2018 07:48:46 AM - INFO - 60, 0.345743, 0.78148, 0.419657, 0.398487, 0.632434
29-10-2018 07:54:11 AM - INFO - 70, 0.34316, 0.779198, 0.412499, 0.404989, 0.638277
29-10-2018 07:59:36 AM - INFO - 80, 0.338467, 0.784258, 0.421542, 0.414353, 0.646554
29-10-2018 08:05:01 AM - INFO - 90, 0.33954, 0.776935, 0.407823, 0.418897, 0.649363
29-10-2018 08:10:26 AM - INFO - 100, 0.335436, 0.782047, 0.421823, 0.423907, 0.647491
29-10-2018 08:15:50 AM - INFO - 110, 0.336513, 0.778599, 0.412918, 0.41031, 0.641124
29-10-2018 08:16:55 AM - INFO - *** Earlystopping! ***
29-10-2018 08:16:55 AM - INFO - [ Saved model: best_resnet34_imgsize64_batch16_freeze.h5 ] 
29-10-2018 08:16:55 AM - INFO - [ Results: [0.33584] 0.7821294186441741 0.4269097194939891 0.41417369147706234 0.6465543071161048 ]

29-10-2018 08:16:55 AM - INFO -  --- Type: UNFREEZE --- 
29-10-2018 08:16:55 AM - INFO - epoch, val_loss, f2, average_precision, average_recall, hamming_score
29-10-2018 08:17:38 AM - INFO - 0, 0.340967, 0.782581, 0.43626, 0.38612, 0.618315
29-10-2018 08:24:48 AM - INFO - 10, 0.292796, 0.807393, 0.463592, 0.441427, 0.695393
29-10-2018 08:31:57 AM - INFO - 20, 0.278107, 0.813609, 0.568421, 0.548851, 0.718614
29-10-2018 08:39:06 AM - INFO - 30, 0.269096, 0.820133, 0.580408, 0.546692, 0.711161
29-10-2018 08:46:12 AM - INFO - 40, 0.32399, 0.778086, 0.571985, 0.572277, 0.661835
29-10-2018 08:46:55 AM - INFO - *** Earlystopping! ***
29-10-2018 08:46:55 AM - INFO - [ Saved model: best_resnet34_imgsize64_batch16_unfreeze.h5 ]
29-10-2018 08:46:55 AM - INFO - [ Results: [0.28001] 0.8070505970587606 0.5888798805973767 0.553121574341478 0.7018726591760299 ]

29-10-2018 08:46:55 AM - INFO -  --- Batch: 16 | Img size: 128 --- 
 
29-10-2018 08:46:55 AM - INFO -  --- Type: FREEZE --- 
29-10-2018 08:46:55 AM - INFO - epoch, val_loss, f2, average_precision, average_recall, hamming_score
29-10-2018 08:47:31 AM - INFO - 0, 0.329015, 0.800374, 0.460635, 0.433541, 0.643146
29-10-2018 08:53:38 AM - INFO - 10, 0.294202, 0.805704, 0.516565, 0.486693, 0.695431
29-10-2018 08:59:43 AM - INFO - 20, 0.28479, 0.809454, 0.537275, 0.516367, 0.688689
29-10-2018 09:05:49 AM - INFO - 30, 0.280091, 0.813348, 0.543876, 0.518186, 0.699625
29-10-2018 09:11:54 AM - INFO - 40, 0.275209, 0.814716, 0.535313, 0.50292, 0.704007
29-10-2018 09:17:59 AM - INFO - 50, 0.273132, 0.81914, 0.554235, 0.525573, 0.703783
29-10-2018 09:24:02 AM - INFO - 60, 0.274429, 0.816612, 0.558107, 0.53059, 0.701011
29-10-2018 09:29:29 AM - INFO - *** Earlystopping! ***
29-10-2018 09:29:29 AM - INFO - [ Saved model: best_resnet34_imgsize128_batch16_freeze.h5 ] 
29-10-2018 09:29:29 AM - INFO - [ Results: [0.27488] 0.8130773505374221 0.5612305832209524 0.5277107839547647 0.6946067415730336 ]

29-10-2018 09:29:29 AM - INFO -  --- Type: UNFREEZE --- 
29-10-2018 09:29:29 AM - INFO - epoch, val_loss, f2, average_precision, average_recall, hamming_score
29-10-2018 09:30:21 AM - INFO - 0, 0.262479, 0.824742, 0.590382, 0.550988, 0.710712
29-10-2018 09:39:05 AM - INFO - 10, 0.249233, 0.829847, 0.594357, 0.563852, 0.728015
29-10-2018 09:47:48 AM - INFO - 20, 0.259033, 0.820915, 0.601186, 0.55695, 0.722996
29-10-2018 09:51:17 AM - INFO - *** Earlystopping! ***
29-10-2018 09:51:17 AM - INFO - [ Saved model: best_resnet34_imgsize128_batch16_unfreeze.h5 ]
29-10-2018 09:51:17 AM - INFO - [ Results: [0.2567] 0.8262919212160004 0.6236117226807437 0.5895214487670346 0.7428464419475656 ]

29-10-2018 09:51:17 AM - INFO -  --- Batch: 16 | Img size: 256 --- 
 
29-10-2018 09:51:17 AM - INFO -  --- Type: FREEZE --- 
29-10-2018 09:51:17 AM - INFO - epoch, val_loss, f2, average_precision, average_recall, hamming_score
29-10-2018 09:51:46 AM - INFO - 0, 0.314426, 0.775138, 0.54779, 0.482722, 0.669625
29-10-2018 09:56:37 AM - INFO - 10, 0.27986, 0.811581, 0.569277, 0.518187, 0.69794
29-10-2018 10:01:27 AM - INFO - 20, 0.279074, 0.809542, 0.56019, 0.516756, 0.700562
29-10-2018 10:06:15 AM - INFO - 30, 0.275568, 0.813042, 0.565541, 0.515879, 0.700712
29-10-2018 10:11:04 AM - INFO - 40, 0.271792, 0.820989, 0.562705, 0.523537, 0.708052
29-10-2018 10:15:53 AM - INFO - 50, 0.271223, 0.817722, 0.575632, 0.524564, 0.704494
29-10-2018 10:20:41 AM - INFO - 60, 0.269393, 0.819406, 0.565188, 0.535252, 0.706704
29-10-2018 10:22:07 AM - INFO - *** Earlystopping! ***
29-10-2018 10:22:07 AM - INFO - [ Saved model: best_resnet34_imgsize256_batch16_freeze.h5 ] 
29-10-2018 10:22:07 AM - INFO - [ Results: [0.26946] 0.8175702880585128 0.5637135327665023 0.526403003096422 0.7057677902621723 ]

29-10-2018 10:22:07 AM - INFO -  --- Type: UNFREEZE --- 
29-10-2018 10:22:07 AM - INFO - epoch, val_loss, f2, average_precision, average_recall, hamming_score
29-10-2018 10:23:22 AM - INFO - 0, 0.254458, 0.831957, 0.586782, 0.548665, 0.739363
29-10-2018 10:35:49 AM - INFO - 10, 0.247436, 0.838821, 0.639912, 0.597449, 0.738689
29-10-2018 10:48:15 AM - INFO - 20, 0.241375, 0.848144, 0.645738, 0.615455, 0.746929
29-10-2018 10:53:13 AM - INFO - *** Earlystopping! ***
29-10-2018 10:53:13 AM - INFO - [ Saved model: best_resnet34_imgsize256_batch16_unfreeze.h5 ]
29-10-2018 10:53:13 AM - INFO - [ Results: [0.24571] 0.844314768063768 0.6674712553364239 0.6424262575305916 0.7552808988764047 ]

29-10-2018 10:53:13 AM - INFO -  --- Batch: 16 | Img size: 512 --- 
 
29-10-2018 10:53:13 AM - INFO -  --- Type: FREEZE --- 
29-10-2018 10:53:13 AM - INFO - epoch, val_loss, f2, average_precision, average_recall, hamming_score
29-10-2018 10:54:32 AM - INFO - 0, 0.337447, 0.777638, 0.53761, 0.486478, 0.635618
29-10-2018 11:07:47 AM - INFO - 10, 0.28132, 0.804076, 0.591361, 0.53127, 0.70191
29-10-2018 11:21:04 AM - INFO - 20, 0.275005, 0.811359, 0.57739, 0.514921, 0.712959
29-10-2018 11:34:15 AM - INFO - 30, 0.273578, 0.81655, 0.574589, 0.504888, 0.695019
29-10-2018 11:47:42 AM - INFO - 40, 0.264807, 0.824046, 0.605163, 0.538147, 0.711461
29-10-2018 12:01:12 PM - INFO - 50, 0.263031, 0.819455, 0.61497, 0.531652, 0.71015
29-10-2018 12:14:37 PM - INFO - 60, 0.263709, 0.821245, 0.600191, 0.534836, 0.708652
29-10-2018 12:28:05 PM - INFO - 70, 0.262262, 0.822712, 0.607844, 0.541266, 0.711648
29-10-2018 12:32:08 PM - INFO - *** Earlystopping! ***
29-10-2018 12:32:08 PM - INFO - [ Saved model: best_resnet34_imgsize512_batch16_freeze.h5 ] 
29-10-2018 12:32:08 PM - INFO - [ Results: [0.2623] 0.8261640308397359 0.620185714054093 0.5331281185374284 0.7125842696629213 ]

29-10-2018 12:32:08 PM - INFO -  --- Type: UNFREEZE --- 
29-10-2018 12:32:08 PM - INFO - epoch, val_loss, f2, average_precision, average_recall, hamming_score
29-10-2018 12:35:45 PM - INFO - 0, 0.238942, 0.843792, 0.63026, 0.59152, 0.746854
29-10-2018 01:11:57 PM - INFO - 10, 0.2402, 0.851195, 0.678731, 0.647697, 0.770974
29-10-2018 01:33:40 PM - INFO - *** Earlystopping! ***
29-10-2018 01:33:40 PM - INFO - [ Saved model: best_resnet34_imgsize512_batch16_unfreeze.h5 ]
29-10-2018 01:33:40 PM - INFO -  ************************** 
29-10-2018 01:33:40 PM - INFO - COPYPASTE: resnet34 | IM: 512 | BS: 16
29-10-2018 01:33:40 PM - INFO - COPYPASTE: [0.25365] 0.8382470818703295 0.640811020618404 0.6260443123846012 0.7634456928838951 
29-10-2018 01:33:40 PM - INFO -  ************************** 

29-10-2018 01:33:40 PM - INFO -  --- INCREMENTING BATCH SIZE --- 

29-10-2018 01:33:40 PM - INFO -  --- Batch: 32 | Img size: 64 --- 
 
29-10-2018 01:33:40 PM - INFO -  --- Type: FREEZE --- 
29-10-2018 01:33:40 PM - INFO - epoch, val_loss, f2, average_precision, average_recall, hamming_score
29-10-2018 01:33:48 PM - INFO - 0, 0.442318, 0.73094, 0.449583, 0.415558, 0.555393
29-10-2018 01:35:17 PM - INFO - 10, 0.330422, 0.786095, 0.483308, 0.418761, 0.650262
29-10-2018 01:36:45 PM - INFO - 20, 0.322437, 0.788609, 0.487462, 0.445538, 0.666929
29-10-2018 01:38:09 PM - INFO - 30, 0.32188, 0.788243, 0.504322, 0.449231, 0.663933
29-10-2018 01:39:36 PM - INFO - 40, 0.318203, 0.794034, 0.515781, 0.454146, 0.671985
29-10-2018 01:41:00 PM - INFO - 50, 0.318159, 0.794085, 0.508437, 0.457771, 0.667678
29-10-2018 01:42:25 PM - INFO - 60, 0.31825, 0.794196, 0.509111, 0.450651, 0.662434
29-10-2018 01:43:23 PM - INFO - *** Earlystopping! ***
29-10-2018 01:43:23 PM - INFO - [ Saved model: best_resnet34_imgsize64_batch32_freeze.h5 ] 
29-10-2018 01:43:23 PM - INFO - [ Results: [0.31779] 0.7943290636189027 0.4937532449981409 0.44805765813167325 0.6553183520599251 ]

29-10-2018 01:43:23 PM - INFO -  --- Type: UNFREEZE --- 
29-10-2018 01:43:23 PM - INFO - epoch, val_loss, f2, average_precision, average_recall, hamming_score
29-10-2018 01:43:40 PM - INFO - 0, 0.299788, 0.798393, 0.576977, 0.504048, 0.696929
29-10-2018 01:46:32 PM - INFO - 10, 0.272085, 0.812427, 0.619775, 0.561549, 0.70382
29-10-2018 01:49:23 PM - INFO - 20, 0.281377, 0.814042, 0.652998, 0.572696, 0.710075
29-10-2018 01:50:47 PM - INFO - *** Earlystopping! ***
29-10-2018 01:50:47 PM - INFO - [ Saved model: best_resnet34_imgsize64_batch32_unfreeze.h5 ]
29-10-2018 01:50:47 PM - INFO - [ Results: [0.27911] 0.8163938325775213 0.6513168446091753 0.5940414537394099 0.7040449438202246 ]

29-10-2018 01:50:47 PM - INFO -  --- Batch: 32 | Img size: 128 --- 
 
29-10-2018 01:50:47 PM - INFO -  --- Type: FREEZE --- 
29-10-2018 01:50:47 PM - INFO - epoch, val_loss, f2, average_precision, average_recall, hamming_score
29-10-2018 01:50:59 PM - INFO - 0, 0.377967, 0.756359, 0.493073, 0.448107, 0.639176
29-10-2018 01:53:04 PM - INFO - 10, 0.304583, 0.796495, 0.567708, 0.479442, 0.702322
29-10-2018 01:55:07 PM - INFO - 20, 0.293915, 0.801387, 0.593904, 0.503286, 0.707041
29-10-2018 01:57:10 PM - INFO - 30, 0.289956, 0.803202, 0.590653, 0.500913, 0.703858
29-10-2018 01:59:12 PM - INFO - 40, 0.287087, 0.807314, 0.603533, 0.513929, 0.70367
29-10-2018 02:01:14 PM - INFO - 50, 0.284924, 0.805873, 0.610332, 0.517221, 0.704419
29-10-2018 02:03:16 PM - INFO - 60, 0.284033, 0.808369, 0.600059, 0.516862, 0.706292
29-10-2018 02:04:16 PM - INFO - *** Earlystopping! ***
29-10-2018 02:04:16 PM - INFO - [ Saved model: best_resnet34_imgsize128_batch32_freeze.h5 ] 
29-10-2018 02:04:16 PM - INFO - [ Results: [0.28471] 0.805684964977239 0.6072885994287108 0.516771876499232 0.7072284644194757 ]

29-10-2018 02:04:16 PM - INFO -  --- Type: UNFREEZE --- 
29-10-2018 02:04:16 PM - INFO - epoch, val_loss, f2, average_precision, average_recall, hamming_score
29-10-2018 02:04:41 PM - INFO - 0, 0.253526, 0.828453, 0.667465, 0.582046, 0.736629
29-10-2018 02:08:49 PM - INFO - 10, 0.254795, 0.831373, 0.654775, 0.623676, 0.737041
29-10-2018 02:11:42 PM - INFO - *** Earlystopping! ***
29-10-2018 02:11:42 PM - INFO - [ Saved model: best_resnet34_imgsize128_batch32_unfreeze.h5 ]
29-10-2018 02:11:42 PM - INFO - [ Results: [0.27644] 0.8152265909610156 0.6940544077142852 0.5690513514786855 0.7347940074906366 ]

29-10-2018 02:11:42 PM - INFO -  --- Batch: 32 | Img size: 256 --- 
 
29-10-2018 02:11:42 PM - INFO -  --- Type: FREEZE --- 
29-10-2018 02:11:42 PM - INFO - epoch, val_loss, f2, average_precision, average_recall, hamming_score
29-10-2018 02:12:04 PM - INFO - 0, 0.339409, 0.760627, 0.542919, 0.466636, 0.658876
29-10-2018 02:15:46 PM - INFO - 10, 0.279892, 0.808105, 0.624205, 0.526205, 0.715356
29-10-2018 02:19:25 PM - INFO - 20, 0.273209, 0.812656, 0.645739, 0.540823, 0.714232
29-10-2018 02:23:02 PM - INFO - 30, 0.271814, 0.813514, 0.641798, 0.542069, 0.714607
29-10-2018 02:26:41 PM - INFO - 40, 0.266032, 0.811803, 0.651953, 0.547411, 0.715356
29-10-2018 02:30:20 PM - INFO - 50, 0.264149, 0.818729, 0.671606, 0.556545, 0.720787
29-10-2018 02:33:57 PM - INFO - 60, 0.264601, 0.816132, 0.66026, 0.553051, 0.715918
29-10-2018 02:37:34 PM - INFO - *** Earlystopping! ***
29-10-2018 02:37:34 PM - INFO - [ Saved model: best_resnet34_imgsize256_batch32_freeze.h5 ] 
29-10-2018 02:37:34 PM - INFO - [ Results: [0.264] 0.8183718900406729 0.6700168008534291 0.5607733984712229 0.7192883895131086 ]

29-10-2018 02:37:34 PM - INFO -  --- Type: UNFREEZE --- 
29-10-2018 02:37:34 PM - INFO - epoch, val_loss, f2, average_precision, average_recall, hamming_score
29-10-2018 02:38:32 PM - INFO - 0, 0.242932, 0.843792, 0.696217, 0.620776, 0.759213
29-10-2018 02:48:14 PM - INFO - 10, 0.251805, 0.842997, 0.717796, 0.63547, 0.746667
29-10-2018 02:53:05 PM - INFO - *** Earlystopping! ***
29-10-2018 02:53:05 PM - INFO - [ Saved model: best_resnet34_imgsize256_batch32_unfreeze.h5 ]
29-10-2018 02:53:05 PM - INFO - [ Results: [0.25896] 0.8443072658451655 0.7080876162201667 0.6793579352881316 0.748876404494382 ]

29-10-2018 02:53:05 PM - INFO -  --- Batch: 32 | Img size: 512 --- 
 
29-10-2018 02:53:05 PM - INFO -  --- Type: FREEZE --- 
29-10-2018 02:53:05 PM - INFO - epoch, val_loss, f2, average_precision, average_recall, hamming_score
29-10-2018 02:54:32 PM - INFO - 0, 0.361838, 0.769041, 0.635361, 0.518709, 0.636442
29-10-2018 03:09:00 PM - INFO - 10, 0.289276, 0.79742, 0.674668, 0.53965, 0.685393
29-10-2018 03:23:29 PM - INFO - 20, 0.280402, 0.800959, 0.679033, 0.529986, 0.691199
29-10-2018 03:37:57 PM - INFO - 30, 0.278048, 0.803973, 0.678227, 0.533377, 0.695131
29-10-2018 03:52:25 PM - INFO - 40, 0.272491, 0.810039, 0.675431, 0.546669, 0.707116
29-10-2018 04:06:54 PM - INFO - 50, 0.270816, 0.810052, 0.699073, 0.556842, 0.710674
29-10-2018 04:21:20 PM - INFO - 60, 0.270712, 0.81181, 0.700571, 0.555996, 0.709176
29-10-2018 04:35:48 PM - INFO - 70, 0.270687, 0.814441, 0.704771, 0.55086, 0.707116
29-10-2018 04:50:11 PM - INFO - 80, 0.268676, 0.814554, 0.695859, 0.561566, 0.714644
29-10-2018 05:04:39 PM - INFO - 90, 0.26682, 0.814316, 0.726555, 0.559367, 0.717416
29-10-2018 05:19:04 PM - INFO - 100, 0.266669, 0.819212, 0.719749, 0.568816, 0.711461
29-10-2018 05:24:50 PM - INFO - *** Earlystopping! ***
29-10-2018 05:24:50 PM - INFO - [ Saved model: best_resnet34_imgsize512_batch32_freeze.h5 ] 
29-10-2018 05:24:50 PM - INFO - [ Results: [0.26758] 0.8182247413845493 0.7107391953260978 0.5656411596717192 0.7129588014981272 ]

29-10-2018 05:24:50 PM - INFO -  --- Type: UNFREEZE --- 
29-10-2018 05:24:50 PM - INFO - epoch, val_loss, f2, average_precision, average_recall, hamming_score
29-10-2018 05:28:26 PM - INFO - 0, 0.234859, 0.848901, 0.732003, 0.628378, 0.76015
29-10-2018 06:04:35 PM - INFO - 10, 0.245811, 0.846445, 0.79552, 0.676785, 0.774382
29-10-2018 06:29:52 PM - INFO - *** Earlystopping! ***
29-10-2018 06:29:52 PM - INFO - [ Saved model: best_resnet34_imgsize512_batch32_unfreeze.h5 ]
29-10-2018 06:29:52 PM - INFO -  ************************** 
29-10-2018 06:29:52 PM - INFO - COPYPASTE: resnet34 | IM: 512 | BS: 32
29-10-2018 06:29:52 PM - INFO - COPYPASTE: [0.25384] 0.8372607321501988 0.7738612099269105 0.6496203371863315 0.7728838951310861 
29-10-2018 06:29:52 PM - INFO -  ************************** 

29-10-2018 06:29:52 PM - INFO -  --- INCREMENTING BATCH SIZE --- 

29-10-2018 06:29:52 PM - INFO -  --- Batch: 64 | Img size: 64 --- 
 
29-10-2018 06:29:52 PM - INFO -  --- Type: FREEZE --- 
29-10-2018 06:29:52 PM - INFO - epoch, val_loss, f2, average_precision, average_recall, hamming_score
29-10-2018 06:30:01 PM - INFO - 0, 0.435156, 0.733667, 0.494359, 0.427471, 0.559963
29-10-2018 06:31:37 PM - INFO - 10, 0.326523, 0.780911, 0.543081, 0.455901, 0.655581
29-10-2018 06:33:10 PM - INFO - 20, 0.318691, 0.784488, 0.549872, 0.466471, 0.661161
29-10-2018 06:34:42 PM - INFO - 30, 0.31505, 0.784796, 0.559703, 0.463913, 0.661423
29-10-2018 06:36:14 PM - INFO - 40, 0.309868, 0.785466, 0.552156, 0.478756, 0.670787
29-10-2018 06:37:46 PM - INFO - 50, 0.308471, 0.78769, 0.565626, 0.474206, 0.672846
29-10-2018 06:38:03 PM - INFO - *** Earlystopping! ***
29-10-2018 06:38:03 PM - INFO - [ Saved model: best_resnet34_imgsize64_batch64_freeze.h5 ] 
29-10-2018 06:38:03 PM - INFO - [ Results: [0.30856] 0.7868618050123946 0.561202679655143 0.47595973283485854 0.6715355805243445 ]

29-10-2018 06:38:03 PM - INFO -  --- Type: UNFREEZE --- 
29-10-2018 06:38:03 PM - INFO - epoch, val_loss, f2, average_precision, average_recall, hamming_score
29-10-2018 06:38:15 PM - INFO - 0, 0.280354, 0.811904, 0.629705, 0.51777, 0.694831
29-10-2018 06:40:08 PM - INFO - 10, 0.278251, 0.813419, 0.697324, 0.60595, 0.707416
29-10-2018 06:40:41 PM - INFO - *** Earlystopping! ***
29-10-2018 06:40:41 PM - INFO - [ Saved model: best_resnet34_imgsize64_batch64_unfreeze.h5 ]
29-10-2018 06:40:41 PM - INFO - [ Results: [0.27797] 0.8093423873583543 0.694826896426444 0.600513694575893 0.714307116104869 ]

29-10-2018 06:40:41 PM - INFO -  --- Batch: 64 | Img size: 128 --- 
 
29-10-2018 06:40:41 PM - INFO -  --- Type: FREEZE --- 
29-10-2018 06:40:41 PM - INFO - epoch, val_loss, f2, average_precision, average_recall, hamming_score
29-10-2018 06:40:52 PM - INFO - 0, 0.413548, 0.750676, 0.537184, 0.426368, 0.619625
29-10-2018 06:42:45 PM - INFO - 10, 0.313956, 0.777028, 0.589838, 0.475038, 0.695693
29-10-2018 06:44:38 PM - INFO - 20, 0.300281, 0.788079, 0.592738, 0.478075, 0.707491
29-10-2018 06:46:30 PM - INFO - 30, 0.29733, 0.791544, 0.593828, 0.479163, 0.70824
29-10-2018 06:48:23 PM - INFO - 40, 0.291727, 0.797819, 0.618314, 0.485853, 0.709176
29-10-2018 06:50:15 PM - INFO - 50, 0.28847, 0.802176, 0.616321, 0.484533, 0.714607
29-10-2018 06:52:05 PM - INFO - 60, 0.288171, 0.799396, 0.605735, 0.486881, 0.71161
29-10-2018 06:53:56 PM - INFO - 70, 0.286134, 0.800193, 0.617049, 0.492601, 0.715693
29-10-2018 06:55:47 PM - INFO - 80, 0.283028, 0.804755, 0.621705, 0.502475, 0.714644
29-10-2018 06:57:37 PM - INFO - 90, 0.281263, 0.809077, 0.620045, 0.503551, 0.714457
29-10-2018 06:59:26 PM - INFO - 100, 0.28054, 0.808736, 0.625674, 0.497618, 0.717566
29-10-2018 07:01:16 PM - INFO - 110, 0.281167, 0.805226, 0.624554, 0.500299, 0.712959
29-10-2018 07:03:05 PM - INFO - 120, 0.279758, 0.808555, 0.623629, 0.501507, 0.717453
29-10-2018 07:04:54 PM - INFO - 130, 0.279902, 0.810421, 0.622397, 0.505891, 0.719551
29-10-2018 07:06:44 PM - INFO - 140, 0.278461, 0.81225, 0.619837, 0.502843, 0.720562
29-10-2018 07:08:36 PM - INFO - 150, 0.277458, 0.812287, 0.644321, 0.500261, 0.717416
29-10-2018 07:10:25 PM - INFO - 160, 0.276819, 0.811178, 0.648479, 0.511526, 0.714682
29-10-2018 07:12:15 PM - INFO - 170, 0.276668, 0.810162, 0.647436, 0.511808, 0.714682
29-10-2018 07:14:05 PM - INFO - 180, 0.275819, 0.813984, 0.64573, 0.512976, 0.717865
29-10-2018 07:14:48 PM - INFO - *** Earlystopping! ***
29-10-2018 07:14:48 PM - INFO - [ Saved model: best_resnet34_imgsize128_batch64_freeze.h5 ] 
29-10-2018 07:14:48 PM - INFO - [ Results: [0.27577] 0.8129705911235289 0.6349345134241965 0.5077613117720272 0.7184269662921346 ]

29-10-2018 07:14:48 PM - INFO -  --- Type: UNFREEZE --- 
29-10-2018 07:14:48 PM - INFO - epoch, val_loss, f2, average_precision, average_recall, hamming_score
29-10-2018 07:15:06 PM - INFO - 0, 0.266155, 0.819752, 0.670307, 0.568918, 0.730787
29-10-2018 07:18:01 PM - INFO - 10, 0.269988, 0.823787, 0.736011, 0.624298, 0.740637
29-10-2018 07:19:29 PM - INFO - *** Earlystopping! ***
29-10-2018 07:19:29 PM - INFO - [ Saved model: best_resnet34_imgsize128_batch64_unfreeze.h5 ]
29-10-2018 07:19:29 PM - INFO - [ Results: [0.28915] 0.8162207489058986 0.7401922814717626 0.6756356923436981 0.734943820224719 ]

29-10-2018 07:19:29 PM - INFO -  --- Batch: 64 | Img size: 256 --- 
 
29-10-2018 07:19:29 PM - INFO -  --- Type: FREEZE --- 
29-10-2018 07:19:29 PM - INFO - epoch, val_loss, f2, average_precision, average_recall, hamming_score
29-10-2018 07:19:47 PM - INFO - 0, 0.329656, 0.772582, 0.705677, 0.516437, 0.664944
29-10-2018 07:22:55 PM - INFO - 10, 0.293373, 0.804872, 0.739186, 0.556226, 0.698914
29-10-2018 07:26:02 PM - INFO - 20, 0.284357, 0.806945, 0.705071, 0.556266, 0.698277
29-10-2018 07:29:08 PM - INFO - 30, 0.282386, 0.808101, 0.734963, 0.555483, 0.701573
29-10-2018 07:32:14 PM - INFO - 40, 0.277731, 0.810077, 0.718246, 0.56148, 0.706966
29-10-2018 07:35:19 PM - INFO - 50, 0.277011, 0.810586, 0.736162, 0.564724, 0.709401
29-10-2018 07:38:23 PM - INFO - 60, 0.275028, 0.812683, 0.725591, 0.562788, 0.70809
29-10-2018 07:41:28 PM - INFO - 70, 0.273937, 0.813214, 0.758327, 0.578503, 0.716517
29-10-2018 07:44:35 PM - INFO - 80, 0.273091, 0.814243, 0.769355, 0.580909, 0.720075
29-10-2018 07:47:41 PM - INFO - 90, 0.269606, 0.815999, 0.760686, 0.580857, 0.719513
29-10-2018 07:50:45 PM - INFO - 100, 0.271934, 0.815343, 0.759431, 0.597946, 0.722697
29-10-2018 07:53:50 PM - INFO - 110, 0.268871, 0.818922, 0.745582, 0.599359, 0.722135
29-10-2018 07:55:22 PM - INFO - *** Earlystopping! ***
29-10-2018 07:55:22 PM - INFO - [ Saved model: best_resnet34_imgsize256_batch64_freeze.h5 ] 
29-10-2018 07:55:22 PM - INFO - [ Results: [0.26971] 0.8151903640319823 0.7470091766841472 0.6010742494289489 0.7236329588014981 ]

29-10-2018 07:55:22 PM - INFO -  --- Type: UNFREEZE --- 
29-10-2018 07:55:22 PM - INFO - epoch, val_loss, f2, average_precision, average_recall, hamming_score
29-10-2018 07:56:11 PM - INFO - 0, 0.24393, 0.842502, 0.743799, 0.67448, 0.752659
29-10-2018 08:04:16 PM - INFO - 10, 0.259012, 0.838701, 0.765968, 0.680243, 0.762097
29-10-2018 08:06:41 PM - INFO - *** Earlystopping! ***
29-10-2018 08:06:41 PM - INFO - [ Saved model: best_resnet34_imgsize256_batch64_unfreeze.h5 ]
29-10-2018 08:06:41 PM - INFO - [ Results: [0.25572] 0.8417124647344322 0.7526279861604466 0.7105095346493987 0.7585767790262172 ]

29-10-2018 08:06:41 PM - INFO -  --- Batch: 64 | Img size: 512 --- 
 
29-10-2018 08:06:41 PM - INFO -  --- Type: FREEZE --- 
29-10-2018 08:06:41 PM - INFO - epoch, val_loss, f2, average_precision, average_recall, hamming_score
29-10-2018 08:08:09 PM - INFO - 0, 0.370806, 0.755841, 0.703307, 0.526837, 0.63367
29-10-2018 08:22:55 PM - INFO - 10, 0.30232, 0.796769, 0.764014, 0.575864, 0.69382
29-10-2018 08:37:40 PM - INFO - 20, 0.289667, 0.803779, 0.768075, 0.578846, 0.69779
29-10-2018 08:52:22 PM - INFO - 30, 0.2844, 0.806147, 0.773399, 0.586945, 0.708839
29-10-2018 09:07:07 PM - INFO - 40, 0.278462, 0.80951, 0.774952, 0.596139, 0.715019
29-10-2018 09:21:48 PM - INFO - 50, 0.277411, 0.809597, 0.778257, 0.591864, 0.714831
29-10-2018 09:36:32 PM - INFO - 60, 0.27606, 0.81007, 0.776525, 0.595958, 0.717266
29-10-2018 09:51:16 PM - INFO - 70, 0.275757, 0.81181, 0.766543, 0.590383, 0.713708
29-10-2018 10:06:02 PM - INFO - 80, 0.273305, 0.812871, 0.776796, 0.589886, 0.717079
29-10-2018 10:20:48 PM - INFO - 90, 0.272215, 0.814752, 0.772987, 0.593478, 0.71839
29-10-2018 10:35:34 PM - INFO - 100, 0.273365, 0.814943, 0.778713, 0.592668, 0.720824
29-10-2018 10:40:01 PM - INFO - *** Earlystopping! ***
29-10-2018 10:40:01 PM - INFO - [ Saved model: best_resnet34_imgsize512_batch64_freeze.h5 ] 
29-10-2018 10:40:01 PM - INFO - [ Results: [0.27228] 0.8175912517482943 0.7813047265603603 0.5925672925920283 0.7167041198501871 ]

29-10-2018 10:40:01 PM - INFO -  --- Type: UNFREEZE --- 
29-10-2018 10:40:01 PM - INFO - epoch, val_loss, f2, average_precision, average_recall, hamming_score
29-10-2018 10:42:49 PM - INFO - 0, 0.246254, 0.842217, 0.751354, 0.669848, 0.749288
29-10-2018 11:10:31 PM - INFO - 10, 0.254561, 0.842976, 0.778738, 0.699827, 0.77191
29-10-2018 11:29:51 PM - INFO - *** Earlystopping! ***
29-10-2018 11:29:51 PM - INFO - [ Saved model: best_resnet34_imgsize512_batch64_unfreeze.h5 ]
29-10-2018 11:29:51 PM - INFO -  ************************** 
29-10-2018 11:29:51 PM - INFO - COPYPASTE: resnet34 | IM: 512 | BS: 64
29-10-2018 11:29:51 PM - INFO - COPYPASTE: [0.29235] 0.8326009080474764 0.7263397036009519 0.7422803180082056 0.7367790262172285 
29-10-2018 11:29:51 PM - INFO -  ************************** 

29-10-2018 11:29:51 PM - INFO -     ----- *** END: resnet34 *** ----- 

29-10-2018 11:29:51 PM - INFO -     ----- *** RESNET50 *** ----- 

29-10-2018 11:30:17 PM - INFO -  Learning rate = 0.014805
29-10-2018 11:30:17 PM - INFO -  Learning rates = [0.00148, 0.002961, 0.004935, 0.014805] 

29-10-2018 11:30:17 PM - INFO -  --- Batch: 8 | Img size: 64 --- 
 
29-10-2018 11:30:18 PM - INFO -  --- Type: FREEZE --- 
29-10-2018 11:30:18 PM - INFO - epoch, val_loss, f2, average_precision, average_recall, hamming_score
29-10-2018 11:30:47 PM - INFO - 0, 0.345754, 0.789591, 0.469713, 0.429125, 0.648464
29-10-2018 11:35:47 PM - INFO - 10, 0.296434, 0.808274, 0.464942, 0.432474, 0.66985
29-10-2018 11:40:45 PM - INFO - 20, 0.303281, 0.814987, 0.460585, 0.399473, 0.642584
29-10-2018 11:42:43 PM - INFO - *** Earlystopping! ***
29-10-2018 11:42:43 PM - INFO - [ Saved model: best_resnet50_imgsize64_batch8_freeze.h5 ] 
29-10-2018 11:42:43 PM - INFO - [ Results: [0.29617] 0.8117349886770061 0.4894741267293434 0.4476450355423069 0.6777153558052434 ]

29-10-2018 11:42:43 PM - INFO -  --- Type: UNFREEZE --- 
29-10-2018 11:42:43 PM - INFO - epoch, val_loss, f2, average_precision, average_recall, hamming_score
29-10-2018 11:43:23 PM - INFO - 0, 0.38305, 0.747983, 0.352549, 0.307778, 0.584232
29-10-2018 11:49:59 PM - INFO - 10, 0.326458, 0.784728, 0.475937, 0.406148, 0.636629
29-10-2018 11:56:35 PM - INFO - 20, 0.326975, 0.777033, 0.428917, 0.417585, 0.673596
30-10-2018 12:03:10 AM - INFO - 30, 0.278379, 0.810404, 0.513148, 0.484537, 0.716704
30-10-2018 12:09:42 AM - INFO - *** Earlystopping! ***
30-10-2018 12:09:42 AM - INFO - [ Saved model: best_resnet50_imgsize64_batch8_unfreeze.h5 ]
30-10-2018 12:09:42 AM - INFO - [ Results: [0.34425] 0.7657832586703425 0.4044653366964763 0.39598410150577085 0.6635205992509364 ]

30-10-2018 12:09:42 AM - INFO -  --- Batch: 8 | Img size: 128 --- 
 
30-10-2018 12:09:42 AM - INFO -  --- Type: FREEZE --- 
30-10-2018 12:09:42 AM - INFO - epoch, val_loss, f2, average_precision, average_recall, hamming_score
30-10-2018 12:10:15 AM - INFO - 0, 0.364398, 0.762904, 0.389262, 0.382163, 0.610749
30-10-2018 12:15:50 AM - INFO - 10, 0.319101, 0.798576, 0.440804, 0.416382, 0.653858
30-10-2018 12:21:22 AM - INFO - 20, 0.310741, 0.796722, 0.454694, 0.424331, 0.655056
30-10-2018 12:26:54 AM - INFO - 30, 0.30349, 0.805158, 0.453, 0.409865, 0.65985
30-10-2018 12:30:44 AM - INFO - *** Earlystopping! ***
30-10-2018 12:30:44 AM - INFO - [ Saved model: best_resnet50_imgsize128_batch8_freeze.h5 ] 
30-10-2018 12:30:44 AM - INFO - [ Results: [0.30459] 0.8008820116601686 0.4772575097454712 0.42459986241687697 0.6697752808988764 ]

30-10-2018 12:30:44 AM - INFO -  --- Type: UNFREEZE --- 
30-10-2018 12:30:44 AM - INFO - epoch, val_loss, f2, average_precision, average_recall, hamming_score
30-10-2018 12:31:32 AM - INFO - 0, 0.292809, 0.810068, 0.444436, 0.412049, 0.680637
30-10-2018 12:39:38 AM - INFO - 10, 0.271741, 0.814187, 0.534543, 0.498644, 0.719963
30-10-2018 12:47:44 AM - INFO - 20, 0.27546, 0.817394, 0.525457, 0.500375, 0.706517
30-10-2018 12:50:58 AM - INFO - *** Earlystopping! ***
30-10-2018 12:50:58 AM - INFO - [ Saved model: best_resnet50_imgsize128_batch8_unfreeze.h5 ]
30-10-2018 12:50:58 AM - INFO - [ Results: [0.26963] 0.8261101937876908 0.5059420622181454 0.4829947259802797 0.7189513108614235 ]

30-10-2018 12:50:58 AM - INFO -  --- Batch: 8 | Img size: 256 --- 
 
30-10-2018 12:50:58 AM - INFO -  --- Type: FREEZE --- 
30-10-2018 12:50:58 AM - INFO - epoch, val_loss, f2, average_precision, average_recall, hamming_score
30-10-2018 12:51:28 AM - INFO - 0, 0.332625, 0.785879, 0.423939, 0.409784, 0.656367
30-10-2018 12:56:36 AM - INFO - 10, 0.298376, 0.803633, 0.431419, 0.42838, 0.667715
30-10-2018 01:01:43 AM - INFO - 20, 0.289722, 0.80673, 0.446334, 0.443261, 0.681985
30-10-2018 01:06:47 AM - INFO - 30, 0.288798, 0.812069, 0.462293, 0.443836, 0.686891
30-10-2018 01:11:53 AM - INFO - 40, 0.281657, 0.81164, 0.479758, 0.47848, 0.705768
30-10-2018 01:16:56 AM - INFO - 50, 0.283265, 0.81298, 0.475943, 0.4602, 0.695318
30-10-2018 01:17:56 AM - INFO - *** Earlystopping! ***
30-10-2018 01:17:56 AM - INFO - [ Saved model: best_resnet50_imgsize256_batch8_freeze.h5 ] 
30-10-2018 01:17:56 AM - INFO - [ Results: [0.2838] 0.8166890211881864 0.46205075288542374 0.4594328517924024 0.696441947565543 ]

30-10-2018 01:17:56 AM - INFO -  --- Type: UNFREEZE --- 
30-10-2018 01:17:56 AM - INFO - epoch, val_loss, f2, average_precision, average_recall, hamming_score
30-10-2018 01:19:10 AM - INFO - 0, 0.27469, 0.817494, 0.480122, 0.457011, 0.709738
30-10-2018 01:31:24 AM - INFO - 10, 0.25877, 0.829663, 0.499002, 0.480743, 0.73161
30-10-2018 01:39:56 AM - INFO - *** Earlystopping! ***
30-10-2018 01:39:56 AM - INFO - [ Saved model: best_resnet50_imgsize256_batch8_unfreeze.h5 ]
30-10-2018 01:39:56 AM - INFO - [ Results: [0.26447] 0.8236559763910445 0.4972712680577847 0.4706351754184821 0.7285767790262172 ]

30-10-2018 01:39:56 AM - INFO -  --- Batch: 8 | Img size: 512 --- 
 
30-10-2018 01:39:56 AM - INFO -  --- Type: FREEZE --- 
30-10-2018 01:39:56 AM - INFO - epoch, val_loss, f2, average_precision, average_recall, hamming_score
30-10-2018 01:41:42 AM - INFO - 0, 0.318289, 0.805854, 0.464566, 0.405422, 0.646742
30-10-2018 01:59:22 AM - INFO - 10, 0.287271, 0.811607, 0.493465, 0.45886, 0.698315
30-10-2018 02:17:05 AM - INFO - 20, 0.283108, 0.814971, 0.480351, 0.471319, 0.703596
30-10-2018 02:34:47 AM - INFO - 30, 0.280732, 0.819419, 0.509729, 0.483157, 0.704869
30-10-2018 02:52:29 AM - INFO - 40, 0.276343, 0.815863, 0.498539, 0.489914, 0.708539
30-10-2018 03:09:57 AM - INFO - 50, 0.274367, 0.819661, 0.50416, 0.474462, 0.709176
30-10-2018 03:27:17 AM - INFO - 60, 0.274774, 0.822564, 0.516408, 0.482851, 0.70618
30-10-2018 03:42:51 AM - INFO - *** Earlystopping! ***
30-10-2018 03:42:51 AM - INFO - [ Saved model: best_resnet50_imgsize512_batch8_freeze.h5 ] 
30-10-2018 03:42:51 AM - INFO - [ Results: [0.273] 0.823146058843697 0.509626232515478 0.4794267369869296 0.703370786516854 ]

30-10-2018 03:42:51 AM - INFO -  --- Type: UNFREEZE --- 
30-10-2018 03:42:51 AM - INFO - epoch, val_loss, f2, average_precision, average_recall, hamming_score
30-10-2018 03:47:10 AM - INFO - 0, 0.268878, 0.833167, 0.500136, 0.490174, 0.71382
30-10-2018 04:30:13 AM - INFO - 10, 0.24859, 0.835777, 0.531383, 0.52356, 0.74236
30-10-2018 05:13:16 AM - INFO - 20, 0.351256, 0.786944, 0.49134, 0.52635, 0.649888
30-10-2018 05:34:47 AM - INFO - *** Earlystopping! ***
30-10-2018 05:34:47 AM - INFO - [ Saved model: best_resnet50_imgsize512_batch8_unfreeze.h5 ]
30-10-2018 05:34:47 AM - INFO -  ************************** 
30-10-2018 05:34:47 AM - INFO - COPYPASTE: resnet50 | IM: 512 | BS: 8
30-10-2018 05:34:47 AM - INFO - COPYPASTE: [0.23835] 0.8447852276625715 0.5455996331116716 0.5336283726973935 0.7588389513108614 
30-10-2018 05:34:47 AM - INFO -  ************************** 

30-10-2018 05:34:47 AM - INFO -  --- INCREMENTING BATCH SIZE --- 

30-10-2018 05:34:47 AM - INFO -  --- Batch: 16 | Img size: 64 --- 
 
30-10-2018 05:34:47 AM - INFO -  --- Type: FREEZE --- 
30-10-2018 05:34:47 AM - INFO - epoch, val_loss, f2, average_precision, average_recall, hamming_score
30-10-2018 05:35:03 AM - INFO - 0, 0.420958, 0.718119, 0.365334, 0.379928, 0.56397
30-10-2018 05:37:47 AM - INFO - 10, 0.339315, 0.775349, 0.424169, 0.425999, 0.646217
30-10-2018 05:40:29 AM - INFO - 20, 0.33407, 0.780828, 0.446566, 0.430023, 0.652846
30-10-2018 05:43:10 AM - INFO - 30, 0.326837, 0.781739, 0.429071, 0.420802, 0.654345
30-10-2018 05:45:51 AM - INFO - 40, 0.324041, 0.785285, 0.416989, 0.407828, 0.654831
30-10-2018 05:48:29 AM - INFO - 50, 0.321778, 0.786692, 0.444685, 0.423268, 0.665581
30-10-2018 05:51:08 AM - INFO - 60, 0.321047, 0.787573, 0.467175, 0.4443, 0.662584
30-10-2018 05:53:46 AM - INFO - 70, 0.320517, 0.787894, 0.443054, 0.414754, 0.660524
30-10-2018 05:55:52 AM - INFO - *** Earlystopping! ***
30-10-2018 05:55:52 AM - INFO - [ Saved model: best_resnet50_imgsize64_batch16_freeze.h5 ] 
30-10-2018 05:55:52 AM - INFO - [ Results: [0.32166] 0.786628029635126 0.4544195736491081 0.42571908027766775 0.6603370786516853 ]

30-10-2018 05:55:52 AM - INFO -  --- Type: UNFREEZE --- 
30-10-2018 05:55:52 AM - INFO - epoch, val_loss, f2, average_precision, average_recall, hamming_score
30-10-2018 05:56:18 AM - INFO - 0, 0.314209, 0.784528, 0.514096, 0.460333, 0.66794
30-10-2018 06:00:35 AM - INFO - 10, 0.2702, 0.823512, 0.574301, 0.545965, 0.708727
30-10-2018 06:04:50 AM - INFO - 20, 0.279255, 0.813954, 0.552843, 0.523065, 0.711648
30-10-2018 06:06:31 AM - INFO - *** Earlystopping! ***
30-10-2018 06:06:31 AM - INFO - [ Saved model: best_resnet50_imgsize64_batch16_unfreeze.h5 ]
30-10-2018 06:06:31 AM - INFO - [ Results: [0.27395] 0.815485875763905 0.5641117683814313 0.53701682123833 0.7105617977528088 ]

30-10-2018 06:06:31 AM - INFO -  --- Batch: 16 | Img size: 128 --- 
 
30-10-2018 06:06:31 AM - INFO -  --- Type: FREEZE --- 
30-10-2018 06:06:31 AM - INFO - epoch, val_loss, f2, average_precision, average_recall, hamming_score
30-10-2018 06:06:51 AM - INFO - 0, 0.305796, 0.794843, 0.547444, 0.492928, 0.677341
30-10-2018 06:10:22 AM - INFO - 10, 0.27776, 0.809762, 0.559697, 0.515678, 0.705805
30-10-2018 06:13:50 AM - INFO - 20, 0.275081, 0.810718, 0.55455, 0.507164, 0.703146
30-10-2018 06:17:15 AM - INFO - 30, 0.274598, 0.812378, 0.553592, 0.511795, 0.71161
30-10-2018 06:20:42 AM - INFO - 40, 0.270855, 0.817545, 0.567615, 0.522143, 0.711536
30-10-2018 06:24:11 AM - INFO - 50, 0.268239, 0.818775, 0.567264, 0.52783, 0.718727
30-10-2018 06:27:36 AM - INFO - 60, 0.266605, 0.819153, 0.570699, 0.532773, 0.715506
30-10-2018 06:28:17 AM - INFO - *** Earlystopping! ***
30-10-2018 06:28:17 AM - INFO - [ Saved model: best_resnet50_imgsize128_batch16_freeze.h5 ] 
30-10-2018 06:28:17 AM - INFO - [ Results: [0.26777] 0.8189493567563452 0.5667925796336711 0.5245931935017007 0.7153558052434457 ]

30-10-2018 06:28:17 AM - INFO -  --- Type: UNFREEZE --- 
30-10-2018 06:28:17 AM - INFO - epoch, val_loss, f2, average_precision, average_recall, hamming_score
30-10-2018 06:28:52 AM - INFO - 0, 0.265159, 0.827588, 0.577942, 0.545931, 0.716891
30-10-2018 06:34:49 AM - INFO - 10, 0.246634, 0.830158, 0.606905, 0.577281, 0.744195
30-10-2018 06:40:44 AM - INFO - 20, 0.254345, 0.83412, 0.58765, 0.581542, 0.73191
30-10-2018 06:42:30 AM - INFO - *** Earlystopping! ***
30-10-2018 06:42:30 AM - INFO - [ Saved model: best_resnet50_imgsize128_batch16_unfreeze.h5 ]
30-10-2018 06:42:30 AM - INFO - [ Results: [0.25602] 0.8338302494323124 0.6165459046036894 0.5955895237275655 0.7461797752808988 ]

30-10-2018 06:42:30 AM - INFO -  --- Batch: 16 | Img size: 256 --- 
 
30-10-2018 06:42:30 AM - INFO -  --- Type: FREEZE --- 
30-10-2018 06:42:30 AM - INFO - epoch, val_loss, f2, average_precision, average_recall, hamming_score
30-10-2018 06:42:59 AM - INFO - 0, 0.292634, 0.797601, 0.550043, 0.503082, 0.69588
30-10-2018 06:47:59 AM - INFO - 10, 0.266095, 0.817789, 0.559808, 0.53333, 0.724494
30-10-2018 06:52:55 AM - INFO - 20, 0.263464, 0.821225, 0.565474, 0.533312, 0.723596
30-10-2018 06:57:50 AM - INFO - 30, 0.263251, 0.826063, 0.580452, 0.541887, 0.726779
30-10-2018 07:02:45 AM - INFO - 40, 0.262209, 0.824315, 0.584638, 0.544437, 0.728614
30-10-2018 07:07:40 AM - INFO - 50, 0.259731, 0.823481, 0.583031, 0.551086, 0.737116
30-10-2018 07:12:34 AM - INFO - 60, 0.263973, 0.823128, 0.589817, 0.560128, 0.738202
30-10-2018 07:14:02 AM - INFO - *** Earlystopping! ***
30-10-2018 07:14:02 AM - INFO - [ Saved model: best_resnet50_imgsize256_batch16_freeze.h5 ] 
30-10-2018 07:14:02 AM - INFO - [ Results: [0.26173] 0.8249742426804382 0.5768089338875855 0.5509229775040368 0.7286516853932583 ]

30-10-2018 07:14:02 AM - INFO -  --- Type: UNFREEZE --- 
30-10-2018 07:14:02 AM - INFO - epoch, val_loss, f2, average_precision, average_recall, hamming_score
30-10-2018 07:15:17 AM - INFO - 0, 0.256023, 0.827924, 0.613951, 0.571221, 0.732322
30-10-2018 07:27:45 AM - INFO - 10, 0.243595, 0.839487, 0.603692, 0.574145, 0.745281
30-10-2018 07:40:12 AM - INFO - 20, 0.247279, 0.839569, 0.6359, 0.599308, 0.747566
30-10-2018 07:52:39 AM - INFO - 30, 0.24337, 0.844531, 0.676724, 0.628148, 0.754831
30-10-2018 07:58:52 AM - INFO - *** Earlystopping! ***
30-10-2018 07:58:52 AM - INFO - [ Saved model: best_resnet50_imgsize256_batch16_unfreeze.h5 ]
30-10-2018 07:58:52 AM - INFO - [ Results: [0.26711] 0.8266225177307205 0.6749247649087136 0.7069119074255512 0.7347940074906367 ]

30-10-2018 07:58:52 AM - INFO -  --- Batch: 16 | Img size: 512 --- 
 
30-10-2018 07:58:52 AM - INFO -  --- Type: FREEZE --- 
30-10-2018 07:58:52 AM - INFO - epoch, val_loss, f2, average_precision, average_recall, hamming_score
30-10-2018 08:00:28 AM - INFO - 0, 0.324461, 0.781124, 0.576293, 0.486682, 0.648614
30-10-2018 08:16:29 AM - INFO - 10, 0.274675, 0.820716, 0.596151, 0.520718, 0.699476
30-10-2018 08:32:31 AM - INFO - 20, 0.269332, 0.820364, 0.586119, 0.530752, 0.698914
30-10-2018 08:48:35 AM - INFO - 30, 0.266821, 0.822593, 0.58129, 0.529701, 0.712959
30-10-2018 09:04:48 AM - INFO - 40, 0.259083, 0.827961, 0.60761, 0.543008, 0.710524
30-10-2018 09:21:00 AM - INFO - 50, 0.257283, 0.831556, 0.606621, 0.545772, 0.714082
30-10-2018 09:37:09 AM - INFO - 60, 0.259711, 0.829435, 0.60042, 0.542075, 0.718577
30-10-2018 09:38:46 AM - INFO - *** Earlystopping! ***
30-10-2018 09:38:46 AM - INFO - [ Saved model: best_resnet50_imgsize512_batch16_freeze.h5 ] 
30-10-2018 09:38:46 AM - INFO - [ Results: [0.2574] 0.8285177597744995 0.6126760630131416 0.559670775096136 0.7191385767790263 ]

30-10-2018 09:38:46 AM - INFO -  --- Type: UNFREEZE --- 
30-10-2018 09:38:46 AM - INFO - epoch, val_loss, f2, average_precision, average_recall, hamming_score
30-10-2018 09:42:55 AM - INFO - 0, 0.239107, 0.845541, 0.624565, 0.584229, 0.750599
30-10-2018 10:24:22 AM - INFO - 10, 0.234865, 0.8493, 0.684372, 0.622973, 0.762285
30-10-2018 11:06:21 AM - INFO - 20, 0.24338, 0.8466, 0.678351, 0.641814, 0.751723
30-10-2018 11:12:40 AM - ERROR - ERROR: A: resnet50 | IS: 512 | BS: 16
30-10-2018 11:12:40 AM - ERROR - Traceback (most recent call last):
  File "reflex/run_grid_search.py", line 116, in grid_search
    learn.fit(lr, 12, cycle_len=1, cycle_mult=2, best_save_name=f'{best_model_name}_unfreeze', earlystopping=earlystoping, logger_name=experiment_name, log_step=log_step)
  File "/home/reflex/fastai/courses/dl1/fastai/learner.py", line 308, in fit
    return self.fit_gen(self.model, self.data, layer_opt, n_cycle, **kwargs)
  File "/home/reflex/fastai/courses/dl1/fastai/learner.py", line 255, in fit_gen
    swa_eval_freq=swa_eval_freq, **kwargs)
  File "/home/reflex/fastai/courses/dl1/fastai/model.py", line 138, in fit
    for (*x,y) in t:
  File "/home/reflex/.conda/envs/fastai/lib/python3.6/site-packages/tqdm/_tqdm.py", line 937, in __iter__
    for obj in iterable:
  File "/home/reflex/fastai/courses/dl1/fastai/dataloader.py", line 88, in __iter__
    for batch in e.map(self.get_batch, c):
  File "/home/reflex/.conda/envs/fastai/lib/python3.6/concurrent/futures/_base.py", line 586, in result_iterator
    yield fs.pop().result()
  File "/home/reflex/.conda/envs/fastai/lib/python3.6/concurrent/futures/_base.py", line 432, in result
    return self.__get_result()
  File "/home/reflex/.conda/envs/fastai/lib/python3.6/concurrent/futures/_base.py", line 384, in __get_result
    raise self._exception
  File "/home/reflex/.conda/envs/fastai/lib/python3.6/concurrent/futures/thread.py", line 56, in run
    result = self.fn(*self.args, **self.kwargs)
  File "/home/reflex/fastai/courses/dl1/fastai/dataloader.py", line 75, in get_batch
    res = self.np_collate([self.dataset[i] for i in indices])
  File "/home/reflex/fastai/courses/dl1/fastai/dataloader.py", line 75, in <listcomp>
    res = self.np_collate([self.dataset[i] for i in indices])
  File "/home/reflex/fastai/courses/dl1/fastai/dataset.py", line 203, in __getitem__
    return self.get1item(idx)
  File "/home/reflex/fastai/courses/dl1/fastai/dataset.py", line 196, in get1item
    x,y = self.get_x(idx),self.get_y(idx)
  File "/home/reflex/fastai/courses/dl1/fastai/dataset.py", line 300, in get_x
    def get_x(self, i): return open_image(os.path.join(self.path, self.fnames[i]))
  File "/home/reflex/fastai/courses/dl1/fastai/dataset.py", line 266, in open_image
    raise OSError('No such file or directory: {}'.format(fn))
OSError: No such file or directory: /home/reflex/fastai/courses/dl1/data/reflex_multilabel/train/45407_1_E2_001.png

30-10-2018 11:12:40 AM - INFO -  --- INCREMENTING BATCH SIZE --- 

30-10-2018 11:12:40 AM - INFO -  --- Batch: 32 | Img size: 64 --- 
 
30-10-2018 11:12:40 AM - INFO -  --- Type: FREEZE --- 
30-10-2018 11:12:40 AM - INFO - epoch, val_loss, f2, average_precision, average_recall, hamming_score
30-10-2018 11:12:40 AM - ERROR - ERROR: A: resnet50 | IS: 64 | BS: 32
30-10-2018 11:12:40 AM - ERROR - Traceback (most recent call last):
  File "reflex/run_grid_search.py", line 106, in grid_search
    learn.fit(lr, 12, cycle_len=1, cycle_mult=2, best_save_name=f'{best_model_name}_freeze', earlystopping=earlystoping, logger_name=experiment_name, log_step=log_step)
  File "/home/reflex/fastai/courses/dl1/fastai/learner.py", line 308, in fit
    return self.fit_gen(self.model, self.data, layer_opt, n_cycle, **kwargs)
  File "/home/reflex/fastai/courses/dl1/fastai/learner.py", line 255, in fit_gen
    swa_eval_freq=swa_eval_freq, **kwargs)
  File "/home/reflex/fastai/courses/dl1/fastai/model.py", line 138, in fit
    for (*x,y) in t:
  File "/home/reflex/.conda/envs/fastai/lib/python3.6/site-packages/tqdm/_tqdm.py", line 937, in __iter__
    for obj in iterable:
  File "/home/reflex/fastai/courses/dl1/fastai/dataloader.py", line 88, in __iter__
    for batch in e.map(self.get_batch, c):
  File "/home/reflex/.conda/envs/fastai/lib/python3.6/concurrent/futures/_base.py", line 586, in result_iterator
    yield fs.pop().result()
  File "/home/reflex/.conda/envs/fastai/lib/python3.6/concurrent/futures/_base.py", line 425, in result
    return self.__get_result()
  File "/home/reflex/.conda/envs/fastai/lib/python3.6/concurrent/futures/_base.py", line 384, in __get_result
    raise self._exception
  File "/home/reflex/.conda/envs/fastai/lib/python3.6/concurrent/futures/thread.py", line 56, in run
    result = self.fn(*self.args, **self.kwargs)
  File "/home/reflex/fastai/courses/dl1/fastai/dataloader.py", line 75, in get_batch
    res = self.np_collate([self.dataset[i] for i in indices])
  File "/home/reflex/fastai/courses/dl1/fastai/dataloader.py", line 75, in <listcomp>
    res = self.np_collate([self.dataset[i] for i in indices])
  File "/home/reflex/fastai/courses/dl1/fastai/dataset.py", line 203, in __getitem__
    return self.get1item(idx)
  File "/home/reflex/fastai/courses/dl1/fastai/dataset.py", line 196, in get1item
    x,y = self.get_x(idx),self.get_y(idx)
  File "/home/reflex/fastai/courses/dl1/fastai/dataset.py", line 300, in get_x
    def get_x(self, i): return open_image(os.path.join(self.path, self.fnames[i]))
  File "/home/reflex/fastai/courses/dl1/fastai/dataset.py", line 266, in open_image
    raise OSError('No such file or directory: {}'.format(fn))
OSError: No such file or directory: /home/reflex/fastai/courses/dl1/data/reflex_multilabel/train/T1023_3_001.png

30-10-2018 11:12:40 AM - INFO -  --- Batch: 32 | Img size: 128 --- 
 
30-10-2018 11:12:40 AM - INFO -  --- Type: FREEZE --- 
30-10-2018 11:12:40 AM - INFO - epoch, val_loss, f2, average_precision, average_recall, hamming_score
30-10-2018 11:12:40 AM - ERROR - ERROR: A: resnet50 | IS: 128 | BS: 32
30-10-2018 11:12:40 AM - ERROR - Traceback (most recent call last):
  File "reflex/run_grid_search.py", line 106, in grid_search
    learn.fit(lr, 12, cycle_len=1, cycle_mult=2, best_save_name=f'{best_model_name}_freeze', earlystopping=earlystoping, logger_name=experiment_name, log_step=log_step)
  File "/home/reflex/fastai/courses/dl1/fastai/learner.py", line 308, in fit
    return self.fit_gen(self.model, self.data, layer_opt, n_cycle, **kwargs)
  File "/home/reflex/fastai/courses/dl1/fastai/learner.py", line 255, in fit_gen
    swa_eval_freq=swa_eval_freq, **kwargs)
  File "/home/reflex/fastai/courses/dl1/fastai/model.py", line 138, in fit
    for (*x,y) in t:
  File "/home/reflex/.conda/envs/fastai/lib/python3.6/site-packages/tqdm/_tqdm.py", line 937, in __iter__
    for obj in iterable:
  File "/home/reflex/fastai/courses/dl1/fastai/dataloader.py", line 88, in __iter__
    for batch in e.map(self.get_batch, c):
  File "/home/reflex/.conda/envs/fastai/lib/python3.6/concurrent/futures/_base.py", line 586, in result_iterator
    yield fs.pop().result()
  File "/home/reflex/.conda/envs/fastai/lib/python3.6/concurrent/futures/_base.py", line 425, in result
    return self.__get_result()
  File "/home/reflex/.conda/envs/fastai/lib/python3.6/concurrent/futures/_base.py", line 384, in __get_result
    raise self._exception
  File "/home/reflex/.conda/envs/fastai/lib/python3.6/concurrent/futures/thread.py", line 56, in run
    result = self.fn(*self.args, **self.kwargs)
  File "/home/reflex/fastai/courses/dl1/fastai/dataloader.py", line 75, in get_batch
    res = self.np_collate([self.dataset[i] for i in indices])
  File "/home/reflex/fastai/courses/dl1/fastai/dataloader.py", line 75, in <listcomp>
    res = self.np_collate([self.dataset[i] for i in indices])
  File "/home/reflex/fastai/courses/dl1/fastai/dataset.py", line 203, in __getitem__
    return self.get1item(idx)
  File "/home/reflex/fastai/courses/dl1/fastai/dataset.py", line 196, in get1item
    x,y = self.get_x(idx),self.get_y(idx)
  File "/home/reflex/fastai/courses/dl1/fastai/dataset.py", line 300, in get_x
    def get_x(self, i): return open_image(os.path.join(self.path, self.fnames[i]))
  File "/home/reflex/fastai/courses/dl1/fastai/dataset.py", line 266, in open_image
    raise OSError('No such file or directory: {}'.format(fn))
OSError: No such file or directory: /home/reflex/fastai/courses/dl1/data/reflex_multilabel/train/62646_1_E2_001.png

30-10-2018 11:12:40 AM - INFO -  --- Batch: 32 | Img size: 256 --- 
 
30-10-2018 11:12:40 AM - INFO -  --- Type: FREEZE --- 
30-10-2018 11:12:40 AM - INFO - epoch, val_loss, f2, average_precision, average_recall, hamming_score
30-10-2018 11:12:40 AM - ERROR - ERROR: A: resnet50 | IS: 256 | BS: 32
30-10-2018 11:12:40 AM - ERROR - Traceback (most recent call last):
  File "reflex/run_grid_search.py", line 106, in grid_search
    learn.fit(lr, 12, cycle_len=1, cycle_mult=2, best_save_name=f'{best_model_name}_freeze', earlystopping=earlystoping, logger_name=experiment_name, log_step=log_step)
  File "/home/reflex/fastai/courses/dl1/fastai/learner.py", line 308, in fit
    return self.fit_gen(self.model, self.data, layer_opt, n_cycle, **kwargs)
  File "/home/reflex/fastai/courses/dl1/fastai/learner.py", line 255, in fit_gen
    swa_eval_freq=swa_eval_freq, **kwargs)
  File "/home/reflex/fastai/courses/dl1/fastai/model.py", line 138, in fit
    for (*x,y) in t:
  File "/home/reflex/.conda/envs/fastai/lib/python3.6/site-packages/tqdm/_tqdm.py", line 937, in __iter__
    for obj in iterable:
  File "/home/reflex/fastai/courses/dl1/fastai/dataloader.py", line 88, in __iter__
    for batch in e.map(self.get_batch, c):
  File "/home/reflex/.conda/envs/fastai/lib/python3.6/concurrent/futures/_base.py", line 586, in result_iterator
    yield fs.pop().result()
  File "/home/reflex/.conda/envs/fastai/lib/python3.6/concurrent/futures/_base.py", line 425, in result
    return self.__get_result()
  File "/home/reflex/.conda/envs/fastai/lib/python3.6/concurrent/futures/_base.py", line 384, in __get_result
    raise self._exception
  File "/home/reflex/.conda/envs/fastai/lib/python3.6/concurrent/futures/thread.py", line 56, in run
    result = self.fn(*self.args, **self.kwargs)
  File "/home/reflex/fastai/courses/dl1/fastai/dataloader.py", line 75, in get_batch
    res = self.np_collate([self.dataset[i] for i in indices])
  File "/home/reflex/fastai/courses/dl1/fastai/dataloader.py", line 75, in <listcomp>
    res = self.np_collate([self.dataset[i] for i in indices])
  File "/home/reflex/fastai/courses/dl1/fastai/dataset.py", line 203, in __getitem__
    return self.get1item(idx)
  File "/home/reflex/fastai/courses/dl1/fastai/dataset.py", line 196, in get1item
    x,y = self.get_x(idx),self.get_y(idx)
  File "/home/reflex/fastai/courses/dl1/fastai/dataset.py", line 300, in get_x
    def get_x(self, i): return open_image(os.path.join(self.path, self.fnames[i]))
  File "/home/reflex/fastai/courses/dl1/fastai/dataset.py", line 266, in open_image
    raise OSError('No such file or directory: {}'.format(fn))
OSError: No such file or directory: /home/reflex/fastai/courses/dl1/data/reflex_multilabel/train/150832_1_E2_0001.png

30-10-2018 11:12:40 AM - INFO -  --- Batch: 32 | Img size: 512 --- 
 
30-10-2018 11:12:40 AM - INFO -  --- Type: FREEZE --- 
30-10-2018 11:12:40 AM - INFO - epoch, val_loss, f2, average_precision, average_recall, hamming_score
30-10-2018 11:12:40 AM - ERROR - ERROR: A: resnet50 | IS: 512 | BS: 32
30-10-2018 11:12:40 AM - ERROR - Traceback (most recent call last):
  File "reflex/run_grid_search.py", line 106, in grid_search
    learn.fit(lr, 12, cycle_len=1, cycle_mult=2, best_save_name=f'{best_model_name}_freeze', earlystopping=earlystoping, logger_name=experiment_name, log_step=log_step)
  File "/home/reflex/fastai/courses/dl1/fastai/learner.py", line 308, in fit
    return self.fit_gen(self.model, self.data, layer_opt, n_cycle, **kwargs)
  File "/home/reflex/fastai/courses/dl1/fastai/learner.py", line 255, in fit_gen
    swa_eval_freq=swa_eval_freq, **kwargs)
  File "/home/reflex/fastai/courses/dl1/fastai/model.py", line 138, in fit
    for (*x,y) in t:
  File "/home/reflex/.conda/envs/fastai/lib/python3.6/site-packages/tqdm/_tqdm.py", line 937, in __iter__
    for obj in iterable:
  File "/home/reflex/fastai/courses/dl1/fastai/dataloader.py", line 88, in __iter__
    for batch in e.map(self.get_batch, c):
  File "/home/reflex/.conda/envs/fastai/lib/python3.6/concurrent/futures/_base.py", line 586, in result_iterator
    yield fs.pop().result()
  File "/home/reflex/.conda/envs/fastai/lib/python3.6/concurrent/futures/_base.py", line 425, in result
    return self.__get_result()
  File "/home/reflex/.conda/envs/fastai/lib/python3.6/concurrent/futures/_base.py", line 384, in __get_result
    raise self._exception
  File "/home/reflex/.conda/envs/fastai/lib/python3.6/concurrent/futures/thread.py", line 56, in run
    result = self.fn(*self.args, **self.kwargs)
  File "/home/reflex/fastai/courses/dl1/fastai/dataloader.py", line 75, in get_batch
    res = self.np_collate([self.dataset[i] for i in indices])
  File "/home/reflex/fastai/courses/dl1/fastai/dataloader.py", line 75, in <listcomp>
    res = self.np_collate([self.dataset[i] for i in indices])
  File "/home/reflex/fastai/courses/dl1/fastai/dataset.py", line 203, in __getitem__
    return self.get1item(idx)
  File "/home/reflex/fastai/courses/dl1/fastai/dataset.py", line 196, in get1item
    x,y = self.get_x(idx),self.get_y(idx)
  File "/home/reflex/fastai/courses/dl1/fastai/dataset.py", line 300, in get_x
    def get_x(self, i): return open_image(os.path.join(self.path, self.fnames[i]))
  File "/home/reflex/fastai/courses/dl1/fastai/dataset.py", line 266, in open_image
    raise OSError('No such file or directory: {}'.format(fn))
OSError: No such file or directory: /home/reflex/fastai/courses/dl1/data/reflex_multilabel/train/151434_2_0001.png

30-10-2018 11:12:40 AM - INFO -  --- INCREMENTING BATCH SIZE --- 

30-10-2018 11:12:40 AM - INFO -  --- Batch: 64 | Img size: 64 --- 
 
30-10-2018 11:12:40 AM - INFO -  --- Type: FREEZE --- 
30-10-2018 11:12:40 AM - INFO - epoch, val_loss, f2, average_precision, average_recall, hamming_score
30-10-2018 11:12:40 AM - ERROR - ERROR: A: resnet50 | IS: 64 | BS: 64
30-10-2018 11:12:40 AM - ERROR - Traceback (most recent call last):
  File "reflex/run_grid_search.py", line 106, in grid_search
    learn.fit(lr, 12, cycle_len=1, cycle_mult=2, best_save_name=f'{best_model_name}_freeze', earlystopping=earlystoping, logger_name=experiment_name, log_step=log_step)
  File "/home/reflex/fastai/courses/dl1/fastai/learner.py", line 308, in fit
    return self.fit_gen(self.model, self.data, layer_opt, n_cycle, **kwargs)
  File "/home/reflex/fastai/courses/dl1/fastai/learner.py", line 255, in fit_gen
    swa_eval_freq=swa_eval_freq, **kwargs)
  File "/home/reflex/fastai/courses/dl1/fastai/model.py", line 138, in fit
    for (*x,y) in t:
  File "/home/reflex/.conda/envs/fastai/lib/python3.6/site-packages/tqdm/_tqdm.py", line 937, in __iter__
    for obj in iterable:
  File "/home/reflex/fastai/courses/dl1/fastai/dataloader.py", line 88, in __iter__
    for batch in e.map(self.get_batch, c):
  File "/home/reflex/.conda/envs/fastai/lib/python3.6/concurrent/futures/_base.py", line 586, in result_iterator
    yield fs.pop().result()
  File "/home/reflex/.conda/envs/fastai/lib/python3.6/concurrent/futures/_base.py", line 425, in result
    return self.__get_result()
  File "/home/reflex/.conda/envs/fastai/lib/python3.6/concurrent/futures/_base.py", line 384, in __get_result
    raise self._exception
  File "/home/reflex/.conda/envs/fastai/lib/python3.6/concurrent/futures/thread.py", line 56, in run
    result = self.fn(*self.args, **self.kwargs)
  File "/home/reflex/fastai/courses/dl1/fastai/dataloader.py", line 75, in get_batch
    res = self.np_collate([self.dataset[i] for i in indices])
  File "/home/reflex/fastai/courses/dl1/fastai/dataloader.py", line 75, in <listcomp>
    res = self.np_collate([self.dataset[i] for i in indices])
  File "/home/reflex/fastai/courses/dl1/fastai/dataset.py", line 203, in __getitem__
    return self.get1item(idx)
  File "/home/reflex/fastai/courses/dl1/fastai/dataset.py", line 196, in get1item
    x,y = self.get_x(idx),self.get_y(idx)
  File "/home/reflex/fastai/courses/dl1/fastai/dataset.py", line 300, in get_x
    def get_x(self, i): return open_image(os.path.join(self.path, self.fnames[i]))
  File "/home/reflex/fastai/courses/dl1/fastai/dataset.py", line 266, in open_image
    raise OSError('No such file or directory: {}'.format(fn))
OSError: No such file or directory: /home/reflex/fastai/courses/dl1/data/reflex_multilabel/train/133057_1_E2_0001.png

30-10-2018 11:12:40 AM - INFO -  --- Batch: 64 | Img size: 128 --- 
 
30-10-2018 11:12:41 AM - INFO -  --- Type: FREEZE --- 
30-10-2018 11:12:41 AM - INFO - epoch, val_loss, f2, average_precision, average_recall, hamming_score
30-10-2018 11:12:41 AM - ERROR - ERROR: A: resnet50 | IS: 128 | BS: 64
30-10-2018 11:12:41 AM - ERROR - Traceback (most recent call last):
  File "reflex/run_grid_search.py", line 106, in grid_search
    learn.fit(lr, 12, cycle_len=1, cycle_mult=2, best_save_name=f'{best_model_name}_freeze', earlystopping=earlystoping, logger_name=experiment_name, log_step=log_step)
  File "/home/reflex/fastai/courses/dl1/fastai/learner.py", line 308, in fit
    return self.fit_gen(self.model, self.data, layer_opt, n_cycle, **kwargs)
  File "/home/reflex/fastai/courses/dl1/fastai/learner.py", line 255, in fit_gen
    swa_eval_freq=swa_eval_freq, **kwargs)
  File "/home/reflex/fastai/courses/dl1/fastai/model.py", line 138, in fit
    for (*x,y) in t:
  File "/home/reflex/.conda/envs/fastai/lib/python3.6/site-packages/tqdm/_tqdm.py", line 937, in __iter__
    for obj in iterable:
  File "/home/reflex/fastai/courses/dl1/fastai/dataloader.py", line 88, in __iter__
    for batch in e.map(self.get_batch, c):
  File "/home/reflex/.conda/envs/fastai/lib/python3.6/concurrent/futures/_base.py", line 586, in result_iterator
    yield fs.pop().result()
  File "/home/reflex/.conda/envs/fastai/lib/python3.6/concurrent/futures/_base.py", line 425, in result
    return self.__get_result()
  File "/home/reflex/.conda/envs/fastai/lib/python3.6/concurrent/futures/_base.py", line 384, in __get_result
    raise self._exception
  File "/home/reflex/.conda/envs/fastai/lib/python3.6/concurrent/futures/thread.py", line 56, in run
    result = self.fn(*self.args, **self.kwargs)
  File "/home/reflex/fastai/courses/dl1/fastai/dataloader.py", line 75, in get_batch
    res = self.np_collate([self.dataset[i] for i in indices])
  File "/home/reflex/fastai/courses/dl1/fastai/dataloader.py", line 75, in <listcomp>
    res = self.np_collate([self.dataset[i] for i in indices])
  File "/home/reflex/fastai/courses/dl1/fastai/dataset.py", line 203, in __getitem__
    return self.get1item(idx)
  File "/home/reflex/fastai/courses/dl1/fastai/dataset.py", line 196, in get1item
    x,y = self.get_x(idx),self.get_y(idx)
  File "/home/reflex/fastai/courses/dl1/fastai/dataset.py", line 300, in get_x
    def get_x(self, i): return open_image(os.path.join(self.path, self.fnames[i]))
  File "/home/reflex/fastai/courses/dl1/fastai/dataset.py", line 266, in open_image
    raise OSError('No such file or directory: {}'.format(fn))
OSError: No such file or directory: /home/reflex/fastai/courses/dl1/data/reflex_multilabel/train/137775_1_E1_0001.png

30-10-2018 11:12:41 AM - INFO -  --- Batch: 64 | Img size: 256 --- 
 
30-10-2018 11:12:41 AM - INFO -  --- Type: FREEZE --- 
30-10-2018 11:12:41 AM - INFO - epoch, val_loss, f2, average_precision, average_recall, hamming_score
30-10-2018 11:12:41 AM - ERROR - ERROR: A: resnet50 | IS: 256 | BS: 64
30-10-2018 11:12:41 AM - ERROR - Traceback (most recent call last):
  File "reflex/run_grid_search.py", line 106, in grid_search
    learn.fit(lr, 12, cycle_len=1, cycle_mult=2, best_save_name=f'{best_model_name}_freeze', earlystopping=earlystoping, logger_name=experiment_name, log_step=log_step)
  File "/home/reflex/fastai/courses/dl1/fastai/learner.py", line 308, in fit
    return self.fit_gen(self.model, self.data, layer_opt, n_cycle, **kwargs)
  File "/home/reflex/fastai/courses/dl1/fastai/learner.py", line 255, in fit_gen
    swa_eval_freq=swa_eval_freq, **kwargs)
  File "/home/reflex/fastai/courses/dl1/fastai/model.py", line 138, in fit
    for (*x,y) in t:
  File "/home/reflex/.conda/envs/fastai/lib/python3.6/site-packages/tqdm/_tqdm.py", line 937, in __iter__
    for obj in iterable:
  File "/home/reflex/fastai/courses/dl1/fastai/dataloader.py", line 88, in __iter__
    for batch in e.map(self.get_batch, c):
  File "/home/reflex/.conda/envs/fastai/lib/python3.6/concurrent/futures/_base.py", line 586, in result_iterator
    yield fs.pop().result()
  File "/home/reflex/.conda/envs/fastai/lib/python3.6/concurrent/futures/_base.py", line 425, in result
    return self.__get_result()
  File "/home/reflex/.conda/envs/fastai/lib/python3.6/concurrent/futures/_base.py", line 384, in __get_result
    raise self._exception
  File "/home/reflex/.conda/envs/fastai/lib/python3.6/concurrent/futures/thread.py", line 56, in run
    result = self.fn(*self.args, **self.kwargs)
  File "/home/reflex/fastai/courses/dl1/fastai/dataloader.py", line 75, in get_batch
    res = self.np_collate([self.dataset[i] for i in indices])
  File "/home/reflex/fastai/courses/dl1/fastai/dataloader.py", line 75, in <listcomp>
    res = self.np_collate([self.dataset[i] for i in indices])
  File "/home/reflex/fastai/courses/dl1/fastai/dataset.py", line 203, in __getitem__
    return self.get1item(idx)
  File "/home/reflex/fastai/courses/dl1/fastai/dataset.py", line 196, in get1item
    x,y = self.get_x(idx),self.get_y(idx)
  File "/home/reflex/fastai/courses/dl1/fastai/dataset.py", line 300, in get_x
    def get_x(self, i): return open_image(os.path.join(self.path, self.fnames[i]))
  File "/home/reflex/fastai/courses/dl1/fastai/dataset.py", line 266, in open_image
    raise OSError('No such file or directory: {}'.format(fn))
OSError: No such file or directory: /home/reflex/fastai/courses/dl1/data/reflex_multilabel/train/92768_1_E2_001.png

30-10-2018 11:12:41 AM - INFO -  --- Batch: 64 | Img size: 512 --- 
 
30-10-2018 11:12:41 AM - INFO -  --- Type: FREEZE --- 
30-10-2018 11:12:41 AM - INFO - epoch, val_loss, f2, average_precision, average_recall, hamming_score
30-10-2018 11:12:41 AM - ERROR - ERROR: A: resnet50 | IS: 512 | BS: 64
30-10-2018 11:12:41 AM - ERROR - Traceback (most recent call last):
  File "reflex/run_grid_search.py", line 106, in grid_search
    learn.fit(lr, 12, cycle_len=1, cycle_mult=2, best_save_name=f'{best_model_name}_freeze', earlystopping=earlystoping, logger_name=experiment_name, log_step=log_step)
  File "/home/reflex/fastai/courses/dl1/fastai/learner.py", line 308, in fit
    return self.fit_gen(self.model, self.data, layer_opt, n_cycle, **kwargs)
  File "/home/reflex/fastai/courses/dl1/fastai/learner.py", line 255, in fit_gen
    swa_eval_freq=swa_eval_freq, **kwargs)
  File "/home/reflex/fastai/courses/dl1/fastai/model.py", line 138, in fit
    for (*x,y) in t:
  File "/home/reflex/.conda/envs/fastai/lib/python3.6/site-packages/tqdm/_tqdm.py", line 937, in __iter__
    for obj in iterable:
  File "/home/reflex/fastai/courses/dl1/fastai/dataloader.py", line 88, in __iter__
    for batch in e.map(self.get_batch, c):
  File "/home/reflex/.conda/envs/fastai/lib/python3.6/concurrent/futures/_base.py", line 586, in result_iterator
    yield fs.pop().result()
  File "/home/reflex/.conda/envs/fastai/lib/python3.6/concurrent/futures/_base.py", line 425, in result
    return self.__get_result()
  File "/home/reflex/.conda/envs/fastai/lib/python3.6/concurrent/futures/_base.py", line 384, in __get_result
    raise self._exception
  File "/home/reflex/.conda/envs/fastai/lib/python3.6/concurrent/futures/thread.py", line 56, in run
    result = self.fn(*self.args, **self.kwargs)
  File "/home/reflex/fastai/courses/dl1/fastai/dataloader.py", line 75, in get_batch
    res = self.np_collate([self.dataset[i] for i in indices])
  File "/home/reflex/fastai/courses/dl1/fastai/dataloader.py", line 75, in <listcomp>
    res = self.np_collate([self.dataset[i] for i in indices])
  File "/home/reflex/fastai/courses/dl1/fastai/dataset.py", line 203, in __getitem__
    return self.get1item(idx)
  File "/home/reflex/fastai/courses/dl1/fastai/dataset.py", line 196, in get1item
    x,y = self.get_x(idx),self.get_y(idx)
  File "/home/reflex/fastai/courses/dl1/fastai/dataset.py", line 300, in get_x
    def get_x(self, i): return open_image(os.path.join(self.path, self.fnames[i]))
  File "/home/reflex/fastai/courses/dl1/fastai/dataset.py", line 266, in open_image
    raise OSError('No such file or directory: {}'.format(fn))
OSError: No such file or directory: /home/reflex/fastai/courses/dl1/data/reflex_multilabel/train/101975_1_E2_001.png

30-10-2018 11:12:41 AM - INFO -     ----- *** END: resnet50 *** ----- 

30-10-2018 11:12:41 AM - INFO -     ----- *** RESNEXT50 *** ----- 

