10-01-2019 09:39:02 AM - INFO -  [ ------ EXPERIMENT: RESNET34_10012019 ------ ] 

10-01-2019 09:39:02 AM - INFO -  --- PARAMETERS: --- 
10-01-2019 09:39:02 AM - INFO - Predefined metrics: [val_loss], f2, average_precision, average_recall, hamming_score
10-01-2019 09:39:02 AM - INFO - Predefined architecutres: resnet34
10-01-2019 09:39:02 AM - INFO - Predefined batch sizes: 8, 16, 32
10-01-2019 09:39:02 AM - INFO - Predefined image sizes: 64, 128, 256, 512
10-01-2019 09:39:02 AM - INFO - Dropout: 0.5
10-01-2019 09:39:02 AM - INFO - Earlystopping after: 12 epochs.
10-01-2019 09:39:02 AM - INFO - Log every 5 epochs.
10-01-2019 09:39:02 AM - INFO - GPU: 2 | Available: 4 

10-01-2019 09:39:02 AM - INFO -     ----- *** RESNET34 *** ----- 

10-01-2019 09:41:26 AM - INFO -  Learning rate = 0.008272
10-01-2019 09:41:26 AM - INFO -  Learning rates = [0.001034, 0.002068, 0.004136, 0.008272] 

10-01-2019 09:41:26 AM - INFO -  --- Batch: 8 | Img size: 64 --- 
 
10-01-2019 09:41:26 AM - INFO -  --- Type: FREEZE --- 
10-01-2019 09:41:26 AM - INFO - epoch, val_loss, f2, average_precision, average_recall, hamming_score
10-01-2019 09:44:13 AM - INFO - 0, 0.359435, 0.797419, 0.445551, 0.437124, 0.614342
10-01-2019 09:58:26 AM - INFO - 5, 0.322202, 0.815134, 0.476537, 0.438033, 0.639488
10-01-2019 10:13:01 AM - INFO - 10, 0.31421, 0.822659, 0.48664, 0.436682, 0.640518
10-01-2019 10:27:33 AM - INFO - 15, 0.319215, 0.819633, 0.466912, 0.427416, 0.634416
10-01-2019 10:41:54 AM - INFO - 20, 0.315179, 0.818627, 0.475959, 0.4558, 0.658135
10-01-2019 10:56:14 AM - INFO - 25, 0.310139, 0.817933, 0.491393, 0.463622, 0.66009
10-01-2019 11:10:32 AM - INFO - 30, 0.312649, 0.816162, 0.494817, 0.474484, 0.665214
10-01-2019 11:24:51 AM - INFO - 35, 0.309495, 0.821792, 0.501949, 0.459563, 0.661886
10-01-2019 11:39:09 AM - INFO - 40, 0.301547, 0.823737, 0.515462, 0.479613, 0.661833
10-01-2019 11:53:24 AM - INFO - 45, 0.306045, 0.822287, 0.514806, 0.475315, 0.66627
10-01-2019 12:07:37 PM - INFO - 50, 0.304412, 0.82358, 0.499037, 0.46871, 0.665135
10-01-2019 12:21:49 PM - INFO - 55, 0.301905, 0.82505, 0.509272, 0.472897, 0.666455
10-01-2019 12:35:59 PM - INFO - 60, 0.300175, 0.826995, 0.518276, 0.477425, 0.678685
10-01-2019 12:50:14 PM - INFO - 65, 0.307774, 0.826685, 0.496786, 0.461133, 0.663259
10-01-2019 01:04:35 PM - INFO - 70, 0.298774, 0.827688, 0.519969, 0.467373, 0.674775
10-01-2019 01:19:01 PM - INFO - 75, 0.302108, 0.830654, 0.517491, 0.471489, 0.655283
10-01-2019 01:33:33 PM - INFO - *** Earlystopping! ***
10-01-2019 01:33:33 PM - INFO - [ Saved model: best_resnet34_imgsize64_batch8_freeze.h5 ] 
10-01-2019 01:33:33 PM - INFO - [ Results: [0.29677] 0.8296574060350169 0.5294813329452226 0.4941837273736753 0.6723190702588485 ]

10-01-2019 01:33:33 PM - INFO -  --- Type: UNFREEZE --- 
10-01-2019 01:33:33 PM - INFO - epoch, val_loss, f2, average_precision, average_recall, hamming_score
10-01-2019 01:36:52 PM - INFO - 0, 0.347723, 0.789889, 0.443538, 0.380999, 0.611146
10-01-2019 01:53:36 PM - INFO - 5, 0.26418, 0.856117, 0.535178, 0.468959, 0.712837
10-01-2019 02:10:22 PM - INFO - 10, 0.272201, 0.836864, 0.574149, 0.538476, 0.714184
10-01-2019 02:27:08 PM - INFO - 15, 0.276986, 0.836283, 0.55777, 0.530772, 0.696276
10-01-2019 02:43:49 PM - INFO - 20, 0.251397, 0.848219, 0.565134, 0.562488, 0.749921
10-01-2019 03:00:31 PM - INFO - 25, 0.22901, 0.866625, 0.584777, 0.55005, 0.762071
10-01-2019 03:17:14 PM - INFO - 30, 0.224122, 0.871768, 0.590102, 0.555765, 0.774485
10-01-2019 03:33:48 PM - INFO - 35, 0.346561, 0.805827, 0.500258, 0.543943, 0.644665
10-01-2019 03:50:25 PM - INFO - 40, 0.346765, 0.813529, 0.489927, 0.526415, 0.624564
10-01-2019 03:53:44 PM - INFO - *** Earlystopping! ***
10-01-2019 03:53:44 PM - INFO - [ Saved model: best_resnet34_imgsize64_batch8_unfreeze.h5 ]
10-01-2019 03:53:44 PM - INFO - [ Results: [0.22372] 0.8695955195614197 0.5874327544012852 0.5517675215886673 0.7631801373481247 ]

10-01-2019 03:53:44 PM - INFO -  --- Batch: 8 | Img size: 128 --- 
 
10-01-2019 03:53:44 PM - INFO -  --- Type: FREEZE --- 
10-01-2019 03:53:44 PM - INFO - epoch, val_loss, f2, average_precision, average_recall, hamming_score
10-01-2019 03:56:43 PM - INFO - 0, 0.330157, 0.801384, 0.520475, 0.45915, 0.640359
10-01-2019 04:11:40 PM - INFO - 5, 0.298419, 0.827724, 0.529574, 0.479701, 0.684786
10-01-2019 04:26:32 PM - INFO - 10, 0.28933, 0.831948, 0.553884, 0.495535, 0.688114
10-01-2019 04:41:24 PM - INFO - 15, 0.285466, 0.83023, 0.554124, 0.497554, 0.691442
10-01-2019 04:56:19 PM - INFO - 20, 0.278742, 0.842126, 0.550804, 0.487049, 0.689646
10-01-2019 05:11:18 PM - INFO - 25, 0.276848, 0.840853, 0.542895, 0.496987, 0.700475
10-01-2019 05:26:23 PM - INFO - 30, 0.275607, 0.840463, 0.554288, 0.503352, 0.702853
10-01-2019 05:41:33 PM - INFO - 35, 0.269913, 0.843308, 0.568718, 0.513213, 0.712678
10-01-2019 05:56:42 PM - INFO - 40, 0.269827, 0.844872, 0.556647, 0.49896, 0.706498
10-01-2019 06:11:54 PM - INFO - 45, 0.268214, 0.843491, 0.568282, 0.515597, 0.712388
10-01-2019 06:27:04 PM - INFO - 50, 0.268206, 0.84687, 0.575729, 0.505825, 0.71289
10-01-2019 06:42:10 PM - INFO - 55, 0.270999, 0.839197, 0.564815, 0.516787, 0.72261
10-01-2019 06:57:18 PM - INFO - 60, 0.267051, 0.847855, 0.58312, 0.508846, 0.711833
10-01-2019 07:12:18 PM - INFO - 65, 0.266076, 0.847986, 0.573745, 0.5107, 0.716587
10-01-2019 07:27:17 PM - INFO - 70, 0.270561, 0.848508, 0.563792, 0.488653, 0.700555
10-01-2019 07:42:14 PM - INFO - 75, 0.266737, 0.849672, 0.565474, 0.502739, 0.715478
10-01-2019 07:57:12 PM - INFO - 80, 0.264064, 0.847979, 0.567518, 0.505193, 0.708056
10-01-2019 08:12:10 PM - INFO - 85, 0.263764, 0.847835, 0.572892, 0.508813, 0.712758
10-01-2019 08:27:06 PM - INFO - 90, 0.26261, 0.847142, 0.576962, 0.503971, 0.716006
10-01-2019 08:42:03 PM - INFO - 95, 0.269559, 0.841368, 0.562018, 0.509993, 0.707713
10-01-2019 08:48:08 PM - INFO - *** Earlystopping! ***
10-01-2019 08:48:08 PM - INFO - [ Saved model: best_resnet34_imgsize128_batch8_freeze.h5 ] 
10-01-2019 08:48:08 PM - INFO - [ Results: [0.26047] 0.8516406125311639 0.5758756751512015 0.510969522515821 0.7173269941891177 ]

10-01-2019 08:48:08 PM - INFO -  --- Type: UNFREEZE --- 
10-01-2019 08:48:08 PM - INFO - epoch, val_loss, f2, average_precision, average_recall, hamming_score
10-01-2019 08:51:50 PM - INFO - 0, 0.247897, 0.848684, 0.587763, 0.531221, 0.738774
10-01-2019 09:10:22 PM - INFO - 5, 0.223342, 0.866119, 0.587824, 0.547472, 0.756709
10-01-2019 09:28:55 PM - INFO - 10, 0.231338, 0.859277, 0.599416, 0.618071, 0.75552
10-01-2019 09:47:34 PM - INFO - 15, 0.277347, 0.8214, 0.536308, 0.509856, 0.705309
10-01-2019 10:06:08 PM - INFO - 20, 0.225076, 0.867684, 0.60641, 0.538727, 0.738642
10-01-2019 10:24:44 PM - INFO - 25, 0.195985, 0.883164, 0.636323, 0.624697, 0.808505
10-01-2019 10:43:20 PM - INFO - 30, 0.194295, 0.884492, 0.639868, 0.624065, 0.812124
10-01-2019 11:01:55 PM - INFO - 35, 0.23111, 0.872109, 0.603489, 0.554138, 0.751215
10-01-2019 11:20:28 PM - INFO - 40, 0.232222, 0.863476, 0.622976, 0.645711, 0.770708
10-01-2019 11:24:12 PM - INFO - *** Earlystopping! ***
10-01-2019 11:24:12 PM - INFO - [ Saved model: best_resnet34_imgsize128_batch8_unfreeze.h5 ]
10-01-2019 11:24:12 PM - INFO - [ Results: [0.19133] 0.8828923189722059 0.6460083875071424 0.6293476503121057 0.818040147913365 ]

10-01-2019 11:24:12 PM - INFO -  --- Batch: 8 | Img size: 256 --- 
 
10-01-2019 11:24:12 PM - INFO -  --- Type: FREEZE --- 
10-01-2019 11:24:12 PM - INFO - epoch, val_loss, f2, average_precision, average_recall, hamming_score
10-01-2019 11:26:23 PM - INFO - 0, 0.315614, 0.812107, 0.527035, 0.467253, 0.646698
10-01-2019 11:36:53 PM - INFO - 5, 0.282507, 0.836879, 0.566468, 0.487508, 0.686741
10-01-2019 11:47:31 PM - INFO - 10, 0.273907, 0.836859, 0.568732, 0.512584, 0.700026
10-01-2019 11:58:12 PM - INFO - 15, 0.266025, 0.846583, 0.581906, 0.522305, 0.709165
11-01-2019 12:08:45 AM - INFO - 20, 0.265298, 0.846461, 0.577059, 0.49905, 0.706656
11-01-2019 12:19:05 AM - INFO - 25, 0.257347, 0.850195, 0.584429, 0.523954, 0.719255
11-01-2019 12:29:11 AM - INFO - 30, 0.260935, 0.847698, 0.575736, 0.506036, 0.70655
11-01-2019 12:39:22 AM - INFO - 35, 0.255789, 0.854569, 0.59518, 0.517429, 0.714105
11-01-2019 12:49:08 AM - INFO - 40, 0.253575, 0.85547, 0.592554, 0.51909, 0.715346
11-01-2019 12:58:08 AM - INFO - 45, 0.252963, 0.854926, 0.583873, 0.514023, 0.717221
11-01-2019 01:07:02 AM - INFO - 50, 0.251709, 0.855418, 0.596629, 0.513337, 0.709773
11-01-2019 01:16:09 AM - INFO - 55, 0.254206, 0.854936, 0.581924, 0.515351, 0.713973
11-01-2019 01:25:09 AM - INFO - 60, 0.251401, 0.858755, 0.590441, 0.511487, 0.719519
11-01-2019 01:34:17 AM - INFO - *** Earlystopping! ***
11-01-2019 01:34:17 AM - INFO - [ Saved model: best_resnet34_imgsize256_batch8_freeze.h5 ] 
11-01-2019 01:34:17 AM - INFO - [ Results: [0.25129] 0.8518903425634717 0.5858048449173646 0.5284948844831114 0.7211040676175383 ]

11-01-2019 01:34:17 AM - INFO -  --- Type: UNFREEZE --- 
11-01-2019 01:34:17 AM - INFO - epoch, val_loss, f2, average_precision, average_recall, hamming_score
11-01-2019 01:37:36 AM - INFO - 0, 0.222991, 0.869229, 0.609613, 0.552731, 0.756498
11-01-2019 01:54:32 AM - INFO - 5, 0.197092, 0.885208, 0.639782, 0.591359, 0.785261
11-01-2019 02:11:32 AM - INFO - 10, 0.187088, 0.891218, 0.646299, 0.62198, 0.813735
11-01-2019 02:28:56 AM - INFO - 15, 0.19436, 0.881154, 0.645586, 0.628289, 0.817142
11-01-2019 02:46:21 AM - INFO - 20, 0.182683, 0.888697, 0.665953, 0.628634, 0.800634
11-01-2019 03:03:48 AM - INFO - 25, 0.168405, 0.901258, 0.664045, 0.632433, 0.822372
11-01-2019 03:21:08 AM - INFO - 30, 0.167211, 0.903689, 0.671184, 0.643214, 0.835077
11-01-2019 03:38:32 AM - INFO - 35, 0.191853, 0.8893, 0.652721, 0.633386, 0.816429
11-01-2019 03:55:54 AM - INFO - 40, 0.171795, 0.900183, 0.657509, 0.649598, 0.823719
11-01-2019 04:02:51 AM - INFO - *** Earlystopping! ***
11-01-2019 04:02:51 AM - INFO - [ Saved model: best_resnet34_imgsize256_batch8_unfreeze.h5 ]
11-01-2019 04:02:51 AM - INFO - [ Results: [0.16629] 0.9043918499528543 0.6635315933029312 0.6389749560680057 0.8300581088219761 ]

11-01-2019 04:02:51 AM - INFO -  --- Batch: 8 | Img size: 512 --- 
 
11-01-2019 04:02:52 AM - INFO -  --- Type: FREEZE --- 
11-01-2019 04:02:52 AM - INFO - epoch, val_loss, f2, average_precision, average_recall, hamming_score
11-01-2019 04:08:00 AM - INFO - 0, 0.30897, 0.814272, 0.566527, 0.519124, 0.669591
11-01-2019 04:33:52 AM - INFO - 5, 0.27735, 0.834504, 0.578605, 0.510775, 0.702932
11-01-2019 04:59:22 AM - INFO - 10, 0.263238, 0.847443, 0.590835, 0.519909, 0.71458
11-01-2019 05:25:01 AM - INFO - 15, 0.256332, 0.849803, 0.600629, 0.530491, 0.722821
11-01-2019 05:50:33 AM - INFO - 20, 0.251437, 0.852291, 0.594501, 0.545645, 0.726941
11-01-2019 06:16:23 AM - INFO - 25, 0.249418, 0.857975, 0.592478, 0.534265, 0.727126
11-01-2019 06:42:23 AM - INFO - 30, 0.248201, 0.857718, 0.599085, 0.53991, 0.727258
11-01-2019 07:07:53 AM - INFO - 35, 0.240872, 0.861216, 0.624234, 0.549392, 0.734812
11-01-2019 07:33:21 AM - INFO - 40, 0.237735, 0.86414, 0.617796, 0.550721, 0.743106
11-01-2019 07:58:55 AM - INFO - 45, 0.23994, 0.864068, 0.618253, 0.553105, 0.739223
11-01-2019 08:24:48 AM - INFO - 50, 0.237718, 0.863168, 0.613566, 0.564904, 0.745166
11-01-2019 08:51:05 AM - INFO - 55, 0.235418, 0.864057, 0.631962, 0.572934, 0.747834
11-01-2019 09:17:03 AM - INFO - 60, 0.236528, 0.86584, 0.626045, 0.562636, 0.747728
11-01-2019 09:43:08 AM - INFO - 65, 0.236733, 0.862375, 0.627768, 0.575206, 0.749551
11-01-2019 09:58:51 AM - INFO - *** Earlystopping! ***
11-01-2019 09:58:51 AM - INFO - [ Saved model: best_resnet34_imgsize512_batch8_freeze.h5 ] 
11-01-2019 09:58:51 AM - INFO - [ Results: [0.23542] 0.8640569001577011 0.631962008258137 0.5729335791368845 0.7478341257263602 ]

11-01-2019 09:58:51 AM - INFO -  --- Type: UNFREEZE --- 
11-01-2019 09:58:51 AM - INFO - epoch, val_loss, f2, average_precision, average_recall, hamming_score
11-01-2019 10:10:40 AM - INFO - 0, 0.201712, 0.885055, 0.644813, 0.612953, 0.786212
11-01-2019 11:09:55 AM - INFO - 5, 0.169117, 0.903684, 0.674185, 0.650391, 0.830401
11-01-2019 12:09:11 PM - INFO - 10, 0.173815, 0.89767, 0.680473, 0.623234, 0.811569
11-01-2019 01:08:14 PM - INFO - 15, 0.236482, 0.859226, 0.624514, 0.560267, 0.740333
11-01-2019 02:06:56 PM - INFO - 20, 0.178989, 0.899299, 0.658549, 0.637659, 0.830692
11-01-2019 03:05:57 PM - INFO - 25, 0.164115, 0.89861, 0.680618, 0.663334, 0.845166
11-01-2019 04:05:01 PM - INFO - 30, 0.163808, 0.903364, 0.677509, 0.655408, 0.846857
11-01-2019 05:04:03 PM - INFO - 35, 0.171769, 0.900686, 0.667503, 0.653958, 0.819546
11-01-2019 05:50:50 PM - INFO - *** Earlystopping! ***
11-01-2019 05:50:50 PM - INFO - [ Saved model: best_resnet34_imgsize512_batch8_unfreeze.h5 ]
11-01-2019 05:50:50 PM - INFO - [ Results: [0.16076] 0.9045288629662538 0.6693586467867657 0.6582155524650434 0.8459587955625991 ]

11-01-2019 05:50:50 PM - INFO -  ************************** 
11-01-2019 05:50:50 PM - INFO - COPYPASTE: resnet34 | IMS: 64 -> 512 | BS: 8
11-01-2019 05:50:50 PM - INFO - COPYPASTE: [0.16076] 0.9045288629662538 0.6693586467867657 0.6582155524650434 0.8459587955625991 
11-01-2019 05:50:50 PM - INFO -  ************************** 

11-01-2019 05:50:50 PM - INFO -  --- INCREMENTING BATCH SIZE --- 

11-01-2019 05:50:50 PM - INFO -  --- Batch: 16 | Img size: 64 --- 
 
11-01-2019 05:50:50 PM - INFO -  --- Type: FREEZE --- 
11-01-2019 05:50:50 PM - INFO - epoch, val_loss, f2, average_precision, average_recall, hamming_score
11-01-2019 05:52:26 PM - INFO - 0, 0.469262, 0.748337, 0.389363, 0.366306, 0.531511
11-01-2019 06:00:25 PM - INFO - 5, 0.378029, 0.779227, 0.441599, 0.388827, 0.585394
11-01-2019 06:08:27 PM - INFO - 10, 0.365172, 0.786782, 0.457035, 0.393692, 0.594453
11-01-2019 06:16:27 PM - INFO - 15, 0.359599, 0.79082, 0.468861, 0.389376, 0.6014
11-01-2019 06:24:32 PM - INFO - 20, 0.351602, 0.794242, 0.470692, 0.409789, 0.6042
11-01-2019 06:32:35 PM - INFO - 25, 0.34513, 0.800231, 0.480571, 0.410039, 0.612837
11-01-2019 06:40:34 PM - INFO - 30, 0.345198, 0.798838, 0.48406, 0.420062, 0.614289
11-01-2019 06:48:37 PM - INFO - 35, 0.341269, 0.799899, 0.474278, 0.439309, 0.617802
11-01-2019 06:56:37 PM - INFO - 40, 0.336992, 0.806919, 0.50189, 0.436341, 0.622636
11-01-2019 07:04:39 PM - INFO - 45, 0.335523, 0.80655, 0.504503, 0.4433, 0.624062
11-01-2019 07:12:39 PM - INFO - 50, 0.33287, 0.809359, 0.487802, 0.426601, 0.627443
11-01-2019 07:20:41 PM - INFO - 55, 0.334505, 0.806824, 0.480476, 0.435627, 0.623957
11-01-2019 07:28:55 PM - INFO - 60, 0.332442, 0.80961, 0.497514, 0.441475, 0.625409
11-01-2019 07:36:57 PM - INFO - 65, 0.332566, 0.80869, 0.491088, 0.43998, 0.632039
11-01-2019 07:44:47 PM - INFO - 70, 0.336555, 0.806756, 0.470075, 0.439294, 0.621632
11-01-2019 07:52:37 PM - INFO - 75, 0.326582, 0.815804, 0.50691, 0.437997, 0.632858
11-01-2019 08:00:28 PM - INFO - 80, 0.329022, 0.814632, 0.49757, 0.446961, 0.629609
11-01-2019 08:08:16 PM - INFO - 85, 0.326211, 0.813674, 0.499653, 0.449524, 0.633175
11-01-2019 08:16:10 PM - INFO - 90, 0.325351, 0.816833, 0.505408, 0.45625, 0.636001
11-01-2019 08:24:03 PM - INFO - 95, 0.32343, 0.817436, 0.492443, 0.43829, 0.633439
11-01-2019 08:31:54 PM - INFO - 100, 0.325634, 0.815079, 0.488282, 0.445071, 0.633545
11-01-2019 08:39:45 PM - INFO - 105, 0.322616, 0.817882, 0.493791, 0.435947, 0.635922
11-01-2019 08:47:36 PM - INFO - 110, 0.324513, 0.816733, 0.506054, 0.453246, 0.634363
11-01-2019 08:55:28 PM - INFO - 115, 0.328872, 0.812558, 0.502312, 0.460936, 0.635737
11-01-2019 09:03:17 PM - INFO - 120, 0.325372, 0.814795, 0.483541, 0.437153, 0.635526
11-01-2019 09:11:08 PM - INFO - *** Earlystopping! ***
11-01-2019 09:11:08 PM - INFO - [ Saved model: best_resnet34_imgsize64_batch16_freeze.h5 ] 
11-01-2019 09:11:08 PM - INFO - [ Results: [0.32243] 0.8159717418049811 0.4963398511281689 0.433991041032019 0.6413100898045431 ]

11-01-2019 09:11:08 PM - INFO -  --- Type: UNFREEZE --- 
11-01-2019 09:11:08 PM - INFO - epoch, val_loss, f2, average_precision, average_recall, hamming_score
11-01-2019 09:13:15 PM - INFO - 0, 0.317635, 0.809424, 0.533797, 0.451293, 0.649155
11-01-2019 09:23:50 PM - INFO - 5, 0.256611, 0.855602, 0.637914, 0.577727, 0.729292
11-01-2019 09:34:22 PM - INFO - 10, 0.239007, 0.860686, 0.654073, 0.607254, 0.750502
11-01-2019 09:44:57 PM - INFO - 15, 0.246683, 0.853181, 0.624661, 0.586927, 0.727602
11-01-2019 09:55:29 PM - INFO - 20, 0.341311, 0.814443, 0.542772, 0.610344, 0.65552
11-01-2019 10:06:00 PM - INFO - 25, 0.232632, 0.865876, 0.669647, 0.662332, 0.757052
11-01-2019 10:16:31 PM - INFO - 30, 0.210782, 0.873871, 0.706086, 0.656455, 0.789699
11-01-2019 10:27:04 PM - INFO - 35, 0.325194, 0.798924, 0.612439, 0.578779, 0.652853
11-01-2019 10:37:34 PM - INFO - 40, 0.253561, 0.857389, 0.666714, 0.681995, 0.737956
11-01-2019 10:43:51 PM - INFO - *** Earlystopping! ***
11-01-2019 10:43:51 PM - INFO - [ Saved model: best_resnet34_imgsize64_batch16_unfreeze.h5 ]
11-01-2019 10:43:51 PM - INFO - [ Results: [0.21078] 0.8738707669019318 0.7060864725795674 0.6564553676394291 0.7896988906497623 ]

11-01-2019 10:43:51 PM - INFO -  --- Batch: 16 | Img size: 128 --- 
 
11-01-2019 10:43:51 PM - INFO -  --- Type: FREEZE --- 
11-01-2019 10:43:51 PM - INFO - epoch, val_loss, f2, average_precision, average_recall, hamming_score
11-01-2019 10:45:34 PM - INFO - 0, 0.338837, 0.790637, 0.485997, 0.423923, 0.623085
11-01-2019 10:54:16 PM - INFO - 5, 0.302402, 0.810449, 0.524352, 0.454215, 0.648098
11-01-2019 11:02:58 PM - INFO - 10, 0.294124, 0.817159, 0.566683, 0.47568, 0.66524
11-01-2019 11:11:39 PM - INFO - 15, 0.287994, 0.820504, 0.588328, 0.493544, 0.680243
11-01-2019 11:20:20 PM - INFO - 20, 0.284133, 0.824453, 0.592411, 0.498611, 0.679107
11-01-2019 11:29:00 PM - INFO - 25, 0.281011, 0.828691, 0.597441, 0.503823, 0.687929
11-01-2019 11:37:39 PM - INFO - 30, 0.280605, 0.82747, 0.598075, 0.509253, 0.687163
11-01-2019 11:46:19 PM - INFO - 35, 0.277587, 0.828114, 0.607298, 0.524305, 0.696751
11-01-2019 11:54:54 PM - INFO - 40, 0.274702, 0.834058, 0.609319, 0.505664, 0.684443
12-01-2019 12:03:31 AM - INFO - 45, 0.273243, 0.833741, 0.625628, 0.512547, 0.687586
12-01-2019 12:12:09 AM - INFO - 50, 0.270562, 0.83696, 0.633308, 0.527205, 0.688167
12-01-2019 12:20:48 AM - INFO - 55, 0.270416, 0.83551, 0.630652, 0.525735, 0.686212
12-01-2019 12:29:22 AM - INFO - 60, 0.271414, 0.836691, 0.633229, 0.530076, 0.692076
12-01-2019 12:38:00 AM - INFO - 65, 0.270292, 0.838837, 0.630532, 0.526784, 0.692816
12-01-2019 12:46:42 AM - INFO - 70, 0.267033, 0.839948, 0.641465, 0.534153, 0.698679
12-01-2019 12:55:36 AM - INFO - 75, 0.269559, 0.834024, 0.646459, 0.538336, 0.691918
12-01-2019 01:04:32 AM - INFO - 80, 0.263959, 0.83837, 0.64949, 0.554047, 0.710433
12-01-2019 01:13:40 AM - INFO - 85, 0.262104, 0.840448, 0.647243, 0.557348, 0.711252
12-01-2019 01:22:57 AM - INFO - 90, 0.265121, 0.844895, 0.650574, 0.54284, 0.704886
12-01-2019 01:32:11 AM - INFO - 95, 0.2618, 0.846905, 0.643672, 0.556661, 0.711014
12-01-2019 01:41:29 AM - INFO - 100, 0.26134, 0.844528, 0.646374, 0.543889, 0.708135
12-01-2019 01:50:45 AM - INFO - 105, 0.261711, 0.841717, 0.65849, 0.546613, 0.702483
12-01-2019 01:59:59 AM - INFO - 110, 0.261149, 0.84599, 0.64206, 0.546655, 0.705679
12-01-2019 02:01:51 AM - INFO - *** Earlystopping! ***
12-01-2019 02:01:51 AM - INFO - [ Saved model: best_resnet34_imgsize128_batch16_freeze.h5 ] 
12-01-2019 02:01:51 AM - INFO - [ Results: [0.26103] 0.8438146791226574 0.6490750388644887 0.5529076085788787 0.7079767564712098 ]

12-01-2019 02:01:51 AM - INFO -  --- Type: UNFREEZE --- 
12-01-2019 02:01:51 AM - INFO - epoch, val_loss, f2, average_precision, average_recall, hamming_score
12-01-2019 02:04:31 AM - INFO - 0, 0.22462, 0.867252, 0.709804, 0.623449, 0.767433
12-01-2019 02:17:53 AM - INFO - 5, 0.193347, 0.882788, 0.744536, 0.692777, 0.808716
12-01-2019 02:31:12 AM - INFO - 10, 0.185914, 0.88689, 0.742452, 0.710263, 0.830401
12-01-2019 02:44:31 AM - INFO - 15, 0.208664, 0.877303, 0.7315, 0.711509, 0.794532
12-01-2019 02:57:33 AM - INFO - 20, 0.195482, 0.888871, 0.748145, 0.725645, 0.814844
12-01-2019 03:10:36 AM - INFO - 25, 0.187355, 0.88931, 0.764435, 0.731098, 0.837269
12-01-2019 03:13:12 AM - INFO - *** Earlystopping! ***
12-01-2019 03:13:12 AM - INFO - [ Saved model: best_resnet34_imgsize128_batch16_unfreeze.h5 ]
12-01-2019 03:13:12 AM - INFO - [ Results: [0.18241] 0.8921192691984343 0.7648858976909689 0.7111805760209654 0.8267828843106182 ]

12-01-2019 03:13:12 AM - INFO -  --- Batch: 16 | Img size: 256 --- 
 
12-01-2019 03:13:12 AM - INFO -  --- Type: FREEZE --- 
12-01-2019 03:13:12 AM - INFO - epoch, val_loss, f2, average_precision, average_recall, hamming_score
12-01-2019 03:15:16 AM - INFO - 0, 0.303293, 0.81152, 0.67464, 0.567632, 0.682567
12-01-2019 03:25:44 AM - INFO - 5, 0.24869, 0.851049, 0.698463, 0.599148, 0.726096
12-01-2019 03:36:18 AM - INFO - 10, 0.23772, 0.860576, 0.708238, 0.610752, 0.73991
12-01-2019 03:46:46 AM - INFO - 15, 0.233893, 0.859053, 0.729514, 0.624388, 0.74551
12-01-2019 03:57:14 AM - INFO - 20, 0.228025, 0.862121, 0.719577, 0.628574, 0.745695
12-01-2019 04:07:44 AM - INFO - 25, 0.227007, 0.862866, 0.712178, 0.619962, 0.747095
12-01-2019 04:18:07 AM - INFO - 30, 0.225755, 0.861275, 0.722672, 0.639957, 0.751189
12-01-2019 04:28:29 AM - INFO - 35, 0.220386, 0.862588, 0.726606, 0.642721, 0.760407
12-01-2019 04:38:51 AM - INFO - 40, 0.217953, 0.864944, 0.726638, 0.648357, 0.758399
12-01-2019 04:49:31 AM - INFO - 45, 0.217091, 0.868879, 0.727953, 0.644578, 0.758954
12-01-2019 05:00:05 AM - INFO - 50, 0.216786, 0.866804, 0.733934, 0.645269, 0.754886
12-01-2019 05:10:07 AM - INFO - 55, 0.215878, 0.868638, 0.731967, 0.65352, 0.759139
12-01-2019 05:20:02 AM - INFO - 60, 0.215056, 0.870022, 0.728435, 0.651665, 0.760935
12-01-2019 05:30:05 AM - INFO - 65, 0.216412, 0.86947, 0.72284, 0.64618, 0.761252
12-01-2019 05:40:41 AM - INFO - 70, 0.214108, 0.866997, 0.722558, 0.650926, 0.759878
12-01-2019 05:51:22 AM - INFO - 75, 0.214053, 0.871861, 0.741754, 0.639507, 0.757581
12-01-2019 06:02:04 AM - INFO - 80, 0.212228, 0.868569, 0.738103, 0.656066, 0.76635
12-01-2019 06:12:42 AM - INFO - 85, 0.214877, 0.867152, 0.727032, 0.65277, 0.756101
12-01-2019 06:23:45 AM - INFO - 90, 0.211951, 0.869164, 0.74168, 0.652462, 0.760724
12-01-2019 06:34:49 AM - INFO - 95, 0.210728, 0.874141, 0.750399, 0.653344, 0.766587
12-01-2019 06:45:47 AM - INFO - 100, 0.210761, 0.87216, 0.73668, 0.656966, 0.769387
12-01-2019 06:56:52 AM - INFO - 105, 0.209366, 0.870235, 0.733521, 0.662818, 0.770787
12-01-2019 07:07:59 AM - INFO - 110, 0.209111, 0.872885, 0.746814, 0.660373, 0.766138
12-01-2019 07:19:10 AM - INFO - 115, 0.210736, 0.87295, 0.743825, 0.651408, 0.762678
12-01-2019 07:30:19 AM - INFO - 120, 0.212945, 0.868615, 0.732689, 0.664613, 0.768568
12-01-2019 07:41:18 AM - INFO - 125, 0.210429, 0.870257, 0.753414, 0.658727, 0.771553
12-01-2019 07:52:27 AM - INFO - 130, 0.209304, 0.87062, 0.743917, 0.668072, 0.774564
12-01-2019 08:03:31 AM - INFO - 135, 0.209822, 0.875208, 0.751399, 0.640643, 0.761675
12-01-2019 08:05:44 AM - INFO - *** Earlystopping! ***
12-01-2019 08:05:44 AM - INFO - [ Saved model: best_resnet34_imgsize256_batch16_freeze.h5 ] 
12-01-2019 08:05:44 AM - INFO - [ Results: [0.20842] 0.8732826037220875 0.7405807761026234 0.6701547163625496 0.7711833069202324 ]

12-01-2019 08:05:44 AM - INFO -  --- Type: UNFREEZE --- 
12-01-2019 08:05:44 AM - INFO - epoch, val_loss, f2, average_precision, average_recall, hamming_score
12-01-2019 08:10:06 AM - INFO - 0, 0.173387, 0.89832, 0.761179, 0.731929, 0.825225
12-01-2019 08:31:55 AM - INFO - 5, 0.166824, 0.89807, 0.762054, 0.741302, 0.834311
12-01-2019 08:53:40 AM - INFO - 10, 0.167971, 0.901288, 0.76317, 0.749008, 0.836609
12-01-2019 09:15:29 AM - INFO - 15, 0.177015, 0.898397, 0.729227, 0.746897, 0.831511
12-01-2019 09:37:11 AM - INFO - 20, 0.162009, 0.904825, 0.762209, 0.752638, 0.837691
12-01-2019 09:58:28 AM - INFO - 25, 0.160913, 0.904752, 0.76233, 0.743694, 0.84897
12-01-2019 10:19:29 AM - INFO - 30, 0.163536, 0.902749, 0.768478, 0.762498, 0.855415
12-01-2019 10:40:47 AM - INFO - 35, 0.175376, 0.900999, 0.763399, 0.765034, 0.844744
12-01-2019 10:53:26 AM - INFO - *** Earlystopping! ***
12-01-2019 10:53:26 AM - INFO - [ Saved model: best_resnet34_imgsize256_batch16_unfreeze.h5 ]
12-01-2019 10:53:26 AM - INFO - [ Results: [0.16091] 0.9047523517297894 0.7623297890447541 0.7436943354987277 0.8489698890649762 ]

12-01-2019 10:53:26 AM - INFO -  --- Batch: 16 | Img size: 512 --- 
 
12-01-2019 10:53:26 AM - INFO -  --- Type: FREEZE --- 
12-01-2019 10:53:26 AM - INFO - epoch, val_loss, f2, average_precision, average_recall, hamming_score
12-01-2019 10:58:48 AM - INFO - 0, 0.357616, 0.799164, 0.662951, 0.595556, 0.670761
12-01-2019 11:26:07 AM - INFO - 5, 0.268889, 0.84405, 0.716637, 0.603132, 0.707765
12-01-2019 11:53:31 AM - INFO - 10, 0.250784, 0.857235, 0.721469, 0.631744, 0.727285
12-01-2019 12:21:05 PM - INFO - 15, 0.24378, 0.860672, 0.71596, 0.638524, 0.733439
12-01-2019 12:48:38 PM - INFO - 20, 0.237635, 0.865083, 0.718474, 0.634878, 0.744057
12-01-2019 01:16:20 PM - INFO - 25, 0.233351, 0.867722, 0.729381, 0.652301, 0.745747
12-01-2019 01:44:03 PM - INFO - 30, 0.236258, 0.861625, 0.729589, 0.631435, 0.74131
12-01-2019 02:11:56 PM - INFO - 35, 0.229142, 0.870863, 0.726973, 0.645815, 0.748125
12-01-2019 02:39:23 PM - INFO - 40, 0.227769, 0.870059, 0.733106, 0.640144, 0.747861
12-01-2019 03:06:39 PM - INFO - 45, 0.223951, 0.871283, 0.735967, 0.660813, 0.752509
12-01-2019 03:33:48 PM - INFO - 50, 0.223584, 0.873773, 0.730492, 0.651585, 0.748151
12-01-2019 04:00:41 PM - INFO - 55, 0.2231, 0.876043, 0.74, 0.652371, 0.747464
12-01-2019 04:27:28 PM - INFO - 60, 0.223019, 0.869816, 0.728726, 0.647335, 0.754094
12-01-2019 04:54:05 PM - INFO - 65, 0.221499, 0.873332, 0.726567, 0.656242, 0.752615
12-01-2019 05:20:47 PM - INFO - 70, 0.221082, 0.875321, 0.732976, 0.654441, 0.756498
12-01-2019 05:47:36 PM - INFO - 75, 0.220402, 0.868567, 0.74263, 0.666467, 0.759271
12-01-2019 06:15:26 PM - INFO - 80, 0.218744, 0.873907, 0.747636, 0.673221, 0.761252
12-01-2019 06:43:18 PM - INFO - 85, 0.216102, 0.873248, 0.741141, 0.666934, 0.757739
12-01-2019 07:10:07 PM - INFO - 90, 0.218257, 0.873785, 0.740547, 0.658804, 0.753645
12-01-2019 07:37:08 PM - INFO - 95, 0.215645, 0.874637, 0.743092, 0.684972, 0.773428
12-01-2019 08:05:19 PM - INFO - 100, 0.214365, 0.87484, 0.742793, 0.678912, 0.762705
12-01-2019 08:33:30 PM - INFO - 105, 0.21643, 0.868075, 0.749971, 0.671547, 0.764871
12-01-2019 09:01:49 PM - INFO - 110, 0.216396, 0.873583, 0.735452, 0.656248, 0.76289
12-01-2019 09:24:27 PM - INFO - *** Earlystopping! ***
12-01-2019 09:24:27 PM - INFO - [ Saved model: best_resnet34_imgsize512_batch16_freeze.h5 ] 
12-01-2019 09:24:27 PM - INFO - [ Results: [0.2136] 0.8732200041359662 0.739899596793416 0.6851606271121778 0.7598520866349708 ]

12-01-2019 09:24:27 PM - INFO -  --- Type: UNFREEZE --- 
12-01-2019 09:24:27 PM - INFO - epoch, val_loss, f2, average_precision, average_recall, hamming_score
12-01-2019 09:36:31 PM - INFO - 0, 0.175745, 0.896452, 0.761705, 0.715055, 0.81252
12-01-2019 10:36:34 PM - INFO - 5, 0.152586, 0.906713, 0.775733, 0.757387, 0.850158
12-01-2019 11:36:40 PM - INFO - 10, 0.154047, 0.909514, 0.772692, 0.772941, 0.852272
13-01-2019 12:36:47 AM - INFO - 15, 0.164137, 0.902835, 0.770612, 0.732925, 0.837903
13-01-2019 01:37:00 AM - INFO - 20, 0.168459, 0.903868, 0.755492, 0.757993, 0.842578
13-01-2019 02:36:51 AM - INFO - 25, 0.162677, 0.906268, 0.767018, 0.754871, 0.851875
13-01-2019 03:00:20 AM - INFO - *** Earlystopping! ***
13-01-2019 03:00:20 AM - INFO - [ Saved model: best_resnet34_imgsize512_batch16_unfreeze.h5 ]
13-01-2019 03:00:20 AM - INFO - [ Results: [0.15024] 0.9106899324313694 0.7700228054088141 0.7522333953622157 0.8496830427892235 ]

13-01-2019 03:00:20 AM - INFO -  ************************** 
13-01-2019 03:00:20 AM - INFO - COPYPASTE: resnet34 | IMS: 64 -> 512 | BS: 16
13-01-2019 03:00:20 AM - INFO - COPYPASTE: [0.15024] 0.9106899324313694 0.7700228054088141 0.7522333953622157 0.8496830427892235 
13-01-2019 03:00:20 AM - INFO -  ************************** 

13-01-2019 03:00:20 AM - INFO -  --- INCREMENTING BATCH SIZE --- 

13-01-2019 03:00:20 AM - INFO -  --- Batch: 32 | Img size: 64 --- 
 
13-01-2019 03:00:20 AM - INFO -  --- Type: FREEZE --- 
13-01-2019 03:00:20 AM - INFO - epoch, val_loss, f2, average_precision, average_recall, hamming_score
13-01-2019 03:01:26 AM - INFO - 0, 0.52421, 0.713998, 0.509308, 0.453576, 0.556418
13-01-2019 03:07:10 AM - INFO - 5, 0.348621, 0.79655, 0.566075, 0.451867, 0.609403
13-01-2019 03:12:51 AM - INFO - 10, 0.332215, 0.8032, 0.528219, 0.449082, 0.629477
13-01-2019 03:18:29 AM - INFO - 15, 0.328713, 0.804279, 0.54169, 0.451071, 0.638537
13-01-2019 03:24:14 AM - INFO - 20, 0.32364, 0.808186, 0.559192, 0.46616, 0.644982
13-01-2019 03:29:51 AM - INFO - 25, 0.320886, 0.810827, 0.555101, 0.457456, 0.649287
13-01-2019 03:35:29 AM - INFO - 30, 0.320583, 0.808939, 0.558243, 0.45909, 0.646487
13-01-2019 03:41:12 AM - INFO - 35, 0.316713, 0.81085, 0.547505, 0.460077, 0.653619
13-01-2019 03:46:59 AM - INFO - 40, 0.312687, 0.813754, 0.55327, 0.457317, 0.653117
13-01-2019 03:52:38 AM - INFO - 45, 0.311569, 0.814694, 0.555367, 0.467506, 0.660143
13-01-2019 03:58:15 AM - INFO - 50, 0.309567, 0.81821, 0.553672, 0.45965, 0.654649
13-01-2019 04:03:54 AM - INFO - 55, 0.308669, 0.819444, 0.559674, 0.462342, 0.656973
13-01-2019 04:09:35 AM - INFO - 60, 0.307545, 0.819293, 0.560832, 0.458445, 0.654464
13-01-2019 04:15:15 AM - INFO - 65, 0.306988, 0.820342, 0.56277, 0.463246, 0.656313
13-01-2019 04:20:52 AM - INFO - 70, 0.306993, 0.819129, 0.563712, 0.463666, 0.660724
13-01-2019 04:26:25 AM - INFO - 75, 0.303193, 0.82362, 0.583015, 0.474977, 0.66421
13-01-2019 04:31:31 AM - INFO - 80, 0.302745, 0.82523, 0.568432, 0.468468, 0.664105
13-01-2019 04:36:37 AM - INFO - 85, 0.302166, 0.82616, 0.572772, 0.474715, 0.67113
13-01-2019 04:41:46 AM - INFO - 90, 0.301125, 0.82412, 0.573499, 0.476177, 0.666218
13-01-2019 04:46:51 AM - INFO - 95, 0.300056, 0.828061, 0.607093, 0.495618, 0.672821
13-01-2019 04:51:54 AM - INFO - 100, 0.299943, 0.82765, 0.582983, 0.479963, 0.668331
13-01-2019 04:56:59 AM - INFO - 105, 0.299524, 0.828229, 0.571654, 0.478588, 0.667353
13-01-2019 05:02:08 AM - INFO - 110, 0.299496, 0.82872, 0.599633, 0.496149, 0.672874
13-01-2019 05:07:11 AM - INFO - 115, 0.299604, 0.829305, 0.579667, 0.479146, 0.664976
13-01-2019 05:12:16 AM - INFO - 120, 0.299185, 0.829022, 0.586229, 0.485325, 0.673296
13-01-2019 05:13:19 AM - INFO - *** Earlystopping! ***
13-01-2019 05:13:19 AM - INFO - [ Saved model: best_resnet34_imgsize64_batch32_freeze.h5 ] 
13-01-2019 05:13:19 AM - INFO - [ Results: [0.29876] 0.829516344660979 0.6083248279408169 0.48961281580696503 0.6665874273639725 ]

13-01-2019 05:13:19 AM - INFO -  --- Type: UNFREEZE --- 
13-01-2019 05:13:19 AM - INFO - epoch, val_loss, f2, average_precision, average_recall, hamming_score
13-01-2019 05:14:46 AM - INFO - 0, 0.265859, 0.840856, 0.67177, 0.552985, 0.697808
13-01-2019 05:21:17 AM - INFO - 5, 0.210796, 0.873921, 0.774221, 0.666, 0.778024
13-01-2019 05:27:51 AM - INFO - 10, 0.232494, 0.858984, 0.748283, 0.704238, 0.764316
13-01-2019 05:34:29 AM - INFO - 15, 0.333333, 0.825751, 0.676746, 0.692775, 0.683281
13-01-2019 05:41:01 AM - INFO - 20, 0.273869, 0.846957, 0.70766, 0.711919, 0.727285
13-01-2019 05:47:46 AM - INFO - 25, 0.191164, 0.8871, 0.775385, 0.728381, 0.815346
13-01-2019 05:55:07 AM - INFO - 30, 0.190156, 0.888428, 0.789933, 0.719616, 0.817618
13-01-2019 06:02:31 AM - INFO - 35, 0.32446, 0.812892, 0.673269, 0.672714, 0.723376
13-01-2019 06:09:45 AM - INFO - 40, 0.254527, 0.851598, 0.744388, 0.733984, 0.74831
13-01-2019 06:12:43 AM - INFO - *** Earlystopping! ***
13-01-2019 06:12:43 AM - INFO - [ Saved model: best_resnet34_imgsize64_batch32_unfreeze.h5 ]
13-01-2019 06:12:43 AM - INFO - [ Results: [0.18817] 0.8901481436618346 0.7945651003053236 0.7405556610513163 0.8300316957210775 ]

13-01-2019 06:12:43 AM - INFO -  --- Batch: 32 | Img size: 128 --- 
 
13-01-2019 06:12:43 AM - INFO -  --- Type: FREEZE --- 
13-01-2019 06:12:43 AM - INFO - epoch, val_loss, f2, average_precision, average_recall, hamming_score
13-01-2019 06:13:52 AM - INFO - 0, 0.383902, 0.767373, 0.55577, 0.480947, 0.621949
13-01-2019 06:19:46 AM - INFO - 5, 0.315214, 0.797319, 0.610235, 0.519616, 0.659192
13-01-2019 06:25:42 AM - INFO - 10, 0.303887, 0.805315, 0.626268, 0.520931, 0.661807
13-01-2019 06:31:37 AM - INFO - 15, 0.301249, 0.807233, 0.645779, 0.518179, 0.669044
13-01-2019 06:37:34 AM - INFO - 20, 0.29575, 0.81526, 0.653612, 0.516447, 0.668542
13-01-2019 06:43:29 AM - INFO - 25, 0.293508, 0.815338, 0.655428, 0.524186, 0.676862
13-01-2019 06:49:28 AM - INFO - 30, 0.29287, 0.81302, 0.654148, 0.525044, 0.675541
13-01-2019 06:55:29 AM - INFO - 35, 0.28887, 0.818691, 0.657985, 0.531395, 0.681141
13-01-2019 07:01:29 AM - INFO - 40, 0.285665, 0.820519, 0.682075, 0.545255, 0.687137
13-01-2019 07:07:26 AM - INFO - 45, 0.284686, 0.821239, 0.660433, 0.546809, 0.696302
13-01-2019 07:13:25 AM - INFO - 50, 0.282539, 0.824327, 0.643099, 0.535385, 0.689303
13-01-2019 07:19:21 AM - INFO - 55, 0.282029, 0.82453, 0.689964, 0.560181, 0.695034
13-01-2019 07:23:56 AM - INFO - 60, 0.283434, 0.825629, 0.688041, 0.556639, 0.700792
13-01-2019 07:28:28 AM - INFO - 65, 0.280799, 0.825276, 0.692777, 0.568105, 0.696302
13-01-2019 07:33:12 AM - INFO - 70, 0.277891, 0.826052, 0.704033, 0.579758, 0.701057
13-01-2019 07:37:50 AM - INFO - 75, 0.276744, 0.826594, 0.696855, 0.568002, 0.697808
13-01-2019 07:42:31 AM - INFO - 80, 0.276271, 0.826107, 0.700962, 0.567284, 0.699789
13-01-2019 07:47:07 AM - INFO - 85, 0.273402, 0.830501, 0.706495, 0.583041, 0.706366
13-01-2019 07:51:40 AM - INFO - 90, 0.273061, 0.835044, 0.709812, 0.569795, 0.704939
13-01-2019 07:56:18 AM - INFO - 95, 0.273159, 0.834191, 0.708451, 0.573343, 0.703909
13-01-2019 08:00:52 AM - INFO - 100, 0.272962, 0.830478, 0.705737, 0.568342, 0.698996
13-01-2019 08:05:31 AM - INFO - 105, 0.271354, 0.834542, 0.706426, 0.575087, 0.704068
13-01-2019 08:10:08 AM - INFO - 110, 0.271419, 0.831214, 0.707189, 0.576707, 0.704754
13-01-2019 08:14:48 AM - INFO - 115, 0.270612, 0.833304, 0.708029, 0.580213, 0.707581
13-01-2019 08:20:01 AM - INFO - 120, 0.270642, 0.833966, 0.710996, 0.581935, 0.709905
13-01-2019 08:25:11 AM - INFO - 125, 0.27075, 0.831639, 0.707906, 0.575742, 0.707845
13-01-2019 08:27:16 AM - INFO - *** Earlystopping! ***
13-01-2019 08:27:16 AM - INFO - [ Saved model: best_resnet34_imgsize128_batch32_freeze.h5 ] 
13-01-2019 08:27:16 AM - INFO - [ Results: [0.27024] 0.8341173562031653 0.7136897280296054 0.5846182694995115 0.7059693608029582 ]

13-01-2019 08:27:16 AM - INFO -  --- Type: UNFREEZE --- 
13-01-2019 08:27:16 AM - INFO - epoch, val_loss, f2, average_precision, average_recall, hamming_score
13-01-2019 08:28:58 AM - INFO - 0, 0.214797, 0.865972, 0.798998, 0.71647, 0.788484
13-01-2019 08:37:37 AM - INFO - 5, 0.185631, 0.891037, 0.811099, 0.766814, 0.827602
13-01-2019 08:45:49 AM - INFO - 10, 0.186422, 0.89313, 0.809201, 0.775292, 0.83056
13-01-2019 08:53:59 AM - INFO - 15, 0.250986, 0.855209, 0.733378, 0.777358, 0.757211
13-01-2019 09:02:13 AM - INFO - 20, 0.209625, 0.888274, 0.776607, 0.788426, 0.813603
13-01-2019 09:10:43 AM - INFO - 25, 0.193376, 0.897905, 0.81141, 0.802099, 0.836635
13-01-2019 09:12:26 AM - INFO - *** Earlystopping! ***
13-01-2019 09:12:26 AM - INFO - [ Saved model: best_resnet34_imgsize128_batch32_unfreeze.h5 ]
13-01-2019 09:12:26 AM - INFO - [ Results: [0.1839] 0.8917449855386839 0.804088740800435 0.7781244026809607 0.8330163761225567 ]

13-01-2019 09:12:26 AM - INFO -  --- Batch: 32 | Img size: 256 --- 
 
13-01-2019 09:12:26 AM - INFO -  --- Type: FREEZE --- 
13-01-2019 09:12:26 AM - INFO - epoch, val_loss, f2, average_precision, average_recall, hamming_score
13-01-2019 09:14:00 AM - INFO - 0, 0.369994, 0.779346, 0.704641, 0.586508, 0.663497
13-01-2019 09:22:03 AM - INFO - 5, 0.279233, 0.832059, 0.718703, 0.614901, 0.695589
13-01-2019 09:30:10 AM - INFO - 10, 0.261171, 0.843563, 0.744555, 0.624023, 0.70486
13-01-2019 09:38:08 AM - INFO - 15, 0.258127, 0.846934, 0.749992, 0.621853, 0.709271
13-01-2019 09:46:10 AM - INFO - 20, 0.248387, 0.855231, 0.746906, 0.634389, 0.721078
13-01-2019 09:54:16 AM - INFO - 25, 0.244114, 0.854776, 0.749607, 0.636837, 0.725489
13-01-2019 10:02:20 AM - INFO - 30, 0.244361, 0.858103, 0.756141, 0.638049, 0.721395
13-01-2019 10:10:15 AM - INFO - 35, 0.23762, 0.863744, 0.759735, 0.64841, 0.732726
13-01-2019 10:18:15 AM - INFO - 40, 0.234255, 0.86383, 0.763618, 0.647634, 0.734416
13-01-2019 10:26:19 AM - INFO - 45, 0.231401, 0.86809, 0.767949, 0.654059, 0.741125
13-01-2019 10:35:31 AM - INFO - 50, 0.230086, 0.866017, 0.76703, 0.653519, 0.740967
13-01-2019 10:46:00 AM - INFO - 55, 0.229211, 0.871998, 0.753826, 0.652646, 0.73439
13-01-2019 10:56:17 AM - INFO - 60, 0.228964, 0.867224, 0.769155, 0.650948, 0.735737
13-01-2019 11:06:34 AM - INFO - 65, 0.228472, 0.868711, 0.755782, 0.666233, 0.741337
13-01-2019 11:16:43 AM - INFO - 70, 0.226156, 0.869917, 0.767569, 0.652968, 0.739778
13-01-2019 11:26:51 AM - INFO - 75, 0.223649, 0.872214, 0.752009, 0.662582, 0.741627
13-01-2019 11:36:54 AM - INFO - 80, 0.221424, 0.871194, 0.759418, 0.666479, 0.749076
13-01-2019 11:47:11 AM - INFO - 85, 0.221673, 0.870158, 0.773831, 0.663479, 0.744506
13-01-2019 11:57:28 AM - INFO - 90, 0.220164, 0.87242, 0.770845, 0.669314, 0.746064
13-01-2019 12:07:56 PM - INFO - 95, 0.219335, 0.873556, 0.777788, 0.661813, 0.745721
13-01-2019 12:18:17 PM - INFO - 100, 0.217957, 0.874508, 0.773048, 0.678054, 0.755837
13-01-2019 12:28:21 PM - INFO - 105, 0.218185, 0.875762, 0.76999, 0.686344, 0.75243
13-01-2019 12:38:21 PM - INFO - 110, 0.217952, 0.873322, 0.775936, 0.672137, 0.749472
13-01-2019 12:48:26 PM - INFO - 115, 0.218577, 0.87421, 0.76776, 0.668353, 0.745589
13-01-2019 12:52:29 PM - INFO - *** Earlystopping! ***
13-01-2019 12:52:29 PM - INFO - [ Saved model: best_resnet34_imgsize256_batch32_freeze.h5 ] 
13-01-2019 12:52:29 PM - INFO - [ Results: [0.21791] 0.8758713179288045 0.772831995355263 0.6734071383204278 0.7484152139461171 ]

13-01-2019 12:52:29 PM - INFO -  --- Type: UNFREEZE --- 
13-01-2019 12:52:29 PM - INFO - epoch, val_loss, f2, average_precision, average_recall, hamming_score
13-01-2019 12:56:13 PM - INFO - 0, 0.168989, 0.898088, 0.813106, 0.774651, 0.827073
13-01-2019 01:15:21 PM - INFO - 5, 0.161089, 0.903549, 0.817314, 0.814169, 0.856445
13-01-2019 01:34:39 PM - INFO - 10, 0.168103, 0.898152, 0.819786, 0.805459, 0.847042
13-01-2019 01:53:50 PM - INFO - 15, 0.175644, 0.897779, 0.824522, 0.791435, 0.843385
13-01-2019 02:09:12 PM - INFO - *** Earlystopping! ***
13-01-2019 02:09:12 PM - INFO - [ Saved model: best_resnet34_imgsize256_batch32_unfreeze.h5 ]
13-01-2019 02:09:12 PM - INFO - [ Results: [0.159] 0.9047943636199783 0.8146549054104323 0.8107686546891907 0.8545430533544639 ]

13-01-2019 02:09:12 PM - INFO -  --- Batch: 32 | Img size: 512 --- 
 
13-01-2019 02:09:12 PM - INFO -  --- Type: FREEZE --- 
13-01-2019 02:09:12 PM - INFO - epoch, val_loss, f2, average_precision, average_recall, hamming_score
13-01-2019 02:15:00 PM - INFO - 0, 0.376432, 0.773043, 0.732204, 0.612044, 0.636107
13-01-2019 02:44:23 PM - INFO - 5, 0.27197, 0.832524, 0.775913, 0.65812, 0.703222
13-01-2019 03:13:20 PM - INFO - 10, 0.253259, 0.845126, 0.795776, 0.666797, 0.723032
13-01-2019 03:42:22 PM - INFO - 15, 0.249313, 0.844938, 0.783829, 0.673157, 0.727311
13-01-2019 04:11:13 PM - INFO - 20, 0.239754, 0.850305, 0.795717, 0.67483, 0.743608
13-01-2019 04:41:19 PM - INFO - 25, 0.237241, 0.853053, 0.796718, 0.67621, 0.742287
13-01-2019 05:11:32 PM - INFO - 30, 0.23711, 0.855542, 0.794257, 0.682244, 0.741574
13-01-2019 05:41:39 PM - INFO - 35, 0.231391, 0.857684, 0.795089, 0.685092, 0.747517
13-01-2019 06:10:46 PM - INFO - 40, 0.228702, 0.85961, 0.794209, 0.685428, 0.746355
13-01-2019 06:39:42 PM - INFO - 45, 0.225234, 0.863307, 0.79825, 0.689581, 0.759641
13-01-2019 07:08:33 PM - INFO - 50, 0.225396, 0.863119, 0.801268, 0.6839, 0.75383
13-01-2019 07:38:13 PM - INFO - 55, 0.223817, 0.863841, 0.79639, 0.693621, 0.761701
13-01-2019 08:07:53 PM - INFO - 60, 0.223098, 0.862653, 0.804055, 0.689181, 0.762388
13-01-2019 08:37:16 PM - INFO - 65, 0.222831, 0.866905, 0.799341, 0.688963, 0.756233
13-01-2019 09:05:00 PM - INFO - 70, 0.220553, 0.8674, 0.796197, 0.697364, 0.762995
13-01-2019 09:32:47 PM - INFO - 75, 0.219929, 0.866925, 0.797007, 0.68859, 0.75655
13-01-2019 10:01:23 PM - INFO - 80, 0.218579, 0.866073, 0.797068, 0.693815, 0.76215
13-01-2019 10:30:55 PM - INFO - 85, 0.217298, 0.868778, 0.799328, 0.698266, 0.760777
13-01-2019 11:00:50 PM - INFO - 90, 0.216172, 0.868653, 0.804959, 0.692456, 0.762361
13-01-2019 11:30:43 PM - INFO - 95, 0.215499, 0.867441, 0.796891, 0.698812, 0.764289
14-01-2019 12:00:33 AM - INFO - 100, 0.215185, 0.871038, 0.79933, 0.695979, 0.761622
14-01-2019 12:30:30 AM - INFO - 105, 0.21396, 0.869252, 0.796285, 0.698286, 0.766508
14-01-2019 01:00:14 AM - INFO - 110, 0.213818, 0.868763, 0.801738, 0.695461, 0.764395
14-01-2019 01:30:13 AM - INFO - 115, 0.213412, 0.869727, 0.800735, 0.69783, 0.768199
14-01-2019 02:00:19 AM - INFO - 120, 0.214868, 0.867875, 0.794856, 0.702625, 0.771315
14-01-2019 02:30:27 AM - INFO - 125, 0.213819, 0.868181, 0.800534, 0.694715, 0.767433
14-01-2019 03:00:37 AM - INFO - 130, 0.213662, 0.867833, 0.800655, 0.697004, 0.768753
14-01-2019 03:30:47 AM - INFO - 135, 0.213324, 0.87112, 0.800254, 0.690562, 0.758743
14-01-2019 03:59:27 AM - INFO - 140, 0.21311, 0.869366, 0.803524, 0.705014, 0.774643
14-01-2019 04:28:04 AM - INFO - 145, 0.214124, 0.871359, 0.799319, 0.695261, 0.763867
14-01-2019 04:55:26 AM - INFO - 150, 0.2108, 0.87038, 0.802276, 0.704141, 0.770893
14-01-2019 05:22:39 AM - INFO - 155, 0.209534, 0.870532, 0.801798, 0.706299, 0.775383
14-01-2019 05:49:46 AM - INFO - 160, 0.209648, 0.871108, 0.798582, 0.703344, 0.773534
14-01-2019 06:16:07 AM - INFO - 165, 0.209345, 0.871803, 0.803823, 0.704414, 0.773693
14-01-2019 06:41:49 AM - INFO - 170, 0.208202, 0.867849, 0.79806, 0.709698, 0.773323
14-01-2019 07:07:32 AM - INFO - 175, 0.208905, 0.873411, 0.800388, 0.699304, 0.763101
14-01-2019 07:33:21 AM - INFO - 180, 0.206797, 0.872122, 0.798578, 0.709563, 0.77636
14-01-2019 08:00:01 AM - INFO - 185, 0.206532, 0.869529, 0.802644, 0.722135, 0.781881
14-01-2019 08:27:43 AM - INFO - 190, 0.208183, 0.86999, 0.798942, 0.7116, 0.776756
14-01-2019 08:55:42 AM - INFO - 195, 0.207491, 0.872162, 0.799467, 0.704247, 0.769044
14-01-2019 09:12:41 AM - INFO - *** Earlystopping! ***
14-01-2019 09:12:41 AM - INFO - [ Saved model: best_resnet34_imgsize512_batch32_freeze.h5 ] 
14-01-2019 09:12:41 AM - INFO - [ Results: [0.20653] 0.8695293494294295 0.8026438017375211 0.722135438256418 0.7818806127839407 ]

14-01-2019 09:12:41 AM - INFO -  --- Type: UNFREEZE --- 
14-01-2019 09:12:41 AM - INFO - epoch, val_loss, f2, average_precision, average_recall, hamming_score
14-01-2019 09:24:34 AM - INFO - 0, 0.170263, 0.896494, 0.824132, 0.78171, 0.825066
14-01-2019 10:24:25 AM - INFO - 5, 0.154134, 0.905255, 0.825855, 0.803369, 0.850872
14-01-2019 11:24:02 AM - INFO - 10, 0.15736, 0.902937, 0.830919, 0.793313, 0.849102
14-01-2019 12:23:38 PM - INFO - 15, 0.169992, 0.901743, 0.804719, 0.805142, 0.836318
14-01-2019 01:11:05 PM - INFO - *** Earlystopping! ***
14-01-2019 01:11:05 PM - INFO - [ Saved model: best_resnet34_imgsize512_batch32_unfreeze.h5 ]
14-01-2019 01:11:05 PM - INFO - [ Results: [0.15281] 0.9042542057278605 0.8253573018637728 0.7983894829679714 0.8499471737982038 ]

14-01-2019 01:11:05 PM - INFO -  ************************** 
14-01-2019 01:11:05 PM - INFO - COPYPASTE: resnet34 | IMS: 64 -> 512 | BS: 32
14-01-2019 01:11:05 PM - INFO - COPYPASTE: [0.15281] 0.9042542057278605 0.8253573018637728 0.7983894829679714 0.8499471737982038 
14-01-2019 01:11:05 PM - INFO -  ************************** 

14-01-2019 01:11:05 PM - INFO -     ----- *** END: resnet34 *** ----- 

