10-01-2019 09:52:28 AM - INFO -  [ ------ EXPERIMENT: RESNET18_10012019 ------ ] 

10-01-2019 09:52:28 AM - INFO -  --- PARAMETERS: --- 
10-01-2019 09:52:28 AM - INFO - Predefined metrics: [val_loss], f2, average_precision, average_recall, hamming_score
10-01-2019 09:52:28 AM - INFO - Predefined architecutres: resnet18
10-01-2019 09:52:28 AM - INFO - Predefined batch sizes: 8, 16, 32
10-01-2019 09:52:28 AM - INFO - Predefined image sizes: 64, 128, 256, 512
10-01-2019 09:52:28 AM - INFO - Dropout: 0.5
10-01-2019 09:52:28 AM - INFO - Earlystopping after: 12 epochs.
10-01-2019 09:52:28 AM - INFO - Log every 5 epochs.
10-01-2019 09:52:28 AM - INFO - GPU: 3 | Available: 4 

10-01-2019 09:52:28 AM - INFO -     ----- *** RESNET18 *** ----- 

10-01-2019 09:54:09 AM - INFO -  Learning rate = 0.011487
10-01-2019 09:54:09 AM - INFO -  Learning rates = [0.001436, 0.002872, 0.005744, 0.011487] 

10-01-2019 09:54:09 AM - INFO -  --- Batch: 8 | Img size: 64 --- 
 
10-01-2019 09:54:10 AM - INFO -  --- Type: FREEZE --- 
10-01-2019 09:54:10 AM - INFO - epoch, val_loss, f2, average_precision, average_recall, hamming_score
10-01-2019 09:56:09 AM - INFO - 0, 0.329641, 0.815297, 0.457789, 0.442286, 0.643317
10-01-2019 10:06:10 AM - INFO - 5, 0.310434, 0.817932, 0.475203, 0.452205, 0.649445
10-01-2019 10:16:05 AM - INFO - 10, 0.306368, 0.823399, 0.496146, 0.471094, 0.650343
10-01-2019 10:25:58 AM - INFO - 15, 0.305107, 0.822325, 0.505478, 0.455358, 0.648389
10-01-2019 10:35:47 AM - INFO - 20, 0.306294, 0.820245, 0.479571, 0.460698, 0.656603
10-01-2019 10:45:32 AM - INFO - 25, 0.299761, 0.82838, 0.493599, 0.455646, 0.661807
10-01-2019 10:55:16 AM - INFO - 30, 0.296816, 0.828568, 0.50217, 0.459202, 0.662599
10-01-2019 11:04:59 AM - INFO - 35, 0.300409, 0.826953, 0.500857, 0.45246, 0.663629
10-01-2019 11:08:54 AM - INFO - *** Earlystopping! ***
10-01-2019 11:08:54 AM - INFO - [ Saved model: best_resnet18_imgsize64_batch8_freeze.h5 ] 
10-01-2019 11:08:54 AM - INFO - [ Results: [0.29651] 0.8322078444596311 0.49687031706501933 0.45705014176827624 0.6601162176439517 ]

10-01-2019 11:08:54 AM - INFO -  --- Type: UNFREEZE --- 
10-01-2019 11:08:54 AM - INFO - epoch, val_loss, f2, average_precision, average_recall, hamming_score
10-01-2019 11:11:06 AM - INFO - 0, 0.344107, 0.79457, 0.448738, 0.389236, 0.612546
10-01-2019 11:22:10 AM - INFO - 5, 0.286605, 0.837401, 0.519186, 0.477498, 0.691786
10-01-2019 11:33:13 AM - INFO - 10, 0.284692, 0.834245, 0.512466, 0.464715, 0.694506
10-01-2019 11:44:15 AM - INFO - 15, 0.274984, 0.839809, 0.529076, 0.463707, 0.686952
10-01-2019 11:55:15 AM - INFO - 20, 0.321227, 0.799636, 0.563562, 0.504186, 0.62261
10-01-2019 12:06:13 PM - INFO - 25, 0.237281, 0.866434, 0.58764, 0.548809, 0.746355
10-01-2019 12:17:13 PM - INFO - 30, 0.235876, 0.862174, 0.584729, 0.558279, 0.764157
10-01-2019 12:28:10 PM - INFO - 35, 0.373808, 0.795757, 0.539487, 0.539686, 0.59308
10-01-2019 12:39:08 PM - INFO - 40, 0.3083, 0.819045, 0.555421, 0.560721, 0.676281
10-01-2019 12:43:32 PM - INFO - *** Earlystopping! ***
10-01-2019 12:43:32 PM - INFO - [ Saved model: best_resnet18_imgsize64_batch8_unfreeze.h5 ]
10-01-2019 12:43:32 PM - INFO - [ Results: [0.23046] 0.8664060418229684 0.5771650657093268 0.5490852442403268 0.7641045958795563 ]

10-01-2019 12:43:32 PM - INFO -  --- Batch: 8 | Img size: 128 --- 
 
10-01-2019 12:43:32 PM - INFO -  --- Type: FREEZE --- 
10-01-2019 12:43:32 PM - INFO - epoch, val_loss, f2, average_precision, average_recall, hamming_score
10-01-2019 12:45:33 PM - INFO - 0, 0.340918, 0.801986, 0.501504, 0.425959, 0.625462
10-01-2019 12:55:41 PM - INFO - 5, 0.309519, 0.818195, 0.519814, 0.445489, 0.659456
10-01-2019 01:05:50 PM - INFO - 10, 0.301163, 0.823381, 0.539563, 0.473466, 0.667591
10-01-2019 01:16:05 PM - INFO - 15, 0.298572, 0.828592, 0.517927, 0.468135, 0.679054
10-01-2019 01:26:25 PM - INFO - 20, 0.296411, 0.827604, 0.535855, 0.480559, 0.678817
10-01-2019 01:36:44 PM - INFO - 25, 0.291936, 0.827912, 0.55745, 0.48752, 0.678262
10-01-2019 01:47:03 PM - INFO - 30, 0.2903, 0.829375, 0.553611, 0.483888, 0.680666
10-01-2019 01:57:23 PM - INFO - 35, 0.286855, 0.836312, 0.557213, 0.486655, 0.685367
10-01-2019 02:07:39 PM - INFO - 40, 0.288792, 0.824572, 0.545846, 0.496993, 0.69271
10-01-2019 02:17:57 PM - INFO - 45, 0.284694, 0.830996, 0.544421, 0.482081, 0.690887
10-01-2019 02:28:18 PM - INFO - 50, 0.284964, 0.82882, 0.54368, 0.480947, 0.690782
10-01-2019 02:38:36 PM - INFO - 55, 0.28495, 0.83075, 0.550834, 0.488028, 0.695985
10-01-2019 02:48:53 PM - INFO - 60, 0.282281, 0.837176, 0.551196, 0.484007, 0.69271
10-01-2019 02:59:10 PM - INFO - 65, 0.285306, 0.832427, 0.555466, 0.493129, 0.693106
10-01-2019 03:09:25 PM - INFO - 70, 0.282202, 0.837258, 0.543335, 0.480811, 0.68888
10-01-2019 03:17:36 PM - INFO - *** Earlystopping! ***
10-01-2019 03:17:36 PM - INFO - [ Saved model: best_resnet18_imgsize128_batch8_freeze.h5 ] 
10-01-2019 03:17:36 PM - INFO - [ Results: [0.28007] 0.8312017929810956 0.550373556712701 0.4986329872678072 0.698758584257792 ]

10-01-2019 03:17:36 PM - INFO -  --- Type: UNFREEZE --- 
10-01-2019 03:17:36 PM - INFO - epoch, val_loss, f2, average_precision, average_recall, hamming_score
10-01-2019 03:20:02 PM - INFO - 0, 0.259806, 0.846691, 0.560752, 0.518274, 0.719044
10-01-2019 03:32:12 PM - INFO - 5, 0.235672, 0.865642, 0.596784, 0.530266, 0.743291
10-01-2019 03:44:23 PM - INFO - 10, 0.23317, 0.865949, 0.605497, 0.548387, 0.746381
10-01-2019 03:56:37 PM - INFO - 15, 0.244034, 0.85525, 0.590431, 0.567546, 0.738669
10-01-2019 04:08:51 PM - INFO - 20, 0.224386, 0.862435, 0.597652, 0.571595, 0.764157
10-01-2019 04:21:03 PM - INFO - 25, 0.213248, 0.875466, 0.640464, 0.587004, 0.787612
10-01-2019 04:33:18 PM - INFO - 30, 0.208204, 0.876016, 0.643927, 0.61484, 0.792789
10-01-2019 04:45:32 PM - INFO - 35, 0.261135, 0.847744, 0.602307, 0.617871, 0.734416
10-01-2019 04:57:50 PM - INFO - 40, 0.240814, 0.855836, 0.616208, 0.625367, 0.764844
10-01-2019 05:02:44 PM - INFO - *** Earlystopping! ***
10-01-2019 05:02:44 PM - INFO - [ Saved model: best_resnet18_imgsize128_batch8_unfreeze.h5 ]
10-01-2019 05:02:44 PM - INFO - [ Results: [0.20411] 0.8840216689762518 0.6380618174369591 0.5974222969695012 0.7963285789751716 ]

10-01-2019 05:02:44 PM - INFO -  --- Batch: 8 | Img size: 256 --- 
 
10-01-2019 05:02:44 PM - INFO -  --- Type: FREEZE --- 
10-01-2019 05:02:44 PM - INFO - epoch, val_loss, f2, average_precision, average_recall, hamming_score
10-01-2019 05:04:27 PM - INFO - 0, 0.305863, 0.81179, 0.50201, 0.47112, 0.654332
10-01-2019 05:13:03 PM - INFO - 5, 0.291823, 0.824166, 0.525697, 0.486448, 0.688299
10-01-2019 05:21:34 PM - INFO - 10, 0.282006, 0.832633, 0.5335, 0.473175, 0.681643
10-01-2019 05:30:07 PM - INFO - 15, 0.279398, 0.823203, 0.541496, 0.504774, 0.693687
10-01-2019 05:38:53 PM - INFO - 20, 0.270815, 0.836548, 0.545597, 0.505242, 0.695457
10-01-2019 05:47:32 PM - INFO - 25, 0.269013, 0.840325, 0.549258, 0.502344, 0.703038
10-01-2019 05:56:23 PM - INFO - 30, 0.266709, 0.841876, 0.558635, 0.505, 0.707554
10-01-2019 06:05:04 PM - INFO - 35, 0.267517, 0.842243, 0.548883, 0.506238, 0.702351
10-01-2019 06:13:48 PM - INFO - 40, 0.263305, 0.844696, 0.561408, 0.50174, 0.708822
10-01-2019 06:22:31 PM - INFO - 45, 0.260301, 0.846568, 0.558335, 0.502445, 0.711305
10-01-2019 06:31:08 PM - INFO - 50, 0.25967, 0.84679, 0.560021, 0.513116, 0.71149
10-01-2019 06:39:46 PM - INFO - 55, 0.261878, 0.844411, 0.550871, 0.506298, 0.711278
10-01-2019 06:48:34 PM - INFO - 60, 0.256305, 0.846263, 0.568405, 0.519442, 0.712969
10-01-2019 06:55:30 PM - INFO - *** Earlystopping! ***
10-01-2019 06:55:30 PM - INFO - [ Saved model: best_resnet18_imgsize256_batch8_freeze.h5 ] 
10-01-2019 06:55:30 PM - INFO - [ Results: [0.2549] 0.8478727281480912 0.5715762691764504 0.5130254320428647 0.7146328578975173 ]

10-01-2019 06:55:30 PM - INFO -  --- Type: UNFREEZE --- 
10-01-2019 06:55:31 PM - INFO - epoch, val_loss, f2, average_precision, average_recall, hamming_score
10-01-2019 06:58:07 PM - INFO - 0, 0.232754, 0.862913, 0.579683, 0.54385, 0.746725
10-01-2019 07:11:09 PM - INFO - 5, 0.207032, 0.879113, 0.619165, 0.566654, 0.785711
10-01-2019 07:24:16 PM - INFO - 10, 0.199588, 0.883025, 0.632922, 0.574123, 0.78851
10-01-2019 07:37:17 PM - INFO - 15, 0.208884, 0.872714, 0.616929, 0.587439, 0.787771
10-01-2019 07:50:19 PM - INFO - 20, 0.196607, 0.884999, 0.630446, 0.59703, 0.780877
10-01-2019 08:03:21 PM - INFO - 25, 0.178814, 0.895371, 0.63738, 0.606181, 0.809958
10-01-2019 08:16:14 PM - INFO - 30, 0.17802, 0.892358, 0.650476, 0.611325, 0.813682
10-01-2019 08:29:15 PM - INFO - 35, 0.193815, 0.882559, 0.630895, 0.597923, 0.794004
10-01-2019 08:42:15 PM - INFO - 40, 0.185104, 0.892659, 0.656324, 0.621675, 0.801083
10-01-2019 08:44:51 PM - INFO - *** Earlystopping! ***
10-01-2019 08:44:51 PM - INFO - [ Saved model: best_resnet18_imgsize256_batch8_unfreeze.h5 ]
10-01-2019 08:44:51 PM - INFO - [ Results: [0.17256] 0.8978523972188505 0.6460234807076556 0.6294921138027321 0.8241415742208137 ]

10-01-2019 08:44:51 PM - INFO -  --- Batch: 8 | Img size: 512 --- 
 
10-01-2019 08:44:52 PM - INFO -  --- Type: FREEZE --- 
10-01-2019 08:44:52 PM - INFO - epoch, val_loss, f2, average_precision, average_recall, hamming_score
10-01-2019 08:48:58 PM - INFO - 0, 0.311565, 0.818212, 0.574101, 0.494198, 0.653407
10-01-2019 09:09:23 PM - INFO - 5, 0.2802, 0.838344, 0.579395, 0.523194, 0.702139
10-01-2019 09:29:44 PM - INFO - 10, 0.266556, 0.847178, 0.600318, 0.528399, 0.719678
10-01-2019 09:48:54 PM - INFO - 15, 0.261146, 0.848574, 0.599939, 0.532491, 0.715346
10-01-2019 10:07:52 PM - INFO - 20, 0.260869, 0.849184, 0.608003, 0.550679, 0.722795
10-01-2019 10:26:40 PM - INFO - 25, 0.258052, 0.852009, 0.611966, 0.541406, 0.721078
10-01-2019 10:45:26 PM - INFO - 30, 0.253729, 0.855509, 0.612302, 0.556009, 0.736767
10-01-2019 11:04:20 PM - INFO - 35, 0.258363, 0.85601, 0.610344, 0.545695, 0.725013
10-01-2019 11:23:14 PM - INFO - 40, 0.252652, 0.856468, 0.613764, 0.551265, 0.730745
10-01-2019 11:43:34 PM - INFO - 45, 0.245705, 0.86121, 0.609659, 0.548743, 0.735526
11-01-2019 12:04:04 AM - INFO - 50, 0.246262, 0.860666, 0.611366, 0.552066, 0.730956
11-01-2019 12:24:00 AM - INFO - 55, 0.243339, 0.864975, 0.625041, 0.551271, 0.739303
11-01-2019 12:42:25 AM - INFO - 60, 0.244379, 0.865392, 0.620077, 0.542551, 0.732884
11-01-2019 12:46:04 AM - INFO - *** Earlystopping! ***
11-01-2019 12:46:04 AM - INFO - [ Saved model: best_resnet18_imgsize512_batch8_freeze.h5 ] 
11-01-2019 12:46:04 AM - INFO - [ Results: [0.24328] 0.8657097764263401 0.6127850189204049 0.5500048513858792 0.7371896460644478 ]

11-01-2019 12:46:04 AM - INFO -  --- Type: UNFREEZE --- 
11-01-2019 12:46:04 AM - INFO - epoch, val_loss, f2, average_precision, average_recall, hamming_score
11-01-2019 12:53:29 AM - INFO - 0, 0.217036, 0.876997, 0.614182, 0.586415, 0.772662
11-01-2019 01:30:26 AM - INFO - 5, 0.185605, 0.897669, 0.667234, 0.615847, 0.798494
11-01-2019 02:07:16 AM - INFO - 10, 0.190733, 0.887845, 0.672547, 0.625059, 0.79691
11-01-2019 02:44:42 AM - INFO - 15, 0.198399, 0.884563, 0.642772, 0.591804, 0.785763
11-01-2019 03:22:12 AM - INFO - 20, 0.187248, 0.890584, 0.670009, 0.623189, 0.812784
11-01-2019 03:59:46 AM - INFO - 25, 0.168307, 0.898783, 0.676686, 0.637814, 0.822874
11-01-2019 04:38:06 AM - INFO - 30, 0.164935, 0.901464, 0.682146, 0.6526, 0.833677
11-01-2019 05:16:22 AM - INFO - 35, 0.191831, 0.884611, 0.65319, 0.64751, 0.812176
11-01-2019 05:54:45 AM - INFO - 40, 0.181083, 0.8978, 0.65894, 0.629492, 0.811754
11-01-2019 06:10:04 AM - INFO - *** Earlystopping! ***
11-01-2019 06:10:04 AM - INFO - [ Saved model: best_resnet18_imgsize512_batch8_unfreeze.h5 ]
11-01-2019 06:10:04 AM - INFO - [ Results: [0.16449] 0.8996020475106086 0.6741205515486701 0.6551936781051564 0.8356576862123615 ]

11-01-2019 06:10:04 AM - INFO -  ************************** 
11-01-2019 06:10:04 AM - INFO - COPYPASTE: resnet18 | IMS: 64 -> 512 | BS: 8
11-01-2019 06:10:04 AM - INFO - COPYPASTE: [0.16449] 0.8996020475106086 0.6741205515486701 0.6551936781051564 0.8356576862123615 
11-01-2019 06:10:04 AM - INFO -  ************************** 

11-01-2019 06:10:04 AM - INFO -  --- INCREMENTING BATCH SIZE --- 

11-01-2019 06:10:04 AM - INFO -  --- Batch: 16 | Img size: 64 --- 
 
11-01-2019 06:10:04 AM - INFO -  --- Type: FREEZE --- 
11-01-2019 06:10:04 AM - INFO - epoch, val_loss, f2, average_precision, average_recall, hamming_score
11-01-2019 06:11:23 AM - INFO - 0, 0.458329, 0.738889, 0.391555, 0.396216, 0.527126
11-01-2019 06:18:22 AM - INFO - 5, 0.388257, 0.778848, 0.370774, 0.38802, 0.578975
11-01-2019 06:25:01 AM - INFO - 10, 0.375093, 0.788787, 0.407318, 0.398238, 0.58682
11-01-2019 06:31:49 AM - INFO - 15, 0.369534, 0.787504, 0.40898, 0.401089, 0.582858
11-01-2019 06:38:39 AM - INFO - 20, 0.364842, 0.786698, 0.417709, 0.411172, 0.58719
11-01-2019 06:45:20 AM - INFO - 25, 0.363037, 0.785303, 0.431347, 0.426291, 0.603222
11-01-2019 06:51:59 AM - INFO - 30, 0.357161, 0.790062, 0.442043, 0.417162, 0.598996
11-01-2019 06:58:23 AM - INFO - 35, 0.356229, 0.790254, 0.435785, 0.422806, 0.610354
11-01-2019 07:04:50 AM - INFO - 40, 0.353668, 0.790042, 0.468165, 0.421265, 0.60692
11-01-2019 07:11:18 AM - INFO - 45, 0.35006, 0.791837, 0.462061, 0.421544, 0.612229
11-01-2019 07:17:50 AM - INFO - 50, 0.348586, 0.791404, 0.457953, 0.428376, 0.618225
11-01-2019 07:24:14 AM - INFO - 55, 0.346626, 0.795235, 0.455578, 0.420091, 0.608056
11-01-2019 07:30:47 AM - INFO - 60, 0.347908, 0.793262, 0.456117, 0.428105, 0.614448
11-01-2019 07:37:17 AM - INFO - 65, 0.349423, 0.792599, 0.454761, 0.432823, 0.618885
11-01-2019 07:43:41 AM - INFO - 70, 0.345404, 0.792051, 0.471635, 0.426207, 0.61627
11-01-2019 07:50:03 AM - INFO - 75, 0.346653, 0.792586, 0.464535, 0.430079, 0.617908
11-01-2019 07:56:33 AM - INFO - 80, 0.345843, 0.793834, 0.462558, 0.430639, 0.62607
11-01-2019 08:03:13 AM - INFO - 85, 0.343026, 0.799188, 0.457305, 0.42867, 0.624749
11-01-2019 08:09:48 AM - INFO - 90, 0.343239, 0.798471, 0.467022, 0.432064, 0.6257
11-01-2019 08:16:32 AM - INFO - 95, 0.3433, 0.795979, 0.471889, 0.435663, 0.630877
11-01-2019 08:23:13 AM - INFO - 100, 0.343338, 0.795298, 0.469868, 0.440943, 0.623428
11-01-2019 08:29:55 AM - INFO - 105, 0.336655, 0.804546, 0.479861, 0.435301, 0.630613
11-01-2019 08:36:55 AM - INFO - 110, 0.339784, 0.800781, 0.464193, 0.428467, 0.631986
11-01-2019 08:43:51 AM - INFO - 115, 0.339036, 0.798935, 0.474246, 0.431939, 0.628104
11-01-2019 08:48:02 AM - INFO - *** Earlystopping! ***
11-01-2019 08:48:02 AM - INFO - [ Saved model: best_resnet18_imgsize64_batch16_freeze.h5 ] 
11-01-2019 08:48:02 AM - INFO - [ Results: [0.33665] 0.8045461659655797 0.4798612249823478 0.43530104589647267 0.6306127839408345 ]

11-01-2019 08:48:02 AM - INFO -  --- Type: UNFREEZE --- 
11-01-2019 08:48:02 AM - INFO - epoch, val_loss, f2, average_precision, average_recall, hamming_score
11-01-2019 08:49:36 AM - INFO - 0, 0.329907, 0.808482, 0.54262, 0.471028, 0.644189
11-01-2019 08:57:46 AM - INFO - 5, 0.257042, 0.852244, 0.614266, 0.542056, 0.714923
11-01-2019 09:05:56 AM - INFO - 10, 0.243958, 0.852937, 0.648173, 0.597346, 0.734099
11-01-2019 09:14:02 AM - INFO - 15, 0.240598, 0.855516, 0.665234, 0.591729, 0.739065
11-01-2019 09:22:09 AM - INFO - 20, 0.241369, 0.856737, 0.652964, 0.605434, 0.735843
11-01-2019 09:30:13 AM - INFO - 25, 0.227103, 0.860614, 0.68313, 0.641058, 0.766059
11-01-2019 09:38:19 AM - INFO - 30, 0.212351, 0.866382, 0.695931, 0.649584, 0.785763
11-01-2019 09:46:24 AM - INFO - 35, 0.258907, 0.848876, 0.648637, 0.671736, 0.744876
11-01-2019 09:54:34 AM - INFO - 40, 0.218255, 0.86573, 0.705105, 0.643886, 0.770285
11-01-2019 09:56:16 AM - INFO - *** Earlystopping! ***
11-01-2019 09:56:16 AM - INFO - [ Saved model: best_resnet18_imgsize64_batch16_unfreeze.h5 ]
11-01-2019 09:56:16 AM - INFO - [ Results: [0.21095] 0.8700627536215104 0.7079623417862042 0.6524742507762659 0.788800845219229 ]

11-01-2019 09:56:16 AM - INFO -  --- Batch: 16 | Img size: 128 --- 
 
11-01-2019 09:56:17 AM - INFO -  --- Type: FREEZE --- 
11-01-2019 09:56:17 AM - INFO - epoch, val_loss, f2, average_precision, average_recall, hamming_score
11-01-2019 09:57:47 AM - INFO - 0, 0.328885, 0.803034, 0.566181, 0.496849, 0.623666
11-01-2019 10:04:54 AM - INFO - 5, 0.300891, 0.818984, 0.586253, 0.486408, 0.652377
11-01-2019 10:12:02 AM - INFO - 10, 0.291937, 0.821923, 0.600113, 0.526869, 0.68093
11-01-2019 10:19:08 AM - INFO - 15, 0.289058, 0.827978, 0.606971, 0.4948, 0.6715
11-01-2019 10:26:18 AM - INFO - 20, 0.283696, 0.831138, 0.608935, 0.510793, 0.68262
11-01-2019 10:33:23 AM - INFO - 25, 0.279253, 0.834658, 0.6414, 0.538846, 0.683677
11-01-2019 10:40:26 AM - INFO - 30, 0.278727, 0.832735, 0.624735, 0.528744, 0.692684
11-01-2019 10:47:31 AM - INFO - 35, 0.278051, 0.835441, 0.632296, 0.528735, 0.689435
11-01-2019 10:54:34 AM - INFO - 40, 0.272794, 0.837588, 0.646699, 0.552613, 0.693133
11-01-2019 11:01:40 AM - INFO - 45, 0.270735, 0.83953, 0.648966, 0.564141, 0.698706
11-01-2019 11:08:41 AM - INFO - 50, 0.272278, 0.839576, 0.635172, 0.540985, 0.691601
11-01-2019 11:15:40 AM - INFO - 55, 0.270743, 0.841705, 0.655386, 0.552192, 0.69654
11-01-2019 11:22:44 AM - INFO - 60, 0.27164, 0.840701, 0.64078, 0.559152, 0.697015
11-01-2019 11:29:47 AM - INFO - 65, 0.2681, 0.842419, 0.652185, 0.55418, 0.697385
11-01-2019 11:36:45 AM - INFO - 70, 0.266165, 0.845067, 0.650732, 0.566864, 0.695272
11-01-2019 11:43:47 AM - INFO - 75, 0.266321, 0.84579, 0.658664, 0.551897, 0.697068
11-01-2019 11:50:47 AM - INFO - 80, 0.265899, 0.845624, 0.655196, 0.557595, 0.699076
11-01-2019 11:57:58 AM - INFO - 85, 0.264356, 0.846614, 0.654902, 0.564689, 0.703751
11-01-2019 12:05:00 PM - INFO - 90, 0.262979, 0.846416, 0.652374, 0.566038, 0.703117
11-01-2019 12:12:05 PM - INFO - 95, 0.26553, 0.847445, 0.653631, 0.543256, 0.693344
11-01-2019 12:19:04 PM - INFO - 100, 0.264992, 0.848542, 0.665213, 0.5492, 0.697015
11-01-2019 12:26:07 PM - INFO - 105, 0.262154, 0.84538, 0.664725, 0.56854, 0.708584
11-01-2019 12:33:06 PM - INFO - 110, 0.263591, 0.846504, 0.662464, 0.559469, 0.698679
11-01-2019 12:40:09 PM - INFO - 115, 0.265765, 0.844213, 0.651887, 0.557737, 0.705626
11-01-2019 12:45:52 PM - INFO - *** Earlystopping! ***
11-01-2019 12:45:52 PM - INFO - [ Saved model: best_resnet18_imgsize128_batch16_freeze.h5 ] 
11-01-2019 12:45:52 PM - INFO - [ Results: [0.26145] 0.8469469655817397 0.6679780939006659 0.5650998185523881 0.697517168515584 ]

11-01-2019 12:45:52 PM - INFO -  --- Type: UNFREEZE --- 
11-01-2019 12:45:52 PM - INFO - epoch, val_loss, f2, average_precision, average_recall, hamming_score
11-01-2019 12:47:44 PM - INFO - 0, 0.243719, 0.856097, 0.68629, 0.589709, 0.732435
11-01-2019 12:56:53 PM - INFO - 5, 0.210584, 0.873056, 0.735326, 0.653358, 0.781432
11-01-2019 01:06:08 PM - INFO - 10, 0.202997, 0.885661, 0.738071, 0.708407, 0.800608
11-01-2019 01:15:17 PM - INFO - 15, 0.214945, 0.870593, 0.718605, 0.692274, 0.781484
11-01-2019 01:24:32 PM - INFO - 20, 0.191027, 0.886035, 0.746061, 0.713117, 0.820312
11-01-2019 01:33:55 PM - INFO - 25, 0.186089, 0.888975, 0.754546, 0.706747, 0.824723
11-01-2019 01:43:13 PM - INFO - 30, 0.184882, 0.892421, 0.748281, 0.715514, 0.822953
11-01-2019 01:52:33 PM - INFO - 35, 0.205484, 0.875291, 0.725094, 0.695656, 0.790914
11-01-2019 02:01:50 PM - INFO - 40, 0.20381, 0.882469, 0.730249, 0.681742, 0.812441
11-01-2019 02:05:37 PM - INFO - *** Earlystopping! ***
11-01-2019 02:05:37 PM - INFO - [ Saved model: best_resnet18_imgsize128_batch16_unfreeze.h5 ]
11-01-2019 02:05:37 PM - INFO - [ Results: [0.18244] 0.8913224543219929 0.7484734720415046 0.7129420701302069 0.8241944004226097 ]

11-01-2019 02:05:37 PM - INFO -  --- Batch: 16 | Img size: 256 --- 
 
11-01-2019 02:05:38 PM - INFO -  --- Type: FREEZE --- 
11-01-2019 02:05:38 PM - INFO - epoch, val_loss, f2, average_precision, average_recall, hamming_score
11-01-2019 02:07:21 PM - INFO - 0, 0.302835, 0.817117, 0.630342, 0.564875, 0.659746
11-01-2019 02:16:02 PM - INFO - 5, 0.261642, 0.838064, 0.68259, 0.565498, 0.704543
11-01-2019 02:24:40 PM - INFO - 10, 0.251518, 0.840857, 0.680687, 0.597232, 0.725489
11-01-2019 02:33:18 PM - INFO - 15, 0.248537, 0.843781, 0.681492, 0.587536, 0.732831
11-01-2019 02:42:00 PM - INFO - 20, 0.240766, 0.849073, 0.693899, 0.599646, 0.734918
11-01-2019 02:50:45 PM - INFO - 25, 0.238446, 0.847445, 0.685491, 0.614655, 0.74168
11-01-2019 02:59:26 PM - INFO - 30, 0.240933, 0.849845, 0.683998, 0.604797, 0.743846
11-01-2019 03:08:06 PM - INFO - 35, 0.240054, 0.851205, 0.683866, 0.597869, 0.730692
11-01-2019 03:16:46 PM - INFO - 40, 0.235396, 0.852308, 0.700888, 0.62671, 0.741865
11-01-2019 03:25:29 PM - INFO - 45, 0.231143, 0.853457, 0.692206, 0.614409, 0.750343
11-01-2019 03:34:14 PM - INFO - 50, 0.230877, 0.852065, 0.702798, 0.622733, 0.751955
11-01-2019 03:43:01 PM - INFO - 55, 0.23086, 0.85383, 0.706136, 0.617251, 0.748072
11-01-2019 03:51:41 PM - INFO - 60, 0.229032, 0.852042, 0.706491, 0.635624, 0.757422
11-01-2019 04:00:26 PM - INFO - 65, 0.228337, 0.855359, 0.712146, 0.631795, 0.758135
11-01-2019 04:09:01 PM - INFO - 70, 0.228322, 0.8541, 0.694406, 0.621386, 0.750819
11-01-2019 04:17:39 PM - INFO - 75, 0.228548, 0.852879, 0.700477, 0.618833, 0.751638
11-01-2019 04:26:21 PM - INFO - 80, 0.224993, 0.856634, 0.709696, 0.619754, 0.750026
11-01-2019 04:35:00 PM - INFO - 85, 0.224028, 0.857139, 0.712669, 0.626653, 0.75729
11-01-2019 04:43:41 PM - INFO - 90, 0.226266, 0.856836, 0.709917, 0.612793, 0.756075
11-01-2019 04:52:16 PM - INFO - 95, 0.225008, 0.857158, 0.701652, 0.61395, 0.755388
11-01-2019 05:00:58 PM - INFO - 100, 0.225483, 0.855493, 0.688643, 0.630456, 0.761939
11-01-2019 05:09:36 PM - INFO - 105, 0.224277, 0.853587, 0.7022, 0.628703, 0.754886
11-01-2019 05:18:19 PM - INFO - 110, 0.222066, 0.857936, 0.703988, 0.62883, 0.76038
11-01-2019 05:25:14 PM - INFO - *** Earlystopping! ***
11-01-2019 05:25:14 PM - INFO - [ Saved model: best_resnet18_imgsize256_batch16_freeze.h5 ] 
11-01-2019 05:25:14 PM - INFO - [ Results: [0.22126] 0.8596524579760438 0.6956532009735541 0.6298417176615048 0.759904912836767 ]

11-01-2019 05:25:14 PM - INFO -  --- Type: UNFREEZE --- 
11-01-2019 05:25:14 PM - INFO - epoch, val_loss, f2, average_precision, average_recall, hamming_score
11-01-2019 05:28:18 PM - INFO - 0, 0.189509, 0.886176, 0.724866, 0.672898, 0.802034
11-01-2019 05:43:29 PM - INFO - 5, 0.166482, 0.899087, 0.752699, 0.727143, 0.840835
11-01-2019 05:59:08 PM - INFO - 10, 0.167482, 0.89956, 0.753657, 0.753561, 0.842129
11-01-2019 06:15:17 PM - INFO - 15, 0.17439, 0.887866, 0.744808, 0.725811, 0.825172
11-01-2019 06:31:30 PM - INFO - 20, 0.168001, 0.906007, 0.755774, 0.743982, 0.840095
11-01-2019 06:48:02 PM - INFO - 25, 0.160796, 0.907874, 0.767077, 0.754039, 0.852747
11-01-2019 07:04:28 PM - INFO - 30, 0.167928, 0.906951, 0.759302, 0.751756, 0.84757
11-01-2019 07:20:47 PM - INFO - *** Earlystopping! ***
11-01-2019 07:20:47 PM - INFO - [ Saved model: best_resnet18_imgsize256_batch16_unfreeze.h5 ]
11-01-2019 07:20:47 PM - INFO - [ Results: [0.15916] 0.9042260943464497 0.7567759008782329 0.7358734114224265 0.8519809825673532 ]

11-01-2019 07:20:47 PM - INFO -  --- Batch: 16 | Img size: 512 --- 
 
11-01-2019 07:20:47 PM - INFO -  --- Type: FREEZE --- 
11-01-2019 07:20:47 PM - INFO - epoch, val_loss, f2, average_precision, average_recall, hamming_score
11-01-2019 07:25:08 PM - INFO - 0, 0.327436, 0.784608, 0.702252, 0.553183, 0.646883
11-01-2019 07:45:01 PM - INFO - 5, 0.260496, 0.847589, 0.687179, 0.581869, 0.690306
11-01-2019 08:04:17 PM - INFO - 10, 0.245204, 0.856083, 0.708517, 0.602874, 0.720919
11-01-2019 08:23:40 PM - INFO - 15, 0.242374, 0.854622, 0.715636, 0.605673, 0.729266
11-01-2019 08:42:55 PM - INFO - 20, 0.234412, 0.862891, 0.719651, 0.604618, 0.730454
11-01-2019 09:02:21 PM - INFO - 25, 0.232229, 0.864545, 0.723848, 0.613267, 0.74102
11-01-2019 09:21:10 PM - INFO - 30, 0.231456, 0.861208, 0.716869, 0.627773, 0.74028
11-01-2019 09:39:39 PM - INFO - 35, 0.227476, 0.865702, 0.726578, 0.635445, 0.746883
11-01-2019 09:58:11 PM - INFO - 40, 0.224357, 0.865152, 0.730858, 0.650815, 0.753407
11-01-2019 10:16:37 PM - INFO - 45, 0.222053, 0.868435, 0.73741, 0.650031, 0.759139
11-01-2019 10:35:01 PM - INFO - 50, 0.222028, 0.870265, 0.729473, 0.64481, 0.757845
11-01-2019 10:53:52 PM - INFO - 55, 0.221913, 0.870483, 0.738173, 0.636779, 0.750977
11-01-2019 11:13:10 PM - INFO - 60, 0.219885, 0.871807, 0.741868, 0.643366, 0.752351
11-01-2019 11:32:30 PM - INFO - 65, 0.220432, 0.87011, 0.737897, 0.660715, 0.765188
11-01-2019 11:51:48 PM - INFO - 70, 0.219034, 0.873408, 0.742076, 0.649921, 0.76149
12-01-2019 12:11:02 AM - INFO - 75, 0.217682, 0.874435, 0.742641, 0.647806, 0.753117
12-01-2019 12:30:18 AM - INFO - 80, 0.215734, 0.873395, 0.740374, 0.653013, 0.756973
12-01-2019 12:49:51 AM - INFO - 85, 0.217485, 0.871529, 0.739907, 0.651168, 0.76355
12-01-2019 01:11:55 AM - INFO - 90, 0.21382, 0.871172, 0.730941, 0.668902, 0.764474
12-01-2019 01:35:40 AM - INFO - 95, 0.21532, 0.877158, 0.739531, 0.65586, 0.753539
12-01-2019 01:59:22 AM - INFO - 100, 0.213373, 0.875938, 0.736023, 0.662232, 0.767855
12-01-2019 02:22:07 AM - INFO - 105, 0.213677, 0.876471, 0.736241, 0.665815, 0.768331
12-01-2019 02:44:54 AM - INFO - *** Earlystopping! ***
12-01-2019 02:44:54 AM - INFO - [ Saved model: best_resnet18_imgsize512_batch16_freeze.h5 ] 
12-01-2019 02:44:54 AM - INFO - [ Results: [0.21312] 0.8745600552538774 0.7364123889593668 0.6520817697634541 0.7626782884310618 ]

12-01-2019 02:44:54 AM - INFO -  --- Type: UNFREEZE --- 
12-01-2019 02:44:55 AM - INFO - epoch, val_loss, f2, average_precision, average_recall, hamming_score
12-01-2019 02:53:03 AM - INFO - 0, 0.182748, 0.891923, 0.757585, 0.711967, 0.81878
12-01-2019 03:34:17 AM - INFO - 5, 0.159196, 0.905196, 0.770694, 0.75063, 0.842657
12-01-2019 04:15:46 AM - INFO - 10, 0.161388, 0.904999, 0.779407, 0.748682, 0.842367
12-01-2019 04:57:27 AM - INFO - 15, 0.172559, 0.899881, 0.764735, 0.742649, 0.832858
12-01-2019 05:30:05 AM - INFO - *** Earlystopping! ***
12-01-2019 05:30:05 AM - INFO - [ Saved model: best_resnet18_imgsize512_batch16_unfreeze.h5 ]
12-01-2019 05:30:05 AM - INFO - [ Results: [0.15848] 0.9082546963843178 0.7700613224724615 0.730835516708281 0.8424986793449551 ]

12-01-2019 05:30:05 AM - INFO -  ************************** 
12-01-2019 05:30:05 AM - INFO - COPYPASTE: resnet18 | IMS: 64 -> 512 | BS: 16
12-01-2019 05:30:05 AM - INFO - COPYPASTE: [0.15848] 0.9082546963843178 0.7700613224724615 0.730835516708281 0.8424986793449551 
12-01-2019 05:30:05 AM - INFO -  ************************** 

12-01-2019 05:30:05 AM - INFO -  --- INCREMENTING BATCH SIZE --- 

12-01-2019 05:30:05 AM - INFO -  --- Batch: 32 | Img size: 64 --- 
 
12-01-2019 05:30:05 AM - INFO -  --- Type: FREEZE --- 
12-01-2019 05:30:05 AM - INFO - epoch, val_loss, f2, average_precision, average_recall, hamming_score
12-01-2019 05:31:19 AM - INFO - 0, 0.539482, 0.718182, 0.481313, 0.425362, 0.532382
12-01-2019 05:37:26 AM - INFO - 5, 0.367996, 0.790277, 0.52163, 0.447075, 0.61664
12-01-2019 05:43:32 AM - INFO - 10, 0.34584, 0.798677, 0.522057, 0.450666, 0.633703
12-01-2019 05:49:40 AM - INFO - 15, 0.34186, 0.796743, 0.509271, 0.450045, 0.631643
12-01-2019 05:55:44 AM - INFO - 20, 0.334918, 0.802829, 0.49832, 0.453068, 0.636186
12-01-2019 06:01:53 AM - INFO - 25, 0.331657, 0.803907, 0.508872, 0.448254, 0.637797
12-01-2019 06:07:53 AM - INFO - 30, 0.330131, 0.806528, 0.503533, 0.450827, 0.640148
12-01-2019 06:14:06 AM - INFO - 35, 0.326119, 0.810295, 0.506014, 0.444706, 0.644532
12-01-2019 06:20:30 AM - INFO - 40, 0.323705, 0.811875, 0.500334, 0.446727, 0.64514
12-01-2019 06:26:54 AM - INFO - 45, 0.321634, 0.811968, 0.525528, 0.449607, 0.650291
12-01-2019 06:33:20 AM - INFO - 50, 0.322128, 0.809538, 0.516435, 0.44799, 0.645536
12-01-2019 06:39:46 AM - INFO - 55, 0.320787, 0.810526, 0.510387, 0.449519, 0.645246
12-01-2019 06:46:06 AM - INFO - 60, 0.32182, 0.810151, 0.519168, 0.457736, 0.647068
12-01-2019 06:52:35 AM - INFO - 65, 0.319856, 0.812191, 0.500614, 0.447281, 0.650264
12-01-2019 06:59:01 AM - INFO - 70, 0.31834, 0.812458, 0.527701, 0.458783, 0.650634
12-01-2019 07:05:27 AM - INFO - 75, 0.316597, 0.816142, 0.533366, 0.461573, 0.650792
12-01-2019 07:11:51 AM - INFO - 80, 0.314564, 0.818799, 0.536566, 0.458918, 0.651321
12-01-2019 07:18:18 AM - INFO - 85, 0.314841, 0.81801, 0.540877, 0.45876, 0.650026
12-01-2019 07:24:50 AM - INFO - 90, 0.312784, 0.819899, 0.546338, 0.457596, 0.652509
12-01-2019 07:31:16 AM - INFO - 95, 0.311716, 0.821585, 0.55837, 0.470917, 0.657158
12-01-2019 07:37:36 AM - INFO - 100, 0.31118, 0.819784, 0.563267, 0.468018, 0.653407
12-01-2019 07:44:05 AM - INFO - 105, 0.312188, 0.817643, 0.54872, 0.464687, 0.649868
12-01-2019 07:50:31 AM - INFO - 110, 0.311252, 0.819319, 0.553846, 0.466392, 0.660037
12-01-2019 07:56:52 AM - INFO - 115, 0.311622, 0.820826, 0.557176, 0.466019, 0.653064
12-01-2019 08:03:15 AM - INFO - 120, 0.310054, 0.819911, 0.55479, 0.473157, 0.655388
12-01-2019 08:09:18 AM - INFO - 125, 0.310794, 0.820608, 0.560024, 0.469176, 0.656101
12-01-2019 08:15:11 AM - INFO - 130, 0.311781, 0.819346, 0.555622, 0.47149, 0.654411
12-01-2019 08:21:03 AM - INFO - 135, 0.309711, 0.819062, 0.562018, 0.468538, 0.657686
12-01-2019 08:26:55 AM - INFO - 140, 0.309869, 0.82215, 0.561412, 0.46797, 0.655864
12-01-2019 08:32:47 AM - INFO - 145, 0.308513, 0.821004, 0.557357, 0.474379, 0.658241
12-01-2019 08:38:41 AM - INFO - 150, 0.306271, 0.824657, 0.583602, 0.479967, 0.660565
12-01-2019 08:44:31 AM - INFO - 155, 0.305597, 0.826316, 0.562978, 0.472616, 0.660222
12-01-2019 08:50:22 AM - INFO - 160, 0.306132, 0.823353, 0.578138, 0.476274, 0.661701
12-01-2019 08:56:16 AM - INFO - 165, 0.305257, 0.8251, 0.570172, 0.47948, 0.662731
12-01-2019 09:02:12 AM - INFO - 170, 0.304964, 0.826117, 0.558163, 0.475465, 0.658082
12-01-2019 09:08:01 AM - INFO - 175, 0.303994, 0.826947, 0.563281, 0.479407, 0.66532
12-01-2019 09:13:51 AM - INFO - 180, 0.30434, 0.827054, 0.575263, 0.478052, 0.667301
12-01-2019 09:18:32 AM - INFO - *** Earlystopping! ***
12-01-2019 09:18:32 AM - INFO - [ Saved model: best_resnet18_imgsize64_batch32_freeze.h5 ] 
12-01-2019 09:18:32 AM - INFO - [ Results: [0.30286] 0.8299555907665425 0.5750618388335602 0.48174543084802934 0.6676175382989963 ]

12-01-2019 09:18:32 AM - INFO -  --- Type: UNFREEZE --- 
12-01-2019 09:18:32 AM - INFO - epoch, val_loss, f2, average_precision, average_recall, hamming_score
12-01-2019 09:19:59 AM - INFO - 0, 0.273416, 0.83732, 0.662274, 0.55542, 0.707184
12-01-2019 09:27:09 AM - INFO - 5, 0.225375, 0.864038, 0.724804, 0.682793, 0.770338
12-01-2019 09:34:15 AM - INFO - 10, 0.271579, 0.839992, 0.700055, 0.689357, 0.724432
12-01-2019 09:41:24 AM - INFO - 15, 0.305823, 0.830667, 0.692944, 0.675843, 0.699789
12-01-2019 09:48:34 AM - INFO - 20, 0.229413, 0.864256, 0.77105, 0.683525, 0.770576
12-01-2019 09:55:25 AM - INFO - 25, 0.231039, 0.860203, 0.746357, 0.722908, 0.772345
12-01-2019 10:02:04 AM - INFO - 30, 0.197985, 0.880381, 0.791526, 0.71313, 0.803566
12-01-2019 10:08:43 AM - INFO - 35, 0.275282, 0.851146, 0.732931, 0.703364, 0.73373
12-01-2019 10:15:29 AM - INFO - 40, 0.226163, 0.870762, 0.75764, 0.718501, 0.780613
12-01-2019 10:18:17 AM - INFO - *** Earlystopping! ***
12-01-2019 10:18:17 AM - INFO - [ Saved model: best_resnet18_imgsize64_batch32_unfreeze.h5 ]
12-01-2019 10:18:17 AM - INFO - [ Results: [0.19692] 0.8788611970220768 0.7939472621782526 0.7082661328769164 0.8031431590068675 ]

12-01-2019 10:18:17 AM - INFO -  --- Batch: 32 | Img size: 128 --- 
 
12-01-2019 10:18:17 AM - INFO -  --- Type: FREEZE --- 
12-01-2019 10:18:17 AM - INFO - epoch, val_loss, f2, average_precision, average_recall, hamming_score
12-01-2019 10:19:35 AM - INFO - 0, 0.344525, 0.77997, 0.622089, 0.504496, 0.630296
12-01-2019 10:26:03 AM - INFO - 5, 0.29013, 0.815763, 0.657512, 0.550803, 0.684152
12-01-2019 10:32:25 AM - INFO - 10, 0.279718, 0.826553, 0.673409, 0.549276, 0.690227
12-01-2019 10:38:50 AM - INFO - 15, 0.277246, 0.825566, 0.6531, 0.550658, 0.691891
12-01-2019 10:45:00 AM - INFO - 20, 0.270775, 0.828801, 0.670462, 0.560169, 0.697042
12-01-2019 10:51:15 AM - INFO - 25, 0.269399, 0.831682, 0.678778, 0.557092, 0.699551
12-01-2019 10:57:48 AM - INFO - 30, 0.268494, 0.83288, 0.663493, 0.556529, 0.695034
12-01-2019 11:04:29 AM - INFO - 35, 0.264015, 0.836533, 0.676589, 0.56784, 0.701162
12-01-2019 11:11:13 AM - INFO - 40, 0.261225, 0.839499, 0.690113, 0.581325, 0.711305
12-01-2019 11:18:05 AM - INFO - 45, 0.260916, 0.843287, 0.70489, 0.578597, 0.704332
12-01-2019 11:24:53 AM - INFO - 50, 0.258773, 0.840192, 0.69999, 0.577477, 0.711252
12-01-2019 11:31:40 AM - INFO - 55, 0.257846, 0.843588, 0.699283, 0.583625, 0.709271
12-01-2019 11:38:29 AM - INFO - 60, 0.258612, 0.841448, 0.700075, 0.580959, 0.708347
12-01-2019 11:45:28 AM - INFO - 65, 0.256259, 0.843544, 0.684548, 0.587493, 0.709192
12-01-2019 11:52:29 AM - INFO - 70, 0.255488, 0.843873, 0.700082, 0.588192, 0.712176
12-01-2019 11:59:27 AM - INFO - 75, 0.252833, 0.846246, 0.710185, 0.602974, 0.714765
12-01-2019 12:06:38 PM - INFO - 80, 0.253508, 0.842182, 0.709344, 0.607028, 0.715531
12-01-2019 12:13:41 PM - INFO - 85, 0.251666, 0.845445, 0.710568, 0.602156, 0.719255
12-01-2019 12:20:38 PM - INFO - 90, 0.25099, 0.846692, 0.718015, 0.595219, 0.71598
12-01-2019 12:27:34 PM - INFO - 95, 0.250523, 0.847198, 0.727223, 0.600525, 0.721527
12-01-2019 12:34:30 PM - INFO - 100, 0.250234, 0.845185, 0.729773, 0.613016, 0.723798
12-01-2019 12:41:18 PM - INFO - 105, 0.249638, 0.847392, 0.725437, 0.617781, 0.723798
12-01-2019 12:48:18 PM - INFO - 110, 0.249636, 0.845772, 0.736099, 0.611264, 0.719176
12-01-2019 12:55:23 PM - INFO - 115, 0.249889, 0.848193, 0.71349, 0.614552, 0.721447
12-01-2019 01:02:28 PM - INFO - 120, 0.249805, 0.846896, 0.728624, 0.611571, 0.722557
12-01-2019 01:09:23 PM - INFO - 125, 0.249141, 0.848751, 0.733596, 0.60481, 0.723508
12-01-2019 01:16:18 PM - INFO - 130, 0.249229, 0.848818, 0.732347, 0.626219, 0.722742
12-01-2019 01:23:21 PM - INFO - 135, 0.248239, 0.847436, 0.727315, 0.616391, 0.7257
12-01-2019 01:30:32 PM - INFO - 140, 0.247578, 0.849765, 0.733991, 0.606328, 0.723428
12-01-2019 01:37:47 PM - INFO - 145, 0.246748, 0.846989, 0.731104, 0.629569, 0.730718
12-01-2019 01:44:57 PM - INFO - 150, 0.246875, 0.849398, 0.731308, 0.61449, 0.730983
12-01-2019 01:52:06 PM - INFO - 155, 0.246696, 0.84947, 0.728574, 0.619274, 0.726175
12-01-2019 01:59:09 PM - INFO - 160, 0.245021, 0.850318, 0.740222, 0.623546, 0.727813
12-01-2019 02:06:09 PM - INFO - 165, 0.245592, 0.851959, 0.732834, 0.618896, 0.727866
12-01-2019 02:13:18 PM - INFO - 170, 0.245137, 0.849223, 0.73699, 0.615781, 0.726704
12-01-2019 02:20:14 PM - INFO - 175, 0.244157, 0.85111, 0.739914, 0.626008, 0.728605
12-01-2019 02:27:16 PM - INFO - 180, 0.244849, 0.852609, 0.728815, 0.631129, 0.728632
12-01-2019 02:30:01 PM - INFO - *** Earlystopping! ***
12-01-2019 02:30:01 PM - INFO - [ Saved model: best_resnet18_imgsize128_batch32_freeze.h5 ] 
12-01-2019 02:30:01 PM - INFO - [ Results: [0.24369] 0.8501829441679943 0.7346676161361894 0.6262084992644055 0.732593766508188 ]

12-01-2019 02:30:01 PM - INFO -  --- Type: UNFREEZE --- 
12-01-2019 02:30:01 PM - INFO - epoch, val_loss, f2, average_precision, average_recall, hamming_score
12-01-2019 02:31:50 PM - INFO - 0, 0.21145, 0.874723, 0.777488, 0.703982, 0.789118
12-01-2019 02:40:47 PM - INFO - 5, 0.181112, 0.891529, 0.801559, 0.778492, 0.833809
12-01-2019 02:49:46 PM - INFO - 10, 0.182495, 0.894193, 0.812201, 0.797363, 0.837797
12-01-2019 02:58:43 PM - INFO - 15, 0.245812, 0.841639, 0.759886, 0.664112, 0.763656
12-01-2019 03:05:47 PM - INFO - *** Earlystopping! ***
12-01-2019 03:05:47 PM - INFO - [ Saved model: best_resnet18_imgsize128_batch32_unfreeze.h5 ]
12-01-2019 03:05:47 PM - INFO - [ Results: [0.17935] 0.8931286995545041 0.8189678918143948 0.7729517053027486 0.8399101954569467 ]

12-01-2019 03:05:47 PM - INFO -  --- Batch: 32 | Img size: 256 --- 
 
12-01-2019 03:05:47 PM - INFO -  --- Type: FREEZE --- 
12-01-2019 03:05:47 PM - INFO - epoch, val_loss, f2, average_precision, average_recall, hamming_score
12-01-2019 03:07:47 PM - INFO - 0, 0.344587, 0.775533, 0.679192, 0.555365, 0.643317
12-01-2019 03:18:01 PM - INFO - 5, 0.259344, 0.839941, 0.743151, 0.606741, 0.709271
12-01-2019 03:27:24 PM - INFO - 10, 0.248527, 0.84661, 0.742557, 0.628794, 0.726809
12-01-2019 03:36:48 PM - INFO - 15, 0.244558, 0.848341, 0.754558, 0.623392, 0.732515
12-01-2019 03:46:28 PM - INFO - 20, 0.236411, 0.852668, 0.767686, 0.640045, 0.743238
12-01-2019 03:55:52 PM - INFO - 25, 0.234123, 0.856552, 0.768859, 0.632927, 0.740755
12-01-2019 04:05:15 PM - INFO - 30, 0.234168, 0.852518, 0.762747, 0.649354, 0.747728
12-01-2019 04:14:39 PM - INFO - 35, 0.230345, 0.857617, 0.762679, 0.63921, 0.751189
12-01-2019 04:23:59 PM - INFO - 40, 0.227856, 0.858982, 0.764958, 0.645013, 0.752219
12-01-2019 04:33:21 PM - INFO - 45, 0.22647, 0.860475, 0.776719, 0.658078, 0.754147
12-01-2019 04:42:32 PM - INFO - 50, 0.226257, 0.859626, 0.775444, 0.654593, 0.749842
12-01-2019 04:51:37 PM - INFO - 55, 0.226444, 0.860832, 0.76205, 0.643363, 0.749525
12-01-2019 05:00:44 PM - INFO - 60, 0.224911, 0.858791, 0.768842, 0.665828, 0.756656
12-01-2019 05:09:42 PM - INFO - 65, 0.227392, 0.858233, 0.765608, 0.652845, 0.750053
12-01-2019 05:18:54 PM - INFO - 70, 0.225428, 0.861576, 0.771548, 0.650792, 0.749868
12-01-2019 05:28:09 PM - INFO - 75, 0.221028, 0.8634, 0.767608, 0.657708, 0.760644
12-01-2019 05:37:22 PM - INFO - 80, 0.219979, 0.866444, 0.771099, 0.664433, 0.75869
12-01-2019 05:46:56 PM - INFO - 85, 0.220083, 0.863888, 0.776429, 0.655662, 0.755283
12-01-2019 05:57:00 PM - INFO - 90, 0.219193, 0.864366, 0.762322, 0.65932, 0.755837
12-01-2019 06:07:04 PM - INFO - 95, 0.21907, 0.865298, 0.772761, 0.661602, 0.756973
12-01-2019 06:16:53 PM - INFO - 100, 0.21747, 0.86483, 0.776315, 0.667353, 0.759218
12-01-2019 06:26:48 PM - INFO - 105, 0.21826, 0.865112, 0.765712, 0.660461, 0.759377
12-01-2019 06:36:45 PM - INFO - 110, 0.218483, 0.866798, 0.768528, 0.651841, 0.75243
12-01-2019 06:42:37 PM - INFO - *** Earlystopping! ***
12-01-2019 06:42:37 PM - INFO - [ Saved model: best_resnet18_imgsize256_batch32_freeze.h5 ] 
12-01-2019 06:42:37 PM - INFO - [ Results: [0.21747] 0.8648302546189336 0.7763151177633575 0.6673531094911281 0.7592181722134178 ]

12-01-2019 06:42:37 PM - INFO -  --- Type: UNFREEZE --- 
12-01-2019 06:42:37 PM - INFO - epoch, val_loss, f2, average_precision, average_recall, hamming_score
12-01-2019 06:45:29 PM - INFO - 0, 0.175295, 0.896011, 0.801147, 0.762167, 0.816667
12-01-2019 07:00:04 PM - INFO - 5, 0.157946, 0.901673, 0.820645, 0.789626, 0.854622
12-01-2019 07:14:36 PM - INFO - 10, 0.164775, 0.899672, 0.813697, 0.785103, 0.838457
12-01-2019 07:29:08 PM - INFO - 15, 0.187485, 0.891297, 0.824289, 0.763969, 0.822583
12-01-2019 07:40:52 PM - INFO - *** Earlystopping! ***
12-01-2019 07:40:52 PM - INFO - [ Saved model: best_resnet18_imgsize256_batch32_unfreeze.h5 ]
12-01-2019 07:40:52 PM - INFO - [ Results: [0.15737] 0.9060369491867972 0.8204061891994097 0.7877946151625936 0.8529318541996831 ]

12-01-2019 07:40:52 PM - INFO -  --- Batch: 32 | Img size: 512 --- 
 
12-01-2019 07:40:53 PM - INFO -  --- Type: FREEZE --- 
12-01-2019 07:40:53 PM - INFO - epoch, val_loss, f2, average_precision, average_recall, hamming_score
12-01-2019 07:45:36 PM - INFO - 0, 0.367826, 0.762925, 0.751179, 0.584191, 0.63579
12-01-2019 08:09:20 PM - INFO - 5, 0.25528, 0.851232, 0.759659, 0.617021, 0.704649
12-01-2019 08:32:52 PM - INFO - 10, 0.240071, 0.859689, 0.761694, 0.637957, 0.733465
12-01-2019 08:56:35 PM - INFO - 15, 0.23862, 0.857625, 0.762136, 0.638614, 0.735473
12-01-2019 09:20:09 PM - INFO - 20, 0.231528, 0.863976, 0.771963, 0.653351, 0.741231
12-01-2019 09:42:19 PM - INFO - 25, 0.227972, 0.865579, 0.772351, 0.66123, 0.748362
12-01-2019 10:03:52 PM - INFO - 30, 0.227544, 0.867033, 0.777109, 0.655068, 0.745272
12-01-2019 10:25:53 PM - INFO - 35, 0.22439, 0.868883, 0.775709, 0.665262, 0.751981
12-01-2019 10:47:39 PM - INFO - 40, 0.222029, 0.871283, 0.779341, 0.660968, 0.753513
12-01-2019 11:09:38 PM - INFO - 45, 0.221437, 0.871908, 0.782022, 0.666474, 0.757422
12-01-2019 11:31:27 PM - INFO - 50, 0.220115, 0.869763, 0.775664, 0.662641, 0.758188
12-01-2019 11:53:20 PM - INFO - 55, 0.220143, 0.872363, 0.77907, 0.661463, 0.752536
13-01-2019 12:15:12 AM - INFO - 60, 0.218988, 0.87246, 0.767814, 0.671182, 0.75795
13-01-2019 12:37:05 AM - INFO - 65, 0.219336, 0.871569, 0.778648, 0.662885, 0.755679
13-01-2019 12:59:02 AM - INFO - 70, 0.218002, 0.87244, 0.771577, 0.664507, 0.759667
13-01-2019 01:21:04 AM - INFO - 75, 0.214202, 0.87367, 0.778128, 0.679195, 0.763339
13-01-2019 01:43:04 AM - INFO - 80, 0.213511, 0.873527, 0.775834, 0.675914, 0.767908
13-01-2019 02:05:05 AM - INFO - 85, 0.212534, 0.874527, 0.76743, 0.675799, 0.765478
13-01-2019 02:26:56 AM - INFO - 90, 0.213233, 0.876591, 0.791496, 0.675909, 0.762942
13-01-2019 02:47:22 AM - INFO - 95, 0.212466, 0.877668, 0.784653, 0.67995, 0.764712
13-01-2019 03:08:35 AM - INFO - 100, 0.211135, 0.873136, 0.78473, 0.691818, 0.772636
13-01-2019 03:30:49 AM - INFO - 105, 0.210468, 0.874877, 0.783478, 0.690326, 0.76981
13-01-2019 03:53:05 AM - INFO - 110, 0.210642, 0.875543, 0.784663, 0.683278, 0.767723
13-01-2019 04:15:22 AM - INFO - 115, 0.211532, 0.875701, 0.787411, 0.673171, 0.767301
13-01-2019 04:24:17 AM - INFO - *** Earlystopping! ***
13-01-2019 04:24:17 AM - INFO - [ Saved model: best_resnet18_imgsize512_batch32_freeze.h5 ] 
13-01-2019 04:24:17 AM - INFO - [ Results: [0.20984] 0.8761871886142052 0.7710633751914241 0.6794271553543094 0.7689381933438985 ]

13-01-2019 04:24:17 AM - INFO -  --- Type: UNFREEZE --- 
13-01-2019 04:24:17 AM - INFO - epoch, val_loss, f2, average_precision, average_recall, hamming_score
13-01-2019 04:31:42 AM - INFO - 0, 0.1687, 0.894847, 0.815052, 0.77103, 0.828288
13-01-2019 05:08:53 AM - INFO - 5, 0.153848, 0.904346, 0.84099, 0.793792, 0.849392
13-01-2019 05:43:47 AM - INFO - 10, 0.15204, 0.909435, 0.816871, 0.799305, 0.851849
13-01-2019 06:20:16 AM - INFO - 15, 0.174202, 0.90208, 0.826511, 0.779897, 0.839884
13-01-2019 06:57:25 AM - INFO - 20, 0.15849, 0.901246, 0.827813, 0.808559, 0.858531
13-01-2019 07:19:34 AM - INFO - *** Earlystopping! ***
13-01-2019 07:19:34 AM - INFO - [ Saved model: best_resnet18_imgsize512_batch32_unfreeze.h5 ]
13-01-2019 07:19:34 AM - INFO - [ Results: [0.15204] 0.9094348461927443 0.8168712260711113 0.7993053840962102 0.8518489170628631 ]

13-01-2019 07:19:34 AM - INFO -  ************************** 
13-01-2019 07:19:34 AM - INFO - COPYPASTE: resnet18 | IMS: 64 -> 512 | BS: 32
13-01-2019 07:19:34 AM - INFO - COPYPASTE: [0.15204] 0.9094348461927443 0.8168712260711113 0.7993053840962102 0.8518489170628631 
13-01-2019 07:19:34 AM - INFO -  ************************** 

13-01-2019 07:19:34 AM - INFO -     ----- *** END: resnet18 *** ----- 

